INFO:	main_v2:	2024-03-04 03:30:53,728:	Using seed: 42
INFO:	main_v2:	2024-03-04 03:30:53,728:	Using device: cpu
INFO:	main_v2:	2024-03-04 03:30:53,729:	Commencing data collection for ml100k
INFO:	dataloader:	2024-03-04 03:30:53,971:	Data preprocessing completed
INFO:	dataloader:	2024-03-04 03:30:53,971:	uid2locid_time: 568 
INFO:	dataloader:	2024-03-04 03:30:53,971:	locid2detail: 1439 
INFO:	dataloader:	2024-03-04 03:30:53,972:	node_num: 2012 
INFO:	dataloader:	2024-03-04 03:30:53,972:	relation_num: 4 
INFO:	dataloader:	2024-03-04 03:30:53,972:	user_num: 568 
INFO:	dataloader:	2024-03-04 03:30:53,972:	train_num: 4544 
INFO:	dataloader:	2024-03-04 03:30:53,972:	test_num: 568 
INFO:	dataloader:	2024-03-04 03:30:53,972:	train_set: (4544, 13) 
INFO:	dataloader:	2024-03-04 03:30:53,972:	test_set: (568, 10) 
INFO:	dataloader:	2024-03-04 03:30:53,972:	uid_list_: 568 
INFO:	dataloader:	2024-03-04 03:30:53,972:	u2v: 568 
INFO:	dataloader:	2024-03-04 03:30:53,972:	u2vc: 568 
INFO:	dataloader:	2024-03-04 03:30:53,972:	v2u: 1439 
INFO:	dataloader:	2024-03-04 03:30:53,972:	v2vc: 1439 
INFO:	main_v2:	2024-03-04 03:30:53,995:	Commencing training for 500 epochs
INFO:	trainer_v2:	2024-03-04 03:30:54,016:	CAGSRec(
  (FFN): Sequential(
    (0): Linear(in_features=192, out_features=192, bias=True)
    (1): LayerNorm((192,), eps=1e-08, elementwise_affine=True)
  )
  (long_term_gnn): LongTermGNN(
    (conv_modulelist): ModuleList(
      (0-2): 3 x ImprovedGNNunit(32, 32, num_relations=4)
    )
  )
  (short_term_gnn): ShortTermGNN(
    (conv_modulelist): ModuleList(
      (0-2): 3 x ImprovedGNNunit(32, 32, num_relations=4)
    )
  )
  (temporal_seq_attn_layer): TemporalSequentialAttentionLayer_v2(
    (drop_layer): Dropout(p=0.1, inplace=False)
    (feedforward): Sequential(
      (0): Linear(in_features=192, out_features=192, bias=True)
      (1): LayerNorm((192,), eps=1e-08, elementwise_affine=True)
    )
  )
  (cross_attn_layer): CrossAttentionLayer_v2(
    (drop_layer): Dropout(p=0.1, inplace=False)
    (feedforward): Sequential(
      (0): Linear(in_features=192, out_features=192, bias=True)
      (1): LayerNorm((192,), eps=1e-08, elementwise_affine=True)
    )
  )
  (predict_emb_w): Embedding(1439, 192, padding_idx=0)
  (predict_emb_b): Embedding(1439, 1, padding_idx=0)
  (node_embeddings): Embedding(2012, 32, padding_idx=0)
)
INFO:	trainer_v2:	2024-03-04 03:30:54,016:	Optimizer:	Adam with initial lr = 0.001, l2 = 0.0001
INFO:	trainer_v2:	2024-03-04 03:30:54,017:	LR Scheduler:	LinearLR
