2024-03-11 13:23:19,439:	Model:	CAGSRec with 1 variant
2024-03-11 13:23:19,439:	CAGSRec(
  (long_term_gnn): LongTermGNN(
    (conv_modulelist): ModuleList(
      (0-2): 3 x ImprovedGNNunit(32, 32, num_relations=4)
    )
  )
  (short_term_gnn): ShortTermGNN(
    (conv_modulelist): ModuleList(
      (0-2): 3 x ImprovedGNNunit(32, 32, num_relations=4)
    )
  )
  (temporal_seq_attn_layer): TemporalSequentialAttentionLayer_v2(
    (drop_layer): Dropout(p=0.1, inplace=False)
    (feedforward): Sequential(
      (0): PointWiseFeedForward(
        (conv1): Conv1d(192, 192, kernel_size=(1,), stride=(1,))
        (dropout1): Dropout(p=0.1, inplace=False)
        (relu): ReLU()
        (conv2): Conv1d(192, 192, kernel_size=(1,), stride=(1,))
        (dropout2): Dropout(p=0.1, inplace=False)
      )
      (1): LayerNorm((192,), eps=1e-08, elementwise_affine=True)
    )
  )
  (cross_attn_layer): CrossAttentionLayer_v2(
    (drop_layer): Dropout(p=0.1, inplace=False)
    (feedforward): Sequential(
      (0): PointWiseFeedForward(
        (conv1): Conv1d(192, 192, kernel_size=(1,), stride=(1,))
        (dropout1): Dropout(p=0.1, inplace=False)
        (relu): ReLU()
        (conv2): Conv1d(192, 192, kernel_size=(1,), stride=(1,))
        (dropout2): Dropout(p=0.1, inplace=False)
      )
      (1): LayerNorm((192,), eps=1e-08, elementwise_affine=True)
    )
  )
  (predict_emb_w): Embedding(3112, 192, padding_idx=0)
  (predict_emb_b): Embedding(3112, 1, padding_idx=0)
  (node_embeddings): Embedding(7414, 32, padding_idx=0)
)
2024-03-11 13:23:19,440:	Optimizer:	Adam with initial lr = 0.001, l2 = 0.0001
2024-03-11 13:23:19,440:	LR Scheduler:	LinearLR
2024-03-11 13:24:20,919:	Epoch 1/500:	Loss: 0.7833	P@10: 0.0527	R@10: 0.0263	MAP@10: 0.0249	NDCG@10: 0.0578	HR@10: 0.2811
2024-03-11 13:25:21,376:	Epoch 2/500:	Loss: 0.7346	P@10: 0.0639	R@10: 0.0320	MAP@10: 0.0301	NDCG@10: 0.0663	HR@10: 0.3037
2024-03-11 13:26:21,980:	Epoch 3/500:	Loss: 0.7266	P@10: 0.0595	R@10: 0.0297	MAP@10: 0.0229	NDCG@10: 0.0574	HR@10: 0.3058
2024-03-11 13:27:23,148:	Epoch 4/500:	Loss: 0.6601	P@10: 0.0482	R@10: 0.0241	MAP@10: 0.0233	NDCG@10: 0.0556	HR@10: 0.2518
2024-03-11 13:28:24,019:	Epoch 5/500:	Loss: 0.6784	P@10: 0.0561	R@10: 0.0281	MAP@10: 0.0223	NDCG@10: 0.0592	HR@10: 0.3393
2024-03-11 13:29:25,106:	Epoch 6/500:	Loss: 0.6758	P@10: 0.0532	R@10: 0.0266	MAP@10: 0.0265	NDCG@10: 0.0597	HR@10: 0.2686
2024-03-11 13:30:26,200:	Epoch 7/500:	Loss: 0.6382	P@10: 0.0654	R@10: 0.0327	MAP@10: 0.0331	NDCG@10: 0.0690	HR@10: 0.2746
2024-03-11 13:31:27,657:	Epoch 8/500:	Loss: 0.6146	P@10: 0.0566	R@10: 0.0283	MAP@10: 0.0295	NDCG@10: 0.0633	HR@10: 0.2599
2024-03-11 13:32:29,456:	Epoch 9/500:	Loss: 0.6196	P@10: 0.0553	R@10: 0.0277	MAP@10: 0.0259	NDCG@10: 0.0614	HR@10: 0.2795
2024-03-11 13:33:31,280:	Epoch 10/500:	Loss: 0.6155	P@10: 0.0452	R@10: 0.0226	MAP@10: 0.0206	NDCG@10: 0.0510	HR@10: 0.2516
2024-03-11 13:34:32,960:	Epoch 11/500:	Loss: 0.6127	P@10: 0.0535	R@10: 0.0268	MAP@10: 0.0279	NDCG@10: 0.0605	HR@10: 0.2530
2024-03-11 13:35:34,364:	Epoch 12/500:	Loss: 0.6125	P@10: 0.0646	R@10: 0.0323	MAP@10: 0.0299	NDCG@10: 0.0685	HR@10: 0.3463
2024-03-11 13:36:35,592:	Epoch 13/500:	Loss: 0.6075	P@10: 0.0554	R@10: 0.0277	MAP@10: 0.0256	NDCG@10: 0.0629	HR@10: 0.3421
2024-03-11 13:37:37,236:	Epoch 14/500:	Loss: 0.6092	P@10: 0.0593	R@10: 0.0297	MAP@10: 0.0232	NDCG@10: 0.0579	HR@10: 0.3405
2024-03-11 13:38:39,345:	Epoch 15/500:	Loss: 0.6033	P@10: 0.0527	R@10: 0.0263	MAP@10: 0.0218	NDCG@10: 0.0520	HR@10: 0.2618
2024-03-11 13:39:41,143:	Epoch 16/500:	Loss: 0.6006	P@10: 0.0686	R@10: 0.0343	MAP@10: 0.0269	NDCG@10: 0.0663	HR@10: 0.3596
2024-03-11 13:40:42,721:	Epoch 17/500:	Loss: 0.5987	P@10: 0.0670	R@10: 0.0335	MAP@10: 0.0295	NDCG@10: 0.0702	HR@10: 0.3596
2024-03-11 13:41:44,481:	Epoch 18/500:	Loss: 0.5963	P@10: 0.0647	R@10: 0.0324	MAP@10: 0.0325	NDCG@10: 0.0682	HR@10: 0.2874
2024-03-11 13:42:45,916:	Epoch 19/500:	Loss: 0.5991	P@10: 0.0687	R@10: 0.0343	MAP@10: 0.0313	NDCG@10: 0.0714	HR@10: 0.3563
2024-03-11 13:43:48,005:	Epoch 20/500:	Loss: 0.5926	P@10: 0.0686	R@10: 0.0343	MAP@10: 0.0290	NDCG@10: 0.0718	HR@10: 0.3724
2024-03-11 13:44:49,883:	Epoch 21/500:	Loss: 0.5900	P@10: 0.0592	R@10: 0.0296	MAP@10: 0.0301	NDCG@10: 0.0645	HR@10: 0.2693
2024-03-11 13:45:51,333:	Epoch 22/500:	Loss: 0.5878	P@10: 0.0578	R@10: 0.0289	MAP@10: 0.0293	NDCG@10: 0.0642	HR@10: 0.2613
2024-03-11 13:46:52,747:	Epoch 23/500:	Loss: 0.5856	P@10: 0.0582	R@10: 0.0291	MAP@10: 0.0248	NDCG@10: 0.0621	HR@10: 0.3412
2024-03-11 13:47:53,859:	Epoch 24/500:	Loss: 0.5831	P@10: 0.0508	R@10: 0.0254	MAP@10: 0.0241	NDCG@10: 0.0579	HR@10: 0.2762
2024-03-11 13:48:55,431:	Epoch 25/500:	Loss: 0.5787	P@10: 0.0627	R@10: 0.0314	MAP@10: 0.0276	NDCG@10: 0.0671	HR@10: 0.3423
2024-03-11 13:49:56,867:	Epoch 26/500:	Loss: 0.5774	P@10: 0.0613	R@10: 0.0307	MAP@10: 0.0244	NDCG@10: 0.0605	HR@10: 0.3514
2024-03-11 13:50:57,888:	Epoch 27/500:	Loss: 0.5760	P@10: 0.0649	R@10: 0.0324	MAP@10: 0.0329	NDCG@10: 0.0699	HR@10: 0.3402
2024-03-11 13:51:58,639:	Epoch 28/500:	Loss: 0.5760	P@10: 0.0688	R@10: 0.0344	MAP@10: 0.0310	NDCG@10: 0.0732	HR@10: 0.3861
2024-03-11 13:52:59,386:	Epoch 29/500:	Loss: 0.5701	P@10: 0.0668	R@10: 0.0334	MAP@10: 0.0328	NDCG@10: 0.0722	HR@10: 0.2986
2024-03-11 13:54:00,234:	Epoch 30/500:	Loss: 0.5681	P@10: 0.0676	R@10: 0.0338	MAP@10: 0.0296	NDCG@10: 0.0711	HR@10: 0.3635
2024-03-11 13:55:01,756:	Epoch 31/500:	Loss: 0.5689	P@10: 0.0576	R@10: 0.0288	MAP@10: 0.0271	NDCG@10: 0.0627	HR@10: 0.2776
2024-03-11 13:56:02,927:	Epoch 32/500:	Loss: 0.5645	P@10: 0.0531	R@10: 0.0265	MAP@10: 0.0277	NDCG@10: 0.0613	HR@10: 0.2679
2024-03-11 13:57:03,309:	Epoch 33/500:	Loss: 0.5665	P@10: 0.0592	R@10: 0.0296	MAP@10: 0.0297	NDCG@10: 0.0651	HR@10: 0.2618
2024-03-11 13:58:03,491:	Epoch 34/500:	Loss: 0.5633	P@10: 0.0699	R@10: 0.0350	MAP@10: 0.0287	NDCG@10: 0.0715	HR@10: 0.3884
2024-03-11 13:59:03,917:	Epoch 35/500:	Loss: 0.5626	P@10: 0.0596	R@10: 0.0298	MAP@10: 0.0312	NDCG@10: 0.0642	HR@10: 0.2551
2024-03-11 14:00:04,636:	Epoch 36/500:	Loss: 0.5619	P@10: 0.0564	R@10: 0.0282	MAP@10: 0.0245	NDCG@10: 0.0562	HR@10: 0.2651
2024-03-11 14:01:05,885:	Epoch 37/500:	Loss: 0.5595	P@10: 0.0566	R@10: 0.0283	MAP@10: 0.0249	NDCG@10: 0.0571	HR@10: 0.2625
2024-03-11 14:02:06,094:	Epoch 38/500:	Loss: 0.5563	P@10: 0.0651	R@10: 0.0326	MAP@10: 0.0234	NDCG@10: 0.0623	HR@10: 0.3598
2024-03-11 14:03:06,341:	Epoch 39/500:	Loss: 0.5587	P@10: 0.0618	R@10: 0.0309	MAP@10: 0.0298	NDCG@10: 0.0655	HR@10: 0.2753
2024-03-11 14:04:06,490:	Epoch 40/500:	Loss: 0.5560	P@10: 0.0590	R@10: 0.0295	MAP@10: 0.0293	NDCG@10: 0.0643	HR@10: 0.2639
2024-03-11 14:05:06,570:	Epoch 41/500:	Loss: 0.5555	P@10: 0.0633	R@10: 0.0316	MAP@10: 0.0276	NDCG@10: 0.0669	HR@10: 0.3554
2024-03-11 14:06:08,020:	Epoch 42/500:	Loss: 0.5533	P@10: 0.0637	R@10: 0.0318	MAP@10: 0.0283	NDCG@10: 0.0673	HR@10: 0.3703
2024-03-11 14:07:08,795:	Epoch 43/500:	Loss: 0.5516	P@10: 0.0630	R@10: 0.0315	MAP@10: 0.0287	NDCG@10: 0.0679	HR@10: 0.3209
2024-03-11 14:08:08,921:	Epoch 44/500:	Loss: 0.5537	P@10: 0.0577	R@10: 0.0288	MAP@10: 0.0284	NDCG@10: 0.0632	HR@10: 0.2644
2024-03-11 14:09:09,292:	Epoch 45/500:	Loss: 0.5488	P@10: 0.0589	R@10: 0.0294	MAP@10: 0.0258	NDCG@10: 0.0592	HR@10: 0.2672
2024-03-11 14:10:09,496:	Epoch 46/500:	Loss: 0.5534	P@10: 0.0586	R@10: 0.0293	MAP@10: 0.0298	NDCG@10: 0.0639	HR@10: 0.2625
2024-03-11 14:11:10,189:	Epoch 47/500:	Loss: 0.5495	P@10: 0.0518	R@10: 0.0259	MAP@10: 0.0277	NDCG@10: 0.0605	HR@10: 0.2574
2024-03-11 14:12:11,357:	Epoch 48/500:	Loss: 0.5474	P@10: 0.0631	R@10: 0.0315	MAP@10: 0.0277	NDCG@10: 0.0626	HR@10: 0.2914
2024-03-11 14:13:11,491:	Epoch 49/500:	Loss: 0.5468	P@10: 0.0563	R@10: 0.0282	MAP@10: 0.0254	NDCG@10: 0.0576	HR@10: 0.2695
2024-03-11 14:14:11,719:	Epoch 50/500:	Loss: 0.5475	P@10: 0.0654	R@10: 0.0327	MAP@10: 0.0291	NDCG@10: 0.0642	HR@10: 0.2916
2024-03-11 14:15:12,069:	Epoch 51/500:	Loss: 0.5457	P@10: 0.0573	R@10: 0.0287	MAP@10: 0.0263	NDCG@10: 0.0560	HR@10: 0.2569
2024-03-11 14:16:12,227:	Epoch 52/500:	Loss: 0.5451	P@10: 0.0591	R@10: 0.0295	MAP@10: 0.0282	NDCG@10: 0.0614	HR@10: 0.2655
2024-03-11 14:17:13,105:	Epoch 53/500:	Loss: 0.5440	P@10: 0.0609	R@10: 0.0305	MAP@10: 0.0323	NDCG@10: 0.0676	HR@10: 0.2632
2024-03-11 14:18:14,051:	Epoch 54/500:	Loss: 0.5433	P@10: 0.0646	R@10: 0.0323	MAP@10: 0.0285	NDCG@10: 0.0686	HR@10: 0.3577
2024-03-11 14:19:14,235:	Epoch 55/500:	Loss: 0.5419	P@10: 0.0645	R@10: 0.0323	MAP@10: 0.0325	NDCG@10: 0.0694	HR@10: 0.2944
2024-03-11 14:20:14,369:	Epoch 56/500:	Loss: 0.5422	P@10: 0.0677	R@10: 0.0339	MAP@10: 0.0303	NDCG@10: 0.0695	HR@10: 0.3651
2024-03-11 14:21:14,475:	Epoch 57/500:	Loss: 0.5402	P@10: 0.0671	R@10: 0.0335	MAP@10: 0.0317	NDCG@10: 0.0707	HR@10: 0.2893
2024-03-11 14:22:14,882:	Epoch 58/500:	Loss: 0.5405	P@10: 0.0608	R@10: 0.0304	MAP@10: 0.0285	NDCG@10: 0.0661	HR@10: 0.2881
2024-03-11 14:23:16,386:	Epoch 59/500:	Loss: 0.5417	P@10: 0.0571	R@10: 0.0285	MAP@10: 0.0293	NDCG@10: 0.0629	HR@10: 0.2609
2024-03-11 14:24:16,823:	Epoch 60/500:	Loss: 0.5410	P@10: 0.0527	R@10: 0.0263	MAP@10: 0.0269	NDCG@10: 0.0606	HR@10: 0.2630
2024-03-11 14:25:17,250:	Epoch 61/500:	Loss: 0.5415	P@10: 0.0672	R@10: 0.0336	MAP@10: 0.0310	NDCG@10: 0.0707	HR@10: 0.3114
2024-03-11 14:26:17,467:	Epoch 62/500:	Loss: 0.5387	P@10: 0.0560	R@10: 0.0280	MAP@10: 0.0271	NDCG@10: 0.0632	HR@10: 0.2942
2024-03-11 14:27:17,685:	Epoch 63/500:	Loss: 0.5396	P@10: 0.0586	R@10: 0.0293	MAP@10: 0.0296	NDCG@10: 0.0648	HR@10: 0.2739
2024-03-11 14:28:18,523:	Epoch 64/500:	Loss: 0.5385	P@10: 0.0569	R@10: 0.0284	MAP@10: 0.0277	NDCG@10: 0.0626	HR@10: 0.2741
2024-03-11 14:29:19,651:	Epoch 65/500:	Loss: 0.5350	P@10: 0.0597	R@10: 0.0299	MAP@10: 0.0273	NDCG@10: 0.0646	HR@10: 0.3056
2024-03-11 14:30:20,023:	Epoch 66/500:	Loss: 0.5353	P@10: 0.0614	R@10: 0.0307	MAP@10: 0.0296	NDCG@10: 0.0662	HR@10: 0.3002
2024-03-11 14:31:20,220:	Epoch 67/500:	Loss: 0.5336	P@10: 0.0622	R@10: 0.0311	MAP@10: 0.0253	NDCG@10: 0.0607	HR@10: 0.3437
2024-03-11 14:32:20,668:	Epoch 68/500:	Loss: 0.5349	P@10: 0.0591	R@10: 0.0296	MAP@10: 0.0207	NDCG@10: 0.0548	HR@10: 0.3465
2024-03-11 14:33:21,386:	Epoch 69/500:	Loss: 0.5344	P@10: 0.0576	R@10: 0.0288	MAP@10: 0.0265	NDCG@10: 0.0579	HR@10: 0.2611
2024-03-11 14:34:22,639:	Epoch 70/500:	Loss: 0.5345	P@10: 0.0599	R@10: 0.0300	MAP@10: 0.0293	NDCG@10: 0.0653	HR@10: 0.2883
2024-03-11 14:35:23,484:	Epoch 71/500:	Loss: 0.5335	P@10: 0.0624	R@10: 0.0312	MAP@10: 0.0318	NDCG@10: 0.0688	HR@10: 0.2804
2024-03-11 14:36:23,691:	Epoch 72/500:	Loss: 0.5339	P@10: 0.0649	R@10: 0.0325	MAP@10: 0.0301	NDCG@10: 0.0703	HR@10: 0.3593
2024-03-11 14:37:23,858:	Epoch 73/500:	Loss: 0.5330	P@10: 0.0579	R@10: 0.0289	MAP@10: 0.0258	NDCG@10: 0.0592	HR@10: 0.2727
2024-03-11 14:38:24,077:	Epoch 74/500:	Loss: 0.5296	P@10: 0.0625	R@10: 0.0312	MAP@10: 0.0330	NDCG@10: 0.0692	HR@10: 0.2909
2024-03-11 14:39:24,815:	Epoch 75/500:	Loss: 0.5305	P@10: 0.0602	R@10: 0.0301	MAP@10: 0.0307	NDCG@10: 0.0659	HR@10: 0.2739
2024-03-11 14:40:26,669:	Epoch 76/500:	Loss: 0.5327	P@10: 0.0568	R@10: 0.0284	MAP@10: 0.0227	NDCG@10: 0.0568	HR@10: 0.3025
2024-03-11 14:41:27,424:	Epoch 77/500:	Loss: 0.5307	P@10: 0.0688	R@10: 0.0344	MAP@10: 0.0259	NDCG@10: 0.0664	HR@10: 0.3737
2024-03-11 14:42:28,103:	Epoch 78/500:	Loss: 0.5319	P@10: 0.0673	R@10: 0.0336	MAP@10: 0.0252	NDCG@10: 0.0649	HR@10: 0.3656
2024-03-11 14:43:29,099:	Epoch 79/500:	Loss: 0.5317	P@10: 0.0631	R@10: 0.0315	MAP@10: 0.0318	NDCG@10: 0.0664	HR@10: 0.2711
2024-03-11 14:44:30,079:	Epoch 80/500:	Loss: 0.5306	P@10: 0.0670	R@10: 0.0335	MAP@10: 0.0307	NDCG@10: 0.0693	HR@10: 0.3458
2024-03-11 14:45:31,985:	Epoch 81/500:	Loss: 0.5308	P@10: 0.0619	R@10: 0.0310	MAP@10: 0.0273	NDCG@10: 0.0611	HR@10: 0.2737
2024-03-11 14:46:33,297:	Epoch 82/500:	Loss: 0.5280	P@10: 0.0656	R@10: 0.0328	MAP@10: 0.0257	NDCG@10: 0.0633	HR@10: 0.3107
2024-03-11 14:47:34,229:	Epoch 83/500:	Loss: 0.5295	P@10: 0.0645	R@10: 0.0322	MAP@10: 0.0301	NDCG@10: 0.0687	HR@10: 0.2949
2024-03-11 14:48:35,137:	Epoch 84/500:	Loss: 0.5284	P@10: 0.0585	R@10: 0.0292	MAP@10: 0.0288	NDCG@10: 0.0662	HR@10: 0.3023
2024-03-11 14:49:36,333:	Epoch 85/500:	Loss: 0.5274	P@10: 0.0633	R@10: 0.0317	MAP@10: 0.0314	NDCG@10: 0.0693	HR@10: 0.2951
2024-03-11 14:50:38,210:	Epoch 86/500:	Loss: 0.5276	P@10: 0.0587	R@10: 0.0294	MAP@10: 0.0235	NDCG@10: 0.0583	HR@10: 0.3070
2024-03-11 14:51:40,020:	Epoch 87/500:	Loss: 0.5301	P@10: 0.0528	R@10: 0.0264	MAP@10: 0.0269	NDCG@10: 0.0585	HR@10: 0.2583
2024-03-11 14:52:40,922:	Epoch 88/500:	Loss: 0.5301	P@10: 0.0621	R@10: 0.0311	MAP@10: 0.0258	NDCG@10: 0.0614	HR@10: 0.2974
2024-03-11 14:53:41,857:	Epoch 89/500:	Loss: 0.5306	P@10: 0.0571	R@10: 0.0285	MAP@10: 0.0237	NDCG@10: 0.0557	HR@10: 0.2837
2024-03-11 14:54:42,830:	Epoch 90/500:	Loss: 0.5277	P@10: 0.0555	R@10: 0.0277	MAP@10: 0.0286	NDCG@10: 0.0624	HR@10: 0.2700
2024-03-11 14:55:43,887:	Epoch 91/500:	Loss: 0.5281	P@10: 0.0563	R@10: 0.0281	MAP@10: 0.0296	NDCG@10: 0.0632	HR@10: 0.2583
2024-03-11 14:56:45,786:	Epoch 92/500:	Loss: 0.5271	P@10: 0.0576	R@10: 0.0288	MAP@10: 0.0281	NDCG@10: 0.0634	HR@10: 0.2730
2024-03-11 14:57:47,647:	Epoch 93/500:	Loss: 0.5308	P@10: 0.0598	R@10: 0.0299	MAP@10: 0.0292	NDCG@10: 0.0656	HR@10: 0.2842
2024-03-11 14:58:48,663:	Epoch 94/500:	Loss: 0.5287	P@10: 0.0568	R@10: 0.0284	MAP@10: 0.0245	NDCG@10: 0.0556	HR@10: 0.2658
2024-03-11 14:59:50,185:	Epoch 95/500:	Loss: 0.5274	P@10: 0.0624	R@10: 0.0312	MAP@10: 0.0273	NDCG@10: 0.0611	HR@10: 0.3293
2024-03-11 15:00:51,248:	Epoch 96/500:	Loss: 0.5234	P@10: 0.0586	R@10: 0.0293	MAP@10: 0.0278	NDCG@10: 0.0609	HR@10: 0.2714
2024-03-11 15:01:52,671:	Epoch 97/500:	Loss: 0.5259	P@10: 0.0602	R@10: 0.0301	MAP@10: 0.0265	NDCG@10: 0.0599	HR@10: 0.2809
2024-03-11 15:03:48,586:	Epoch 98/500:	Loss: 0.5269	P@10: 0.0615	R@10: 0.0307	MAP@10: 0.0286	NDCG@10: 0.0602	HR@10: 0.2632
2024-03-11 15:04:48,784:	Epoch 99/500:	Loss: 0.5247	P@10: 0.0603	R@10: 0.0301	MAP@10: 0.0271	NDCG@10: 0.0597	HR@10: 0.2732
2024-03-11 15:05:48,976:	Epoch 100/500:	Loss: 0.5261	P@10: 0.0591	R@10: 0.0296	MAP@10: 0.0241	NDCG@10: 0.0582	HR@10: 0.2774
2024-03-11 15:06:49,359:	Epoch 101/500:	Loss: 0.5251	P@10: 0.0675	R@10: 0.0338	MAP@10: 0.0272	NDCG@10: 0.0643	HR@10: 0.3565
2024-03-11 15:07:50,545:	Epoch 102/500:	Loss: 0.5249	P@10: 0.0547	R@10: 0.0274	MAP@10: 0.0263	NDCG@10: 0.0583	HR@10: 0.2567
2024-03-11 15:08:51,523:	Epoch 103/500:	Loss: 0.5252	P@10: 0.0574	R@10: 0.0287	MAP@10: 0.0301	NDCG@10: 0.0640	HR@10: 0.2632
2024-03-11 15:09:51,764:	Epoch 104/500:	Loss: 0.5241	P@10: 0.0665	R@10: 0.0332	MAP@10: 0.0304	NDCG@10: 0.0689	HR@10: 0.3025
2024-03-11 15:10:52,090:	Epoch 105/500:	Loss: 0.5240	P@10: 0.0678	R@10: 0.0339	MAP@10: 0.0326	NDCG@10: 0.0707	HR@10: 0.2832
2024-03-11 15:11:52,243:	Epoch 106/500:	Loss: 0.5236	P@10: 0.0597	R@10: 0.0298	MAP@10: 0.0279	NDCG@10: 0.0649	HR@10: 0.3337
2024-03-11 15:11:52,244:	Early stopping at epoch 106
