INFO:	main:	Namespace(n_degree=20, n_head=2, n_layer=2, drop_out=0.1, reg=0.1, node_dim=32, time_dim=32, agg_method='attn', attn_mode='map', uniform=True, new_node=False, time='disentangle', disencomponents=10, data='ml-100k', samplerate=1.0, popnegsample=False, timepopnegsample=False, negsampleeval=-1, bs=256, n_epoch=500, lr=0.0001, prefix='ml100k', gpu=0, seed=42, l2=0.0001, ckpt_epoch=10)
INFO:	TGSRec:	Aggregation uses attention model
INFO:	TGSRec:	Using disentangle time encoding
INFO:	main:	Commencing training for 500 epochs
INFO:	trainer:	Commencing training for epoch # 1
INFO:	trainer:	Epoch 1, batch 1/196
INFO:	trainer:	Epoch 1, batch 2/196
INFO:	trainer:	Epoch 1, batch 3/196
INFO:	trainer:	Epoch 1, batch 4/196
INFO:	trainer:	Epoch 1, batch 5/196
INFO:	trainer:	Epoch 1, batch 6/196
INFO:	trainer:	Epoch 1, batch 7/196
INFO:	trainer:	Epoch 1, batch 8/196
INFO:	trainer:	Epoch 1, batch 9/196
INFO:	trainer:	Epoch 1, batch 10/196
INFO:	trainer:	Epoch 1, batch 11/196
INFO:	trainer:	Epoch 1, batch 12/196
INFO:	trainer:	Epoch 1, batch 13/196
INFO:	trainer:	Epoch 1, batch 14/196
INFO:	trainer:	Epoch 1, batch 15/196
INFO:	trainer:	Epoch 1, batch 16/196
INFO:	trainer:	Epoch 1, batch 17/196
INFO:	trainer:	Epoch 1, batch 18/196
INFO:	trainer:	Epoch 1, batch 19/196
INFO:	trainer:	Epoch 1, batch 20/196
INFO:	trainer:	Epoch 1, batch 21/196
INFO:	trainer:	Epoch 1, batch 22/196
INFO:	trainer:	Epoch 1, batch 23/196
INFO:	trainer:	Epoch 1, batch 24/196
INFO:	trainer:	Epoch 1, batch 25/196
INFO:	trainer:	Epoch 1, batch 26/196
INFO:	trainer:	Epoch 1, batch 27/196
INFO:	trainer:	Epoch 1, batch 28/196
INFO:	trainer:	Epoch 1, batch 29/196
INFO:	trainer:	Epoch 1, batch 30/196
INFO:	trainer:	Epoch 1, batch 31/196
INFO:	trainer:	Epoch 1, batch 32/196
INFO:	trainer:	Epoch 1, batch 33/196
INFO:	trainer:	Epoch 1, batch 34/196
INFO:	trainer:	Epoch 1, batch 35/196
INFO:	trainer:	Epoch 1, batch 36/196
INFO:	trainer:	Epoch 1, batch 37/196
INFO:	trainer:	Epoch 1, batch 38/196
INFO:	trainer:	Epoch 1, batch 39/196
INFO:	trainer:	Epoch 1, batch 40/196
INFO:	trainer:	Epoch 1, batch 41/196
INFO:	trainer:	Epoch 1, batch 42/196
INFO:	trainer:	Epoch 1, batch 43/196
INFO:	trainer:	Epoch 1, batch 44/196
INFO:	trainer:	Epoch 1, batch 45/196
INFO:	trainer:	Epoch 1, batch 46/196
INFO:	trainer:	Epoch 1, batch 47/196
INFO:	trainer:	Epoch 1, batch 48/196
INFO:	trainer:	Epoch 1, batch 49/196
INFO:	trainer:	Epoch 1, batch 50/196
INFO:	trainer:	Epoch 1, batch 51/196
INFO:	trainer:	Epoch 1, batch 52/196
INFO:	trainer:	Epoch 1, batch 53/196
INFO:	trainer:	Epoch 1, batch 54/196
INFO:	trainer:	Epoch 1, batch 55/196
INFO:	trainer:	Epoch 1, batch 56/196
INFO:	trainer:	Epoch 1, batch 57/196
INFO:	trainer:	Epoch 1, batch 58/196
INFO:	trainer:	Epoch 1, batch 59/196
INFO:	trainer:	Epoch 1, batch 60/196
INFO:	trainer:	Epoch 1, batch 61/196
INFO:	trainer:	Epoch 1, batch 62/196
INFO:	trainer:	Epoch 1, batch 63/196
INFO:	trainer:	Epoch 1, batch 64/196
INFO:	trainer:	Epoch 1, batch 65/196
INFO:	trainer:	Epoch 1, batch 66/196
INFO:	trainer:	Epoch 1, batch 67/196
INFO:	trainer:	Epoch 1, batch 68/196
INFO:	trainer:	Epoch 1, batch 69/196
INFO:	trainer:	Epoch 1, batch 70/196
INFO:	trainer:	Epoch 1, batch 71/196
INFO:	trainer:	Epoch 1, batch 72/196
INFO:	trainer:	Epoch 1, batch 73/196
INFO:	trainer:	Epoch 1, batch 74/196
INFO:	trainer:	Epoch 1, batch 75/196
INFO:	trainer:	Epoch 1, batch 76/196
INFO:	trainer:	Epoch 1, batch 77/196
INFO:	trainer:	Epoch 1, batch 78/196
INFO:	trainer:	Epoch 1, batch 79/196
INFO:	trainer:	Epoch 1, batch 80/196
INFO:	trainer:	Epoch 1, batch 81/196
INFO:	trainer:	Epoch 1, batch 82/196
INFO:	trainer:	Epoch 1, batch 83/196
INFO:	trainer:	Epoch 1, batch 84/196
INFO:	trainer:	Epoch 1, batch 85/196
INFO:	trainer:	Epoch 1, batch 86/196
INFO:	trainer:	Epoch 1, batch 87/196
INFO:	trainer:	Epoch 1, batch 88/196
INFO:	trainer:	Epoch 1, batch 89/196
INFO:	trainer:	Epoch 1, batch 90/196
INFO:	trainer:	Epoch 1, batch 91/196
INFO:	trainer:	Epoch 1, batch 92/196
INFO:	trainer:	Epoch 1, batch 93/196
INFO:	trainer:	Epoch 1, batch 94/196
INFO:	trainer:	Epoch 1, batch 95/196
INFO:	trainer:	Epoch 1, batch 96/196
INFO:	trainer:	Epoch 1, batch 97/196
INFO:	trainer:	Epoch 1, batch 98/196
INFO:	trainer:	Epoch 1, batch 99/196
INFO:	trainer:	Epoch 1, batch 100/196
INFO:	trainer:	Epoch 1, batch 101/196
INFO:	trainer:	Epoch 1, batch 102/196
INFO:	trainer:	Epoch 1, batch 103/196
INFO:	trainer:	Epoch 1, batch 104/196
INFO:	trainer:	Epoch 1, batch 105/196
INFO:	trainer:	Epoch 1, batch 106/196
INFO:	trainer:	Epoch 1, batch 107/196
INFO:	trainer:	Epoch 1, batch 108/196
INFO:	trainer:	Epoch 1, batch 109/196
INFO:	trainer:	Epoch 1, batch 110/196
INFO:	trainer:	Epoch 1, batch 111/196
INFO:	trainer:	Epoch 1, batch 112/196
INFO:	trainer:	Epoch 1, batch 113/196
INFO:	trainer:	Epoch 1, batch 114/196
INFO:	trainer:	Epoch 1, batch 115/196
INFO:	trainer:	Epoch 1, batch 116/196
INFO:	trainer:	Epoch 1, batch 117/196
INFO:	trainer:	Epoch 1, batch 118/196
INFO:	trainer:	Epoch 1, batch 119/196
INFO:	trainer:	Epoch 1, batch 120/196
INFO:	trainer:	Epoch 1, batch 121/196
INFO:	trainer:	Epoch 1, batch 122/196
INFO:	trainer:	Epoch 1, batch 123/196
INFO:	trainer:	Epoch 1, batch 124/196
INFO:	trainer:	Epoch 1, batch 125/196
INFO:	trainer:	Epoch 1, batch 126/196
INFO:	trainer:	Epoch 1, batch 127/196
INFO:	trainer:	Epoch 1, batch 128/196
INFO:	trainer:	Epoch 1, batch 129/196
INFO:	trainer:	Epoch 1, batch 130/196
INFO:	trainer:	Epoch 1, batch 131/196
INFO:	trainer:	Epoch 1, batch 132/196
INFO:	trainer:	Epoch 1, batch 133/196
INFO:	trainer:	Epoch 1, batch 134/196
INFO:	trainer:	Epoch 1, batch 135/196
INFO:	trainer:	Epoch 1, batch 136/196
INFO:	trainer:	Epoch 1, batch 137/196
INFO:	trainer:	Epoch 1, batch 138/196
INFO:	trainer:	Epoch 1, batch 139/196
INFO:	trainer:	Epoch 1, batch 140/196
INFO:	trainer:	Epoch 1, batch 141/196
INFO:	trainer:	Epoch 1, batch 142/196
INFO:	trainer:	Epoch 1, batch 143/196
INFO:	trainer:	Epoch 1, batch 144/196
INFO:	trainer:	Epoch 1, batch 145/196
INFO:	trainer:	Epoch 1, batch 146/196
INFO:	trainer:	Epoch 1, batch 147/196
INFO:	trainer:	Epoch 1, batch 148/196
INFO:	trainer:	Epoch 1, batch 149/196
INFO:	trainer:	Epoch 1, batch 150/196
INFO:	trainer:	Epoch 1, batch 151/196
INFO:	trainer:	Epoch 1, batch 152/196
INFO:	trainer:	Epoch 1, batch 153/196
INFO:	trainer:	Epoch 1, batch 154/196
INFO:	trainer:	Epoch 1, batch 155/196
INFO:	trainer:	Epoch 1, batch 156/196
INFO:	trainer:	Epoch 1, batch 157/196
INFO:	trainer:	Epoch 1, batch 158/196
INFO:	trainer:	Epoch 1, batch 159/196
INFO:	trainer:	Epoch 1, batch 160/196
INFO:	trainer:	Epoch 1, batch 161/196
INFO:	trainer:	Epoch 1, batch 162/196
INFO:	trainer:	Epoch 1, batch 163/196
INFO:	trainer:	Epoch 1, batch 164/196
INFO:	trainer:	Epoch 1, batch 165/196
INFO:	trainer:	Epoch 1, batch 166/196
INFO:	trainer:	Epoch 1, batch 167/196
INFO:	trainer:	Epoch 1, batch 168/196
INFO:	trainer:	Epoch 1, batch 169/196
INFO:	trainer:	Epoch 1, batch 170/196
INFO:	trainer:	Epoch 1, batch 171/196
INFO:	trainer:	Epoch 1, batch 172/196
INFO:	trainer:	Epoch 1, batch 173/196
INFO:	trainer:	Epoch 1, batch 174/196
INFO:	trainer:	Epoch 1, batch 175/196
INFO:	trainer:	Epoch 1, batch 176/196
INFO:	trainer:	Epoch 1, batch 177/196
INFO:	trainer:	Epoch 1, batch 178/196
INFO:	trainer:	Epoch 1, batch 179/196
INFO:	trainer:	Epoch 1, batch 180/196
INFO:	trainer:	Epoch 1, batch 181/196
INFO:	trainer:	Epoch 1, batch 182/196
INFO:	trainer:	Epoch 1, batch 183/196
INFO:	trainer:	Epoch 1, batch 184/196
INFO:	trainer:	Epoch 1, batch 185/196
INFO:	trainer:	Epoch 1, batch 186/196
INFO:	trainer:	Epoch 1, batch 187/196
INFO:	trainer:	Epoch 1, batch 188/196
INFO:	trainer:	Epoch 1, batch 189/196
INFO:	trainer:	Epoch 1, batch 190/196
INFO:	trainer:	Epoch 1, batch 191/196
INFO:	trainer:	Epoch 1, batch 192/196
INFO:	trainer:	Epoch 1, batch 193/196
INFO:	trainer:	Epoch 1, batch 194/196
INFO:	trainer:	Epoch 1, batch 195/196
INFO:	trainer:	Epoch 1, batch 196/196
INFO:	trainer:	Epoch 1 training results: loss: 17.45, acc: 0.52, ap: 0.51, f1: 0.44, auc: 0.52
INFO:	trainer:	Commencing evaluation for validate
INFO:	evaluation_utils:	Iteration: 0 of 5 users
INFO:	evaluation_utils:	Iteration: 1 of 5 users
INFO:	evaluation_utils:	Iteration: 2 of 5 users
INFO:	evaluation_utils:	Iteration: 3 of 5 users
INFO:	evaluation_utils:	Iteration: 4 of 5 users
INFO:	evaluation_utils:	Iteration: 0 of 5 users
INFO:	evaluation_utils:	Iteration: 1 of 5 users
INFO:	evaluation_utils:	Iteration: 2 of 5 users
INFO:	evaluation_utils:	Iteration: 3 of 5 users
INFO:	evaluation_utils:	Iteration: 4 of 5 users
INFO:	evaluation_utils:	Iteration: 0 of 5 users
INFO:	evaluation_utils:	Iteration: 1 of 5 users
INFO:	evaluation_utils:	Iteration: 2 of 5 users
INFO:	evaluation_utils:	Iteration: 3 of 5 users
INFO:	evaluation_utils:	Iteration: 4 of 5 users
INFO:	evaluation_utils:	Iteration: 0 of 5 users
INFO:	evaluation_utils:	Iteration: 1 of 5 users
INFO:	evaluation_utils:	Iteration: 2 of 5 users
INFO:	evaluation_utils:	Iteration: 3 of 5 users
INFO:	evaluation_utils:	Iteration: 4 of 5 users
INFO:	evaluation_utils:	Iteration: 0 of 5 users
INFO:	evaluation_utils:	Iteration: 1 of 5 users
INFO:	evaluation_utils:	Iteration: 2 of 5 users
INFO:	evaluation_utils:	Iteration: 3 of 5 users
INFO:	evaluation_utils:	Iteration: 4 of 5 users
INFO:	evaluation_utils:	Iteration: 0 of 5 users
INFO:	evaluation_utils:	Iteration: 1 of 5 users
INFO:	evaluation_utils:	Iteration: 2 of 5 users
INFO:	evaluation_utils:	Iteration: 3 of 5 users
INFO:	evaluation_utils:	Iteration: 4 of 5 users
INFO:	evaluation_utils:	Iteration: 0 of 5 users
INFO:	evaluation_utils:	Iteration: 1 of 5 users
INFO:	evaluation_utils:	Iteration: 2 of 5 users
INFO:	evaluation_utils:	Iteration: 3 of 5 users
INFO:	evaluation_utils:	Iteration: 4 of 5 users
INFO:	evaluation_utils:	Iteration: 0 of 5 users
INFO:	evaluation_utils:	Iteration: 1 of 5 users
INFO:	evaluation_utils:	Iteration: 2 of 5 users
INFO:	evaluation_utils:	Iteration: 3 of 5 users
INFO:	evaluation_utils:	Iteration: 4 of 5 users
INFO:	evaluation_utils:	Iteration: 0 of 5 users
INFO:	evaluation_utils:	Iteration: 1 of 5 users
INFO:	evaluation_utils:	Iteration: 2 of 5 users
INFO:	evaluation_utils:	Iteration: 3 of 5 users
INFO:	evaluation_utils:	Iteration: 4 of 5 users
INFO:	evaluation_utils:	Iteration: 0 of 5 users
INFO:	evaluation_utils:	Iteration: 1 of 5 users
INFO:	evaluation_utils:	Iteration: 2 of 5 users
INFO:	evaluation_utils:	Iteration: 3 of 5 users
INFO:	evaluation_utils:	Iteration: 4 of 5 users
INFO:	evaluation_utils:	Iteration: 0 of 5 users
INFO:	evaluation_utils:	Iteration: 1 of 5 users
INFO:	evaluation_utils:	Iteration: 2 of 5 users
INFO:	evaluation_utils:	Iteration: 3 of 5 users
INFO:	evaluation_utils:	Iteration: 4 of 5 users
INFO:	evaluation_utils:	Iteration: 0 of 5 users
INFO:	evaluation_utils:	Iteration: 1 of 5 users
INFO:	evaluation_utils:	Iteration: 2 of 5 users
INFO:	evaluation_utils:	Iteration: 3 of 5 users
INFO:	evaluation_utils:	Iteration: 4 of 5 users
INFO:	evaluation_utils:	Iteration: 0 of 5 users
INFO:	evaluation_utils:	Iteration: 1 of 5 users
INFO:	evaluation_utils:	Iteration: 2 of 5 users
INFO:	evaluation_utils:	Iteration: 3 of 5 users
INFO:	evaluation_utils:	Iteration: 4 of 5 users
INFO:	evaluation_utils:	Iteration: 0 of 5 users
INFO:	evaluation_utils:	Iteration: 1 of 5 users
INFO:	evaluation_utils:	Iteration: 2 of 5 users
INFO:	evaluation_utils:	Iteration: 3 of 5 users
INFO:	evaluation_utils:	Iteration: 4 of 5 users
INFO:	evaluation_utils:	Iteration: 0 of 5 users
INFO:	evaluation_utils:	Iteration: 1 of 5 users
INFO:	evaluation_utils:	Iteration: 2 of 5 users
INFO:	evaluation_utils:	Iteration: 3 of 5 users
INFO:	evaluation_utils:	Iteration: 4 of 5 users
INFO:	evaluation_utils:	Iteration: 0 of 5 users
INFO:	evaluation_utils:	Iteration: 1 of 5 users
INFO:	evaluation_utils:	Iteration: 2 of 5 users
INFO:	evaluation_utils:	Iteration: 3 of 5 users
INFO:	evaluation_utils:	Iteration: 4 of 5 users
INFO:	evaluation_utils:	Iteration: 0 of 5 users
INFO:	evaluation_utils:	Iteration: 1 of 5 users
INFO:	evaluation_utils:	Iteration: 2 of 5 users
INFO:	evaluation_utils:	Iteration: 3 of 5 users
INFO:	evaluation_utils:	Iteration: 4 of 5 users
INFO:	evaluation_utils:	Iteration: 0 of 5 users
INFO:	evaluation_utils:	Iteration: 1 of 5 users
INFO:	evaluation_utils:	Iteration: 2 of 5 users
INFO:	evaluation_utils:	Iteration: 3 of 5 users
INFO:	evaluation_utils:	Iteration: 4 of 5 users
INFO:	evaluation_utils:	Iteration: 0 of 5 users
INFO:	evaluation_utils:	Iteration: 1 of 5 users
INFO:	evaluation_utils:	Iteration: 2 of 5 users
INFO:	evaluation_utils:	Iteration: 3 of 5 users
INFO:	evaluation_utils:	Iteration: 4 of 5 users
INFO:	evaluation_utils:	Iteration: 0 of 5 users
INFO:	evaluation_utils:	Iteration: 1 of 5 users
INFO:	evaluation_utils:	Iteration: 2 of 5 users
INFO:	evaluation_utils:	Iteration: 3 of 5 users
INFO:	evaluation_utils:	Iteration: 4 of 5 users
INFO:	evaluation_utils:	Iteration: 0 of 5 users
INFO:	evaluation_utils:	Iteration: 1 of 5 users
INFO:	evaluation_utils:	Iteration: 2 of 5 users
INFO:	evaluation_utils:	Iteration: 3 of 5 users
INFO:	evaluation_utils:	Iteration: 4 of 5 users
INFO:	evaluation_utils:	Iteration: 0 of 5 users
INFO:	evaluation_utils:	Iteration: 1 of 5 users
INFO:	evaluation_utils:	Iteration: 2 of 5 users
INFO:	evaluation_utils:	Iteration: 3 of 5 users
INFO:	evaluation_utils:	Iteration: 4 of 5 users
INFO:	evaluation_utils:	Iteration: 0 of 5 users
INFO:	evaluation_utils:	Iteration: 1 of 5 users
INFO:	evaluation_utils:	Iteration: 2 of 5 users
INFO:	evaluation_utils:	Iteration: 3 of 5 users
INFO:	evaluation_utils:	Iteration: 4 of 5 users
INFO:	evaluation_utils:	Iteration: 0 of 5 users
INFO:	evaluation_utils:	Iteration: 1 of 5 users
INFO:	evaluation_utils:	Iteration: 2 of 5 users
INFO:	evaluation_utils:	Iteration: 3 of 5 users
INFO:	evaluation_utils:	Iteration: 4 of 5 users
