INFO:	main:	Namespace(n_degree=20, n_head=2, n_layer=2, drop_out=0.1, reg=0.1, node_dim=32, time_dim=32, agg_method='attn', attn_mode='map', uniform=True, new_node=False, time='disentangle', disencomponents=10, data='ml-100k', samplerate=1.0, popnegsample=False, timepopnegsample=False, negsampleeval=-1, bs=256, n_epoch=500, lr=0.0001, prefix='ml100k', gpu=0, seed=42, l2=0.0001, ckpt_epoch=10)
INFO:	TGSRec:	Aggregation uses attention model
INFO:	TGSRec:	Using disentangle time encoding
INFO:	main:	Commencing training for 500 epochs
INFO:	trainer:	Commencing training for epoch # 1
INFO:	trainer:	Epoch 1, batch 1/313
INFO:	trainer:	Epoch 1, batch 2/313
INFO:	trainer:	Epoch 1, batch 3/313
INFO:	trainer:	Epoch 1, batch 4/313
INFO:	trainer:	Epoch 1, batch 5/313
INFO:	trainer:	Epoch 1, batch 6/313
INFO:	trainer:	Epoch 1, batch 7/313
INFO:	trainer:	Epoch 1, batch 8/313
INFO:	trainer:	Epoch 1, batch 9/313
INFO:	trainer:	Epoch 1, batch 10/313
INFO:	trainer:	Epoch 1, batch 11/313
INFO:	trainer:	Epoch 1, batch 12/313
INFO:	trainer:	Epoch 1, batch 13/313
INFO:	trainer:	Epoch 1, batch 14/313
INFO:	trainer:	Epoch 1, batch 15/313
INFO:	trainer:	Epoch 1, batch 16/313
INFO:	trainer:	Epoch 1, batch 17/313
INFO:	trainer:	Epoch 1, batch 18/313
INFO:	trainer:	Epoch 1, batch 19/313
INFO:	trainer:	Epoch 1, batch 20/313
INFO:	trainer:	Epoch 1, batch 21/313
INFO:	trainer:	Epoch 1, batch 22/313
INFO:	trainer:	Epoch 1, batch 23/313
INFO:	trainer:	Epoch 1, batch 24/313
INFO:	trainer:	Epoch 1, batch 25/313
INFO:	trainer:	Epoch 1, batch 26/313
INFO:	trainer:	Epoch 1, batch 27/313
INFO:	trainer:	Epoch 1, batch 28/313
INFO:	trainer:	Epoch 1, batch 29/313
INFO:	trainer:	Epoch 1, batch 30/313
INFO:	trainer:	Epoch 1, batch 31/313
INFO:	trainer:	Epoch 1, batch 32/313
INFO:	trainer:	Epoch 1, batch 33/313
INFO:	trainer:	Epoch 1, batch 34/313
INFO:	trainer:	Epoch 1, batch 35/313
INFO:	trainer:	Epoch 1, batch 36/313
INFO:	trainer:	Epoch 1, batch 37/313
INFO:	trainer:	Epoch 1, batch 38/313
INFO:	trainer:	Epoch 1, batch 39/313
INFO:	trainer:	Epoch 1, batch 40/313
INFO:	trainer:	Epoch 1, batch 41/313
INFO:	trainer:	Epoch 1, batch 42/313
INFO:	trainer:	Epoch 1, batch 43/313
INFO:	trainer:	Epoch 1, batch 44/313
INFO:	trainer:	Epoch 1, batch 45/313
INFO:	trainer:	Epoch 1, batch 46/313
INFO:	trainer:	Epoch 1, batch 47/313
INFO:	trainer:	Epoch 1, batch 48/313
INFO:	trainer:	Epoch 1, batch 49/313
INFO:	trainer:	Epoch 1, batch 50/313
INFO:	trainer:	Epoch 1, batch 51/313
INFO:	trainer:	Epoch 1, batch 52/313
INFO:	trainer:	Epoch 1, batch 53/313
INFO:	trainer:	Epoch 1, batch 54/313
INFO:	trainer:	Epoch 1, batch 55/313
INFO:	trainer:	Epoch 1, batch 56/313
INFO:	trainer:	Epoch 1, batch 57/313
INFO:	trainer:	Epoch 1, batch 58/313
INFO:	trainer:	Epoch 1, batch 59/313
INFO:	trainer:	Epoch 1, batch 60/313
INFO:	trainer:	Epoch 1, batch 61/313
INFO:	trainer:	Epoch 1, batch 62/313
INFO:	trainer:	Epoch 1, batch 63/313
INFO:	trainer:	Epoch 1, batch 64/313
INFO:	trainer:	Epoch 1, batch 65/313
INFO:	trainer:	Epoch 1, batch 66/313
INFO:	trainer:	Epoch 1, batch 67/313
INFO:	trainer:	Epoch 1, batch 68/313
