INFO:	main:	Namespace(n_degree=20, n_head=2, n_layer=2, drop_out=0.1, reg=0.1, node_dim=32, time_dim=32, agg_method='attn', attn_mode='map', uniform=True, new_node=False, time='disentangle', disencomponents=10, data='ml-100k', samplerate=1.0, popnegsample=False, timepopnegsample=False, negsampleeval=-1, bs=300, n_epoch=500, lr=0.0001, prefix='ml100k', gpu=0, seed=42, l2=0.0001, ckpt_epoch=10)
INFO:	TGSRec:	Aggregation uses attention model
INFO:	TGSRec:	Using disentangle time encoding
INFO:	main:	Commencing training for 500 epochs
INFO:	trainer:	Commencing training for epoch # 1
INFO:	trainer:	Epoch 1, batch 1/267
INFO:	trainer:	Epoch 1, batch 2/267
INFO:	trainer:	Epoch 1, batch 3/267
INFO:	trainer:	Epoch 1, batch 4/267
INFO:	trainer:	Epoch 1, batch 5/267
INFO:	trainer:	Epoch 1, batch 6/267
INFO:	trainer:	Epoch 1, batch 7/267
INFO:	trainer:	Epoch 1, batch 8/267
INFO:	trainer:	Epoch 1, batch 9/267
INFO:	trainer:	Epoch 1, batch 10/267
INFO:	trainer:	Epoch 1, batch 11/267
INFO:	trainer:	Epoch 1, batch 12/267
INFO:	trainer:	Epoch 1, batch 13/267
INFO:	trainer:	Epoch 1, batch 14/267
INFO:	trainer:	Epoch 1, batch 15/267
INFO:	trainer:	Epoch 1, batch 16/267
INFO:	trainer:	Epoch 1, batch 17/267
INFO:	trainer:	Epoch 1, batch 18/267
INFO:	trainer:	Epoch 1, batch 19/267
INFO:	trainer:	Epoch 1, batch 20/267
INFO:	trainer:	Epoch 1, batch 21/267
INFO:	trainer:	Epoch 1, batch 22/267
INFO:	trainer:	Epoch 1, batch 23/267
INFO:	trainer:	Epoch 1, batch 24/267
INFO:	trainer:	Epoch 1, batch 25/267
INFO:	trainer:	Epoch 1, batch 26/267
INFO:	trainer:	Epoch 1, batch 27/267
INFO:	trainer:	Epoch 1, batch 28/267
INFO:	trainer:	Epoch 1, batch 29/267
INFO:	trainer:	Epoch 1, batch 30/267
INFO:	trainer:	Epoch 1, batch 31/267
INFO:	trainer:	Epoch 1, batch 32/267
INFO:	trainer:	Epoch 1, batch 33/267
INFO:	trainer:	Epoch 1, batch 34/267
INFO:	trainer:	Epoch 1, batch 35/267
INFO:	trainer:	Epoch 1, batch 36/267
INFO:	trainer:	Epoch 1, batch 37/267
INFO:	trainer:	Epoch 1, batch 38/267
INFO:	trainer:	Epoch 1, batch 39/267
INFO:	trainer:	Epoch 1, batch 40/267
INFO:	trainer:	Epoch 1, batch 41/267
INFO:	trainer:	Epoch 1, batch 42/267
INFO:	trainer:	Epoch 1, batch 43/267
INFO:	trainer:	Epoch 1, batch 44/267
INFO:	trainer:	Epoch 1, batch 45/267
INFO:	trainer:	Epoch 1, batch 46/267
INFO:	trainer:	Epoch 1, batch 47/267
INFO:	trainer:	Epoch 1, batch 48/267
INFO:	trainer:	Epoch 1, batch 49/267
INFO:	trainer:	Epoch 1, batch 50/267
INFO:	trainer:	Epoch 1, batch 51/267
INFO:	trainer:	Epoch 1, batch 52/267
INFO:	trainer:	Epoch 1, batch 53/267
INFO:	trainer:	Epoch 1, batch 54/267
INFO:	trainer:	Epoch 1, batch 55/267
INFO:	trainer:	Epoch 1, batch 56/267
INFO:	trainer:	Epoch 1, batch 57/267
INFO:	trainer:	Epoch 1, batch 58/267
INFO:	trainer:	Epoch 1, batch 59/267
INFO:	trainer:	Epoch 1, batch 60/267
INFO:	trainer:	Epoch 1, batch 61/267
INFO:	trainer:	Epoch 1, batch 62/267
INFO:	trainer:	Epoch 1, batch 63/267
INFO:	trainer:	Epoch 1, batch 64/267
INFO:	trainer:	Epoch 1, batch 65/267
INFO:	trainer:	Epoch 1, batch 66/267
INFO:	trainer:	Epoch 1, batch 67/267
INFO:	trainer:	Epoch 1, batch 68/267
INFO:	trainer:	Epoch 1, batch 69/267
INFO:	trainer:	Epoch 1, batch 70/267
INFO:	trainer:	Epoch 1, batch 71/267
INFO:	trainer:	Epoch 1, batch 72/267
INFO:	trainer:	Epoch 1, batch 73/267
INFO:	trainer:	Epoch 1, batch 74/267
INFO:	trainer:	Epoch 1, batch 75/267
INFO:	trainer:	Epoch 1, batch 76/267
INFO:	trainer:	Epoch 1, batch 77/267
INFO:	trainer:	Epoch 1, batch 78/267
INFO:	trainer:	Epoch 1, batch 79/267
INFO:	trainer:	Epoch 1, batch 80/267
INFO:	trainer:	Epoch 1, batch 81/267
INFO:	trainer:	Epoch 1, batch 82/267
INFO:	trainer:	Epoch 1, batch 83/267
INFO:	trainer:	Epoch 1, batch 84/267
INFO:	trainer:	Epoch 1, batch 85/267
INFO:	trainer:	Epoch 1, batch 86/267
INFO:	trainer:	Epoch 1, batch 87/267
INFO:	trainer:	Epoch 1, batch 88/267
INFO:	trainer:	Epoch 1, batch 89/267
INFO:	trainer:	Epoch 1, batch 90/267
INFO:	trainer:	Epoch 1, batch 91/267
INFO:	trainer:	Epoch 1, batch 92/267
INFO:	trainer:	Epoch 1, batch 93/267
INFO:	trainer:	Epoch 1, batch 94/267
INFO:	trainer:	Epoch 1, batch 95/267
INFO:	trainer:	Epoch 1, batch 96/267
INFO:	trainer:	Epoch 1, batch 97/267
INFO:	trainer:	Epoch 1, batch 98/267
INFO:	trainer:	Epoch 1, batch 99/267
INFO:	trainer:	Epoch 1, batch 100/267
INFO:	trainer:	Epoch 1, batch 101/267
INFO:	trainer:	Epoch 1, batch 102/267
INFO:	trainer:	Epoch 1, batch 103/267
INFO:	trainer:	Epoch 1, batch 104/267
INFO:	trainer:	Epoch 1, batch 105/267
INFO:	trainer:	Epoch 1, batch 106/267
INFO:	trainer:	Epoch 1, batch 107/267
INFO:	trainer:	Epoch 1, batch 108/267
INFO:	trainer:	Epoch 1, batch 109/267
INFO:	trainer:	Epoch 1, batch 110/267
INFO:	trainer:	Epoch 1, batch 111/267
INFO:	trainer:	Epoch 1, batch 112/267
INFO:	trainer:	Epoch 1, batch 113/267
INFO:	trainer:	Epoch 1, batch 114/267
INFO:	trainer:	Epoch 1, batch 115/267
INFO:	trainer:	Epoch 1, batch 116/267
INFO:	trainer:	Epoch 1, batch 117/267
INFO:	trainer:	Epoch 1, batch 118/267
INFO:	trainer:	Epoch 1, batch 119/267
INFO:	trainer:	Epoch 1, batch 120/267
INFO:	trainer:	Epoch 1, batch 121/267
INFO:	trainer:	Epoch 1, batch 122/267
INFO:	trainer:	Epoch 1, batch 123/267
INFO:	trainer:	Epoch 1, batch 124/267
INFO:	trainer:	Epoch 1, batch 125/267
INFO:	trainer:	Epoch 1, batch 126/267
INFO:	trainer:	Epoch 1, batch 127/267
INFO:	trainer:	Epoch 1, batch 128/267
INFO:	trainer:	Epoch 1, batch 129/267
INFO:	trainer:	Epoch 1, batch 130/267
INFO:	trainer:	Epoch 1, batch 131/267
INFO:	trainer:	Epoch 1, batch 132/267
INFO:	trainer:	Epoch 1, batch 133/267
INFO:	trainer:	Epoch 1, batch 134/267
INFO:	trainer:	Epoch 1, batch 135/267
INFO:	trainer:	Epoch 1, batch 136/267
INFO:	trainer:	Epoch 1, batch 137/267
INFO:	trainer:	Epoch 1, batch 138/267
INFO:	trainer:	Epoch 1, batch 139/267
INFO:	trainer:	Epoch 1, batch 140/267
INFO:	trainer:	Epoch 1, batch 141/267
INFO:	trainer:	Epoch 1, batch 142/267
INFO:	trainer:	Epoch 1, batch 143/267
INFO:	trainer:	Epoch 1, batch 144/267
INFO:	trainer:	Epoch 1, batch 145/267
INFO:	trainer:	Epoch 1, batch 146/267
INFO:	trainer:	Epoch 1, batch 147/267
INFO:	trainer:	Epoch 1, batch 148/267
INFO:	trainer:	Epoch 1, batch 149/267
INFO:	trainer:	Epoch 1, batch 150/267
INFO:	trainer:	Epoch 1, batch 151/267
INFO:	trainer:	Epoch 1, batch 152/267
INFO:	trainer:	Epoch 1, batch 153/267
INFO:	trainer:	Epoch 1, batch 154/267
INFO:	trainer:	Epoch 1, batch 155/267
INFO:	trainer:	Epoch 1, batch 156/267
INFO:	trainer:	Epoch 1, batch 157/267
INFO:	trainer:	Epoch 1, batch 158/267
INFO:	trainer:	Epoch 1, batch 159/267
INFO:	trainer:	Epoch 1, batch 160/267
INFO:	trainer:	Epoch 1, batch 161/267
INFO:	trainer:	Epoch 1, batch 162/267
INFO:	trainer:	Epoch 1, batch 163/267
INFO:	trainer:	Epoch 1, batch 164/267
INFO:	trainer:	Epoch 1, batch 165/267
INFO:	trainer:	Epoch 1, batch 166/267
INFO:	trainer:	Epoch 1, batch 167/267
INFO:	trainer:	Epoch 1, batch 168/267
INFO:	trainer:	Epoch 1, batch 169/267
INFO:	trainer:	Epoch 1, batch 170/267
INFO:	trainer:	Epoch 1, batch 171/267
INFO:	trainer:	Epoch 1, batch 172/267
INFO:	trainer:	Epoch 1, batch 173/267
INFO:	trainer:	Epoch 1, batch 174/267
INFO:	trainer:	Epoch 1, batch 175/267
INFO:	trainer:	Epoch 1, batch 176/267
INFO:	trainer:	Epoch 1, batch 177/267
INFO:	trainer:	Epoch 1, batch 178/267
INFO:	trainer:	Epoch 1, batch 179/267
INFO:	trainer:	Epoch 1, batch 180/267
INFO:	trainer:	Epoch 1, batch 181/267
INFO:	trainer:	Epoch 1, batch 182/267
INFO:	trainer:	Epoch 1, batch 183/267
INFO:	trainer:	Epoch 1, batch 184/267
INFO:	trainer:	Epoch 1, batch 185/267
INFO:	trainer:	Epoch 1, batch 186/267
INFO:	trainer:	Epoch 1, batch 187/267
INFO:	trainer:	Epoch 1, batch 188/267
INFO:	trainer:	Epoch 1, batch 189/267
INFO:	trainer:	Epoch 1, batch 190/267
INFO:	trainer:	Epoch 1, batch 191/267
INFO:	trainer:	Epoch 1, batch 192/267
INFO:	trainer:	Epoch 1, batch 193/267
INFO:	trainer:	Epoch 1, batch 194/267
INFO:	trainer:	Epoch 1, batch 195/267
INFO:	trainer:	Epoch 1, batch 196/267
INFO:	trainer:	Epoch 1, batch 197/267
INFO:	trainer:	Epoch 1, batch 198/267
INFO:	trainer:	Epoch 1, batch 199/267
INFO:	trainer:	Epoch 1, batch 200/267
INFO:	trainer:	Epoch 1, batch 201/267
INFO:	trainer:	Epoch 1, batch 202/267
INFO:	trainer:	Epoch 1, batch 203/267
INFO:	trainer:	Epoch 1, batch 204/267
INFO:	trainer:	Epoch 1, batch 205/267
INFO:	trainer:	Epoch 1, batch 206/267
INFO:	trainer:	Epoch 1, batch 207/267
INFO:	trainer:	Epoch 1, batch 208/267
INFO:	trainer:	Epoch 1, batch 209/267
INFO:	trainer:	Epoch 1, batch 210/267
INFO:	trainer:	Epoch 1, batch 211/267
INFO:	trainer:	Epoch 1, batch 212/267
INFO:	trainer:	Epoch 1, batch 213/267
INFO:	trainer:	Epoch 1, batch 214/267
INFO:	trainer:	Epoch 1, batch 215/267
INFO:	trainer:	Epoch 1, batch 216/267
INFO:	trainer:	Epoch 1, batch 217/267
INFO:	trainer:	Epoch 1, batch 218/267
INFO:	trainer:	Epoch 1, batch 219/267
INFO:	trainer:	Epoch 1, batch 220/267
INFO:	trainer:	Epoch 1, batch 221/267
INFO:	trainer:	Epoch 1, batch 222/267
INFO:	trainer:	Epoch 1, batch 223/267
INFO:	trainer:	Epoch 1, batch 224/267
INFO:	trainer:	Epoch 1, batch 225/267
INFO:	trainer:	Epoch 1, batch 226/267
INFO:	trainer:	Epoch 1, batch 227/267
INFO:	trainer:	Epoch 1, batch 228/267
INFO:	trainer:	Epoch 1, batch 229/267
INFO:	trainer:	Epoch 1, batch 230/267
INFO:	trainer:	Epoch 1, batch 231/267
INFO:	trainer:	Epoch 1, batch 232/267
INFO:	trainer:	Epoch 1, batch 233/267
INFO:	trainer:	Epoch 1, batch 234/267
INFO:	trainer:	Epoch 1, batch 235/267
INFO:	trainer:	Epoch 1, batch 236/267
INFO:	trainer:	Epoch 1, batch 237/267
INFO:	trainer:	Epoch 1, batch 238/267
INFO:	trainer:	Epoch 1, batch 239/267
INFO:	trainer:	Epoch 1, batch 240/267
INFO:	trainer:	Epoch 1, batch 241/267
INFO:	trainer:	Epoch 1, batch 242/267
INFO:	trainer:	Epoch 1, batch 243/267
INFO:	trainer:	Epoch 1, batch 244/267
INFO:	trainer:	Epoch 1, batch 245/267
INFO:	trainer:	Epoch 1, batch 246/267
INFO:	trainer:	Epoch 1, batch 247/267
INFO:	trainer:	Epoch 1, batch 248/267
INFO:	trainer:	Epoch 1, batch 249/267
INFO:	trainer:	Epoch 1, batch 250/267
INFO:	trainer:	Epoch 1, batch 251/267
INFO:	trainer:	Epoch 1, batch 252/267
INFO:	trainer:	Epoch 1, batch 253/267
INFO:	trainer:	Epoch 1, batch 254/267
INFO:	trainer:	Epoch 1, batch 255/267
INFO:	trainer:	Epoch 1, batch 256/267
INFO:	trainer:	Epoch 1, batch 257/267
INFO:	trainer:	Epoch 1, batch 258/267
INFO:	trainer:	Epoch 1, batch 259/267
INFO:	trainer:	Epoch 1, batch 260/267
INFO:	trainer:	Epoch 1, batch 261/267
INFO:	trainer:	Epoch 1, batch 262/267
INFO:	trainer:	Epoch 1, batch 263/267
INFO:	trainer:	Epoch 1, batch 264/267
INFO:	trainer:	Epoch 1, batch 265/267
INFO:	trainer:	Epoch 1, batch 266/267
INFO:	trainer:	Epoch 1, batch 267/267
INFO:	trainer:	Epoch 1 training results: loss: 17.41, acc: 0.57, ap: 0.54, f1: 0.66, auc: 0.57
INFO:	trainer:	Commencing evaluation for validate
INFO:	evaluation_utils:	User 1/1516
