[2024-03-16 19:25:45,912] :: INFO :: [root.set_up_logger:80] :: Logging to ./log/2024-03-16-19-25-45.log
[2024-03-16 19:25:45,912] :: INFO :: [root.<module>:14] :: Namespace(n_degree=30, n_head=2, n_layer=2, drop_out=0.3, reg=0.3, node_dim=32, time_dim=32, agg_method='attn', attn_mode='prod', uniform=True, new_node=False, time='disentangle', disencomponents=10, data='ml-100k', train_test_val='80-10-10', samplerate=1.0, popnegsample=False, timepopnegsample=False, negsampleeval=1000, bs=128, n_epoch=200, lr=0.005, prefix='ml100k', gpu=0, seed=42, l2=0.0001, ckpt_epoch=10, pretrain=None)
[2024-03-16 19:25:45,955] :: INFO :: [utils.data_utils.split_data:31] :: Train split: 80%, Val split: 10%, Test split: 10%
[2024-03-16 19:25:46,469] :: INFO :: [utils.data_utils.split_data:120] :: #Interactions in VALID: 1516
[2024-03-16 19:25:46,469] :: INFO :: [utils.data_utils.split_data:121] :: #Interactions in TEST: 1344
[2024-03-16 19:25:46,534] :: INFO :: [model.TGSRec.__init__:41] :: Aggregation uses attention model
[2024-03-16 19:25:46,547] :: INFO :: [model.TGSRec.__init__:71] :: Using disentangle time encoding
[2024-03-16 19:25:47,979] :: INFO :: [root.build_model:66] :: Model built successfully
[2024-03-16 19:25:47,980] :: INFO :: [root.build_model:67] :: TGRec(
  (node_hist_embed): Embedding(2626, 32)
  (merge_layer): MergeLayer(
    (fc1): Linear(in_features=64, out_features=32, bias=True)
    (fc2): Linear(in_features=32, out_features=32, bias=True)
    (act): ReLU()
  )
  (attn_model_list): ModuleList(
    (0-1): 2 x CrossAttentionModel(
      (ffn): MergeLayer(
        (fc1): Linear(in_features=96, out_features=32, bias=True)
        (fc2): Linear(in_features=32, out_features=32, bias=True)
        (act): ReLU()
      )
      (multi_head_target): MultiHeadAttention(
        (w_qs): Linear(in_features=64, out_features=64, bias=False)
        (w_ks): Linear(in_features=64, out_features=64, bias=False)
        (w_vs): Linear(in_features=64, out_features=64, bias=False)
        (attention): ScaledDotProductAttention(
          (dropout): Dropout(p=0.3, inplace=False)
          (softmax): Softmax(dim=2)
        )
        (layer_norm): LayerNorm((64,), eps=1e-05, elementwise_affine=True)
        (fc): Linear(in_features=64, out_features=64, bias=True)
        (dropout): Dropout(p=0.3, inplace=False)
      )
      (self_attn_model): SelfAttentionModel(
        (ffn): MergeSelfAttnLayer(
          (fc1): Linear(in_features=96, out_features=3840, bias=True)
          (fc2): Linear(in_features=3840, out_features=64, bias=True)
          (act): ReLU()
        )
        (multi_head_target): MultiHeadAttention(
          (w_qs): Linear(in_features=64, out_features=64, bias=False)
          (w_ks): Linear(in_features=64, out_features=64, bias=False)
          (w_vs): Linear(in_features=64, out_features=64, bias=False)
          (attention): ScaledDotProductAttention(
            (dropout): Dropout(p=0.1, inplace=False)
            (softmax): Softmax(dim=2)
          )
          (layer_norm): LayerNorm((64,), eps=1e-05, elementwise_affine=True)
          (fc): Linear(in_features=64, out_features=64, bias=True)
          (dropout): Dropout(p=0.1, inplace=False)
        )
      )
    )
  )
  (time_encoder): DisentangleTimeEncode()
  (affinity_score): MergeLayer(
    (fc1): Linear(in_features=64, out_features=32, bias=True)
    (fc2): Linear(in_features=32, out_features=1, bias=True)
    (act): ReLU()
  )
)
[2024-03-16 19:25:47,981] :: INFO :: [root.build_model:68] :: Number of parameters: 1402177 (trainable: 1402177)
[2024-03-16 19:25:47,981] :: INFO :: [root.build_model:70] :: Loss function: BPR + L2 regularization
[2024-03-16 19:25:47,981] :: INFO :: [root.build_model:71] :: Optimizer: Adam with lr: 0.005 and l2: 0.0001
[2024-03-16 19:25:47,981] :: INFO :: [root.build_model:72] :: Learning rate scheduler: LinearLR
[2024-03-16 19:25:47,981] :: INFO :: [root.build_model:73] :: Warmup scheduler: LinearWarmup with warmup period: 15
[2024-03-16 19:25:47,981] :: INFO :: [root.build_model:74] :: Device: cuda:0
[2024-03-16 19:25:47,981] :: INFO :: [root.build_model:75] :: Number of nodes: 2625
[2024-03-16 19:25:47,981] :: INFO :: [root.build_model:76] :: Number of edges: 100000
[2024-03-16 19:25:47,981] :: INFO :: [utils.trainer_utils.__init__:94] :: Early stopping monitor: max_round=10, higher_better=True, tolerance=0.001
[2024-03-16 19:25:47,981] :: INFO :: [root.<module>:24] :: Commencing training for 200 epochs
[2024-03-16 19:25:47,981] :: INFO :: [root.train_for_one_epoch:39] :: Commencing training for epoch # 1
[2024-03-16 19:25:47,983] :: INFO :: [root.train_for_one_epoch:46] :: Epoch 1, batch 1/626
[2024-03-16 19:25:48,997] :: INFO :: [root.train_for_one_epoch:46] :: Epoch 1, batch 2/626
[2024-03-16 19:25:49,331] :: INFO :: [root.train_for_one_epoch:46] :: Epoch 1, batch 3/626
[2024-03-16 19:25:49,679] :: INFO :: [root.train_for_one_epoch:46] :: Epoch 1, batch 4/626
[2024-03-16 19:25:50,039] :: INFO :: [root.train_for_one_epoch:46] :: Epoch 1, batch 5/626
[2024-03-16 19:25:50,396] :: INFO :: [root.train_for_one_epoch:46] :: Epoch 1, batch 6/626
[2024-03-16 19:25:50,762] :: INFO :: [root.train_for_one_epoch:46] :: Epoch 1, batch 7/626
[2024-03-16 19:25:51,142] :: INFO :: [root.train_for_one_epoch:46] :: Epoch 1, batch 8/626
[2024-03-16 19:25:51,533] :: INFO :: [root.train_for_one_epoch:46] :: Epoch 1, batch 9/626
[2024-03-16 19:25:51,956] :: INFO :: [root.train_for_one_epoch:46] :: Epoch 1, batch 10/626
[2024-03-16 19:25:52,363] :: INFO :: [root.train_for_one_epoch:46] :: Epoch 1, batch 11/626
[2024-03-16 19:25:52,792] :: INFO :: [root.train_for_one_epoch:46] :: Epoch 1, batch 12/626
[2024-03-16 19:25:53,212] :: INFO :: [root.train_for_one_epoch:46] :: Epoch 1, batch 13/626
[2024-03-16 19:25:53,640] :: INFO :: [root.train_for_one_epoch:46] :: Epoch 1, batch 14/626
[2024-03-16 19:25:54,063] :: INFO :: [root.train_for_one_epoch:46] :: Epoch 1, batch 15/626
[2024-03-16 19:25:54,512] :: INFO :: [root.train_for_one_epoch:46] :: Epoch 1, batch 16/626
[2024-03-16 19:25:54,922] :: INFO :: [root.train_for_one_epoch:46] :: Epoch 1, batch 17/626
[2024-03-16 19:25:55,341] :: INFO :: [root.train_for_one_epoch:46] :: Epoch 1, batch 18/626
[2024-03-16 19:25:55,763] :: INFO :: [root.train_for_one_epoch:46] :: Epoch 1, batch 19/626
[2024-03-16 19:25:56,200] :: INFO :: [root.train_for_one_epoch:46] :: Epoch 1, batch 20/626
[2024-03-16 19:25:56,654] :: INFO :: [root.train_for_one_epoch:46] :: Epoch 1, batch 21/626
[2024-03-16 19:25:57,101] :: INFO :: [root.train_for_one_epoch:46] :: Epoch 1, batch 22/626
[2024-03-16 19:25:57,569] :: INFO :: [root.train_for_one_epoch:46] :: Epoch 1, batch 23/626
[2024-03-16 19:25:58,032] :: INFO :: [root.train_for_one_epoch:46] :: Epoch 1, batch 24/626
[2024-03-16 19:25:58,482] :: INFO :: [root.train_for_one_epoch:46] :: Epoch 1, batch 25/626
[2024-03-16 19:25:58,938] :: INFO :: [root.train_for_one_epoch:46] :: Epoch 1, batch 26/626
[2024-03-16 19:25:59,398] :: INFO :: [root.train_for_one_epoch:46] :: Epoch 1, batch 27/626
[2024-03-16 19:25:59,865] :: INFO :: [root.train_for_one_epoch:46] :: Epoch 1, batch 28/626
[2024-03-16 19:26:00,348] :: INFO :: [root.train_for_one_epoch:46] :: Epoch 1, batch 29/626
[2024-03-16 19:26:00,823] :: INFO :: [root.train_for_one_epoch:46] :: Epoch 1, batch 30/626
[2024-03-16 19:26:01,302] :: INFO :: [root.train_for_one_epoch:46] :: Epoch 1, batch 31/626
[2024-03-16 19:26:01,769] :: INFO :: [root.train_for_one_epoch:46] :: Epoch 1, batch 32/626
[2024-03-16 19:26:02,241] :: INFO :: [root.train_for_one_epoch:46] :: Epoch 1, batch 33/626
[2024-03-16 19:26:02,721] :: INFO :: [root.train_for_one_epoch:46] :: Epoch 1, batch 34/626
[2024-03-16 19:26:03,197] :: INFO :: [root.train_for_one_epoch:46] :: Epoch 1, batch 35/626
[2024-03-16 19:26:03,679] :: INFO :: [root.train_for_one_epoch:46] :: Epoch 1, batch 36/626
[2024-03-16 19:26:04,137] :: INFO :: [root.train_for_one_epoch:46] :: Epoch 1, batch 37/626
[2024-03-16 19:26:04,621] :: INFO :: [root.train_for_one_epoch:46] :: Epoch 1, batch 38/626
[2024-03-16 19:26:05,089] :: INFO :: [root.train_for_one_epoch:46] :: Epoch 1, batch 39/626
[2024-03-16 19:26:05,558] :: INFO :: [root.train_for_one_epoch:46] :: Epoch 1, batch 40/626
[2024-03-16 19:26:06,045] :: INFO :: [root.train_for_one_epoch:46] :: Epoch 1, batch 41/626
[2024-03-16 19:26:06,527] :: INFO :: [root.train_for_one_epoch:46] :: Epoch 1, batch 42/626
[2024-03-16 19:26:07,016] :: INFO :: [root.train_for_one_epoch:46] :: Epoch 1, batch 43/626
[2024-03-16 19:26:07,503] :: INFO :: [root.train_for_one_epoch:46] :: Epoch 1, batch 44/626
[2024-03-16 19:26:07,975] :: INFO :: [root.train_for_one_epoch:46] :: Epoch 1, batch 45/626
[2024-03-16 19:26:08,458] :: INFO :: [root.train_for_one_epoch:46] :: Epoch 1, batch 46/626
[2024-03-16 19:26:08,943] :: INFO :: [root.train_for_one_epoch:46] :: Epoch 1, batch 47/626
[2024-03-16 19:26:09,425] :: INFO :: [root.train_for_one_epoch:46] :: Epoch 1, batch 48/626
[2024-03-16 19:26:09,903] :: INFO :: [root.train_for_one_epoch:46] :: Epoch 1, batch 49/626
[2024-03-16 19:26:10,383] :: INFO :: [root.train_for_one_epoch:46] :: Epoch 1, batch 50/626
[2024-03-16 19:26:10,858] :: INFO :: [root.train_for_one_epoch:46] :: Epoch 1, batch 51/626
[2024-03-16 19:26:11,343] :: INFO :: [root.train_for_one_epoch:46] :: Epoch 1, batch 52/626
[2024-03-16 19:26:11,827] :: INFO :: [root.train_for_one_epoch:46] :: Epoch 1, batch 53/626
[2024-03-16 19:26:12,308] :: INFO :: [root.train_for_one_epoch:46] :: Epoch 1, batch 54/626
[2024-03-16 19:26:12,792] :: INFO :: [root.train_for_one_epoch:46] :: Epoch 1, batch 55/626
[2024-03-16 19:26:13,268] :: INFO :: [root.train_for_one_epoch:46] :: Epoch 1, batch 56/626
[2024-03-16 19:26:13,745] :: INFO :: [root.train_for_one_epoch:46] :: Epoch 1, batch 57/626
[2024-03-16 19:26:14,212] :: INFO :: [root.train_for_one_epoch:46] :: Epoch 1, batch 58/626
[2024-03-16 19:26:14,685] :: INFO :: [root.train_for_one_epoch:46] :: Epoch 1, batch 59/626
[2024-03-16 19:26:15,154] :: INFO :: [root.train_for_one_epoch:46] :: Epoch 1, batch 60/626
[2024-03-16 19:26:15,633] :: INFO :: [root.train_for_one_epoch:46] :: Epoch 1, batch 61/626
[2024-03-16 19:26:16,111] :: INFO :: [root.train_for_one_epoch:46] :: Epoch 1, batch 62/626
[2024-03-16 19:26:16,592] :: INFO :: [root.train_for_one_epoch:46] :: Epoch 1, batch 63/626
[2024-03-16 19:26:17,060] :: INFO :: [root.train_for_one_epoch:46] :: Epoch 1, batch 64/626
[2024-03-16 19:26:17,550] :: INFO :: [root.train_for_one_epoch:46] :: Epoch 1, batch 65/626
[2024-03-16 19:26:18,049] :: INFO :: [root.train_for_one_epoch:46] :: Epoch 1, batch 66/626
[2024-03-16 19:26:18,537] :: INFO :: [root.train_for_one_epoch:46] :: Epoch 1, batch 67/626
[2024-03-16 19:26:19,025] :: INFO :: [root.train_for_one_epoch:46] :: Epoch 1, batch 68/626
[2024-03-16 19:26:19,514] :: INFO :: [root.train_for_one_epoch:46] :: Epoch 1, batch 69/626
[2024-03-16 19:26:19,994] :: INFO :: [root.train_for_one_epoch:46] :: Epoch 1, batch 70/626
[2024-03-16 19:26:20,481] :: INFO :: [root.train_for_one_epoch:46] :: Epoch 1, batch 71/626
[2024-03-16 19:26:20,973] :: INFO :: [root.train_for_one_epoch:46] :: Epoch 1, batch 72/626
[2024-03-16 19:26:21,450] :: INFO :: [root.train_for_one_epoch:46] :: Epoch 1, batch 73/626
[2024-03-16 19:26:21,940] :: INFO :: [root.train_for_one_epoch:46] :: Epoch 1, batch 74/626
[2024-03-16 19:26:22,420] :: INFO :: [root.train_for_one_epoch:46] :: Epoch 1, batch 75/626
[2024-03-16 19:26:22,902] :: INFO :: [root.train_for_one_epoch:46] :: Epoch 1, batch 76/626
[2024-03-16 19:26:23,394] :: INFO :: [root.train_for_one_epoch:46] :: Epoch 1, batch 77/626
[2024-03-16 19:26:23,878] :: INFO :: [root.train_for_one_epoch:46] :: Epoch 1, batch 78/626
[2024-03-16 19:26:24,366] :: INFO :: [root.train_for_one_epoch:46] :: Epoch 1, batch 79/626
[2024-03-16 19:26:24,852] :: INFO :: [root.train_for_one_epoch:46] :: Epoch 1, batch 80/626
[2024-03-16 19:26:25,353] :: INFO :: [root.train_for_one_epoch:46] :: Epoch 1, batch 81/626
[2024-03-16 19:26:25,836] :: INFO :: [root.train_for_one_epoch:46] :: Epoch 1, batch 82/626
[2024-03-16 19:26:26,322] :: INFO :: [root.train_for_one_epoch:46] :: Epoch 1, batch 83/626
[2024-03-16 19:26:26,798] :: INFO :: [root.train_for_one_epoch:46] :: Epoch 1, batch 84/626
[2024-03-16 19:26:27,287] :: INFO :: [root.train_for_one_epoch:46] :: Epoch 1, batch 85/626
[2024-03-16 19:26:27,774] :: INFO :: [root.train_for_one_epoch:46] :: Epoch 1, batch 86/626
[2024-03-16 19:26:28,271] :: INFO :: [root.train_for_one_epoch:46] :: Epoch 1, batch 87/626
[2024-03-16 19:26:28,751] :: INFO :: [root.train_for_one_epoch:46] :: Epoch 1, batch 88/626
[2024-03-16 19:26:29,242] :: INFO :: [root.train_for_one_epoch:46] :: Epoch 1, batch 89/626
[2024-03-16 19:26:29,739] :: INFO :: [root.train_for_one_epoch:46] :: Epoch 1, batch 90/626
[2024-03-16 19:26:30,228] :: INFO :: [root.train_for_one_epoch:46] :: Epoch 1, batch 91/626
[2024-03-16 19:26:30,715] :: INFO :: [root.train_for_one_epoch:46] :: Epoch 1, batch 92/626
[2024-03-16 19:26:31,207] :: INFO :: [root.train_for_one_epoch:46] :: Epoch 1, batch 93/626
[2024-03-16 19:26:31,692] :: INFO :: [root.train_for_one_epoch:46] :: Epoch 1, batch 94/626
[2024-03-16 19:26:32,185] :: INFO :: [root.train_for_one_epoch:46] :: Epoch 1, batch 95/626
[2024-03-16 19:26:32,677] :: INFO :: [root.train_for_one_epoch:46] :: Epoch 1, batch 96/626
[2024-03-16 19:26:33,168] :: INFO :: [root.train_for_one_epoch:46] :: Epoch 1, batch 97/626
[2024-03-16 19:26:33,655] :: INFO :: [root.train_for_one_epoch:46] :: Epoch 1, batch 98/626
[2024-03-16 19:26:34,140] :: INFO :: [root.train_for_one_epoch:46] :: Epoch 1, batch 99/626
[2024-03-16 19:26:34,623] :: INFO :: [root.train_for_one_epoch:46] :: Epoch 1, batch 100/626
[2024-03-16 19:26:35,115] :: INFO :: [root.train_for_one_epoch:46] :: Epoch 1, batch 101/626
[2024-03-16 19:26:35,607] :: INFO :: [root.train_for_one_epoch:46] :: Epoch 1, batch 102/626
[2024-03-16 19:26:36,101] :: INFO :: [root.train_for_one_epoch:46] :: Epoch 1, batch 103/626
[2024-03-16 19:26:36,594] :: INFO :: [root.train_for_one_epoch:46] :: Epoch 1, batch 104/626
[2024-03-16 19:26:37,082] :: INFO :: [root.train_for_one_epoch:46] :: Epoch 1, batch 105/626
[2024-03-16 19:26:37,570] :: INFO :: [root.train_for_one_epoch:46] :: Epoch 1, batch 106/626
[2024-03-16 19:26:38,054] :: INFO :: [root.train_for_one_epoch:46] :: Epoch 1, batch 107/626
[2024-03-16 19:26:38,540] :: INFO :: [root.train_for_one_epoch:46] :: Epoch 1, batch 108/626
[2024-03-16 19:26:39,029] :: INFO :: [root.train_for_one_epoch:46] :: Epoch 1, batch 109/626
[2024-03-16 19:26:39,520] :: INFO :: [root.train_for_one_epoch:46] :: Epoch 1, batch 110/626
[2024-03-16 19:26:40,007] :: INFO :: [root.train_for_one_epoch:46] :: Epoch 1, batch 111/626
[2024-03-16 19:26:40,503] :: INFO :: [root.train_for_one_epoch:46] :: Epoch 1, batch 112/626
[2024-03-16 19:26:40,999] :: INFO :: [root.train_for_one_epoch:46] :: Epoch 1, batch 113/626
[2024-03-16 19:26:41,489] :: INFO :: [root.train_for_one_epoch:46] :: Epoch 1, batch 114/626
[2024-03-16 19:26:41,982] :: INFO :: [root.train_for_one_epoch:46] :: Epoch 1, batch 115/626
[2024-03-16 19:26:42,475] :: INFO :: [root.train_for_one_epoch:46] :: Epoch 1, batch 116/626
[2024-03-16 19:26:42,967] :: INFO :: [root.train_for_one_epoch:46] :: Epoch 1, batch 117/626
[2024-03-16 19:26:43,452] :: INFO :: [root.train_for_one_epoch:46] :: Epoch 1, batch 118/626
[2024-03-16 19:26:43,946] :: INFO :: [root.train_for_one_epoch:46] :: Epoch 1, batch 119/626
[2024-03-16 19:26:44,431] :: INFO :: [root.train_for_one_epoch:46] :: Epoch 1, batch 120/626
[2024-03-16 19:26:44,923] :: INFO :: [root.train_for_one_epoch:46] :: Epoch 1, batch 121/626
[2024-03-16 19:26:45,414] :: INFO :: [root.train_for_one_epoch:46] :: Epoch 1, batch 122/626
[2024-03-16 19:26:45,901] :: INFO :: [root.train_for_one_epoch:46] :: Epoch 1, batch 123/626
[2024-03-16 19:26:46,386] :: INFO :: [root.train_for_one_epoch:46] :: Epoch 1, batch 124/626
[2024-03-16 19:26:46,881] :: INFO :: [root.train_for_one_epoch:46] :: Epoch 1, batch 125/626
[2024-03-16 19:26:47,369] :: INFO :: [root.train_for_one_epoch:46] :: Epoch 1, batch 126/626
[2024-03-16 19:26:47,852] :: INFO :: [root.train_for_one_epoch:46] :: Epoch 1, batch 127/626
[2024-03-16 19:26:48,332] :: INFO :: [root.train_for_one_epoch:46] :: Epoch 1, batch 128/626
[2024-03-16 19:26:48,812] :: INFO :: [root.train_for_one_epoch:46] :: Epoch 1, batch 129/626
[2024-03-16 19:26:49,305] :: INFO :: [root.train_for_one_epoch:46] :: Epoch 1, batch 130/626
[2024-03-16 19:26:49,797] :: INFO :: [root.train_for_one_epoch:46] :: Epoch 1, batch 131/626
[2024-03-16 19:26:50,292] :: INFO :: [root.train_for_one_epoch:46] :: Epoch 1, batch 132/626
[2024-03-16 19:26:50,784] :: INFO :: [root.train_for_one_epoch:46] :: Epoch 1, batch 133/626
[2024-03-16 19:26:51,275] :: INFO :: [root.train_for_one_epoch:46] :: Epoch 1, batch 134/626
[2024-03-16 19:26:51,769] :: INFO :: [root.train_for_one_epoch:46] :: Epoch 1, batch 135/626
[2024-03-16 19:26:52,257] :: INFO :: [root.train_for_one_epoch:46] :: Epoch 1, batch 136/626
[2024-03-16 19:26:52,758] :: INFO :: [root.train_for_one_epoch:46] :: Epoch 1, batch 137/626
[2024-03-16 19:26:53,246] :: INFO :: [root.train_for_one_epoch:46] :: Epoch 1, batch 138/626
[2024-03-16 19:26:53,740] :: INFO :: [root.train_for_one_epoch:46] :: Epoch 1, batch 139/626
[2024-03-16 19:26:54,233] :: INFO :: [root.train_for_one_epoch:46] :: Epoch 1, batch 140/626
[2024-03-16 19:26:54,722] :: INFO :: [root.train_for_one_epoch:46] :: Epoch 1, batch 141/626
[2024-03-16 19:26:55,214] :: INFO :: [root.train_for_one_epoch:46] :: Epoch 1, batch 142/626
[2024-03-16 19:26:55,717] :: INFO :: [root.train_for_one_epoch:46] :: Epoch 1, batch 143/626
[2024-03-16 19:26:56,212] :: INFO :: [root.train_for_one_epoch:46] :: Epoch 1, batch 144/626
[2024-03-16 19:26:56,709] :: INFO :: [root.train_for_one_epoch:46] :: Epoch 1, batch 145/626
[2024-03-16 19:26:57,207] :: INFO :: [root.train_for_one_epoch:46] :: Epoch 1, batch 146/626
[2024-03-16 19:26:57,706] :: INFO :: [root.train_for_one_epoch:46] :: Epoch 1, batch 147/626
[2024-03-16 19:26:58,207] :: INFO :: [root.train_for_one_epoch:46] :: Epoch 1, batch 148/626
[2024-03-16 19:26:58,700] :: INFO :: [root.train_for_one_epoch:46] :: Epoch 1, batch 149/626
[2024-03-16 19:26:59,198] :: INFO :: [root.train_for_one_epoch:46] :: Epoch 1, batch 150/626
[2024-03-16 19:26:59,695] :: INFO :: [root.train_for_one_epoch:46] :: Epoch 1, batch 151/626
[2024-03-16 19:27:00,195] :: INFO :: [root.train_for_one_epoch:46] :: Epoch 1, batch 152/626
[2024-03-16 19:27:00,681] :: INFO :: [root.train_for_one_epoch:46] :: Epoch 1, batch 153/626
[2024-03-16 19:27:01,180] :: INFO :: [root.train_for_one_epoch:46] :: Epoch 1, batch 154/626
[2024-03-16 19:27:01,660] :: INFO :: [root.train_for_one_epoch:46] :: Epoch 1, batch 155/626
[2024-03-16 19:27:02,095] :: INFO :: [root.train_for_one_epoch:46] :: Epoch 1, batch 156/626
[2024-03-16 19:27:02,562] :: INFO :: [root.train_for_one_epoch:46] :: Epoch 1, batch 157/626
[2024-03-16 19:27:03,041] :: INFO :: [root.train_for_one_epoch:46] :: Epoch 1, batch 158/626
[2024-03-16 19:27:03,542] :: INFO :: [root.train_for_one_epoch:46] :: Epoch 1, batch 159/626
[2024-03-16 19:27:04,029] :: INFO :: [root.train_for_one_epoch:46] :: Epoch 1, batch 160/626
[2024-03-16 19:27:04,524] :: INFO :: [root.train_for_one_epoch:46] :: Epoch 1, batch 161/626
[2024-03-16 19:27:05,020] :: INFO :: [root.train_for_one_epoch:46] :: Epoch 1, batch 162/626
[2024-03-16 19:27:05,517] :: INFO :: [root.train_for_one_epoch:46] :: Epoch 1, batch 163/626
[2024-03-16 19:27:06,015] :: INFO :: [root.train_for_one_epoch:46] :: Epoch 1, batch 164/626
[2024-03-16 19:27:06,507] :: INFO :: [root.train_for_one_epoch:46] :: Epoch 1, batch 165/626
[2024-03-16 19:27:07,002] :: INFO :: [root.train_for_one_epoch:46] :: Epoch 1, batch 166/626
[2024-03-16 19:27:07,499] :: INFO :: [root.train_for_one_epoch:46] :: Epoch 1, batch 167/626
[2024-03-16 19:27:07,997] :: INFO :: [root.train_for_one_epoch:46] :: Epoch 1, batch 168/626
[2024-03-16 19:27:08,496] :: INFO :: [root.train_for_one_epoch:46] :: Epoch 1, batch 169/626
[2024-03-16 19:27:08,993] :: INFO :: [root.train_for_one_epoch:46] :: Epoch 1, batch 170/626
[2024-03-16 19:27:09,491] :: INFO :: [root.train_for_one_epoch:46] :: Epoch 1, batch 171/626
[2024-03-16 19:27:09,990] :: INFO :: [root.train_for_one_epoch:46] :: Epoch 1, batch 172/626
[2024-03-16 19:27:10,497] :: INFO :: [root.train_for_one_epoch:46] :: Epoch 1, batch 173/626
[2024-03-16 19:27:10,990] :: INFO :: [root.train_for_one_epoch:46] :: Epoch 1, batch 174/626
[2024-03-16 19:27:11,495] :: INFO :: [root.train_for_one_epoch:46] :: Epoch 1, batch 175/626
[2024-03-16 19:27:11,986] :: INFO :: [root.train_for_one_epoch:46] :: Epoch 1, batch 176/626
[2024-03-16 19:27:12,471] :: INFO :: [root.train_for_one_epoch:46] :: Epoch 1, batch 177/626
[2024-03-16 19:27:12,971] :: INFO :: [root.train_for_one_epoch:46] :: Epoch 1, batch 178/626
[2024-03-16 19:27:13,469] :: INFO :: [root.train_for_one_epoch:46] :: Epoch 1, batch 179/626
[2024-03-16 19:27:13,974] :: INFO :: [root.train_for_one_epoch:46] :: Epoch 1, batch 180/626
[2024-03-16 19:27:14,467] :: INFO :: [root.train_for_one_epoch:46] :: Epoch 1, batch 181/626
[2024-03-16 19:27:14,966] :: INFO :: [root.train_for_one_epoch:46] :: Epoch 1, batch 182/626
[2024-03-16 19:27:15,455] :: INFO :: [root.train_for_one_epoch:46] :: Epoch 1, batch 183/626
[2024-03-16 19:27:15,941] :: INFO :: [root.train_for_one_epoch:46] :: Epoch 1, batch 184/626
[2024-03-16 19:27:16,428] :: INFO :: [root.train_for_one_epoch:46] :: Epoch 1, batch 185/626
[2024-03-16 19:27:16,936] :: INFO :: [root.train_for_one_epoch:46] :: Epoch 1, batch 186/626
[2024-03-16 19:27:17,429] :: INFO :: [root.train_for_one_epoch:46] :: Epoch 1, batch 187/626
[2024-03-16 19:27:17,935] :: INFO :: [root.train_for_one_epoch:46] :: Epoch 1, batch 188/626
[2024-03-16 19:27:18,436] :: INFO :: [root.train_for_one_epoch:46] :: Epoch 1, batch 189/626
[2024-03-16 19:27:18,929] :: INFO :: [root.train_for_one_epoch:46] :: Epoch 1, batch 190/626
[2024-03-16 19:27:19,430] :: INFO :: [root.train_for_one_epoch:46] :: Epoch 1, batch 191/626
[2024-03-16 19:27:19,934] :: INFO :: [root.train_for_one_epoch:46] :: Epoch 1, batch 192/626
[2024-03-16 19:27:20,430] :: INFO :: [root.train_for_one_epoch:46] :: Epoch 1, batch 193/626
[2024-03-16 19:27:20,930] :: INFO :: [root.train_for_one_epoch:46] :: Epoch 1, batch 194/626
[2024-03-16 19:27:21,432] :: INFO :: [root.train_for_one_epoch:46] :: Epoch 1, batch 195/626
[2024-03-16 19:27:21,926] :: INFO :: [root.train_for_one_epoch:46] :: Epoch 1, batch 196/626
[2024-03-16 19:27:22,426] :: INFO :: [root.train_for_one_epoch:46] :: Epoch 1, batch 197/626
[2024-03-16 19:27:22,923] :: INFO :: [root.train_for_one_epoch:46] :: Epoch 1, batch 198/626
[2024-03-16 19:27:23,432] :: INFO :: [root.train_for_one_epoch:46] :: Epoch 1, batch 199/626
[2024-03-16 19:27:23,937] :: INFO :: [root.train_for_one_epoch:46] :: Epoch 1, batch 200/626
[2024-03-16 19:27:24,441] :: INFO :: [root.train_for_one_epoch:46] :: Epoch 1, batch 201/626
[2024-03-16 19:27:24,947] :: INFO :: [root.train_for_one_epoch:46] :: Epoch 1, batch 202/626
[2024-03-16 19:27:25,445] :: INFO :: [root.train_for_one_epoch:46] :: Epoch 1, batch 203/626
[2024-03-16 19:27:25,949] :: INFO :: [root.train_for_one_epoch:46] :: Epoch 1, batch 204/626
[2024-03-16 19:27:26,457] :: INFO :: [root.train_for_one_epoch:46] :: Epoch 1, batch 205/626
[2024-03-16 19:27:26,960] :: INFO :: [root.train_for_one_epoch:46] :: Epoch 1, batch 206/626
[2024-03-16 19:27:27,459] :: INFO :: [root.train_for_one_epoch:46] :: Epoch 1, batch 207/626
[2024-03-16 19:27:27,956] :: INFO :: [root.train_for_one_epoch:46] :: Epoch 1, batch 208/626
[2024-03-16 19:27:28,439] :: INFO :: [root.train_for_one_epoch:46] :: Epoch 1, batch 209/626
[2024-03-16 19:27:28,938] :: INFO :: [root.train_for_one_epoch:46] :: Epoch 1, batch 210/626
[2024-03-16 19:27:29,431] :: INFO :: [root.train_for_one_epoch:46] :: Epoch 1, batch 211/626
[2024-03-16 19:27:29,926] :: INFO :: [root.train_for_one_epoch:46] :: Epoch 1, batch 212/626
[2024-03-16 19:27:30,427] :: INFO :: [root.train_for_one_epoch:46] :: Epoch 1, batch 213/626
[2024-03-16 19:27:30,926] :: INFO :: [root.train_for_one_epoch:46] :: Epoch 1, batch 214/626
[2024-03-16 19:27:31,436] :: INFO :: [root.train_for_one_epoch:46] :: Epoch 1, batch 215/626
[2024-03-16 19:27:31,936] :: INFO :: [root.train_for_one_epoch:46] :: Epoch 1, batch 216/626
[2024-03-16 19:27:32,439] :: INFO :: [root.train_for_one_epoch:46] :: Epoch 1, batch 217/626
[2024-03-16 19:27:32,937] :: INFO :: [root.train_for_one_epoch:46] :: Epoch 1, batch 218/626
[2024-03-16 19:27:33,434] :: INFO :: [root.train_for_one_epoch:46] :: Epoch 1, batch 219/626
[2024-03-16 19:27:33,935] :: INFO :: [root.train_for_one_epoch:46] :: Epoch 1, batch 220/626
[2024-03-16 19:27:34,431] :: INFO :: [root.train_for_one_epoch:46] :: Epoch 1, batch 221/626
[2024-03-16 19:27:34,932] :: INFO :: [root.train_for_one_epoch:46] :: Epoch 1, batch 222/626
[2024-03-16 19:27:35,431] :: INFO :: [root.train_for_one_epoch:46] :: Epoch 1, batch 223/626
[2024-03-16 19:27:35,933] :: INFO :: [root.train_for_one_epoch:46] :: Epoch 1, batch 224/626
[2024-03-16 19:27:36,434] :: INFO :: [root.train_for_one_epoch:46] :: Epoch 1, batch 225/626
[2024-03-16 19:27:36,930] :: INFO :: [root.train_for_one_epoch:46] :: Epoch 1, batch 226/626
[2024-03-16 19:27:37,428] :: INFO :: [root.train_for_one_epoch:46] :: Epoch 1, batch 227/626
[2024-03-16 19:27:37,925] :: INFO :: [root.train_for_one_epoch:46] :: Epoch 1, batch 228/626
[2024-03-16 19:27:38,427] :: INFO :: [root.train_for_one_epoch:46] :: Epoch 1, batch 229/626
[2024-03-16 19:27:38,934] :: INFO :: [root.train_for_one_epoch:46] :: Epoch 1, batch 230/626
[2024-03-16 19:27:39,437] :: INFO :: [root.train_for_one_epoch:46] :: Epoch 1, batch 231/626
[2024-03-16 19:27:39,937] :: INFO :: [root.train_for_one_epoch:46] :: Epoch 1, batch 232/626
[2024-03-16 19:27:40,434] :: INFO :: [root.train_for_one_epoch:46] :: Epoch 1, batch 233/626
[2024-03-16 19:27:40,941] :: INFO :: [root.train_for_one_epoch:46] :: Epoch 1, batch 234/626
[2024-03-16 19:27:41,442] :: INFO :: [root.train_for_one_epoch:46] :: Epoch 1, batch 235/626
[2024-03-16 19:27:41,941] :: INFO :: [root.train_for_one_epoch:46] :: Epoch 1, batch 236/626
[2024-03-16 19:27:42,449] :: INFO :: [root.train_for_one_epoch:46] :: Epoch 1, batch 237/626
[2024-03-16 19:27:42,947] :: INFO :: [root.train_for_one_epoch:46] :: Epoch 1, batch 238/626
[2024-03-16 19:27:43,453] :: INFO :: [root.train_for_one_epoch:46] :: Epoch 1, batch 239/626
[2024-03-16 19:27:43,961] :: INFO :: [root.train_for_one_epoch:46] :: Epoch 1, batch 240/626
[2024-03-16 19:27:44,464] :: INFO :: [root.train_for_one_epoch:46] :: Epoch 1, batch 241/626
[2024-03-16 19:27:44,962] :: INFO :: [root.train_for_one_epoch:46] :: Epoch 1, batch 242/626
[2024-03-16 19:27:45,465] :: INFO :: [root.train_for_one_epoch:46] :: Epoch 1, batch 243/626
[2024-03-16 19:27:45,971] :: INFO :: [root.train_for_one_epoch:46] :: Epoch 1, batch 244/626
[2024-03-16 19:27:46,476] :: INFO :: [root.train_for_one_epoch:46] :: Epoch 1, batch 245/626
[2024-03-16 19:27:46,973] :: INFO :: [root.train_for_one_epoch:46] :: Epoch 1, batch 246/626
