INFO:	main:	2024-03-11 12:05:35,693:	Outputs will be saved in: runs/run10
INFO:	main:	2024-03-11 12:05:35,693:	Using seed: 42
INFO:	main:	2024-03-11 12:05:35,693:	Using device: cuda
INFO:	main:	2024-03-11 12:05:35,693:	Commencing data collection for ml-100k
INFO:	dataloader:	2024-03-11 12:05:35,954:	Data preprocessing completed
INFO:	dataloader:	2024-03-11 12:05:35,954:	uid2locid_time: 568 
INFO:	dataloader:	2024-03-11 12:05:35,954:	locid2detail: 1439 
INFO:	dataloader:	2024-03-11 12:05:35,954:	node_num: 2012 
INFO:	dataloader:	2024-03-11 12:05:35,954:	relation_num: 4 
INFO:	dataloader:	2024-03-11 12:05:35,955:	user_num: 568 
INFO:	dataloader:	2024-03-11 12:05:35,955:	train_num: 4544 
INFO:	dataloader:	2024-03-11 12:05:35,955:	test_num: 568 
INFO:	dataloader:	2024-03-11 12:05:35,955:	train_set: (4544, 13) 
INFO:	dataloader:	2024-03-11 12:05:35,955:	test_set: (568, 10) 
INFO:	dataloader:	2024-03-11 12:05:35,955:	uid_list_: 568 
INFO:	dataloader:	2024-03-11 12:05:35,955:	u2v: 568 
INFO:	dataloader:	2024-03-11 12:05:35,955:	u2vc: 568 
INFO:	dataloader:	2024-03-11 12:05:35,955:	v2u: 1439 
INFO:	dataloader:	2024-03-11 12:05:35,955:	v2vc: 1439 
INFO:	main:	2024-03-11 12:05:35,955:	Commencing training for 500 epochs. Please follow Training Logger from here on.
INFO:	main:	2024-03-11 12:17:34,881:	Completed training for 500 epochs
INFO:	main:	2024-03-11 12:17:34,901:	Model saved at runs/run10/model.pth
INFO:	main:	2024-03-11 12:17:34,901:	Completed run 10
