INFO:	main:	2024-03-11 17:19:51,938:	Outputs will be saved in: runs/run16
INFO:	main:	2024-03-11 17:19:51,938:	Using seed: 42
INFO:	main:	2024-03-11 17:19:51,938:	Using device: cuda
INFO:	main:	2024-03-11 17:19:51,938:	Commencing data collection for ml-1m
INFO:	dataloader:	2024-03-11 17:19:53,889:	Data preprocessing completed
INFO:	dataloader:	2024-03-11 17:19:53,889:	uid2locid_time: 4297 
INFO:	dataloader:	2024-03-11 17:19:53,889:	locid2detail: 3112 
INFO:	dataloader:	2024-03-11 17:19:53,889:	node_num: 7414 
INFO:	dataloader:	2024-03-11 17:19:53,889:	relation_num: 4 
INFO:	dataloader:	2024-03-11 17:19:53,890:	user_num: 4297 
INFO:	dataloader:	2024-03-11 17:19:53,890:	train_num: 34376 
INFO:	dataloader:	2024-03-11 17:19:53,890:	test_num: 4297 
INFO:	dataloader:	2024-03-11 17:19:53,890:	train_set: (34376, 13) 
INFO:	dataloader:	2024-03-11 17:19:53,890:	test_set: (4297, 10) 
INFO:	dataloader:	2024-03-11 17:19:53,890:	uid_list_: 4297 
INFO:	dataloader:	2024-03-11 17:19:53,890:	u2v: 4297 
INFO:	dataloader:	2024-03-11 17:19:53,890:	u2vc: 4297 
INFO:	dataloader:	2024-03-11 17:19:53,890:	v2u: 3112 
INFO:	dataloader:	2024-03-11 17:19:53,890:	v2vc: 3112 
INFO:	main:	2024-03-11 17:19:54,039:	Commencing training for 500 epochs.
INFO:	main:	2024-03-11 17:30:58,344:	Completed training for 500 epochs
INFO:	main:	2024-03-11 17:30:58,389:	Model saved at runs/run16/model.pth
INFO:	main:	2024-03-11 17:30:58,389:	Completed run 16
