2024-03-11 17:19:54,039:	Model:	CAGSRec with 4 variant
2024-03-11 17:19:54,039:	CAGSRec(
  (long_term_gnn): LongTermGNN(
    (conv_modulelist): ModuleList(
      (0-2): 3 x ImprovedGNNunit(32, 32, num_relations=4)
    )
  )
  (short_term_gnn): ShortTermGNN(
    (conv_modulelist): ModuleList(
      (0-2): 3 x ImprovedGNNunit(32, 32, num_relations=4)
    )
  )
  (temporal_seq_attn_layer): TemporalSequentialAttentionLayer_v2(
    (drop_layer): Dropout(p=0.1, inplace=False)
    (feedforward): Sequential(
      (0): Linear(in_features=192, out_features=192, bias=True)
      (1): LayerNorm((192,), eps=1e-08, elementwise_affine=True)
    )
  )
  (predict_emb_w): Embedding(3112, 192, padding_idx=0)
  (predict_emb_b): Embedding(3112, 1, padding_idx=0)
  (node_embeddings): Embedding(7414, 32, padding_idx=0)
)
2024-03-11 17:19:54,039:	Optimizer:	Adam with initial lr = 0.001, l2 = 0.0001
2024-03-11 17:19:54,039:	LR Scheduler:	LinearLR
2024-03-11 17:20:54,468:	Epoch 1/500:	Loss: 1.2020	P@10: 0.0490	R@10: 0.0245	MAP@10: 0.0141	NDCG@10: 0.0439	HR@10: 0.3328
2024-03-11 17:21:54,864:	Epoch 2/500:	Loss: 1.7063	P@10: 0.0267	R@10: 0.0133	MAP@10: 0.0086	NDCG@10: 0.0263	HR@10: 0.2127
2024-03-11 17:22:56,220:	Epoch 3/500:	Loss: 1.7209	P@10: 0.0407	R@10: 0.0204	MAP@10: 0.0147	NDCG@10: 0.0407	HR@10: 0.2867
2024-03-11 17:23:57,181:	Epoch 4/500:	Loss: 1.6674	P@10: 0.0506	R@10: 0.0253	MAP@10: 0.0165	NDCG@10: 0.0466	HR@10: 0.3081
2024-03-11 17:24:57,481:	Epoch 5/500:	Loss: 1.5670	P@10: 0.0557	R@10: 0.0278	MAP@10: 0.0220	NDCG@10: 0.0572	HR@10: 0.3407
2024-03-11 17:25:57,635:	Epoch 6/500:	Loss: 1.4991	P@10: 0.0317	R@10: 0.0159	MAP@10: 0.0089	NDCG@10: 0.0289	HR@10: 0.2355
2024-03-11 17:26:57,454:	Epoch 7/500:	Loss: 1.4479	P@10: 0.0376	R@10: 0.0188	MAP@10: 0.0108	NDCG@10: 0.0329	HR@10: 0.2655
2024-03-11 17:27:57,299:	Epoch 8/500:	Loss: 1.3866	P@10: 0.0291	R@10: 0.0146	MAP@10: 0.0073	NDCG@10: 0.0255	HR@10: 0.2362
2024-03-11 17:28:56,982:	Epoch 9/500:	Loss: 1.3617	P@10: 0.0401	R@10: 0.0200	MAP@10: 0.0177	NDCG@10: 0.0477	HR@10: 0.3144
2024-03-11 17:29:56,881:	Epoch 10/500:	Loss: 1.4136	P@10: 0.0406	R@10: 0.0203	MAP@10: 0.0112	NDCG@10: 0.0356	HR@10: 0.2723
2024-03-11 17:30:56,904:	Epoch 11/500:	Loss: 1.3116	P@10: 0.0325	R@10: 0.0163	MAP@10: 0.0101	NDCG@10: 0.0307	HR@10: 0.2371
2024-03-11 17:30:56,905:	Early stopping at epoch 11
