[STATUS] Running train.py with arguments: Namespace(file_path='/home/FYP/siddhant005/fyp/code/data/processed/ml-100k/', out_path='/home/FYP/siddhant005/fyp/code/src/logs/tmp/', L=11, H=2, epoch_num=100, topk=20, batch_size=256, lambda_val=0.5, learning_rate=0.004, l2=0.0001, neg_samples=3, sets_of_neg_samples=50, dim=32, conv_layer_num=3, adj_dropout=0, num_bases=2, verbose=True)
==============================================================================================================
[INFO] device: cuda 
==============================================================================================================
[STATUS] Data preprocessing completed
[INFO] uid2locid_time: 563 
[INFO] locid2detail: 1442 
[INFO] node_num: 2010 
[INFO] relation_num: 6 
[INFO] user_num: 563 
[INFO] train_num: 4504 
[INFO] test_num: 563 
[INFO] train_set: (4504, 13) 
[INFO] test_set: (563, 11) 
[INFO] uid_list_: 563 
[INFO] u2v: 563 
[INFO] u2vc: 563 
[INFO] v2u: 1442 
[INFO] v2vc: 1442 
==============================================================================================================
[STATUS] Commencing training for 100 epochs

Epoch [1/100]:	Loss: 0.4573		P@5: 0.094	R@5:  0.024	MAP@5: 0.049	NDCG@5: 0.094
Epoch [1/100]:	Loss: 0.4573		P@10: 0.084	R@10:  0.042	MAP@10: 0.033	NDCG@10: 0.087
Epoch [1/100]:	Loss: 0.4573		P@15: 0.076	R@15:  0.057	MAP@15: 0.025	NDCG@15: 0.081
Epoch [1/100]:	Loss: 0.4573		P@20: 0.077	R@20:  0.077	MAP@20: 0.022	NDCG@20: 0.081

Epoch [2/100]:	Loss: 0.4177		P@5: 0.082	R@5:  0.021	MAP@5: 0.037	NDCG@5: 0.077
Epoch [2/100]:	Loss: 0.4177		P@10: 0.072	R@10:  0.036	MAP@10: 0.025	NDCG@10: 0.072
Epoch [2/100]:	Loss: 0.4177		P@15: 0.077	R@15:  0.058	MAP@15: 0.021	NDCG@15: 0.075
Epoch [2/100]:	Loss: 0.4177		P@20: 0.075	R@20:  0.075	MAP@20: 0.018	NDCG@20: 0.074

Epoch [3/100]:	Loss: 0.4170		P@5: 0.085	R@5:  0.021	MAP@5: 0.039	NDCG@5: 0.082
Epoch [3/100]:	Loss: 0.4170		P@10: 0.073	R@10:  0.036	MAP@10: 0.026	NDCG@10: 0.074
Epoch [3/100]:	Loss: 0.4170		P@15: 0.077	R@15:  0.058	MAP@15: 0.021	NDCG@15: 0.077
Epoch [3/100]:	Loss: 0.4170		P@20: 0.078	R@20:  0.078	MAP@20: 0.019	NDCG@20: 0.077

Epoch [4/100]:	Loss: 0.3432		P@5: 0.082	R@5:  0.020	MAP@5: 0.040	NDCG@5: 0.080
Epoch [4/100]:	Loss: 0.3432		P@10: 0.074	R@10:  0.037	MAP@10: 0.027	NDCG@10: 0.075
Epoch [4/100]:	Loss: 0.3432		P@15: 0.069	R@15:  0.052	MAP@15: 0.021	NDCG@15: 0.072
Epoch [4/100]:	Loss: 0.3432		P@20: 0.069	R@20:  0.069	MAP@20: 0.018	NDCG@20: 0.071

Epoch [5/100]:	Loss: 0.2937		P@5: 0.091	R@5:  0.023	MAP@5: 0.047	NDCG@5: 0.092
Epoch [5/100]:	Loss: 0.2937		P@10: 0.092	R@10:  0.046	MAP@10: 0.034	NDCG@10: 0.093
Epoch [5/100]:	Loss: 0.2937		P@15: 0.089	R@15:  0.067	MAP@15: 0.027	NDCG@15: 0.091
Epoch [5/100]:	Loss: 0.2937		P@20: 0.081	R@20:  0.081	MAP@20: 0.023	NDCG@20: 0.085

Epoch [6/100]:	Loss: 0.3264		P@5: 0.090	R@5:  0.022	MAP@5: 0.049	NDCG@5: 0.092
Epoch [6/100]:	Loss: 0.3264		P@10: 0.089	R@10:  0.044	MAP@10: 0.034	NDCG@10: 0.091
Epoch [6/100]:	Loss: 0.3264		P@15: 0.084	R@15:  0.063	MAP@15: 0.026	NDCG@15: 0.087
Epoch [6/100]:	Loss: 0.3264		P@20: 0.081	R@20:  0.081	MAP@20: 0.022	NDCG@20: 0.084

Epoch [7/100]:	Loss: 0.3206		P@5: 0.093	R@5:  0.023	MAP@5: 0.052	NDCG@5: 0.098
Epoch [7/100]:	Loss: 0.3206		P@10: 0.088	R@10:  0.044	MAP@10: 0.035	NDCG@10: 0.093
Epoch [7/100]:	Loss: 0.3206		P@15: 0.084	R@15:  0.063	MAP@15: 0.027	NDCG@15: 0.089
Epoch [7/100]:	Loss: 0.3206		P@20: 0.080	R@20:  0.080	MAP@20: 0.023	NDCG@20: 0.086

Epoch [8/100]:	Loss: 0.2745		P@5: 0.095	R@5:  0.024	MAP@5: 0.049	NDCG@5: 0.095
Epoch [8/100]:	Loss: 0.2745		P@10: 0.091	R@10:  0.046	MAP@10: 0.034	NDCG@10: 0.092
Epoch [8/100]:	Loss: 0.2745		P@15: 0.080	R@15:  0.060	MAP@15: 0.026	NDCG@15: 0.084
Epoch [8/100]:	Loss: 0.2745		P@20: 0.077	R@20:  0.077	MAP@20: 0.022	NDCG@20: 0.082

Epoch [9/100]:	Loss: 0.2428		P@5: 0.095	R@5:  0.024	MAP@5: 0.048	NDCG@5: 0.093
Epoch [9/100]:	Loss: 0.2428		P@10: 0.090	R@10:  0.045	MAP@10: 0.034	NDCG@10: 0.090
Epoch [9/100]:	Loss: 0.2428		P@15: 0.082	R@15:  0.061	MAP@15: 0.026	NDCG@15: 0.085
Epoch [9/100]:	Loss: 0.2428		P@20: 0.075	R@20:  0.075	MAP@20: 0.021	NDCG@20: 0.080

Epoch [10/100]:	Loss: 0.2452		P@5: 0.083	R@5:  0.021	MAP@5: 0.046	NDCG@5: 0.089
Epoch [10/100]:	Loss: 0.2452		P@10: 0.079	R@10:  0.040	MAP@10: 0.031	NDCG@10: 0.084
Epoch [10/100]:	Loss: 0.2452		P@15: 0.077	R@15:  0.058	MAP@15: 0.024	NDCG@15: 0.082
Epoch [10/100]:	Loss: 0.2452		P@20: 0.075	R@20:  0.075	MAP@20: 0.021	NDCG@20: 0.079

Epoch [11/100]:	Loss: 0.2447		P@5: 0.098	R@5:  0.025	MAP@5: 0.053	NDCG@5: 0.100
Epoch [11/100]:	Loss: 0.2447		P@10: 0.092	R@10:  0.046	MAP@10: 0.036	NDCG@10: 0.095
Epoch [11/100]:	Loss: 0.2447		P@15: 0.081	R@15:  0.061	MAP@15: 0.027	NDCG@15: 0.087
Epoch [11/100]:	Loss: 0.2447		P@20: 0.076	R@20:  0.076	MAP@20: 0.023	NDCG@20: 0.083

Epoch [12/100]:	Loss: 0.1918		P@5: 0.101	R@5:  0.025	MAP@5: 0.053	NDCG@5: 0.102
Epoch [12/100]:	Loss: 0.1918		P@10: 0.090	R@10:  0.045	MAP@10: 0.035	NDCG@10: 0.094
Epoch [12/100]:	Loss: 0.1918		P@15: 0.081	R@15:  0.060	MAP@15: 0.027	NDCG@15: 0.087
Epoch [12/100]:	Loss: 0.1918		P@20: 0.078	R@20:  0.078	MAP@20: 0.023	NDCG@20: 0.084

Epoch [13/100]:	Loss: 0.1998		P@5: 0.082	R@5:  0.021	MAP@5: 0.042	NDCG@5: 0.084
Epoch [13/100]:	Loss: 0.1998		P@10: 0.082	R@10:  0.041	MAP@10: 0.030	NDCG@10: 0.083
Epoch [13/100]:	Loss: 0.1998		P@15: 0.080	R@15:  0.060	MAP@15: 0.024	NDCG@15: 0.082
Epoch [13/100]:	Loss: 0.1998		P@20: 0.077	R@20:  0.077	MAP@20: 0.020	NDCG@20: 0.079

Epoch [14/100]:	Loss: 0.1873		P@5: 0.082	R@5:  0.020	MAP@5: 0.045	NDCG@5: 0.087
Epoch [14/100]:	Loss: 0.1873		P@10: 0.077	R@10:  0.038	MAP@10: 0.030	NDCG@10: 0.081
Epoch [14/100]:	Loss: 0.1873		P@15: 0.080	R@15:  0.060	MAP@15: 0.024	NDCG@15: 0.082
Epoch [14/100]:	Loss: 0.1873		P@20: 0.075	R@20:  0.075	MAP@20: 0.020	NDCG@20: 0.079

Epoch [15/100]:	Loss: 0.1922		P@5: 0.093	R@5:  0.023	MAP@5: 0.048	NDCG@5: 0.093
Epoch [15/100]:	Loss: 0.1922		P@10: 0.082	R@10:  0.041	MAP@10: 0.032	NDCG@10: 0.085
Epoch [15/100]:	Loss: 0.1922		P@15: 0.075	R@15:  0.056	MAP@15: 0.024	NDCG@15: 0.079
Epoch [15/100]:	Loss: 0.1922		P@20: 0.072	R@20:  0.072	MAP@20: 0.020	NDCG@20: 0.077

Epoch [16/100]:	Loss: 0.1314		P@5: 0.081	R@5:  0.020	MAP@5: 0.038	NDCG@5: 0.078
Epoch [16/100]:	Loss: 0.1314		P@10: 0.080	R@10:  0.040	MAP@10: 0.027	NDCG@10: 0.078
Epoch [16/100]:	Loss: 0.1314		P@15: 0.078	R@15:  0.059	MAP@15: 0.022	NDCG@15: 0.077
Epoch [16/100]:	Loss: 0.1314		P@20: 0.077	R@20:  0.077	MAP@20: 0.019	NDCG@20: 0.077

Epoch [17/100]:	Loss: 0.1839		P@5: 0.088	R@5:  0.022	MAP@5: 0.046	NDCG@5: 0.088
Epoch [17/100]:	Loss: 0.1839		P@10: 0.082	R@10:  0.041	MAP@10: 0.031	NDCG@10: 0.084
Epoch [17/100]:	Loss: 0.1839		P@15: 0.082	R@15:  0.061	MAP@15: 0.025	NDCG@15: 0.084
Epoch [17/100]:	Loss: 0.1839		P@20: 0.082	R@20:  0.082	MAP@20: 0.021	NDCG@20: 0.083

Epoch [18/100]:	Loss: 0.1932		P@5: 0.094	R@5:  0.024	MAP@5: 0.051	NDCG@5: 0.096
Epoch [18/100]:	Loss: 0.1932		P@10: 0.088	R@10:  0.044	MAP@10: 0.034	NDCG@10: 0.091
Epoch [18/100]:	Loss: 0.1932		P@15: 0.082	R@15:  0.062	MAP@15: 0.027	NDCG@15: 0.086
Epoch [18/100]:	Loss: 0.1932		P@20: 0.077	R@20:  0.077	MAP@20: 0.022	NDCG@20: 0.082

Epoch [19/100]:	Loss: 0.1483		P@5: 0.094	R@5:  0.023	MAP@5: 0.053	NDCG@5: 0.098
Epoch [19/100]:	Loss: 0.1483		P@10: 0.083	R@10:  0.041	MAP@10: 0.034	NDCG@10: 0.089
Epoch [19/100]:	Loss: 0.1483		P@15: 0.079	R@15:  0.059	MAP@15: 0.026	NDCG@15: 0.085
Epoch [19/100]:	Loss: 0.1483		P@20: 0.075	R@20:  0.075	MAP@20: 0.022	NDCG@20: 0.081

Epoch [20/100]:	Loss: 0.1412		P@5: 0.100	R@5:  0.025	MAP@5: 0.051	NDCG@5: 0.100
Epoch [20/100]:	Loss: 0.1412		P@10: 0.088	R@10:  0.044	MAP@10: 0.034	NDCG@10: 0.091
Epoch [20/100]:	Loss: 0.1412		P@15: 0.082	R@15:  0.061	MAP@15: 0.027	NDCG@15: 0.087
Epoch [20/100]:	Loss: 0.1412		P@20: 0.077	R@20:  0.077	MAP@20: 0.022	NDCG@20: 0.083

Epoch [21/100]:	Loss: 0.1571		P@5: 0.093	R@5:  0.023	MAP@5: 0.052	NDCG@5: 0.097
Epoch [21/100]:	Loss: 0.1571		P@10: 0.086	R@10:  0.043	MAP@10: 0.035	NDCG@10: 0.091
Epoch [21/100]:	Loss: 0.1571		P@15: 0.082	R@15:  0.061	MAP@15: 0.027	NDCG@15: 0.087
Epoch [21/100]:	Loss: 0.1571		P@20: 0.078	R@20:  0.078	MAP@20: 0.023	NDCG@20: 0.083

Epoch [22/100]:	Loss: 0.1320		P@5: 0.088	R@5:  0.022	MAP@5: 0.049	NDCG@5: 0.094
Epoch [22/100]:	Loss: 0.1320		P@10: 0.081	R@10:  0.041	MAP@10: 0.033	NDCG@10: 0.087
Epoch [22/100]:	Loss: 0.1320		P@15: 0.078	R@15:  0.058	MAP@15: 0.026	NDCG@15: 0.084
Epoch [22/100]:	Loss: 0.1320		P@20: 0.075	R@20:  0.075	MAP@20: 0.021	NDCG@20: 0.081

Epoch [23/100]:	Loss: 0.1341		P@5: 0.080	R@5:  0.020	MAP@5: 0.041	NDCG@5: 0.080
Epoch [23/100]:	Loss: 0.1341		P@10: 0.073	R@10:  0.036	MAP@10: 0.027	NDCG@10: 0.075
Epoch [23/100]:	Loss: 0.1341		P@15: 0.069	R@15:  0.052	MAP@15: 0.021	NDCG@15: 0.072
Epoch [23/100]:	Loss: 0.1341		P@20: 0.068	R@20:  0.068	MAP@20: 0.018	NDCG@20: 0.071

Epoch [24/100]:	Loss: 0.1877		P@5: 0.073	R@5:  0.018	MAP@5: 0.037	NDCG@5: 0.074
Epoch [24/100]:	Loss: 0.1877		P@10: 0.073	R@10:  0.037	MAP@10: 0.026	NDCG@10: 0.074
Epoch [24/100]:	Loss: 0.1877		P@15: 0.070	R@15:  0.053	MAP@15: 0.020	NDCG@15: 0.072
Epoch [24/100]:	Loss: 0.1877		P@20: 0.071	R@20:  0.071	MAP@20: 0.018	NDCG@20: 0.072

Epoch [25/100]:	Loss: 0.1238		P@5: 0.076	R@5:  0.019	MAP@5: 0.037	NDCG@5: 0.075
Epoch [25/100]:	Loss: 0.1238		P@10: 0.075	R@10:  0.037	MAP@10: 0.026	NDCG@10: 0.074
Epoch [25/100]:	Loss: 0.1238		P@15: 0.072	R@15:  0.054	MAP@15: 0.021	NDCG@15: 0.072
Epoch [25/100]:	Loss: 0.1238		P@20: 0.070	R@20:  0.070	MAP@20: 0.018	NDCG@20: 0.071

Epoch [26/100]:	Loss: 0.1079		P@5: 0.072	R@5:  0.018	MAP@5: 0.037	NDCG@5: 0.074
Epoch [26/100]:	Loss: 0.1079		P@10: 0.069	R@10:  0.034	MAP@10: 0.025	NDCG@10: 0.071
Epoch [26/100]:	Loss: 0.1079		P@15: 0.071	R@15:  0.053	MAP@15: 0.020	NDCG@15: 0.072
Epoch [26/100]:	Loss: 0.1079		P@20: 0.069	R@20:  0.069	MAP@20: 0.017	NDCG@20: 0.071

Epoch [27/100]:	Loss: 0.1397		P@5: 0.076	R@5:  0.019	MAP@5: 0.043	NDCG@5: 0.082
Epoch [27/100]:	Loss: 0.1397		P@10: 0.075	R@10:  0.037	MAP@10: 0.029	NDCG@10: 0.079
Epoch [27/100]:	Loss: 0.1397		P@15: 0.074	R@15:  0.055	MAP@15: 0.023	NDCG@15: 0.077
Epoch [27/100]:	Loss: 0.1397		P@20: 0.071	R@20:  0.071	MAP@20: 0.019	NDCG@20: 0.075

Epoch [28/100]:	Loss: 0.1415		P@5: 0.074	R@5:  0.019	MAP@5: 0.043	NDCG@5: 0.081
Epoch [28/100]:	Loss: 0.1415		P@10: 0.070	R@10:  0.035	MAP@10: 0.028	NDCG@10: 0.076
Epoch [28/100]:	Loss: 0.1415		P@15: 0.071	R@15:  0.053	MAP@15: 0.022	NDCG@15: 0.075
Epoch [28/100]:	Loss: 0.1415		P@20: 0.069	R@20:  0.069	MAP@20: 0.019	NDCG@20: 0.073

Epoch [29/100]:	Loss: 0.1273		P@5: 0.076	R@5:  0.019	MAP@5: 0.040	NDCG@5: 0.079
Epoch [29/100]:	Loss: 0.1273		P@10: 0.074	R@10:  0.037	MAP@10: 0.027	NDCG@10: 0.077
Epoch [29/100]:	Loss: 0.1273		P@15: 0.069	R@15:  0.052	MAP@15: 0.021	NDCG@15: 0.073
Epoch [29/100]:	Loss: 0.1273		P@20: 0.068	R@20:  0.068	MAP@20: 0.018	NDCG@20: 0.071

Epoch [30/100]:	Loss: 0.1383		P@5: 0.087	R@5:  0.022	MAP@5: 0.043	NDCG@5: 0.086
Epoch [30/100]:	Loss: 0.1383		P@10: 0.080	R@10:  0.040	MAP@10: 0.028	NDCG@10: 0.081
Epoch [30/100]:	Loss: 0.1383		P@15: 0.078	R@15:  0.058	MAP@15: 0.023	NDCG@15: 0.080
Epoch [30/100]:	Loss: 0.1383		P@20: 0.074	R@20:  0.074	MAP@20: 0.019	NDCG@20: 0.076

Epoch [31/100]:	Loss: 0.1422		P@5: 0.071	R@5:  0.018	MAP@5: 0.035	NDCG@5: 0.072
Epoch [31/100]:	Loss: 0.1422		P@10: 0.072	R@10:  0.036	MAP@10: 0.025	NDCG@10: 0.072
Epoch [31/100]:	Loss: 0.1422		P@15: 0.070	R@15:  0.052	MAP@15: 0.020	NDCG@15: 0.071
Epoch [31/100]:	Loss: 0.1422		P@20: 0.068	R@20:  0.068	MAP@20: 0.017	NDCG@20: 0.069

Epoch [32/100]:	Loss: 0.1166		P@5: 0.075	R@5:  0.019	MAP@5: 0.041	NDCG@5: 0.078
Epoch [32/100]:	Loss: 0.1166		P@10: 0.071	R@10:  0.036	MAP@10: 0.027	NDCG@10: 0.075
Epoch [32/100]:	Loss: 0.1166		P@15: 0.070	R@15:  0.052	MAP@15: 0.021	NDCG@15: 0.073
Epoch [32/100]:	Loss: 0.1166		P@20: 0.069	R@20:  0.069	MAP@20: 0.018	NDCG@20: 0.072

Epoch [33/100]:	Loss: 0.1289		P@5: 0.084	R@5:  0.021	MAP@5: 0.049	NDCG@5: 0.092
Epoch [33/100]:	Loss: 0.1289		P@10: 0.071	R@10:  0.036	MAP@10: 0.030	NDCG@10: 0.080
Epoch [33/100]:	Loss: 0.1289		P@15: 0.068	R@15:  0.051	MAP@15: 0.023	NDCG@15: 0.076
Epoch [33/100]:	Loss: 0.1289		P@20: 0.067	R@20:  0.067	MAP@20: 0.019	NDCG@20: 0.074

Epoch [34/100]:	Loss: 0.1239		P@5: 0.084	R@5:  0.021	MAP@5: 0.046	NDCG@5: 0.088
Epoch [34/100]:	Loss: 0.1239		P@10: 0.075	R@10:  0.038	MAP@10: 0.030	NDCG@10: 0.081
Epoch [34/100]:	Loss: 0.1239		P@15: 0.075	R@15:  0.056	MAP@15: 0.024	NDCG@15: 0.079
Epoch [34/100]:	Loss: 0.1239		P@20: 0.072	R@20:  0.072	MAP@20: 0.020	NDCG@20: 0.077

Epoch [35/100]:	Loss: 0.0994		P@5: 0.088	R@5:  0.022	MAP@5: 0.045	NDCG@5: 0.089
Epoch [35/100]:	Loss: 0.0994		P@10: 0.076	R@10:  0.038	MAP@10: 0.029	NDCG@10: 0.081
Epoch [35/100]:	Loss: 0.0994		P@15: 0.074	R@15:  0.056	MAP@15: 0.023	NDCG@15: 0.078
Epoch [35/100]:	Loss: 0.0994		P@20: 0.071	R@20:  0.071	MAP@20: 0.019	NDCG@20: 0.076

Epoch [36/100]:	Loss: 0.1424		P@5: 0.088	R@5:  0.022	MAP@5: 0.046	NDCG@5: 0.089
Epoch [36/100]:	Loss: 0.1424		P@10: 0.080	R@10:  0.040	MAP@10: 0.030	NDCG@10: 0.083
Epoch [36/100]:	Loss: 0.1424		P@15: 0.076	R@15:  0.057	MAP@15: 0.024	NDCG@15: 0.079
Epoch [36/100]:	Loss: 0.1424		P@20: 0.071	R@20:  0.071	MAP@20: 0.020	NDCG@20: 0.076

Epoch [37/100]:	Loss: 0.1031		P@5: 0.078	R@5:  0.019	MAP@5: 0.039	NDCG@5: 0.076
Epoch [37/100]:	Loss: 0.1031		P@10: 0.078	R@10:  0.039	MAP@10: 0.028	NDCG@10: 0.077
Epoch [37/100]:	Loss: 0.1031		P@15: 0.077	R@15:  0.058	MAP@15: 0.022	NDCG@15: 0.077
Epoch [37/100]:	Loss: 0.1031		P@20: 0.073	R@20:  0.073	MAP@20: 0.019	NDCG@20: 0.074

Epoch [38/100]:	Loss: 0.1468		P@5: 0.086	R@5:  0.022	MAP@5: 0.046	NDCG@5: 0.089
Epoch [38/100]:	Loss: 0.1468		P@10: 0.077	R@10:  0.039	MAP@10: 0.030	NDCG@10: 0.081
Epoch [38/100]:	Loss: 0.1468		P@15: 0.077	R@15:  0.058	MAP@15: 0.024	NDCG@15: 0.081
Epoch [38/100]:	Loss: 0.1468		P@20: 0.075	R@20:  0.075	MAP@20: 0.020	NDCG@20: 0.078

Epoch [39/100]:	Loss: 0.1301		P@5: 0.080	R@5:  0.020	MAP@5: 0.042	NDCG@5: 0.082
Epoch [39/100]:	Loss: 0.1301		P@10: 0.078	R@10:  0.039	MAP@10: 0.029	NDCG@10: 0.080
Epoch [39/100]:	Loss: 0.1301		P@15: 0.076	R@15:  0.057	MAP@15: 0.023	NDCG@15: 0.078
Epoch [39/100]:	Loss: 0.1301		P@20: 0.073	R@20:  0.073	MAP@20: 0.020	NDCG@20: 0.076

Epoch [40/100]:	Loss: 0.1015		P@5: 0.075	R@5:  0.019	MAP@5: 0.037	NDCG@5: 0.074
Epoch [40/100]:	Loss: 0.1015		P@10: 0.076	R@10:  0.038	MAP@10: 0.026	NDCG@10: 0.075
Epoch [40/100]:	Loss: 0.1015		P@15: 0.076	R@15:  0.057	MAP@15: 0.022	NDCG@15: 0.076
Epoch [40/100]:	Loss: 0.1015		P@20: 0.073	R@20:  0.073	MAP@20: 0.018	NDCG@20: 0.073

Epoch [41/100]:	Loss: 0.0851		P@5: 0.073	R@5:  0.018	MAP@5: 0.038	NDCG@5: 0.075
Epoch [41/100]:	Loss: 0.0851		P@10: 0.072	R@10:  0.036	MAP@10: 0.026	NDCG@10: 0.073
Epoch [41/100]:	Loss: 0.0851		P@15: 0.071	R@15:  0.053	MAP@15: 0.021	NDCG@15: 0.072
Epoch [41/100]:	Loss: 0.0851		P@20: 0.068	R@20:  0.068	MAP@20: 0.018	NDCG@20: 0.070

Epoch [42/100]:	Loss: 0.0854		P@5: 0.078	R@5:  0.019	MAP@5: 0.044	NDCG@5: 0.083
Epoch [42/100]:	Loss: 0.0854		P@10: 0.074	R@10:  0.037	MAP@10: 0.029	NDCG@10: 0.078
Epoch [42/100]:	Loss: 0.0854		P@15: 0.067	R@15:  0.051	MAP@15: 0.022	NDCG@15: 0.073
Epoch [42/100]:	Loss: 0.0854		P@20: 0.066	R@20:  0.066	MAP@20: 0.018	NDCG@20: 0.071

Epoch [43/100]:	Loss: 0.0781		P@5: 0.072	R@5:  0.018	MAP@5: 0.036	NDCG@5: 0.072
Epoch [43/100]:	Loss: 0.0781		P@10: 0.063	R@10:  0.031	MAP@10: 0.023	NDCG@10: 0.066
Epoch [43/100]:	Loss: 0.0781		P@15: 0.063	R@15:  0.048	MAP@15: 0.018	NDCG@15: 0.065
Epoch [43/100]:	Loss: 0.0781		P@20: 0.064	R@20:  0.064	MAP@20: 0.016	NDCG@20: 0.066

Epoch [44/100]:	Loss: 0.0740		P@5: 0.074	R@5:  0.019	MAP@5: 0.039	NDCG@5: 0.077
Epoch [44/100]:	Loss: 0.0740		P@10: 0.072	R@10:  0.036	MAP@10: 0.027	NDCG@10: 0.075
Epoch [44/100]:	Loss: 0.0740		P@15: 0.071	R@15:  0.053	MAP@15: 0.021	NDCG@15: 0.074
Epoch [44/100]:	Loss: 0.0740		P@20: 0.069	R@20:  0.069	MAP@20: 0.018	NDCG@20: 0.072

Epoch [45/100]:	Loss: 0.0936		P@5: 0.074	R@5:  0.018	MAP@5: 0.039	NDCG@5: 0.074
Epoch [45/100]:	Loss: 0.0936		P@10: 0.074	R@10:  0.037	MAP@10: 0.027	NDCG@10: 0.075
Epoch [45/100]:	Loss: 0.0936		P@15: 0.074	R@15:  0.055	MAP@15: 0.022	NDCG@15: 0.074
Epoch [45/100]:	Loss: 0.0936		P@20: 0.071	R@20:  0.071	MAP@20: 0.018	NDCG@20: 0.072

Epoch [46/100]:	Loss: 0.0890		P@5: 0.071	R@5:  0.018	MAP@5: 0.036	NDCG@5: 0.072
Epoch [46/100]:	Loss: 0.0890		P@10: 0.068	R@10:  0.034	MAP@10: 0.025	NDCG@10: 0.070
Epoch [46/100]:	Loss: 0.0890		P@15: 0.065	R@15:  0.049	MAP@15: 0.019	NDCG@15: 0.067
Epoch [46/100]:	Loss: 0.0890		P@20: 0.065	R@20:  0.065	MAP@20: 0.017	NDCG@20: 0.067

Epoch [47/100]:	Loss: 0.1081		P@5: 0.070	R@5:  0.017	MAP@5: 0.035	NDCG@5: 0.071
Epoch [47/100]:	Loss: 0.1081		P@10: 0.069	R@10:  0.035	MAP@10: 0.024	NDCG@10: 0.070
Epoch [47/100]:	Loss: 0.1081		P@15: 0.070	R@15:  0.052	MAP@15: 0.019	NDCG@15: 0.070
Epoch [47/100]:	Loss: 0.1081		P@20: 0.068	R@20:  0.068	MAP@20: 0.017	NDCG@20: 0.069

Epoch [48/100]:	Loss: 0.0857		P@5: 0.080	R@5:  0.020	MAP@5: 0.040	NDCG@5: 0.081
Epoch [48/100]:	Loss: 0.0857		P@10: 0.072	R@10:  0.036	MAP@10: 0.027	NDCG@10: 0.075
Epoch [48/100]:	Loss: 0.0857		P@15: 0.070	R@15:  0.052	MAP@15: 0.021	NDCG@15: 0.073
Epoch [48/100]:	Loss: 0.0857		P@20: 0.070	R@20:  0.070	MAP@20: 0.018	NDCG@20: 0.072

Epoch [49/100]:	Loss: 0.1076		P@5: 0.085	R@5:  0.021	MAP@5: 0.043	NDCG@5: 0.084
Epoch [49/100]:	Loss: 0.1076		P@10: 0.080	R@10:  0.040	MAP@10: 0.029	NDCG@10: 0.081
Epoch [49/100]:	Loss: 0.1076		P@15: 0.073	R@15:  0.055	MAP@15: 0.022	NDCG@15: 0.076
Epoch [49/100]:	Loss: 0.1076		P@20: 0.070	R@20:  0.070	MAP@20: 0.019	NDCG@20: 0.074

Epoch [50/100]:	Loss: 0.0804		P@5: 0.077	R@5:  0.019	MAP@5: 0.042	NDCG@5: 0.081
Epoch [50/100]:	Loss: 0.0804		P@10: 0.075	R@10:  0.037	MAP@10: 0.028	NDCG@10: 0.078
Epoch [50/100]:	Loss: 0.0804		P@15: 0.070	R@15:  0.052	MAP@15: 0.022	NDCG@15: 0.074
Epoch [50/100]:	Loss: 0.0804		P@20: 0.067	R@20:  0.067	MAP@20: 0.018	NDCG@20: 0.072

Epoch [51/100]:	Loss: 0.1047		P@5: 0.090	R@5:  0.022	MAP@5: 0.048	NDCG@5: 0.092
Epoch [51/100]:	Loss: 0.1047		P@10: 0.082	R@10:  0.041	MAP@10: 0.032	NDCG@10: 0.086
Epoch [51/100]:	Loss: 0.1047		P@15: 0.073	R@15:  0.055	MAP@15: 0.024	NDCG@15: 0.079
Epoch [51/100]:	Loss: 0.1047		P@20: 0.070	R@20:  0.070	MAP@20: 0.020	NDCG@20: 0.076

Epoch [52/100]:	Loss: 0.0890		P@5: 0.081	R@5:  0.020	MAP@5: 0.045	NDCG@5: 0.085
Epoch [52/100]:	Loss: 0.0890		P@10: 0.079	R@10:  0.040	MAP@10: 0.030	NDCG@10: 0.082
Epoch [52/100]:	Loss: 0.0890		P@15: 0.076	R@15:  0.057	MAP@15: 0.024	NDCG@15: 0.079
Epoch [52/100]:	Loss: 0.0890		P@20: 0.072	R@20:  0.072	MAP@20: 0.020	NDCG@20: 0.076

Epoch [53/100]:	Loss: 0.0617		P@5: 0.079	R@5:  0.020	MAP@5: 0.042	NDCG@5: 0.081
Epoch [53/100]:	Loss: 0.0617		P@10: 0.076	R@10:  0.038	MAP@10: 0.029	NDCG@10: 0.079
Epoch [53/100]:	Loss: 0.0617		P@15: 0.070	R@15:  0.052	MAP@15: 0.022	NDCG@15: 0.074
Epoch [53/100]:	Loss: 0.0617		P@20: 0.069	R@20:  0.069	MAP@20: 0.019	NDCG@20: 0.072

Epoch [54/100]:	Loss: 0.1156		P@5: 0.086	R@5:  0.021	MAP@5: 0.042	NDCG@5: 0.082
Epoch [54/100]:	Loss: 0.1156		P@10: 0.076	R@10:  0.038	MAP@10: 0.027	NDCG@10: 0.077
Epoch [54/100]:	Loss: 0.1156		P@15: 0.071	R@15:  0.053	MAP@15: 0.021	NDCG@15: 0.073
Epoch [54/100]:	Loss: 0.1156		P@20: 0.068	R@20:  0.068	MAP@20: 0.018	NDCG@20: 0.071

Epoch [55/100]:	Loss: 0.0911		P@5: 0.086	R@5:  0.021	MAP@5: 0.041	NDCG@5: 0.083
Epoch [55/100]:	Loss: 0.0911		P@10: 0.080	R@10:  0.040	MAP@10: 0.028	NDCG@10: 0.080
Epoch [55/100]:	Loss: 0.0911		P@15: 0.073	R@15:  0.055	MAP@15: 0.022	NDCG@15: 0.075
Epoch [55/100]:	Loss: 0.0911		P@20: 0.070	R@20:  0.070	MAP@20: 0.018	NDCG@20: 0.073

Epoch [56/100]:	Loss: 0.1451		P@5: 0.091	R@5:  0.023	MAP@5: 0.047	NDCG@5: 0.091
Epoch [56/100]:	Loss: 0.1451		P@10: 0.079	R@10:  0.039	MAP@10: 0.031	NDCG@10: 0.083
Epoch [56/100]:	Loss: 0.1451		P@15: 0.074	R@15:  0.055	MAP@15: 0.024	NDCG@15: 0.078
Epoch [56/100]:	Loss: 0.1451		P@20: 0.070	R@20:  0.070	MAP@20: 0.019	NDCG@20: 0.075

Epoch [57/100]:	Loss: 0.0695		P@5: 0.090	R@5:  0.023	MAP@5: 0.049	NDCG@5: 0.093
Epoch [57/100]:	Loss: 0.0695		P@10: 0.080	R@10:  0.040	MAP@10: 0.031	NDCG@10: 0.085
Epoch [57/100]:	Loss: 0.0695		P@15: 0.071	R@15:  0.053	MAP@15: 0.023	NDCG@15: 0.077
Epoch [57/100]:	Loss: 0.0695		P@20: 0.068	R@20:  0.068	MAP@20: 0.019	NDCG@20: 0.074

Epoch [58/100]:	Loss: 0.0782		P@5: 0.072	R@5:  0.018	MAP@5: 0.034	NDCG@5: 0.070
Epoch [58/100]:	Loss: 0.0782		P@10: 0.075	R@10:  0.037	MAP@10: 0.025	NDCG@10: 0.072
Epoch [58/100]:	Loss: 0.0782		P@15: 0.070	R@15:  0.052	MAP@15: 0.019	NDCG@15: 0.070
Epoch [58/100]:	Loss: 0.0782		P@20: 0.067	R@20:  0.067	MAP@20: 0.016	NDCG@20: 0.068

Epoch [59/100]:	Loss: 0.0806		P@5: 0.071	R@5:  0.018	MAP@5: 0.035	NDCG@5: 0.070
Epoch [59/100]:	Loss: 0.0806		P@10: 0.069	R@10:  0.034	MAP@10: 0.024	NDCG@10: 0.069
Epoch [59/100]:	Loss: 0.0806		P@15: 0.066	R@15:  0.049	MAP@15: 0.019	NDCG@15: 0.067
Epoch [59/100]:	Loss: 0.0806		P@20: 0.065	R@20:  0.065	MAP@20: 0.016	NDCG@20: 0.066

Epoch [60/100]:	Loss: 0.1124		P@5: 0.070	R@5:  0.017	MAP@5: 0.037	NDCG@5: 0.072
Epoch [60/100]:	Loss: 0.1124		P@10: 0.070	R@10:  0.035	MAP@10: 0.025	NDCG@10: 0.072
Epoch [60/100]:	Loss: 0.1124		P@15: 0.066	R@15:  0.050	MAP@15: 0.020	NDCG@15: 0.068
Epoch [60/100]:	Loss: 0.1124		P@20: 0.065	R@20:  0.065	MAP@20: 0.017	NDCG@20: 0.067

Epoch [61/100]:	Loss: 0.0737		P@5: 0.081	R@5:  0.020	MAP@5: 0.041	NDCG@5: 0.081
Epoch [61/100]:	Loss: 0.0737		P@10: 0.073	R@10:  0.037	MAP@10: 0.027	NDCG@10: 0.075
Epoch [61/100]:	Loss: 0.0737		P@15: 0.071	R@15:  0.053	MAP@15: 0.021	NDCG@15: 0.073
Epoch [61/100]:	Loss: 0.0737		P@20: 0.069	R@20:  0.069	MAP@20: 0.018	NDCG@20: 0.072

Epoch [62/100]:	Loss: 0.1057		P@5: 0.069	R@5:  0.017	MAP@5: 0.037	NDCG@5: 0.073
Epoch [62/100]:	Loss: 0.1057		P@10: 0.072	R@10:  0.036	MAP@10: 0.026	NDCG@10: 0.073
Epoch [62/100]:	Loss: 0.1057		P@15: 0.069	R@15:  0.052	MAP@15: 0.021	NDCG@15: 0.071
Epoch [62/100]:	Loss: 0.1057		P@20: 0.067	R@20:  0.067	MAP@20: 0.018	NDCG@20: 0.070

Epoch [63/100]:	Loss: 0.0613		P@5: 0.076	R@5:  0.019	MAP@5: 0.042	NDCG@5: 0.080
Epoch [63/100]:	Loss: 0.0613		P@10: 0.074	R@10:  0.037	MAP@10: 0.028	NDCG@10: 0.077
Epoch [63/100]:	Loss: 0.0613		P@15: 0.069	R@15:  0.052	MAP@15: 0.022	NDCG@15: 0.073
Epoch [63/100]:	Loss: 0.0613		P@20: 0.068	R@20:  0.068	MAP@20: 0.018	NDCG@20: 0.072

Epoch [64/100]:	Loss: 0.0631		P@5: 0.089	R@5:  0.022	MAP@5: 0.045	NDCG@5: 0.089
Epoch [64/100]:	Loss: 0.0631		P@10: 0.078	R@10:  0.039	MAP@10: 0.030	NDCG@10: 0.081
Epoch [64/100]:	Loss: 0.0631		P@15: 0.073	R@15:  0.055	MAP@15: 0.023	NDCG@15: 0.077
Epoch [64/100]:	Loss: 0.0631		P@20: 0.070	R@20:  0.070	MAP@20: 0.019	NDCG@20: 0.074

Epoch [65/100]:	Loss: 0.0817		P@5: 0.088	R@5:  0.022	MAP@5: 0.044	NDCG@5: 0.086
Epoch [65/100]:	Loss: 0.0817		P@10: 0.083	R@10:  0.042	MAP@10: 0.030	NDCG@10: 0.084
Epoch [65/100]:	Loss: 0.0817		P@15: 0.078	R@15:  0.058	MAP@15: 0.024	NDCG@15: 0.080
Epoch [65/100]:	Loss: 0.0817		P@20: 0.074	R@20:  0.074	MAP@20: 0.020	NDCG@20: 0.077

Epoch [66/100]:	Loss: 0.0890		P@5: 0.088	R@5:  0.022	MAP@5: 0.047	NDCG@5: 0.090
Epoch [66/100]:	Loss: 0.0890		P@10: 0.081	R@10:  0.041	MAP@10: 0.031	NDCG@10: 0.084
Epoch [66/100]:	Loss: 0.0890		P@15: 0.073	R@15:  0.055	MAP@15: 0.024	NDCG@15: 0.078
Epoch [66/100]:	Loss: 0.0890		P@20: 0.068	R@20:  0.068	MAP@20: 0.019	NDCG@20: 0.074

Epoch [67/100]:	Loss: 0.0960		P@5: 0.080	R@5:  0.020	MAP@5: 0.044	NDCG@5: 0.083
Epoch [67/100]:	Loss: 0.0960		P@10: 0.078	R@10:  0.039	MAP@10: 0.030	NDCG@10: 0.081
Epoch [67/100]:	Loss: 0.0960		P@15: 0.073	R@15:  0.055	MAP@15: 0.023	NDCG@15: 0.077
Epoch [67/100]:	Loss: 0.0960		P@20: 0.071	R@20:  0.071	MAP@20: 0.019	NDCG@20: 0.075

Epoch [68/100]:	Loss: 0.1093		P@5: 0.075	R@5:  0.019	MAP@5: 0.039	NDCG@5: 0.078
Epoch [68/100]:	Loss: 0.1093		P@10: 0.076	R@10:  0.038	MAP@10: 0.028	NDCG@10: 0.078
Epoch [68/100]:	Loss: 0.1093		P@15: 0.071	R@15:  0.054	MAP@15: 0.022	NDCG@15: 0.074
Epoch [68/100]:	Loss: 0.1093		P@20: 0.069	R@20:  0.069	MAP@20: 0.018	NDCG@20: 0.072

Epoch [69/100]:	Loss: 0.0816		P@5: 0.075	R@5:  0.019	MAP@5: 0.039	NDCG@5: 0.077
Epoch [69/100]:	Loss: 0.0816		P@10: 0.078	R@10:  0.039	MAP@10: 0.028	NDCG@10: 0.078
Epoch [69/100]:	Loss: 0.0816		P@15: 0.073	R@15:  0.055	MAP@15: 0.022	NDCG@15: 0.075
Epoch [69/100]:	Loss: 0.0816		P@20: 0.070	R@20:  0.070	MAP@20: 0.018	NDCG@20: 0.073

Epoch [70/100]:	Loss: 0.0876		P@5: 0.088	R@5:  0.022	MAP@5: 0.048	NDCG@5: 0.093
Epoch [70/100]:	Loss: 0.0876		P@10: 0.080	R@10:  0.040	MAP@10: 0.031	NDCG@10: 0.085
Epoch [70/100]:	Loss: 0.0876		P@15: 0.075	R@15:  0.056	MAP@15: 0.024	NDCG@15: 0.081
Epoch [70/100]:	Loss: 0.0876		P@20: 0.072	R@20:  0.072	MAP@20: 0.020	NDCG@20: 0.078

Epoch [71/100]:	Loss: 0.0672		P@5: 0.087	R@5:  0.022	MAP@5: 0.047	NDCG@5: 0.091
Epoch [71/100]:	Loss: 0.0672		P@10: 0.079	R@10:  0.040	MAP@10: 0.031	NDCG@10: 0.084
Epoch [71/100]:	Loss: 0.0672		P@15: 0.071	R@15:  0.054	MAP@15: 0.023	NDCG@15: 0.077
Epoch [71/100]:	Loss: 0.0672		P@20: 0.068	R@20:  0.068	MAP@20: 0.019	NDCG@20: 0.074

Epoch [72/100]:	Loss: 0.0877		P@5: 0.088	R@5:  0.022	MAP@5: 0.046	NDCG@5: 0.091
Epoch [72/100]:	Loss: 0.0877		P@10: 0.073	R@10:  0.037	MAP@10: 0.029	NDCG@10: 0.080
Epoch [72/100]:	Loss: 0.0877		P@15: 0.070	R@15:  0.053	MAP@15: 0.023	NDCG@15: 0.076
Epoch [72/100]:	Loss: 0.0877		P@20: 0.068	R@20:  0.068	MAP@20: 0.019	NDCG@20: 0.074

Epoch [73/100]:	Loss: 0.0698		P@5: 0.085	R@5:  0.021	MAP@5: 0.043	NDCG@5: 0.085
Epoch [73/100]:	Loss: 0.0698		P@10: 0.078	R@10:  0.039	MAP@10: 0.029	NDCG@10: 0.080
Epoch [73/100]:	Loss: 0.0698		P@15: 0.075	R@15:  0.056	MAP@15: 0.023	NDCG@15: 0.078
Epoch [73/100]:	Loss: 0.0698		P@20: 0.071	R@20:  0.071	MAP@20: 0.019	NDCG@20: 0.075

Epoch [74/100]:	Loss: 0.0957		P@5: 0.077	R@5:  0.019	MAP@5: 0.041	NDCG@5: 0.081
Epoch [74/100]:	Loss: 0.0957		P@10: 0.071	R@10:  0.036	MAP@10: 0.027	NDCG@10: 0.076
Epoch [74/100]:	Loss: 0.0957		P@15: 0.072	R@15:  0.054	MAP@15: 0.022	NDCG@15: 0.075
Epoch [74/100]:	Loss: 0.0957		P@20: 0.070	R@20:  0.070	MAP@20: 0.018	NDCG@20: 0.073

Epoch [75/100]:	Loss: 0.0600		P@5: 0.075	R@5:  0.019	MAP@5: 0.041	NDCG@5: 0.080
Epoch [75/100]:	Loss: 0.0600		P@10: 0.071	R@10:  0.035	MAP@10: 0.027	NDCG@10: 0.075
Epoch [75/100]:	Loss: 0.0600		P@15: 0.069	R@15:  0.052	MAP@15: 0.022	NDCG@15: 0.073
Epoch [75/100]:	Loss: 0.0600		P@20: 0.068	R@20:  0.068	MAP@20: 0.018	NDCG@20: 0.072

Epoch [76/100]:	Loss: 0.0828		P@5: 0.075	R@5:  0.019	MAP@5: 0.041	NDCG@5: 0.079
Epoch [76/100]:	Loss: 0.0828		P@10: 0.071	R@10:  0.035	MAP@10: 0.027	NDCG@10: 0.075
Epoch [76/100]:	Loss: 0.0828		P@15: 0.071	R@15:  0.053	MAP@15: 0.022	NDCG@15: 0.074
Epoch [76/100]:	Loss: 0.0828		P@20: 0.067	R@20:  0.067	MAP@20: 0.018	NDCG@20: 0.071

Epoch [77/100]:	Loss: 0.0781		P@5: 0.083	R@5:  0.021	MAP@5: 0.045	NDCG@5: 0.086
Epoch [77/100]:	Loss: 0.0781		P@10: 0.074	R@10:  0.037	MAP@10: 0.029	NDCG@10: 0.079
Epoch [77/100]:	Loss: 0.0781		P@15: 0.070	R@15:  0.053	MAP@15: 0.023	NDCG@15: 0.075
Epoch [77/100]:	Loss: 0.0781		P@20: 0.066	R@20:  0.066	MAP@20: 0.019	NDCG@20: 0.071

Epoch [78/100]:	Loss: 0.0474		P@5: 0.086	R@5:  0.021	MAP@5: 0.048	NDCG@5: 0.091
Epoch [78/100]:	Loss: 0.0474		P@10: 0.075	R@10:  0.037	MAP@10: 0.031	NDCG@10: 0.082
Epoch [78/100]:	Loss: 0.0474		P@15: 0.072	R@15:  0.054	MAP@15: 0.024	NDCG@15: 0.078
Epoch [78/100]:	Loss: 0.0474		P@20: 0.070	R@20:  0.070	MAP@20: 0.020	NDCG@20: 0.076

Epoch [79/100]:	Loss: 0.0695		P@5: 0.087	R@5:  0.022	MAP@5: 0.048	NDCG@5: 0.090
Epoch [79/100]:	Loss: 0.0695		P@10: 0.077	R@10:  0.038	MAP@10: 0.031	NDCG@10: 0.082
Epoch [79/100]:	Loss: 0.0695		P@15: 0.072	R@15:  0.054	MAP@15: 0.024	NDCG@15: 0.078
Epoch [79/100]:	Loss: 0.0695		P@20: 0.070	R@20:  0.070	MAP@20: 0.020	NDCG@20: 0.075

Epoch [80/100]:	Loss: 0.0698		P@5: 0.087	R@5:  0.022	MAP@5: 0.046	NDCG@5: 0.089
Epoch [80/100]:	Loss: 0.0698		P@10: 0.074	R@10:  0.037	MAP@10: 0.029	NDCG@10: 0.080
Epoch [80/100]:	Loss: 0.0698		P@15: 0.071	R@15:  0.053	MAP@15: 0.023	NDCG@15: 0.076
Epoch [80/100]:	Loss: 0.0698		P@20: 0.067	R@20:  0.067	MAP@20: 0.019	NDCG@20: 0.073

Epoch [81/100]:	Loss: 0.0765		P@5: 0.082	R@5:  0.021	MAP@5: 0.045	NDCG@5: 0.087
Epoch [81/100]:	Loss: 0.0765		P@10: 0.077	R@10:  0.039	MAP@10: 0.030	NDCG@10: 0.082
Epoch [81/100]:	Loss: 0.0765		P@15: 0.070	R@15:  0.053	MAP@15: 0.023	NDCG@15: 0.076
Epoch [81/100]:	Loss: 0.0765		P@20: 0.068	R@20:  0.068	MAP@20: 0.019	NDCG@20: 0.073

Epoch [82/100]:	Loss: 0.0335		P@5: 0.080	R@5:  0.020	MAP@5: 0.044	NDCG@5: 0.084
Epoch [82/100]:	Loss: 0.0335		P@10: 0.068	R@10:  0.034	MAP@10: 0.028	NDCG@10: 0.075
Epoch [82/100]:	Loss: 0.0335		P@15: 0.068	R@15:  0.051	MAP@15: 0.022	NDCG@15: 0.073
Epoch [82/100]:	Loss: 0.0335		P@20: 0.068	R@20:  0.068	MAP@20: 0.018	NDCG@20: 0.072

Epoch [83/100]:	Loss: 0.0513		P@5: 0.081	R@5:  0.020	MAP@5: 0.043	NDCG@5: 0.084
Epoch [83/100]:	Loss: 0.0513		P@10: 0.074	R@10:  0.037	MAP@10: 0.028	NDCG@10: 0.079
Epoch [83/100]:	Loss: 0.0513		P@15: 0.073	R@15:  0.055	MAP@15: 0.023	NDCG@15: 0.077
Epoch [83/100]:	Loss: 0.0513		P@20: 0.070	R@20:  0.070	MAP@20: 0.019	NDCG@20: 0.074

Epoch [84/100]:	Loss: 0.0629		P@5: 0.079	R@5:  0.020	MAP@5: 0.041	NDCG@5: 0.081
Epoch [84/100]:	Loss: 0.0629		P@10: 0.079	R@10:  0.040	MAP@10: 0.029	NDCG@10: 0.080
Epoch [84/100]:	Loss: 0.0629		P@15: 0.076	R@15:  0.057	MAP@15: 0.023	NDCG@15: 0.078
Epoch [84/100]:	Loss: 0.0629		P@20: 0.074	R@20:  0.074	MAP@20: 0.019	NDCG@20: 0.076

Epoch [85/100]:	Loss: 0.0657		P@5: 0.086	R@5:  0.022	MAP@5: 0.045	NDCG@5: 0.088
Epoch [85/100]:	Loss: 0.0657		P@10: 0.082	R@10:  0.041	MAP@10: 0.031	NDCG@10: 0.085
Epoch [85/100]:	Loss: 0.0657		P@15: 0.076	R@15:  0.057	MAP@15: 0.024	NDCG@15: 0.080
Epoch [85/100]:	Loss: 0.0657		P@20: 0.073	R@20:  0.073	MAP@20: 0.020	NDCG@20: 0.077

Epoch [86/100]:	Loss: 0.0768		P@5: 0.072	R@5:  0.018	MAP@5: 0.037	NDCG@5: 0.073
Epoch [86/100]:	Loss: 0.0768		P@10: 0.069	R@10:  0.035	MAP@10: 0.025	NDCG@10: 0.070
Epoch [86/100]:	Loss: 0.0768		P@15: 0.067	R@15:  0.050	MAP@15: 0.019	NDCG@15: 0.069
Epoch [86/100]:	Loss: 0.0768		P@20: 0.064	R@20:  0.064	MAP@20: 0.016	NDCG@20: 0.067

Epoch [87/100]:	Loss: 0.0640		P@5: 0.067	R@5:  0.017	MAP@5: 0.036	NDCG@5: 0.071
Epoch [87/100]:	Loss: 0.0640		P@10: 0.070	R@10:  0.035	MAP@10: 0.025	NDCG@10: 0.072
Epoch [87/100]:	Loss: 0.0640		P@15: 0.070	R@15:  0.052	MAP@15: 0.020	NDCG@15: 0.071
Epoch [87/100]:	Loss: 0.0640		P@20: 0.068	R@20:  0.068	MAP@20: 0.017	NDCG@20: 0.070

Epoch [88/100]:	Loss: 0.0677		P@5: 0.071	R@5:  0.018	MAP@5: 0.039	NDCG@5: 0.075
Epoch [88/100]:	Loss: 0.0677		P@10: 0.071	R@10:  0.035	MAP@10: 0.027	NDCG@10: 0.074
Epoch [88/100]:	Loss: 0.0677		P@15: 0.070	R@15:  0.052	MAP@15: 0.021	NDCG@15: 0.072
Epoch [88/100]:	Loss: 0.0677		P@20: 0.068	R@20:  0.068	MAP@20: 0.018	NDCG@20: 0.071

Epoch [89/100]:	Loss: 0.0685		P@5: 0.080	R@5:  0.020	MAP@5: 0.041	NDCG@5: 0.081
Epoch [89/100]:	Loss: 0.0685		P@10: 0.079	R@10:  0.039	MAP@10: 0.029	NDCG@10: 0.080
Epoch [89/100]:	Loss: 0.0685		P@15: 0.073	R@15:  0.055	MAP@15: 0.022	NDCG@15: 0.076
Epoch [89/100]:	Loss: 0.0685		P@20: 0.069	R@20:  0.069	MAP@20: 0.019	NDCG@20: 0.073

Epoch [90/100]:	Loss: 0.0538		P@5: 0.087	R@5:  0.022	MAP@5: 0.048	NDCG@5: 0.090
Epoch [90/100]:	Loss: 0.0538		P@10: 0.075	R@10:  0.038	MAP@10: 0.030	NDCG@10: 0.081
Epoch [90/100]:	Loss: 0.0538		P@15: 0.075	R@15:  0.056	MAP@15: 0.024	NDCG@15: 0.079
Epoch [90/100]:	Loss: 0.0538		P@20: 0.072	R@20:  0.072	MAP@20: 0.020	NDCG@20: 0.077

Epoch [91/100]:	Loss: 0.0772		P@5: 0.080	R@5:  0.020	MAP@5: 0.041	NDCG@5: 0.081
Epoch [91/100]:	Loss: 0.0772		P@10: 0.071	R@10:  0.035	MAP@10: 0.027	NDCG@10: 0.075
Epoch [91/100]:	Loss: 0.0772		P@15: 0.066	R@15:  0.050	MAP@15: 0.021	NDCG@15: 0.071
Epoch [91/100]:	Loss: 0.0772		P@20: 0.065	R@20:  0.065	MAP@20: 0.017	NDCG@20: 0.069

Epoch [92/100]:	Loss: 0.0689		P@5: 0.074	R@5:  0.019	MAP@5: 0.039	NDCG@5: 0.075
Epoch [92/100]:	Loss: 0.0689		P@10: 0.069	R@10:  0.034	MAP@10: 0.026	NDCG@10: 0.071
Epoch [92/100]:	Loss: 0.0689		P@15: 0.068	R@15:  0.051	MAP@15: 0.020	NDCG@15: 0.070
Epoch [92/100]:	Loss: 0.0689		P@20: 0.068	R@20:  0.068	MAP@20: 0.018	NDCG@20: 0.070

Epoch [93/100]:	Loss: 0.0634		P@5: 0.074	R@5:  0.018	MAP@5: 0.039	NDCG@5: 0.076
Epoch [93/100]:	Loss: 0.0634		P@10: 0.069	R@10:  0.034	MAP@10: 0.026	NDCG@10: 0.072
Epoch [93/100]:	Loss: 0.0634		P@15: 0.068	R@15:  0.051	MAP@15: 0.020	NDCG@15: 0.071
Epoch [93/100]:	Loss: 0.0634		P@20: 0.067	R@20:  0.067	MAP@20: 0.017	NDCG@20: 0.069

Epoch [94/100]:	Loss: 0.0673		P@5: 0.078	R@5:  0.020	MAP@5: 0.038	NDCG@5: 0.077
Epoch [94/100]:	Loss: 0.0673		P@10: 0.071	R@10:  0.036	MAP@10: 0.025	NDCG@10: 0.073
Epoch [94/100]:	Loss: 0.0673		P@15: 0.069	R@15:  0.052	MAP@15: 0.020	NDCG@15: 0.071
Epoch [94/100]:	Loss: 0.0673		P@20: 0.068	R@20:  0.068	MAP@20: 0.017	NDCG@20: 0.070

Epoch [95/100]:	Loss: 0.0702		P@5: 0.084	R@5:  0.021	MAP@5: 0.044	NDCG@5: 0.086
Epoch [95/100]:	Loss: 0.0702		P@10: 0.073	R@10:  0.037	MAP@10: 0.028	NDCG@10: 0.078
Epoch [95/100]:	Loss: 0.0702		P@15: 0.071	R@15:  0.053	MAP@15: 0.022	NDCG@15: 0.075
Epoch [95/100]:	Loss: 0.0702		P@20: 0.069	R@20:  0.069	MAP@20: 0.019	NDCG@20: 0.073

Epoch [96/100]:	Loss: 0.0377		P@5: 0.070	R@5:  0.017	MAP@5: 0.038	NDCG@5: 0.073
Epoch [96/100]:	Loss: 0.0377		P@10: 0.072	R@10:  0.036	MAP@10: 0.027	NDCG@10: 0.074
Epoch [96/100]:	Loss: 0.0377		P@15: 0.068	R@15:  0.051	MAP@15: 0.021	NDCG@15: 0.071
Epoch [96/100]:	Loss: 0.0377		P@20: 0.065	R@20:  0.065	MAP@20: 0.017	NDCG@20: 0.068

Epoch [97/100]:	Loss: 0.0633		P@5: 0.073	R@5:  0.018	MAP@5: 0.037	NDCG@5: 0.074
Epoch [97/100]:	Loss: 0.0633		P@10: 0.068	R@10:  0.034	MAP@10: 0.025	NDCG@10: 0.070
Epoch [97/100]:	Loss: 0.0633		P@15: 0.068	R@15:  0.051	MAP@15: 0.020	NDCG@15: 0.069
Epoch [97/100]:	Loss: 0.0633		P@20: 0.066	R@20:  0.066	MAP@20: 0.017	NDCG@20: 0.068

Epoch [98/100]:	Loss: 0.0694		P@5: 0.075	R@5:  0.019	MAP@5: 0.040	NDCG@5: 0.078
Epoch [98/100]:	Loss: 0.0694		P@10: 0.068	R@10:  0.034	MAP@10: 0.026	NDCG@10: 0.072
Epoch [98/100]:	Loss: 0.0694		P@15: 0.069	R@15:  0.052	MAP@15: 0.021	NDCG@15: 0.072
Epoch [98/100]:	Loss: 0.0694		P@20: 0.068	R@20:  0.068	MAP@20: 0.018	NDCG@20: 0.071

Epoch [99/100]:	Loss: 0.0505		P@5: 0.076	R@5:  0.019	MAP@5: 0.039	NDCG@5: 0.077
Epoch [99/100]:	Loss: 0.0505		P@10: 0.068	R@10:  0.034	MAP@10: 0.026	NDCG@10: 0.071
Epoch [99/100]:	Loss: 0.0505		P@15: 0.070	R@15:  0.053	MAP@15: 0.021	NDCG@15: 0.072
Epoch [99/100]:	Loss: 0.0505		P@20: 0.068	R@20:  0.068	MAP@20: 0.018	NDCG@20: 0.070

Epoch [100/100]:	Loss: 0.0544		P@5: 0.072	R@5:  0.018	MAP@5: 0.039	NDCG@5: 0.076
Epoch [100/100]:	Loss: 0.0544		P@10: 0.067	R@10:  0.033	MAP@10: 0.026	NDCG@10: 0.071
Epoch [100/100]:	Loss: 0.0544		P@15: 0.069	R@15:  0.052	MAP@15: 0.021	NDCG@15: 0.071
Epoch [100/100]:	Loss: 0.0544		P@20: 0.067	R@20:  0.067	MAP@20: 0.017	NDCG@20: 0.069

==============================================================================================================
[STATUS] Training completed successfully
