INFO:	main:	2024-03-11 11:50:18,656:	Outputs will be saved in: runs/run9
INFO:	main:	2024-03-11 11:50:18,656:	Using seed: 42
INFO:	main:	2024-03-11 11:50:18,656:	Using device: cuda
INFO:	main:	2024-03-11 11:50:18,656:	Commencing data collection for ml-100k
INFO:	dataloader:	2024-03-11 11:50:18,920:	Data preprocessing completed
INFO:	dataloader:	2024-03-11 11:50:18,920:	uid2locid_time: 568 
INFO:	dataloader:	2024-03-11 11:50:18,920:	locid2detail: 1439 
INFO:	dataloader:	2024-03-11 11:50:18,920:	node_num: 2012 
INFO:	dataloader:	2024-03-11 11:50:18,920:	relation_num: 4 
INFO:	dataloader:	2024-03-11 11:50:18,920:	user_num: 568 
INFO:	dataloader:	2024-03-11 11:50:18,920:	train_num: 4544 
INFO:	dataloader:	2024-03-11 11:50:18,921:	test_num: 568 
INFO:	dataloader:	2024-03-11 11:50:18,921:	train_set: (4544, 13) 
INFO:	dataloader:	2024-03-11 11:50:18,921:	test_set: (568, 10) 
INFO:	dataloader:	2024-03-11 11:50:18,921:	uid_list_: 568 
INFO:	dataloader:	2024-03-11 11:50:18,921:	u2v: 568 
INFO:	dataloader:	2024-03-11 11:50:18,921:	u2vc: 568 
INFO:	dataloader:	2024-03-11 11:50:18,921:	v2u: 1439 
INFO:	dataloader:	2024-03-11 11:50:18,921:	v2vc: 1439 
INFO:	main:	2024-03-11 11:50:18,921:	Commencing training for 500 epochs. Please follow Training Logger from here on.
INFO:	main:	2024-03-11 12:05:28,559:	Completed training for 500 epochs
INFO:	main:	2024-03-11 12:05:28,585:	Model saved at runs/run9/model.pth
INFO:	main:	2024-03-11 12:05:28,585:	Completed run 9
