2024-03-11 11:50:19,047:	Model:	CAGSRec with 1 variant
2024-03-11 11:50:19,047:	CAGSRec(
  (long_term_gnn): LongTermGNN(
    (conv_modulelist): ModuleList(
      (0-2): 3 x ImprovedGNNunit(32, 32, num_relations=4)
    )
  )
  (short_term_gnn): ShortTermGNN(
    (conv_modulelist): ModuleList(
      (0-2): 3 x ImprovedGNNunit(32, 32, num_relations=4)
    )
  )
  (temporal_seq_attn_layer): TemporalSequentialAttentionLayer_v2(
    (drop_layer): Dropout(p=0.1, inplace=False)
    (feedforward): Sequential(
      (0): PointWiseFeedForward(
        (conv1): Conv1d(192, 192, kernel_size=(1,), stride=(1,))
        (dropout1): Dropout(p=0.1, inplace=False)
        (relu): ReLU()
        (conv2): Conv1d(192, 192, kernel_size=(1,), stride=(1,))
        (dropout2): Dropout(p=0.1, inplace=False)
      )
      (1): LayerNorm((192,), eps=1e-08, elementwise_affine=True)
    )
  )
  (cross_attn_layer): CrossAttentionLayer_v2(
    (drop_layer): Dropout(p=0.1, inplace=False)
    (feedforward): Sequential(
      (0): PointWiseFeedForward(
        (conv1): Conv1d(192, 192, kernel_size=(1,), stride=(1,))
        (dropout1): Dropout(p=0.1, inplace=False)
        (relu): ReLU()
        (conv2): Conv1d(192, 192, kernel_size=(1,), stride=(1,))
        (dropout2): Dropout(p=0.1, inplace=False)
      )
      (1): LayerNorm((192,), eps=1e-08, elementwise_affine=True)
    )
  )
  (predict_emb_w): Embedding(1439, 192, padding_idx=0)
  (predict_emb_b): Embedding(1439, 1, padding_idx=0)
  (node_embeddings): Embedding(2012, 32, padding_idx=0)
)
2024-03-11 11:50:19,047:	Optimizer:	Adam with initial lr = 0.001, l2 = 0.0001
2024-03-11 11:50:19,048:	LR Scheduler:	LinearLR
2024-03-11 11:50:25,779:	Epoch 1/500:	Loss: 1.0004	P@10: 0.0849	R@10: 0.0424	MAP@10: 0.0336	NDCG@10: 0.0889	HR@10: 0.5687
2024-03-11 11:50:31,556:	Epoch 2/500:	Loss: 0.9882	P@10: 0.0192	R@10: 0.0096	MAP@10: 0.0070	NDCG@10: 0.0213	HR@10: 0.1796
2024-03-11 11:50:37,317:	Epoch 3/500:	Loss: 1.2135	P@10: 0.0530	R@10: 0.0265	MAP@10: 0.0157	NDCG@10: 0.0503	HR@10: 0.4155
2024-03-11 11:50:43,086:	Epoch 4/500:	Loss: 1.1392	P@10: 0.0505	R@10: 0.0253	MAP@10: 0.0180	NDCG@10: 0.0531	HR@10: 0.4049
2024-03-11 11:50:48,996:	Epoch 5/500:	Loss: 1.0160	P@10: 0.0577	R@10: 0.0289	MAP@10: 0.0210	NDCG@10: 0.0613	HR@10: 0.4595
2024-03-11 11:50:54,908:	Epoch 6/500:	Loss: 0.9226	P@10: 0.0799	R@10: 0.0400	MAP@10: 0.0305	NDCG@10: 0.0839	HR@10: 0.5634
2024-03-11 11:51:00,817:	Epoch 7/500:	Loss: 0.8890	P@10: 0.0882	R@10: 0.0441	MAP@10: 0.0304	NDCG@10: 0.0876	HR@10: 0.6232
2024-03-11 11:51:06,722:	Epoch 8/500:	Loss: 0.8784	P@10: 0.0790	R@10: 0.0395	MAP@10: 0.0258	NDCG@10: 0.0760	HR@10: 0.5616
2024-03-11 11:51:12,602:	Epoch 9/500:	Loss: 0.8288	P@10: 0.0650	R@10: 0.0325	MAP@10: 0.0226	NDCG@10: 0.0651	HR@10: 0.4718
2024-03-11 11:51:18,477:	Epoch 10/500:	Loss: 0.8176	P@10: 0.0849	R@10: 0.0424	MAP@10: 0.0345	NDCG@10: 0.0914	HR@10: 0.5704
2024-03-11 11:51:24,317:	Epoch 11/500:	Loss: 0.8094	P@10: 0.0873	R@10: 0.0437	MAP@10: 0.0353	NDCG@10: 0.0939	HR@10: 0.6021
2024-03-11 11:51:30,139:	Epoch 12/500:	Loss: 0.7956	P@10: 0.0838	R@10: 0.0419	MAP@10: 0.0319	NDCG@10: 0.0877	HR@10: 0.5775
2024-03-11 11:51:36,015:	Epoch 13/500:	Loss: 0.7908	P@10: 0.0873	R@10: 0.0437	MAP@10: 0.0329	NDCG@10: 0.0897	HR@10: 0.5880
2024-03-11 11:51:41,827:	Epoch 14/500:	Loss: 0.7763	P@10: 0.0778	R@10: 0.0389	MAP@10: 0.0287	NDCG@10: 0.0798	HR@10: 0.5528
2024-03-11 11:51:47,681:	Epoch 15/500:	Loss: 0.7606	P@10: 0.0974	R@10: 0.0487	MAP@10: 0.0374	NDCG@10: 0.0995	HR@10: 0.6215
2024-03-11 11:51:53,479:	Epoch 16/500:	Loss: 0.7551	P@10: 0.0926	R@10: 0.0463	MAP@10: 0.0349	NDCG@10: 0.0947	HR@10: 0.6109
2024-03-11 11:51:59,329:	Epoch 17/500:	Loss: 0.7453	P@10: 0.0822	R@10: 0.0411	MAP@10: 0.0307	NDCG@10: 0.0842	HR@10: 0.5581
2024-03-11 11:52:05,627:	Epoch 18/500:	Loss: 0.7136	P@10: 0.0852	R@10: 0.0426	MAP@10: 0.0310	NDCG@10: 0.0850	HR@10: 0.5669
2024-03-11 11:52:11,863:	Epoch 19/500:	Loss: 0.7060	P@10: 0.0794	R@10: 0.0397	MAP@10: 0.0279	NDCG@10: 0.0794	HR@10: 0.5528
2024-03-11 11:52:17,897:	Epoch 20/500:	Loss: 0.6963	P@10: 0.0856	R@10: 0.0428	MAP@10: 0.0339	NDCG@10: 0.0914	HR@10: 0.5880
2024-03-11 11:52:23,757:	Epoch 21/500:	Loss: 0.6808	P@10: 0.0879	R@10: 0.0439	MAP@10: 0.0349	NDCG@10: 0.0932	HR@10: 0.5880
2024-03-11 11:52:29,599:	Epoch 22/500:	Loss: 0.6776	P@10: 0.0905	R@10: 0.0452	MAP@10: 0.0362	NDCG@10: 0.0964	HR@10: 0.6092
2024-03-11 11:52:35,444:	Epoch 23/500:	Loss: 0.6671	P@10: 0.0852	R@10: 0.0426	MAP@10: 0.0333	NDCG@10: 0.0908	HR@10: 0.5880
2024-03-11 11:52:41,259:	Epoch 24/500:	Loss: 0.6541	P@10: 0.0838	R@10: 0.0419	MAP@10: 0.0290	NDCG@10: 0.0825	HR@10: 0.5739
2024-03-11 11:52:47,079:	Epoch 25/500:	Loss: 0.6570	P@10: 0.0819	R@10: 0.0409	MAP@10: 0.0309	NDCG@10: 0.0850	HR@10: 0.5634
2024-03-11 11:52:52,916:	Epoch 26/500:	Loss: 0.6485	P@10: 0.0836	R@10: 0.0418	MAP@10: 0.0328	NDCG@10: 0.0893	HR@10: 0.5722
2024-03-11 11:52:58,722:	Epoch 27/500:	Loss: 0.6372	P@10: 0.0861	R@10: 0.0430	MAP@10: 0.0345	NDCG@10: 0.0919	HR@10: 0.5757
2024-03-11 11:53:04,630:	Epoch 28/500:	Loss: 0.6269	P@10: 0.0905	R@10: 0.0452	MAP@10: 0.0365	NDCG@10: 0.0961	HR@10: 0.5915
2024-03-11 11:53:10,513:	Epoch 29/500:	Loss: 0.6335	P@10: 0.0893	R@10: 0.0446	MAP@10: 0.0352	NDCG@10: 0.0938	HR@10: 0.5933
2024-03-11 11:53:16,378:	Epoch 30/500:	Loss: 0.6254	P@10: 0.0815	R@10: 0.0408	MAP@10: 0.0307	NDCG@10: 0.0856	HR@10: 0.5739
2024-03-11 11:53:22,203:	Epoch 31/500:	Loss: 0.6216	P@10: 0.0819	R@10: 0.0409	MAP@10: 0.0314	NDCG@10: 0.0863	HR@10: 0.5634
2024-03-11 11:53:28,051:	Epoch 32/500:	Loss: 0.6138	P@10: 0.0843	R@10: 0.0422	MAP@10: 0.0330	NDCG@10: 0.0892	HR@10: 0.5792
2024-03-11 11:53:33,990:	Epoch 33/500:	Loss: 0.6158	P@10: 0.0919	R@10: 0.0460	MAP@10: 0.0345	NDCG@10: 0.0936	HR@10: 0.5933
2024-03-11 11:53:39,840:	Epoch 34/500:	Loss: 0.6146	P@10: 0.0900	R@10: 0.0450	MAP@10: 0.0342	NDCG@10: 0.0921	HR@10: 0.5898
2024-03-11 11:53:45,744:	Epoch 35/500:	Loss: 0.6061	P@10: 0.0887	R@10: 0.0444	MAP@10: 0.0341	NDCG@10: 0.0923	HR@10: 0.5915
2024-03-11 11:53:51,572:	Epoch 36/500:	Loss: 0.6047	P@10: 0.0842	R@10: 0.0421	MAP@10: 0.0321	NDCG@10: 0.0879	HR@10: 0.5669
2024-03-11 11:53:57,360:	Epoch 37/500:	Loss: 0.5967	P@10: 0.0887	R@10: 0.0444	MAP@10: 0.0347	NDCG@10: 0.0929	HR@10: 0.5863
2024-03-11 11:54:03,212:	Epoch 38/500:	Loss: 0.5886	P@10: 0.0917	R@10: 0.0459	MAP@10: 0.0347	NDCG@10: 0.0938	HR@10: 0.5933
2024-03-11 11:54:09,239:	Epoch 39/500:	Loss: 0.5858	P@10: 0.0854	R@10: 0.0427	MAP@10: 0.0306	NDCG@10: 0.0858	HR@10: 0.5845
2024-03-11 11:54:15,089:	Epoch 40/500:	Loss: 0.5883	P@10: 0.0850	R@10: 0.0425	MAP@10: 0.0337	NDCG@10: 0.0910	HR@10: 0.5775
2024-03-11 11:54:20,913:	Epoch 41/500:	Loss: 0.5837	P@10: 0.0887	R@10: 0.0444	MAP@10: 0.0358	NDCG@10: 0.0948	HR@10: 0.5827
2024-03-11 11:54:26,690:	Epoch 42/500:	Loss: 0.5818	P@10: 0.0812	R@10: 0.0406	MAP@10: 0.0318	NDCG@10: 0.0856	HR@10: 0.5563
2024-03-11 11:54:32,530:	Epoch 43/500:	Loss: 0.5800	P@10: 0.0820	R@10: 0.0410	MAP@10: 0.0335	NDCG@10: 0.0881	HR@10: 0.5528
2024-03-11 11:54:38,483:	Epoch 44/500:	Loss: 0.5715	P@10: 0.0900	R@10: 0.0450	MAP@10: 0.0353	NDCG@10: 0.0943	HR@10: 0.6004
2024-03-11 11:54:44,337:	Epoch 45/500:	Loss: 0.5734	P@10: 0.0901	R@10: 0.0451	MAP@10: 0.0348	NDCG@10: 0.0937	HR@10: 0.5986
2024-03-11 11:54:50,281:	Epoch 46/500:	Loss: 0.5820	P@10: 0.0889	R@10: 0.0445	MAP@10: 0.0355	NDCG@10: 0.0945	HR@10: 0.5986
2024-03-11 11:54:56,123:	Epoch 47/500:	Loss: 0.5707	P@10: 0.0875	R@10: 0.0438	MAP@10: 0.0347	NDCG@10: 0.0928	HR@10: 0.5915
2024-03-11 11:55:01,994:	Epoch 48/500:	Loss: 0.5674	P@10: 0.0847	R@10: 0.0423	MAP@10: 0.0292	NDCG@10: 0.0831	HR@10: 0.5810
2024-03-11 11:55:07,844:	Epoch 49/500:	Loss: 0.5700	P@10: 0.0819	R@10: 0.0409	MAP@10: 0.0319	NDCG@10: 0.0856	HR@10: 0.5387
2024-03-11 11:55:13,493:	Epoch 50/500:	Loss: 0.5726	P@10: 0.0898	R@10: 0.0449	MAP@10: 0.0334	NDCG@10: 0.0906	HR@10: 0.5792
2024-03-11 11:55:19,129:	Epoch 51/500:	Loss: 0.5649	P@10: 0.0915	R@10: 0.0458	MAP@10: 0.0361	NDCG@10: 0.0957	HR@10: 0.5986
2024-03-11 11:55:24,772:	Epoch 52/500:	Loss: 0.5651	P@10: 0.0935	R@10: 0.0467	MAP@10: 0.0363	NDCG@10: 0.0967	HR@10: 0.6056
2024-03-11 11:55:30,432:	Epoch 53/500:	Loss: 0.5598	P@10: 0.0928	R@10: 0.0464	MAP@10: 0.0358	NDCG@10: 0.0959	HR@10: 0.6021
2024-03-11 11:55:36,072:	Epoch 54/500:	Loss: 0.5574	P@10: 0.0910	R@10: 0.0455	MAP@10: 0.0362	NDCG@10: 0.0960	HR@10: 0.5968
2024-03-11 11:55:41,709:	Epoch 55/500:	Loss: 0.5634	P@10: 0.0870	R@10: 0.0435	MAP@10: 0.0337	NDCG@10: 0.0908	HR@10: 0.5792
2024-03-11 11:55:47,361:	Epoch 56/500:	Loss: 0.5549	P@10: 0.0866	R@10: 0.0433	MAP@10: 0.0346	NDCG@10: 0.0918	HR@10: 0.5616
2024-03-11 11:55:53,001:	Epoch 57/500:	Loss: 0.5531	P@10: 0.0875	R@10: 0.0438	MAP@10: 0.0340	NDCG@10: 0.0913	HR@10: 0.5792
2024-03-11 11:55:58,642:	Epoch 58/500:	Loss: 0.5557	P@10: 0.0933	R@10: 0.0467	MAP@10: 0.0374	NDCG@10: 0.0987	HR@10: 0.6021
2024-03-11 11:56:04,290:	Epoch 59/500:	Loss: 0.5578	P@10: 0.0928	R@10: 0.0464	MAP@10: 0.0353	NDCG@10: 0.0949	HR@10: 0.5933
2024-03-11 11:56:09,944:	Epoch 60/500:	Loss: 0.5539	P@10: 0.0933	R@10: 0.0467	MAP@10: 0.0379	NDCG@10: 0.0991	HR@10: 0.6004
2024-03-11 11:56:15,585:	Epoch 61/500:	Loss: 0.5526	P@10: 0.0954	R@10: 0.0477	MAP@10: 0.0372	NDCG@10: 0.0981	HR@10: 0.5951
2024-03-11 11:56:21,444:	Epoch 62/500:	Loss: 0.5487	P@10: 0.0873	R@10: 0.0437	MAP@10: 0.0331	NDCG@10: 0.0902	HR@10: 0.5792
2024-03-11 11:56:27,423:	Epoch 63/500:	Loss: 0.5488	P@10: 0.0847	R@10: 0.0423	MAP@10: 0.0344	NDCG@10: 0.0912	HR@10: 0.5792
2024-03-11 11:56:33,066:	Epoch 64/500:	Loss: 0.5471	P@10: 0.0935	R@10: 0.0467	MAP@10: 0.0360	NDCG@10: 0.0976	HR@10: 0.6162
2024-03-11 11:56:38,718:	Epoch 65/500:	Loss: 0.5397	P@10: 0.0887	R@10: 0.0444	MAP@10: 0.0341	NDCG@10: 0.0923	HR@10: 0.5880
2024-03-11 11:56:44,358:	Epoch 66/500:	Loss: 0.5423	P@10: 0.0924	R@10: 0.0462	MAP@10: 0.0372	NDCG@10: 0.0987	HR@10: 0.6021
2024-03-11 11:56:50,002:	Epoch 67/500:	Loss: 0.5437	P@10: 0.0864	R@10: 0.0432	MAP@10: 0.0349	NDCG@10: 0.0930	HR@10: 0.5810
2024-03-11 11:56:55,642:	Epoch 68/500:	Loss: 0.5415	P@10: 0.0912	R@10: 0.0456	MAP@10: 0.0365	NDCG@10: 0.0973	HR@10: 0.5986
2024-03-11 11:57:01,283:	Epoch 69/500:	Loss: 0.5403	P@10: 0.0930	R@10: 0.0465	MAP@10: 0.0379	NDCG@10: 0.0999	HR@10: 0.6180
2024-03-11 11:57:06,927:	Epoch 70/500:	Loss: 0.5440	P@10: 0.0958	R@10: 0.0479	MAP@10: 0.0375	NDCG@10: 0.1002	HR@10: 0.6250
2024-03-11 11:57:12,596:	Epoch 71/500:	Loss: 0.5417	P@10: 0.0896	R@10: 0.0448	MAP@10: 0.0349	NDCG@10: 0.0927	HR@10: 0.5757
2024-03-11 11:57:18,233:	Epoch 72/500:	Loss: 0.5391	P@10: 0.0886	R@10: 0.0443	MAP@10: 0.0343	NDCG@10: 0.0915	HR@10: 0.5880
2024-03-11 11:57:23,881:	Epoch 73/500:	Loss: 0.5418	P@10: 0.0852	R@10: 0.0426	MAP@10: 0.0319	NDCG@10: 0.0876	HR@10: 0.5845
2024-03-11 11:57:29,506:	Epoch 74/500:	Loss: 0.5417	P@10: 0.0910	R@10: 0.0455	MAP@10: 0.0324	NDCG@10: 0.0905	HR@10: 0.6144
2024-03-11 11:57:35,137:	Epoch 75/500:	Loss: 0.5396	P@10: 0.0910	R@10: 0.0455	MAP@10: 0.0299	NDCG@10: 0.0863	HR@10: 0.5968
2024-03-11 11:57:40,763:	Epoch 76/500:	Loss: 0.5337	P@10: 0.0905	R@10: 0.0452	MAP@10: 0.0301	NDCG@10: 0.0866	HR@10: 0.6021
2024-03-11 11:57:46,395:	Epoch 77/500:	Loss: 0.5321	P@10: 0.0875	R@10: 0.0438	MAP@10: 0.0297	NDCG@10: 0.0853	HR@10: 0.6039
2024-03-11 11:57:52,026:	Epoch 78/500:	Loss: 0.5333	P@10: 0.0796	R@10: 0.0398	MAP@10: 0.0267	NDCG@10: 0.0775	HR@10: 0.5581
2024-03-11 11:57:57,657:	Epoch 79/500:	Loss: 0.5409	P@10: 0.0873	R@10: 0.0437	MAP@10: 0.0318	NDCG@10: 0.0879	HR@10: 0.5739
2024-03-11 11:58:03,304:	Epoch 80/500:	Loss: 0.5307	P@10: 0.0919	R@10: 0.0460	MAP@10: 0.0355	NDCG@10: 0.0954	HR@10: 0.5986
2024-03-11 11:58:08,943:	Epoch 81/500:	Loss: 0.5331	P@10: 0.0914	R@10: 0.0457	MAP@10: 0.0360	NDCG@10: 0.0959	HR@10: 0.5968
2024-03-11 11:58:14,568:	Epoch 82/500:	Loss: 0.5302	P@10: 0.0840	R@10: 0.0420	MAP@10: 0.0280	NDCG@10: 0.0802	HR@10: 0.5722
2024-03-11 11:58:20,211:	Epoch 83/500:	Loss: 0.5273	P@10: 0.0871	R@10: 0.0436	MAP@10: 0.0285	NDCG@10: 0.0825	HR@10: 0.5775
2024-03-11 11:58:25,835:	Epoch 84/500:	Loss: 0.5285	P@10: 0.0864	R@10: 0.0432	MAP@10: 0.0314	NDCG@10: 0.0863	HR@10: 0.5651
2024-03-11 11:58:31,447:	Epoch 85/500:	Loss: 0.5259	P@10: 0.0889	R@10: 0.0445	MAP@10: 0.0346	NDCG@10: 0.0918	HR@10: 0.5704
2024-03-11 11:58:37,053:	Epoch 86/500:	Loss: 0.5266	P@10: 0.0940	R@10: 0.0470	MAP@10: 0.0351	NDCG@10: 0.0946	HR@10: 0.5898
2024-03-11 11:58:42,680:	Epoch 87/500:	Loss: 0.5302	P@10: 0.0924	R@10: 0.0462	MAP@10: 0.0344	NDCG@10: 0.0937	HR@10: 0.6074
2024-03-11 11:58:48,346:	Epoch 88/500:	Loss: 0.5262	P@10: 0.0915	R@10: 0.0458	MAP@10: 0.0351	NDCG@10: 0.0945	HR@10: 0.6056
2024-03-11 11:58:54,311:	Epoch 89/500:	Loss: 0.5245	P@10: 0.0951	R@10: 0.0475	MAP@10: 0.0369	NDCG@10: 0.0987	HR@10: 0.6039
2024-03-11 11:59:00,194:	Epoch 90/500:	Loss: 0.5295	P@10: 0.0914	R@10: 0.0457	MAP@10: 0.0357	NDCG@10: 0.0946	HR@10: 0.5951
2024-03-11 11:59:05,793:	Epoch 91/500:	Loss: 0.5248	P@10: 0.0933	R@10: 0.0467	MAP@10: 0.0365	NDCG@10: 0.0964	HR@10: 0.5951
2024-03-11 11:59:11,384:	Epoch 92/500:	Loss: 0.5178	P@10: 0.0937	R@10: 0.0468	MAP@10: 0.0365	NDCG@10: 0.0972	HR@10: 0.5898
2024-03-11 11:59:16,987:	Epoch 93/500:	Loss: 0.5186	P@10: 0.0919	R@10: 0.0460	MAP@10: 0.0309	NDCG@10: 0.0880	HR@10: 0.5898
2024-03-11 11:59:22,586:	Epoch 94/500:	Loss: 0.5229	P@10: 0.0891	R@10: 0.0445	MAP@10: 0.0304	NDCG@10: 0.0862	HR@10: 0.5898
2024-03-11 11:59:28,167:	Epoch 95/500:	Loss: 0.5298	P@10: 0.0905	R@10: 0.0452	MAP@10: 0.0309	NDCG@10: 0.0871	HR@10: 0.5951
2024-03-11 11:59:33,765:	Epoch 96/500:	Loss: 0.5238	P@10: 0.0914	R@10: 0.0457	MAP@10: 0.0315	NDCG@10: 0.0888	HR@10: 0.5968
2024-03-11 11:59:39,347:	Epoch 97/500:	Loss: 0.5240	P@10: 0.0907	R@10: 0.0453	MAP@10: 0.0360	NDCG@10: 0.0954	HR@10: 0.5757
2024-03-11 11:59:44,921:	Epoch 98/500:	Loss: 0.5225	P@10: 0.0917	R@10: 0.0459	MAP@10: 0.0354	NDCG@10: 0.0948	HR@10: 0.5792
2024-03-11 11:59:50,500:	Epoch 99/500:	Loss: 0.5201	P@10: 0.0845	R@10: 0.0423	MAP@10: 0.0333	NDCG@10: 0.0887	HR@10: 0.5687
2024-03-11 11:59:56,085:	Epoch 100/500:	Loss: 0.5204	P@10: 0.0836	R@10: 0.0418	MAP@10: 0.0319	NDCG@10: 0.0860	HR@10: 0.5581
2024-03-11 12:00:01,688:	Epoch 101/500:	Loss: 0.5177	P@10: 0.0896	R@10: 0.0448	MAP@10: 0.0334	NDCG@10: 0.0920	HR@10: 0.6021
2024-03-11 12:00:07,311:	Epoch 102/500:	Loss: 0.5161	P@10: 0.0880	R@10: 0.0440	MAP@10: 0.0350	NDCG@10: 0.0929	HR@10: 0.5775
2024-03-11 12:00:12,953:	Epoch 103/500:	Loss: 0.5129	P@10: 0.0871	R@10: 0.0436	MAP@10: 0.0324	NDCG@10: 0.0876	HR@10: 0.5704
2024-03-11 12:00:18,548:	Epoch 104/500:	Loss: 0.5197	P@10: 0.0798	R@10: 0.0399	MAP@10: 0.0303	NDCG@10: 0.0827	HR@10: 0.5511
2024-03-11 12:00:24,120:	Epoch 105/500:	Loss: 0.5199	P@10: 0.0914	R@10: 0.0457	MAP@10: 0.0333	NDCG@10: 0.0913	HR@10: 0.5845
2024-03-11 12:00:29,714:	Epoch 106/500:	Loss: 0.5183	P@10: 0.0840	R@10: 0.0420	MAP@10: 0.0319	NDCG@10: 0.0872	HR@10: 0.5739
2024-03-11 12:00:35,309:	Epoch 107/500:	Loss: 0.5174	P@10: 0.0877	R@10: 0.0438	MAP@10: 0.0318	NDCG@10: 0.0885	HR@10: 0.5792
2024-03-11 12:00:41,242:	Epoch 108/500:	Loss: 0.5127	P@10: 0.0917	R@10: 0.0459	MAP@10: 0.0315	NDCG@10: 0.0889	HR@10: 0.5933
2024-03-11 12:00:47,178:	Epoch 109/500:	Loss: 0.5164	P@10: 0.0917	R@10: 0.0459	MAP@10: 0.0334	NDCG@10: 0.0913	HR@10: 0.5827
2024-03-11 12:00:52,756:	Epoch 110/500:	Loss: 0.5159	P@10: 0.0905	R@10: 0.0452	MAP@10: 0.0355	NDCG@10: 0.0944	HR@10: 0.5863
2024-03-11 12:00:58,338:	Epoch 111/500:	Loss: 0.5126	P@10: 0.0870	R@10: 0.0435	MAP@10: 0.0345	NDCG@10: 0.0921	HR@10: 0.5687
2024-03-11 12:01:03,937:	Epoch 112/500:	Loss: 0.5159	P@10: 0.0940	R@10: 0.0470	MAP@10: 0.0377	NDCG@10: 0.0995	HR@10: 0.5968
2024-03-11 12:01:09,522:	Epoch 113/500:	Loss: 0.5155	P@10: 0.0898	R@10: 0.0449	MAP@10: 0.0361	NDCG@10: 0.0956	HR@10: 0.5827
2024-03-11 12:01:15,132:	Epoch 114/500:	Loss: 0.5135	P@10: 0.0875	R@10: 0.0438	MAP@10: 0.0359	NDCG@10: 0.0941	HR@10: 0.5827
2024-03-11 12:01:20,711:	Epoch 115/500:	Loss: 0.5155	P@10: 0.0893	R@10: 0.0446	MAP@10: 0.0358	NDCG@10: 0.0949	HR@10: 0.5880
2024-03-11 12:01:26,285:	Epoch 116/500:	Loss: 0.5128	P@10: 0.0901	R@10: 0.0451	MAP@10: 0.0350	NDCG@10: 0.0940	HR@10: 0.5898
2024-03-11 12:01:31,864:	Epoch 117/500:	Loss: 0.5121	P@10: 0.0842	R@10: 0.0421	MAP@10: 0.0303	NDCG@10: 0.0851	HR@10: 0.5880
2024-03-11 12:01:37,454:	Epoch 118/500:	Loss: 0.5143	P@10: 0.0894	R@10: 0.0447	MAP@10: 0.0312	NDCG@10: 0.0871	HR@10: 0.5827
2024-03-11 12:01:43,052:	Epoch 119/500:	Loss: 0.5087	P@10: 0.0812	R@10: 0.0406	MAP@10: 0.0288	NDCG@10: 0.0806	HR@10: 0.5528
2024-03-11 12:01:48,629:	Epoch 120/500:	Loss: 0.5109	P@10: 0.0806	R@10: 0.0403	MAP@10: 0.0292	NDCG@10: 0.0817	HR@10: 0.5581
2024-03-11 12:01:54,209:	Epoch 121/500:	Loss: 0.5131	P@10: 0.0856	R@10: 0.0428	MAP@10: 0.0283	NDCG@10: 0.0817	HR@10: 0.5757
2024-03-11 12:01:59,788:	Epoch 122/500:	Loss: 0.5070	P@10: 0.0882	R@10: 0.0441	MAP@10: 0.0280	NDCG@10: 0.0821	HR@10: 0.5863
2024-03-11 12:02:05,382:	Epoch 123/500:	Loss: 0.5112	P@10: 0.0871	R@10: 0.0436	MAP@10: 0.0280	NDCG@10: 0.0819	HR@10: 0.5845
2024-03-11 12:02:10,957:	Epoch 124/500:	Loss: 0.5145	P@10: 0.0852	R@10: 0.0426	MAP@10: 0.0312	NDCG@10: 0.0855	HR@10: 0.5669
2024-03-11 12:02:16,532:	Epoch 125/500:	Loss: 0.5141	P@10: 0.0836	R@10: 0.0418	MAP@10: 0.0305	NDCG@10: 0.0839	HR@10: 0.5546
2024-03-11 12:02:22,107:	Epoch 126/500:	Loss: 0.5100	P@10: 0.0840	R@10: 0.0420	MAP@10: 0.0333	NDCG@10: 0.0887	HR@10: 0.5704
2024-03-11 12:02:27,706:	Epoch 127/500:	Loss: 0.5074	P@10: 0.0866	R@10: 0.0433	MAP@10: 0.0346	NDCG@10: 0.0913	HR@10: 0.5739
2024-03-11 12:02:33,292:	Epoch 128/500:	Loss: 0.5115	P@10: 0.0843	R@10: 0.0422	MAP@10: 0.0331	NDCG@10: 0.0876	HR@10: 0.5616
2024-03-11 12:02:38,855:	Epoch 129/500:	Loss: 0.5069	P@10: 0.0894	R@10: 0.0447	MAP@10: 0.0335	NDCG@10: 0.0907	HR@10: 0.5880
2024-03-11 12:02:44,446:	Epoch 130/500:	Loss: 0.5079	P@10: 0.0896	R@10: 0.0448	MAP@10: 0.0343	NDCG@10: 0.0921	HR@10: 0.5792
2024-03-11 12:02:50,024:	Epoch 131/500:	Loss: 0.5086	P@10: 0.0887	R@10: 0.0444	MAP@10: 0.0348	NDCG@10: 0.0929	HR@10: 0.5863
2024-03-11 12:02:55,595:	Epoch 132/500:	Loss: 0.5070	P@10: 0.0831	R@10: 0.0415	MAP@10: 0.0322	NDCG@10: 0.0867	HR@10: 0.5546
2024-03-11 12:03:01,168:	Epoch 133/500:	Loss: 0.5083	P@10: 0.0915	R@10: 0.0458	MAP@10: 0.0345	NDCG@10: 0.0931	HR@10: 0.5915
2024-03-11 12:03:06,747:	Epoch 134/500:	Loss: 0.5037	P@10: 0.0863	R@10: 0.0431	MAP@10: 0.0321	NDCG@10: 0.0881	HR@10: 0.5739
2024-03-11 12:03:12,335:	Epoch 135/500:	Loss: 0.5094	P@10: 0.0884	R@10: 0.0442	MAP@10: 0.0350	NDCG@10: 0.0927	HR@10: 0.5669
2024-03-11 12:03:17,920:	Epoch 136/500:	Loss: 0.5095	P@10: 0.0873	R@10: 0.0437	MAP@10: 0.0333	NDCG@10: 0.0900	HR@10: 0.5810
2024-03-11 12:03:23,496:	Epoch 137/500:	Loss: 0.5050	P@10: 0.0856	R@10: 0.0428	MAP@10: 0.0329	NDCG@10: 0.0887	HR@10: 0.5792
2024-03-11 12:03:29,076:	Epoch 138/500:	Loss: 0.5073	P@10: 0.0900	R@10: 0.0450	MAP@10: 0.0324	NDCG@10: 0.0892	HR@10: 0.5933
2024-03-11 12:03:34,656:	Epoch 139/500:	Loss: 0.5090	P@10: 0.0870	R@10: 0.0435	MAP@10: 0.0332	NDCG@10: 0.0896	HR@10: 0.5757
2024-03-11 12:03:40,240:	Epoch 140/500:	Loss: 0.5091	P@10: 0.0831	R@10: 0.0415	MAP@10: 0.0321	NDCG@10: 0.0865	HR@10: 0.5599
2024-03-11 12:03:45,809:	Epoch 141/500:	Loss: 0.5030	P@10: 0.0915	R@10: 0.0458	MAP@10: 0.0329	NDCG@10: 0.0908	HR@10: 0.5915
2024-03-11 12:03:51,380:	Epoch 142/500:	Loss: 0.5053	P@10: 0.0893	R@10: 0.0446	MAP@10: 0.0313	NDCG@10: 0.0875	HR@10: 0.5863
2024-03-11 12:03:56,971:	Epoch 143/500:	Loss: 0.5093	P@10: 0.0915	R@10: 0.0458	MAP@10: 0.0344	NDCG@10: 0.0928	HR@10: 0.6004
2024-03-11 12:04:02,575:	Epoch 144/500:	Loss: 0.5064	P@10: 0.0822	R@10: 0.0411	MAP@10: 0.0312	NDCG@10: 0.0850	HR@10: 0.5599
2024-03-11 12:04:08,160:	Epoch 145/500:	Loss: 0.5112	P@10: 0.0803	R@10: 0.0401	MAP@10: 0.0316	NDCG@10: 0.0853	HR@10: 0.5616
2024-03-11 12:04:13,725:	Epoch 146/500:	Loss: 0.5031	P@10: 0.0873	R@10: 0.0437	MAP@10: 0.0332	NDCG@10: 0.0895	HR@10: 0.5669
2024-03-11 12:04:19,317:	Epoch 147/500:	Loss: 0.5056	P@10: 0.0886	R@10: 0.0443	MAP@10: 0.0301	NDCG@10: 0.0852	HR@10: 0.5757
2024-03-11 12:04:24,899:	Epoch 148/500:	Loss: 0.5064	P@10: 0.0889	R@10: 0.0445	MAP@10: 0.0344	NDCG@10: 0.0928	HR@10: 0.5915
2024-03-11 12:04:30,476:	Epoch 149/500:	Loss: 0.4997	P@10: 0.0877	R@10: 0.0438	MAP@10: 0.0351	NDCG@10: 0.0932	HR@10: 0.5863
2024-03-11 12:04:36,063:	Epoch 150/500:	Loss: 0.5007	P@10: 0.0880	R@10: 0.0440	MAP@10: 0.0324	NDCG@10: 0.0890	HR@10: 0.5827
2024-03-11 12:04:41,649:	Epoch 151/500:	Loss: 0.5056	P@10: 0.0894	R@10: 0.0447	MAP@10: 0.0338	NDCG@10: 0.0918	HR@10: 0.5880
2024-03-11 12:04:47,229:	Epoch 152/500:	Loss: 0.5068	P@10: 0.0861	R@10: 0.0430	MAP@10: 0.0328	NDCG@10: 0.0886	HR@10: 0.5722
2024-03-11 12:04:52,816:	Epoch 153/500:	Loss: 0.5010	P@10: 0.0907	R@10: 0.0453	MAP@10: 0.0347	NDCG@10: 0.0925	HR@10: 0.5775
2024-03-11 12:04:58,582:	Epoch 154/500:	Loss: 0.5027	P@10: 0.0873	R@10: 0.0437	MAP@10: 0.0344	NDCG@10: 0.0916	HR@10: 0.5810
2024-03-11 12:05:04,465:	Epoch 155/500:	Loss: 0.5108	P@10: 0.0921	R@10: 0.0460	MAP@10: 0.0327	NDCG@10: 0.0906	HR@10: 0.5986
2024-03-11 12:05:10,179:	Epoch 156/500:	Loss: 0.5006	P@10: 0.0815	R@10: 0.0408	MAP@10: 0.0329	NDCG@10: 0.0867	HR@10: 0.5440
2024-03-11 12:05:15,843:	Epoch 157/500:	Loss: 0.5038	P@10: 0.0835	R@10: 0.0417	MAP@10: 0.0331	NDCG@10: 0.0877	HR@10: 0.5493
2024-03-11 12:05:21,418:	Epoch 158/500:	Loss: 0.5042	P@10: 0.0824	R@10: 0.0412	MAP@10: 0.0328	NDCG@10: 0.0877	HR@10: 0.5546
2024-03-11 12:05:26,983:	Epoch 159/500:	Loss: 0.5050	P@10: 0.0856	R@10: 0.0428	MAP@10: 0.0334	NDCG@10: 0.0896	HR@10: 0.5739
2024-03-11 12:05:26,983:	Early stopping at epoch 159
