INFO:	main:	2024-03-11 11:12:28,501:	Outputs will be saved in: runs/run2
INFO:	main:	2024-03-11 11:12:28,501:	Using seed: 42
INFO:	main:	2024-03-11 11:12:28,501:	Using device: cuda
INFO:	main:	2024-03-11 11:12:28,501:	Commencing data collection for ml-100k
INFO:	dataloader:	2024-03-11 11:12:28,914:	Data preprocessing completed
INFO:	dataloader:	2024-03-11 11:12:28,914:	uid2locid_time: 568 
INFO:	dataloader:	2024-03-11 11:12:28,914:	locid2detail: 1439 
INFO:	dataloader:	2024-03-11 11:12:28,914:	node_num: 2012 
INFO:	dataloader:	2024-03-11 11:12:28,914:	relation_num: 4 
INFO:	dataloader:	2024-03-11 11:12:28,914:	user_num: 568 
INFO:	dataloader:	2024-03-11 11:12:28,914:	train_num: 4544 
INFO:	dataloader:	2024-03-11 11:12:28,914:	test_num: 568 
INFO:	dataloader:	2024-03-11 11:12:28,914:	train_set: (4544, 13) 
INFO:	dataloader:	2024-03-11 11:12:28,914:	test_set: (568, 10) 
INFO:	dataloader:	2024-03-11 11:12:28,914:	uid_list_: 568 
INFO:	dataloader:	2024-03-11 11:12:28,914:	u2v: 568 
INFO:	dataloader:	2024-03-11 11:12:28,914:	u2vc: 568 
INFO:	dataloader:	2024-03-11 11:12:28,914:	v2u: 1439 
INFO:	dataloader:	2024-03-11 11:12:28,914:	v2vc: 1439 
INFO:	main:	2024-03-11 11:12:28,915:	Commencing training for 500 epochs. Please follow Training Logger from here on.
INFO:	main:	2024-03-11 11:23:34,584:	Completed training for 500 epochs
INFO:	main:	2024-03-11 11:23:34,608:	Model saved at runs/run2/model.pth
INFO:	main:	2024-03-11 11:23:34,609:	Completed run 2
