2024-03-11 11:12:29,187:	Model:	CAGSRec with 2 variant
2024-03-11 11:12:29,187:	CAGSRec(
  (long_term_gnn): LongTermGNN(
    (conv_modulelist): ModuleList(
      (0-2): 3 x ImprovedGNNunit(32, 32, num_relations=4)
    )
  )
  (short_term_gnn): ShortTermGNN(
    (conv_modulelist): ModuleList(
      (0-2): 3 x ImprovedGNNunit(32, 32, num_relations=4)
    )
  )
  (temporal_seq_attn_layer): TemporalSequentialAttentionLayer_v2(
    (drop_layer): Dropout(p=0.1, inplace=False)
    (feedforward): Sequential(
      (0): Linear(in_features=192, out_features=192, bias=True)
      (1): LayerNorm((192,), eps=1e-08, elementwise_affine=True)
    )
  )
  (cross_attn_layer): CrossAttentionLayer_v2(
    (drop_layer): Dropout(p=0.1, inplace=False)
    (feedforward): Sequential(
      (0): Linear(in_features=192, out_features=192, bias=True)
      (1): LayerNorm((192,), eps=1e-08, elementwise_affine=True)
    )
  )
  (predict_emb_w): Embedding(1439, 192, padding_idx=0)
  (predict_emb_b): Embedding(1439, 1, padding_idx=0)
  (node_embeddings): Embedding(2012, 32, padding_idx=0)
)
2024-03-11 11:12:29,187:	Optimizer:	Adam with initial lr = 0.001, l2 = 0.0001
2024-03-11 11:12:29,187:	LR Scheduler:	LinearLR
2024-03-11 11:12:37,337:	Epoch 1/500:	Loss: 1.0128	P@10: 0.0827	R@10: 0.0414	MAP@10: 0.0334	NDCG@10: 0.0879	HR@10: 0.5651
2024-03-11 11:12:44,682:	Epoch 2/500:	Loss: 1.0201	P@10: 0.0371	R@10: 0.0186	MAP@10: 0.0139	NDCG@10: 0.0407	HR@10: 0.3187
2024-03-11 11:12:51,960:	Epoch 3/500:	Loss: 1.1874	P@10: 0.0634	R@10: 0.0317	MAP@10: 0.0237	NDCG@10: 0.0661	HR@10: 0.4577
2024-03-11 11:12:59,317:	Epoch 4/500:	Loss: 1.1366	P@10: 0.0607	R@10: 0.0304	MAP@10: 0.0201	NDCG@10: 0.0604	HR@10: 0.4630
2024-03-11 11:13:06,737:	Epoch 5/500:	Loss: 1.0416	P@10: 0.0579	R@10: 0.0290	MAP@10: 0.0167	NDCG@10: 0.0533	HR@10: 0.4401
2024-03-11 11:13:14,332:	Epoch 6/500:	Loss: 0.9587	P@10: 0.0644	R@10: 0.0322	MAP@10: 0.0182	NDCG@10: 0.0585	HR@10: 0.4824
2024-03-11 11:13:21,826:	Epoch 7/500:	Loss: 0.8771	P@10: 0.0826	R@10: 0.0413	MAP@10: 0.0343	NDCG@10: 0.0908	HR@10: 0.5757
2024-03-11 11:13:29,287:	Epoch 8/500:	Loss: 0.8632	P@10: 0.0741	R@10: 0.0371	MAP@10: 0.0288	NDCG@10: 0.0783	HR@10: 0.5317
2024-03-11 11:13:36,526:	Epoch 9/500:	Loss: 0.8523	P@10: 0.0857	R@10: 0.0429	MAP@10: 0.0320	NDCG@10: 0.0881	HR@10: 0.5915
2024-03-11 11:13:43,907:	Epoch 10/500:	Loss: 0.8287	P@10: 0.0819	R@10: 0.0409	MAP@10: 0.0312	NDCG@10: 0.0851	HR@10: 0.5704
2024-03-11 11:13:51,327:	Epoch 11/500:	Loss: 0.8045	P@10: 0.0871	R@10: 0.0436	MAP@10: 0.0305	NDCG@10: 0.0861	HR@10: 0.5722
2024-03-11 11:13:58,867:	Epoch 12/500:	Loss: 0.8022	P@10: 0.0882	R@10: 0.0441	MAP@10: 0.0342	NDCG@10: 0.0914	HR@10: 0.5704
2024-03-11 11:14:05,396:	Epoch 13/500:	Loss: 0.7817	P@10: 0.0944	R@10: 0.0472	MAP@10: 0.0382	NDCG@10: 0.1009	HR@10: 0.6268
2024-03-11 11:14:11,605:	Epoch 14/500:	Loss: 0.7714	P@10: 0.0792	R@10: 0.0396	MAP@10: 0.0310	NDCG@10: 0.0830	HR@10: 0.5405
2024-03-11 11:14:17,578:	Epoch 15/500:	Loss: 0.7513	P@10: 0.0739	R@10: 0.0370	MAP@10: 0.0271	NDCG@10: 0.0750	HR@10: 0.5141
2024-03-11 11:14:23,670:	Epoch 16/500:	Loss: 0.7402	P@10: 0.0900	R@10: 0.0450	MAP@10: 0.0342	NDCG@10: 0.0928	HR@10: 0.5951
2024-03-11 11:14:29,631:	Epoch 17/500:	Loss: 0.7283	P@10: 0.0799	R@10: 0.0400	MAP@10: 0.0273	NDCG@10: 0.0793	HR@10: 0.5669
2024-03-11 11:14:35,659:	Epoch 18/500:	Loss: 0.7134	P@10: 0.0917	R@10: 0.0459	MAP@10: 0.0344	NDCG@10: 0.0937	HR@10: 0.6092
2024-03-11 11:14:41,759:	Epoch 19/500:	Loss: 0.7022	P@10: 0.0926	R@10: 0.0463	MAP@10: 0.0377	NDCG@10: 0.0986	HR@10: 0.5933
2024-03-11 11:14:48,052:	Epoch 20/500:	Loss: 0.6870	P@10: 0.0801	R@10: 0.0401	MAP@10: 0.0312	NDCG@10: 0.0841	HR@10: 0.5352
2024-03-11 11:14:53,907:	Epoch 21/500:	Loss: 0.6782	P@10: 0.0887	R@10: 0.0444	MAP@10: 0.0333	NDCG@10: 0.0905	HR@10: 0.5722
2024-03-11 11:14:59,903:	Epoch 22/500:	Loss: 0.6741	P@10: 0.0956	R@10: 0.0478	MAP@10: 0.0380	NDCG@10: 0.1005	HR@10: 0.6162
2024-03-11 11:15:05,779:	Epoch 23/500:	Loss: 0.6640	P@10: 0.1000	R@10: 0.0500	MAP@10: 0.0395	NDCG@10: 0.1045	HR@10: 0.6250
2024-03-11 11:15:11,770:	Epoch 24/500:	Loss: 0.6535	P@10: 0.0954	R@10: 0.0477	MAP@10: 0.0383	NDCG@10: 0.1010	HR@10: 0.6109
2024-03-11 11:15:17,606:	Epoch 25/500:	Loss: 0.6528	P@10: 0.0893	R@10: 0.0446	MAP@10: 0.0347	NDCG@10: 0.0935	HR@10: 0.5968
2024-03-11 11:15:23,599:	Epoch 26/500:	Loss: 0.6482	P@10: 0.0870	R@10: 0.0435	MAP@10: 0.0336	NDCG@10: 0.0909	HR@10: 0.5915
2024-03-11 11:15:29,451:	Epoch 27/500:	Loss: 0.6359	P@10: 0.0859	R@10: 0.0430	MAP@10: 0.0341	NDCG@10: 0.0913	HR@10: 0.5845
2024-03-11 11:15:35,439:	Epoch 28/500:	Loss: 0.6346	P@10: 0.0968	R@10: 0.0484	MAP@10: 0.0387	NDCG@10: 0.1020	HR@10: 0.6092
2024-03-11 11:15:41,279:	Epoch 29/500:	Loss: 0.6313	P@10: 0.0900	R@10: 0.0450	MAP@10: 0.0348	NDCG@10: 0.0938	HR@10: 0.5880
2024-03-11 11:15:47,292:	Epoch 30/500:	Loss: 0.6218	P@10: 0.0951	R@10: 0.0475	MAP@10: 0.0373	NDCG@10: 0.0993	HR@10: 0.5986
2024-03-11 11:15:53,129:	Epoch 31/500:	Loss: 0.6170	P@10: 0.0926	R@10: 0.0463	MAP@10: 0.0354	NDCG@10: 0.0951	HR@10: 0.6092
2024-03-11 11:15:59,121:	Epoch 32/500:	Loss: 0.6197	P@10: 0.0836	R@10: 0.0418	MAP@10: 0.0303	NDCG@10: 0.0844	HR@10: 0.5599
2024-03-11 11:16:04,983:	Epoch 33/500:	Loss: 0.6076	P@10: 0.0942	R@10: 0.0471	MAP@10: 0.0347	NDCG@10: 0.0949	HR@10: 0.6039
2024-03-11 11:16:10,974:	Epoch 34/500:	Loss: 0.6003	P@10: 0.0926	R@10: 0.0463	MAP@10: 0.0342	NDCG@10: 0.0940	HR@10: 0.6021
2024-03-11 11:16:16,815:	Epoch 35/500:	Loss: 0.6098	P@10: 0.0831	R@10: 0.0415	MAP@10: 0.0325	NDCG@10: 0.0877	HR@10: 0.5651
2024-03-11 11:16:22,801:	Epoch 36/500:	Loss: 0.5962	P@10: 0.0877	R@10: 0.0438	MAP@10: 0.0344	NDCG@10: 0.0921	HR@10: 0.5880
2024-03-11 11:16:28,650:	Epoch 37/500:	Loss: 0.6059	P@10: 0.0827	R@10: 0.0414	MAP@10: 0.0313	NDCG@10: 0.0864	HR@10: 0.5810
2024-03-11 11:16:34,663:	Epoch 38/500:	Loss: 0.5922	P@10: 0.0907	R@10: 0.0453	MAP@10: 0.0360	NDCG@10: 0.0949	HR@10: 0.5880
2024-03-11 11:16:40,519:	Epoch 39/500:	Loss: 0.5984	P@10: 0.0850	R@10: 0.0425	MAP@10: 0.0346	NDCG@10: 0.0900	HR@10: 0.5546
2024-03-11 11:16:46,508:	Epoch 40/500:	Loss: 0.5920	P@10: 0.0947	R@10: 0.0474	MAP@10: 0.0339	NDCG@10: 0.0939	HR@10: 0.6021
2024-03-11 11:16:52,364:	Epoch 41/500:	Loss: 0.5919	P@10: 0.0861	R@10: 0.0430	MAP@10: 0.0327	NDCG@10: 0.0883	HR@10: 0.5563
2024-03-11 11:16:58,356:	Epoch 42/500:	Loss: 0.5940	P@10: 0.0854	R@10: 0.0427	MAP@10: 0.0321	NDCG@10: 0.0870	HR@10: 0.5651
2024-03-11 11:17:04,195:	Epoch 43/500:	Loss: 0.5842	P@10: 0.0894	R@10: 0.0447	MAP@10: 0.0341	NDCG@10: 0.0922	HR@10: 0.5669
2024-03-11 11:17:10,193:	Epoch 44/500:	Loss: 0.5818	P@10: 0.0857	R@10: 0.0429	MAP@10: 0.0332	NDCG@10: 0.0888	HR@10: 0.5634
2024-03-11 11:17:16,038:	Epoch 45/500:	Loss: 0.5818	P@10: 0.0796	R@10: 0.0398	MAP@10: 0.0296	NDCG@10: 0.0812	HR@10: 0.5387
2024-03-11 11:17:22,044:	Epoch 46/500:	Loss: 0.5758	P@10: 0.0896	R@10: 0.0448	MAP@10: 0.0319	NDCG@10: 0.0882	HR@10: 0.5775
2024-03-11 11:17:27,877:	Epoch 47/500:	Loss: 0.5703	P@10: 0.0894	R@10: 0.0447	MAP@10: 0.0353	NDCG@10: 0.0946	HR@10: 0.6021
2024-03-11 11:17:34,136:	Epoch 48/500:	Loss: 0.5681	P@10: 0.0907	R@10: 0.0453	MAP@10: 0.0337	NDCG@10: 0.0923	HR@10: 0.5915
2024-03-11 11:17:40,202:	Epoch 49/500:	Loss: 0.5693	P@10: 0.0854	R@10: 0.0427	MAP@10: 0.0325	NDCG@10: 0.0884	HR@10: 0.5739
2024-03-11 11:17:46,192:	Epoch 50/500:	Loss: 0.5649	P@10: 0.0937	R@10: 0.0468	MAP@10: 0.0324	NDCG@10: 0.0917	HR@10: 0.6127
2024-03-11 11:17:52,036:	Epoch 51/500:	Loss: 0.5677	P@10: 0.0919	R@10: 0.0460	MAP@10: 0.0337	NDCG@10: 0.0923	HR@10: 0.5898
2024-03-11 11:17:58,025:	Epoch 52/500:	Loss: 0.5681	P@10: 0.0778	R@10: 0.0389	MAP@10: 0.0262	NDCG@10: 0.0762	HR@10: 0.5458
2024-03-11 11:18:03,888:	Epoch 53/500:	Loss: 0.5621	P@10: 0.0796	R@10: 0.0398	MAP@10: 0.0261	NDCG@10: 0.0767	HR@10: 0.5511
2024-03-11 11:18:09,885:	Epoch 54/500:	Loss: 0.5572	P@10: 0.0857	R@10: 0.0429	MAP@10: 0.0335	NDCG@10: 0.0901	HR@10: 0.5687
2024-03-11 11:18:15,755:	Epoch 55/500:	Loss: 0.5589	P@10: 0.0917	R@10: 0.0459	MAP@10: 0.0362	NDCG@10: 0.0969	HR@10: 0.6162
2024-03-11 11:18:21,804:	Epoch 56/500:	Loss: 0.5618	P@10: 0.0820	R@10: 0.0410	MAP@10: 0.0326	NDCG@10: 0.0874	HR@10: 0.5704
2024-03-11 11:18:27,776:	Epoch 57/500:	Loss: 0.5628	P@10: 0.0831	R@10: 0.0415	MAP@10: 0.0325	NDCG@10: 0.0877	HR@10: 0.5687
2024-03-11 11:18:33,901:	Epoch 58/500:	Loss: 0.5641	P@10: 0.0886	R@10: 0.0443	MAP@10: 0.0325	NDCG@10: 0.0900	HR@10: 0.5915
2024-03-11 11:18:39,880:	Epoch 59/500:	Loss: 0.5522	P@10: 0.0901	R@10: 0.0451	MAP@10: 0.0342	NDCG@10: 0.0926	HR@10: 0.5933
2024-03-11 11:18:45,998:	Epoch 60/500:	Loss: 0.5534	P@10: 0.0935	R@10: 0.0467	MAP@10: 0.0343	NDCG@10: 0.0939	HR@10: 0.6039
2024-03-11 11:18:51,977:	Epoch 61/500:	Loss: 0.5553	P@10: 0.0893	R@10: 0.0446	MAP@10: 0.0354	NDCG@10: 0.0942	HR@10: 0.5951
2024-03-11 11:18:58,099:	Epoch 62/500:	Loss: 0.5529	P@10: 0.0942	R@10: 0.0471	MAP@10: 0.0350	NDCG@10: 0.0952	HR@10: 0.6197
2024-03-11 11:19:04,083:	Epoch 63/500:	Loss: 0.5503	P@10: 0.0842	R@10: 0.0421	MAP@10: 0.0327	NDCG@10: 0.0877	HR@10: 0.5616
2024-03-11 11:19:10,207:	Epoch 64/500:	Loss: 0.5549	P@10: 0.0870	R@10: 0.0435	MAP@10: 0.0336	NDCG@10: 0.0900	HR@10: 0.5810
2024-03-11 11:19:16,394:	Epoch 65/500:	Loss: 0.5493	P@10: 0.0931	R@10: 0.0466	MAP@10: 0.0352	NDCG@10: 0.0952	HR@10: 0.5986
2024-03-11 11:19:22,557:	Epoch 66/500:	Loss: 0.5450	P@10: 0.0887	R@10: 0.0444	MAP@10: 0.0336	NDCG@10: 0.0909	HR@10: 0.5845
2024-03-11 11:19:28,530:	Epoch 67/500:	Loss: 0.5469	P@10: 0.0886	R@10: 0.0443	MAP@10: 0.0335	NDCG@10: 0.0904	HR@10: 0.5792
2024-03-11 11:19:34,667:	Epoch 68/500:	Loss: 0.5456	P@10: 0.0901	R@10: 0.0451	MAP@10: 0.0296	NDCG@10: 0.0851	HR@10: 0.5933
2024-03-11 11:19:40,657:	Epoch 69/500:	Loss: 0.5466	P@10: 0.0900	R@10: 0.0450	MAP@10: 0.0347	NDCG@10: 0.0941	HR@10: 0.6092
2024-03-11 11:19:46,761:	Epoch 70/500:	Loss: 0.5438	P@10: 0.0813	R@10: 0.0407	MAP@10: 0.0315	NDCG@10: 0.0860	HR@10: 0.5651
2024-03-11 11:19:52,753:	Epoch 71/500:	Loss: 0.5454	P@10: 0.0856	R@10: 0.0428	MAP@10: 0.0338	NDCG@10: 0.0908	HR@10: 0.5739
2024-03-11 11:19:58,897:	Epoch 72/500:	Loss: 0.5402	P@10: 0.0810	R@10: 0.0405	MAP@10: 0.0303	NDCG@10: 0.0832	HR@10: 0.5511
2024-03-11 11:20:04,908:	Epoch 73/500:	Loss: 0.5422	P@10: 0.0868	R@10: 0.0434	MAP@10: 0.0318	NDCG@10: 0.0884	HR@10: 0.5968
2024-03-11 11:20:11,029:	Epoch 74/500:	Loss: 0.5406	P@10: 0.0856	R@10: 0.0428	MAP@10: 0.0321	NDCG@10: 0.0880	HR@10: 0.5827
2024-03-11 11:20:17,106:	Epoch 75/500:	Loss: 0.5366	P@10: 0.0886	R@10: 0.0443	MAP@10: 0.0334	NDCG@10: 0.0912	HR@10: 0.5898
2024-03-11 11:20:23,309:	Epoch 76/500:	Loss: 0.5386	P@10: 0.0866	R@10: 0.0433	MAP@10: 0.0321	NDCG@10: 0.0876	HR@10: 0.5739
2024-03-11 11:20:29,267:	Epoch 77/500:	Loss: 0.5318	P@10: 0.0887	R@10: 0.0444	MAP@10: 0.0343	NDCG@10: 0.0919	HR@10: 0.5792
2024-03-11 11:20:35,425:	Epoch 78/500:	Loss: 0.5371	P@10: 0.0921	R@10: 0.0460	MAP@10: 0.0359	NDCG@10: 0.0948	HR@10: 0.5775
2024-03-11 11:20:41,398:	Epoch 79/500:	Loss: 0.5311	P@10: 0.0908	R@10: 0.0454	MAP@10: 0.0357	NDCG@10: 0.0949	HR@10: 0.5951
2024-03-11 11:20:47,536:	Epoch 80/500:	Loss: 0.5312	P@10: 0.0866	R@10: 0.0433	MAP@10: 0.0346	NDCG@10: 0.0921	HR@10: 0.5775
2024-03-11 11:20:53,525:	Epoch 81/500:	Loss: 0.5295	P@10: 0.0852	R@10: 0.0426	MAP@10: 0.0350	NDCG@10: 0.0919	HR@10: 0.5704
2024-03-11 11:20:59,670:	Epoch 82/500:	Loss: 0.5335	P@10: 0.0827	R@10: 0.0414	MAP@10: 0.0317	NDCG@10: 0.0854	HR@10: 0.5616
2024-03-11 11:21:05,659:	Epoch 83/500:	Loss: 0.5314	P@10: 0.0850	R@10: 0.0425	MAP@10: 0.0334	NDCG@10: 0.0883	HR@10: 0.5458
2024-03-11 11:21:11,781:	Epoch 84/500:	Loss: 0.5323	P@10: 0.0919	R@10: 0.0460	MAP@10: 0.0355	NDCG@10: 0.0944	HR@10: 0.5827
2024-03-11 11:21:17,941:	Epoch 85/500:	Loss: 0.5294	P@10: 0.0905	R@10: 0.0452	MAP@10: 0.0360	NDCG@10: 0.0949	HR@10: 0.5792
2024-03-11 11:21:24,081:	Epoch 86/500:	Loss: 0.5308	P@10: 0.0857	R@10: 0.0429	MAP@10: 0.0350	NDCG@10: 0.0919	HR@10: 0.5669
2024-03-11 11:21:30,097:	Epoch 87/500:	Loss: 0.5308	P@10: 0.0854	R@10: 0.0427	MAP@10: 0.0328	NDCG@10: 0.0886	HR@10: 0.5651
2024-03-11 11:21:36,325:	Epoch 88/500:	Loss: 0.5356	P@10: 0.0838	R@10: 0.0419	MAP@10: 0.0322	NDCG@10: 0.0872	HR@10: 0.5563
2024-03-11 11:21:42,310:	Epoch 89/500:	Loss: 0.5303	P@10: 0.0901	R@10: 0.0451	MAP@10: 0.0348	NDCG@10: 0.0930	HR@10: 0.5827
2024-03-11 11:21:48,446:	Epoch 90/500:	Loss: 0.5230	P@10: 0.0924	R@10: 0.0462	MAP@10: 0.0350	NDCG@10: 0.0939	HR@10: 0.5880
2024-03-11 11:21:54,672:	Epoch 91/500:	Loss: 0.5288	P@10: 0.0982	R@10: 0.0491	MAP@10: 0.0367	NDCG@10: 0.0982	HR@10: 0.6109
2024-03-11 11:22:01,198:	Epoch 92/500:	Loss: 0.5347	P@10: 0.0870	R@10: 0.0435	MAP@10: 0.0344	NDCG@10: 0.0910	HR@10: 0.5704
2024-03-11 11:22:07,172:	Epoch 93/500:	Loss: 0.5230	P@10: 0.0879	R@10: 0.0439	MAP@10: 0.0337	NDCG@10: 0.0912	HR@10: 0.5863
2024-03-11 11:22:13,291:	Epoch 94/500:	Loss: 0.5249	P@10: 0.0887	R@10: 0.0444	MAP@10: 0.0351	NDCG@10: 0.0939	HR@10: 0.5827
2024-03-11 11:22:19,377:	Epoch 95/500:	Loss: 0.5326	P@10: 0.0810	R@10: 0.0405	MAP@10: 0.0328	NDCG@10: 0.0883	HR@10: 0.5634
2024-03-11 11:22:25,486:	Epoch 96/500:	Loss: 0.5298	P@10: 0.0914	R@10: 0.0457	MAP@10: 0.0340	NDCG@10: 0.0931	HR@10: 0.5898
2024-03-11 11:22:31,473:	Epoch 97/500:	Loss: 0.5181	P@10: 0.0866	R@10: 0.0433	MAP@10: 0.0338	NDCG@10: 0.0903	HR@10: 0.5687
2024-03-11 11:22:37,572:	Epoch 98/500:	Loss: 0.5262	P@10: 0.0843	R@10: 0.0422	MAP@10: 0.0313	NDCG@10: 0.0856	HR@10: 0.5792
2024-03-11 11:22:43,580:	Epoch 99/500:	Loss: 0.5202	P@10: 0.0912	R@10: 0.0456	MAP@10: 0.0294	NDCG@10: 0.0847	HR@10: 0.5863
2024-03-11 11:22:49,918:	Epoch 100/500:	Loss: 0.5280	P@10: 0.0827	R@10: 0.0414	MAP@10: 0.0319	NDCG@10: 0.0861	HR@10: 0.5546
2024-03-11 11:22:56,089:	Epoch 101/500:	Loss: 0.5231	P@10: 0.0852	R@10: 0.0426	MAP@10: 0.0342	NDCG@10: 0.0909	HR@10: 0.5775
2024-03-11 11:23:02,266:	Epoch 102/500:	Loss: 0.5219	P@10: 0.0945	R@10: 0.0473	MAP@10: 0.0358	NDCG@10: 0.0963	HR@10: 0.6074
2024-03-11 11:23:08,233:	Epoch 103/500:	Loss: 0.5187	P@10: 0.0886	R@10: 0.0443	MAP@10: 0.0334	NDCG@10: 0.0910	HR@10: 0.5933
2024-03-11 11:23:14,590:	Epoch 104/500:	Loss: 0.5188	P@10: 0.0935	R@10: 0.0467	MAP@10: 0.0326	NDCG@10: 0.0916	HR@10: 0.6109
2024-03-11 11:23:20,791:	Epoch 105/500:	Loss: 0.5203	P@10: 0.0850	R@10: 0.0425	MAP@10: 0.0310	NDCG@10: 0.0863	HR@10: 0.5880
2024-03-11 11:23:26,920:	Epoch 106/500:	Loss: 0.5210	P@10: 0.0930	R@10: 0.0465	MAP@10: 0.0351	NDCG@10: 0.0944	HR@10: 0.6056
2024-03-11 11:23:32,915:	Epoch 107/500:	Loss: 0.5229	P@10: 0.0949	R@10: 0.0474	MAP@10: 0.0361	NDCG@10: 0.0969	HR@10: 0.6021
2024-03-11 11:23:32,915:	Early stopping at epoch 107
