[STATUS] Running train.py with arguments: Namespace(file_path='/home/FYP/siddhant005/fyp/data/processed/ml-100k/', out_path='/home/FYP/siddhant005/fyp/src/out/tmp/', L=11, H=3, epoch_num=100, topk=20, batch_size=256, learning_rate=0.001, l2=0.001, neg_samples=3, sets_of_neg_samples=50, dim=30, conv_layer_num=3, adj_dropout=0, num_bases=2, verbose=True)
====================================================================================================
[INFO] device: cuda 
====================================================================================================
[STATUS] Data preprocessing completed
[INFO] uid2locid_time: 563 
[INFO] locid2detail: 1442 
[INFO] node_num: 2010 
[INFO] relation_num: 6 
[INFO] user_num: 563 
[INFO] train_num: 3941 
[INFO] test_num: 563 
[INFO] train_set: (3941, 14) 
[INFO] test_set: (563, 11) 
[INFO] uid_list_: 563 
[INFO] u2v: 563 
[INFO] u2vc: 563 
[INFO] v2u: 1442 
[INFO] v2vc: 1442 
====================================================================================================
[STATUS] Commencing training for RetaGNN
Epoch [1/100]:	Precision@10: 0.0840	Recall@10:  0.0420	MAP@10: 0.0332	NDCG@10: 0.0894
Epoch [2/100]:	Precision@10: 0.0940	Recall@10:  0.0470	MAP@10: 0.0357	NDCG@10: 0.0967
Epoch [3/100]:	Precision@10: 0.0854	Recall@10:  0.0427	MAP@10: 0.0340	NDCG@10: 0.0910
Epoch [4/100]:	Precision@10: 0.0957	Recall@10:  0.0479	MAP@10: 0.0360	NDCG@10: 0.0975
Epoch [5/100]:	Precision@10: 0.0897	Recall@10:  0.0448	MAP@10: 0.0349	NDCG@10: 0.0942
Epoch [6/100]:	Precision@10: 0.0851	Recall@10:  0.0425	MAP@10: 0.0335	NDCG@10: 0.0905
Epoch [7/100]:	Precision@10: 0.0972	Recall@10:  0.0486	MAP@10: 0.0388	NDCG@10: 0.1011
Epoch [8/100]:	Precision@10: 0.0964	Recall@10:  0.0482	MAP@10: 0.0383	NDCG@10: 0.1010
Epoch [9/100]:	Precision@10: 0.0931	Recall@10:  0.0465	MAP@10: 0.0385	NDCG@10: 0.0999
Epoch [10/100]:	Precision@10: 0.0956	Recall@10:  0.0478	MAP@10: 0.0387	NDCG@10: 0.1006
Epoch [11/100]:	Precision@10: 0.0961	Recall@10:  0.0480	MAP@10: 0.0389	NDCG@10: 0.1005
Epoch [12/100]:	Precision@10: 0.0828	Recall@10:  0.0414	MAP@10: 0.0327	NDCG@10: 0.0879
Epoch [13/100]:	Precision@10: 0.0790	Recall@10:  0.0395	MAP@10: 0.0318	NDCG@10: 0.0857
Epoch [14/100]:	Precision@10: 0.0748	Recall@10:  0.0374	MAP@10: 0.0320	NDCG@10: 0.0843
Epoch [15/100]:	Precision@10: 0.0917	Recall@10:  0.0458	MAP@10: 0.0346	NDCG@10: 0.0932
Epoch [16/100]:	Precision@10: 0.0915	Recall@10:  0.0457	MAP@10: 0.0325	NDCG@10: 0.0900
Epoch [17/100]:	Precision@10: 0.0934	Recall@10:  0.0467	MAP@10: 0.0332	NDCG@10: 0.0921
Epoch [18/100]:	Precision@10: 0.0913	Recall@10:  0.0456	MAP@10: 0.0331	NDCG@10: 0.0908
Epoch [19/100]:	Precision@10: 0.0861	Recall@10:  0.0431	MAP@10: 0.0334	NDCG@10: 0.0902
Epoch [20/100]:	Precision@10: 0.0822	Recall@10:  0.0411	MAP@10: 0.0330	NDCG@10: 0.0885
Epoch [21/100]:	Precision@10: 0.0872	Recall@10:  0.0436	MAP@10: 0.0342	NDCG@10: 0.0924
Epoch [22/100]:	Precision@10: 0.0899	Recall@10:  0.0449	MAP@10: 0.0354	NDCG@10: 0.0952
Epoch [23/100]:	Precision@10: 0.0940	Recall@10:  0.0470	MAP@10: 0.0328	NDCG@10: 0.0923
Epoch [24/100]:	Precision@10: 0.0872	Recall@10:  0.0436	MAP@10: 0.0326	NDCG@10: 0.0896
Epoch [25/100]:	Precision@10: 0.0845	Recall@10:  0.0423	MAP@10: 0.0315	NDCG@10: 0.0874
Epoch [26/100]:	Precision@10: 0.0860	Recall@10:  0.0430	MAP@10: 0.0334	NDCG@10: 0.0903
Epoch [27/100]:	Precision@10: 0.0845	Recall@10:  0.0423	MAP@10: 0.0322	NDCG@10: 0.0881
Epoch [28/100]:	Precision@10: 0.0833	Recall@10:  0.0417	MAP@10: 0.0326	NDCG@10: 0.0877
Epoch [29/100]:	Precision@10: 0.0854	Recall@10:  0.0427	MAP@10: 0.0337	NDCG@10: 0.0901
Epoch [30/100]:	Precision@10: 0.0888	Recall@10:  0.0444	MAP@10: 0.0348	NDCG@10: 0.0929
Epoch [31/100]:	Precision@10: 0.0861	Recall@10:  0.0431	MAP@10: 0.0341	NDCG@10: 0.0913
Epoch [32/100]:	Precision@10: 0.0870	Recall@10:  0.0435	MAP@10: 0.0343	NDCG@10: 0.0932
Epoch [33/100]:	Precision@10: 0.0886	Recall@10:  0.0443	MAP@10: 0.0350	NDCG@10: 0.0948
Epoch [34/100]:	Precision@10: 0.0885	Recall@10:  0.0442	MAP@10: 0.0359	NDCG@10: 0.0954
Epoch [35/100]:	Precision@10: 0.0924	Recall@10:  0.0462	MAP@10: 0.0358	NDCG@10: 0.0971
Epoch [36/100]:	Precision@10: 0.0895	Recall@10:  0.0448	MAP@10: 0.0343	NDCG@10: 0.0941
Epoch [37/100]:	Precision@10: 0.0824	Recall@10:  0.0412	MAP@10: 0.0305	NDCG@10: 0.0862
Epoch [38/100]:	Precision@10: 0.0861	Recall@10:  0.0431	MAP@10: 0.0322	NDCG@10: 0.0891
Epoch [39/100]:	Precision@10: 0.0815	Recall@10:  0.0408	MAP@10: 0.0312	NDCG@10: 0.0841
Epoch [40/100]:	Precision@10: 0.0817	Recall@10:  0.0409	MAP@10: 0.0305	NDCG@10: 0.0840
Epoch [41/100]:	Precision@10: 0.0792	Recall@10:  0.0396	MAP@10: 0.0291	NDCG@10: 0.0817
Epoch [42/100]:	Precision@10: 0.0840	Recall@10:  0.0420	MAP@10: 0.0320	NDCG@10: 0.0887
Epoch [43/100]:	Precision@10: 0.0893	Recall@10:  0.0447	MAP@10: 0.0332	NDCG@10: 0.0908
Epoch [44/100]:	Precision@10: 0.0885	Recall@10:  0.0442	MAP@10: 0.0339	NDCG@10: 0.0919
Epoch [45/100]:	Precision@10: 0.0819	Recall@10:  0.0409	MAP@10: 0.0307	NDCG@10: 0.0850
Epoch [46/100]:	Precision@10: 0.0833	Recall@10:  0.0417	MAP@10: 0.0297	NDCG@10: 0.0843
Epoch [47/100]:	Precision@10: 0.0778	Recall@10:  0.0389	MAP@10: 0.0303	NDCG@10: 0.0830
Epoch [48/100]:	Precision@10: 0.0808	Recall@10:  0.0404	MAP@10: 0.0304	NDCG@10: 0.0848
Epoch [49/100]:	Precision@10: 0.0776	Recall@10:  0.0388	MAP@10: 0.0283	NDCG@10: 0.0798
Epoch [50/100]:	Precision@10: 0.0813	Recall@10:  0.0407	MAP@10: 0.0287	NDCG@10: 0.0808
Epoch [51/100]:	Precision@10: 0.0782	Recall@10:  0.0391	MAP@10: 0.0288	NDCG@10: 0.0805
Epoch [52/100]:	Precision@10: 0.0837	Recall@10:  0.0418	MAP@10: 0.0324	NDCG@10: 0.0887
Epoch [53/100]:	Precision@10: 0.0842	Recall@10:  0.0421	MAP@10: 0.0336	NDCG@10: 0.0895
Epoch [54/100]:	Precision@10: 0.0810	Recall@10:  0.0405	MAP@10: 0.0320	NDCG@10: 0.0868
Epoch [55/100]:	Precision@10: 0.0835	Recall@10:  0.0417	MAP@10: 0.0332	NDCG@10: 0.0895
Epoch [56/100]:	Precision@10: 0.0826	Recall@10:  0.0413	MAP@10: 0.0326	NDCG@10: 0.0881
Epoch [57/100]:	Precision@10: 0.0849	Recall@10:  0.0425	MAP@10: 0.0340	NDCG@10: 0.0909
Epoch [58/100]:	Precision@10: 0.0838	Recall@10:  0.0419	MAP@10: 0.0307	NDCG@10: 0.0860
Epoch [59/100]:	Precision@10: 0.0812	Recall@10:  0.0406	MAP@10: 0.0289	NDCG@10: 0.0817
Epoch [60/100]:	Precision@10: 0.0799	Recall@10:  0.0400	MAP@10: 0.0283	NDCG@10: 0.0809
Epoch [61/100]:	Precision@10: 0.0835	Recall@10:  0.0417	MAP@10: 0.0285	NDCG@10: 0.0830
Epoch [62/100]:	Precision@10: 0.0808	Recall@10:  0.0404	MAP@10: 0.0299	NDCG@10: 0.0835
Epoch [63/100]:	Precision@10: 0.0860	Recall@10:  0.0430	MAP@10: 0.0326	NDCG@10: 0.0900
Epoch [64/100]:	Precision@10: 0.0867	Recall@10:  0.0433	MAP@10: 0.0345	NDCG@10: 0.0933
Epoch [65/100]:	Precision@10: 0.0869	Recall@10:  0.0434	MAP@10: 0.0343	NDCG@10: 0.0933
Epoch [66/100]:	Precision@10: 0.0876	Recall@10:  0.0438	MAP@10: 0.0344	NDCG@10: 0.0931
Epoch [67/100]:	Precision@10: 0.0854	Recall@10:  0.0427	MAP@10: 0.0326	NDCG@10: 0.0903
Epoch [68/100]:	Precision@10: 0.0826	Recall@10:  0.0413	MAP@10: 0.0300	NDCG@10: 0.0855
Epoch [69/100]:	Precision@10: 0.0755	Recall@10:  0.0377	MAP@10: 0.0273	NDCG@10: 0.0785
Epoch [70/100]:	Precision@10: 0.0744	Recall@10:  0.0372	MAP@10: 0.0285	NDCG@10: 0.0791
Epoch [71/100]:	Precision@10: 0.0799	Recall@10:  0.0400	MAP@10: 0.0281	NDCG@10: 0.0798
Epoch [72/100]:	Precision@10: 0.0831	Recall@10:  0.0416	MAP@10: 0.0290	NDCG@10: 0.0824
Epoch [73/100]:	Precision@10: 0.0819	Recall@10:  0.0409	MAP@10: 0.0323	NDCG@10: 0.0878
Epoch [74/100]:	Precision@10: 0.0822	Recall@10:  0.0411	MAP@10: 0.0317	NDCG@10: 0.0874
Epoch [75/100]:	Precision@10: 0.0853	Recall@10:  0.0426	MAP@10: 0.0321	NDCG@10: 0.0898
Epoch [76/100]:	Precision@10: 0.0778	Recall@10:  0.0389	MAP@10: 0.0286	NDCG@10: 0.0812
Epoch [77/100]:	Precision@10: 0.0851	Recall@10:  0.0425	MAP@10: 0.0303	NDCG@10: 0.0857
Epoch [78/100]:	Precision@10: 0.0840	Recall@10:  0.0420	MAP@10: 0.0308	NDCG@10: 0.0857
Epoch [79/100]:	Precision@10: 0.0803	Recall@10:  0.0401	MAP@10: 0.0298	NDCG@10: 0.0830
Epoch [80/100]:	Precision@10: 0.0785	Recall@10:  0.0393	MAP@10: 0.0282	NDCG@10: 0.0802
Epoch [81/100]:	Precision@10: 0.0796	Recall@10:  0.0398	MAP@10: 0.0293	NDCG@10: 0.0819
Epoch [82/100]:	Precision@10: 0.0805	Recall@10:  0.0402	MAP@10: 0.0305	NDCG@10: 0.0850
Epoch [83/100]:	Precision@10: 0.0796	Recall@10:  0.0398	MAP@10: 0.0280	NDCG@10: 0.0796
Epoch [84/100]:	Precision@10: 0.0815	Recall@10:  0.0408	MAP@10: 0.0286	NDCG@10: 0.0816
Epoch [85/100]:	Precision@10: 0.0831	Recall@10:  0.0416	MAP@10: 0.0299	NDCG@10: 0.0842
Epoch [86/100]:	Precision@10: 0.0863	Recall@10:  0.0432	MAP@10: 0.0321	NDCG@10: 0.0887
Epoch [87/100]:	Precision@10: 0.0847	Recall@10:  0.0424	MAP@10: 0.0322	NDCG@10: 0.0885
Epoch [88/100]:	Precision@10: 0.0863	Recall@10:  0.0432	MAP@10: 0.0337	NDCG@10: 0.0910
Epoch [89/100]:	Precision@10: 0.0844	Recall@10:  0.0422	MAP@10: 0.0336	NDCG@10: 0.0900
Epoch [90/100]:	Precision@10: 0.0837	Recall@10:  0.0418	MAP@10: 0.0321	NDCG@10: 0.0877
Epoch [91/100]:	Precision@10: 0.0792	Recall@10:  0.0396	MAP@10: 0.0308	NDCG@10: 0.0836
Epoch [92/100]:	Precision@10: 0.0787	Recall@10:  0.0393	MAP@10: 0.0307	NDCG@10: 0.0838
Epoch [93/100]:	Precision@10: 0.0835	Recall@10:  0.0417	MAP@10: 0.0321	NDCG@10: 0.0877
Epoch [94/100]:	Precision@10: 0.0819	Recall@10:  0.0409	MAP@10: 0.0312	NDCG@10: 0.0859
Epoch [95/100]:	Precision@10: 0.0858	Recall@10:  0.0429	MAP@10: 0.0335	NDCG@10: 0.0908
Epoch [96/100]:	Precision@10: 0.0851	Recall@10:  0.0425	MAP@10: 0.0334	NDCG@10: 0.0902
Epoch [97/100]:	Precision@10: 0.0881	Recall@10:  0.0440	MAP@10: 0.0326	NDCG@10: 0.0902
Epoch [98/100]:	Precision@10: 0.0829	Recall@10:  0.0415	MAP@10: 0.0334	NDCG@10: 0.0890
Epoch [99/100]:	Precision@10: 0.0860	Recall@10:  0.0430	MAP@10: 0.0337	NDCG@10: 0.0908
Epoch [100/100]:	Precision@10: 0.0860	Recall@10:  0.0430	MAP@10: 0.0341	NDCG@10: 0.0915
====================================================================================================
[STATUS] Training completed successfully
