2024-03-22 16:03:08,002	root	INFO	Namespace(data='Digital_Music', bs=150, prefix='', n_degree=20, n_head=2, n_epoch=120, n_layer=2, lr=0.01, drop_out=0.3, reg=0.3, gpu=0, node_dim=8, time_dim=8, agg_method='attn', attn_mode='map', time='time', uniform=True, new_node=False, samplerate=1, popnegsample=False, timepopnegsample=True, negsampleeval=1000, disencomponents=1)
2024-03-22 16:03:08,060	root	INFO	#interactions in train: 51765
2024-03-22 16:03:08,063	root	INFO	#interactions in valid:2183 
2024-03-22 16:03:08,065	root	INFO	#interaction in test: 984
2024-03-22 16:03:08,540	root	INFO	number of nodes: 9109
2024-03-22 16:03:08,540	root	INFO	number of nodes: 9109
2024-03-22 16:03:08,563	model	INFO	Aggregation uses attention model
2024-03-22 16:03:08,564	model	INFO	Using map based attention
2024-03-22 16:03:08,565	model	INFO	Using map based attention
2024-03-22 16:03:08,567	model	INFO	Using map based attention
2024-03-22 16:03:08,567	model	INFO	Using map based attention
2024-03-22 16:03:08,567	model	INFO	Using time encoding
2024-03-22 16:03:09,727	root	INFO	num of training instances: 51765
2024-03-22 16:03:09,727	root	INFO	num of batches per epoch: 346
2024-03-22 16:03:09,728	result	INFO	Epoch, Train Loss, Train AP, Train F1, Val AP, Val F1, Test AP, Test F1, Test AUC
2024-03-22 16:03:09,728	root	INFO	Running epoch 1
2024-03-22 16:03:10,382	root	INFO		Batch: 1/346 done
2024-03-22 16:03:26,055	root	INFO		Batch: 70/346 done
2024-03-22 16:03:42,823	root	INFO		Batch: 139/346 done
2024-03-22 16:03:59,549	root	INFO		Batch: 208/346 done
2024-03-22 16:04:20,212	root	INFO		Batch: 277/346 done
2024-03-22 16:04:41,146	root	INFO		Batch: 346/346 done
2024-03-22 16:04:50,431	result	INFO	1, 1.2417, 0.6981, 0.6323, 0.6664, 0.5561, 0.5485, 0.0000, 0.4997
2024-03-22 16:04:50,467	root	INFO	Running epoch 2
2024-03-22 16:04:50,648	root	INFO		Batch: 1/346 done
2024-03-22 16:05:07,070	root	INFO		Batch: 70/346 done
2024-03-22 16:05:25,232	root	INFO		Batch: 139/346 done
2024-03-22 16:05:44,412	root	INFO		Batch: 208/346 done
2024-03-22 16:06:04,062	root	INFO		Batch: 277/346 done
2024-03-22 16:06:23,928	root	INFO		Batch: 346/346 done
2024-03-22 16:06:32,498	result	INFO	2, 1.2110, 0.7497, 0.6486, 0.6568, 0.5989, 0.5789, 0.3973, 0.5526
2024-03-22 16:06:32,500	root	INFO	Running epoch 3
2024-03-22 16:06:32,688	root	INFO		Batch: 1/346 done
2024-03-22 16:06:48,759	root	INFO		Batch: 70/346 done
2024-03-22 16:07:07,308	root	INFO		Batch: 139/346 done
2024-03-22 16:07:25,810	root	INFO		Batch: 208/346 done
2024-03-22 16:07:45,621	root	INFO		Batch: 277/346 done
2024-03-22 16:08:05,498	root	INFO		Batch: 346/346 done
2024-03-22 16:08:14,387	result	INFO	3, 1.1877, 0.7611, 0.6881, 0.6540, 0.5188, 0.6129, 0.4140, 0.5896
2024-03-22 16:08:14,388	root	INFO	Running epoch 4
2024-03-22 16:08:14,543	root	INFO		Batch: 1/346 done
2024-03-22 16:08:30,399	root	INFO		Batch: 70/346 done
2024-03-22 16:08:48,845	root	INFO		Batch: 139/346 done
2024-03-22 16:09:08,033	root	INFO		Batch: 208/346 done
2024-03-22 16:09:27,483	root	INFO		Batch: 277/346 done
2024-03-22 16:09:48,056	root	INFO		Batch: 346/346 done
2024-03-22 16:09:56,760	result	INFO	4, 1.1756, 0.7646, 0.6793, 0.5933, 0.4188, 0.5971, 0.6112, 0.5804
2024-03-22 16:09:56,762	root	INFO	Running epoch 5
2024-03-22 16:09:56,924	root	INFO		Batch: 1/346 done
2024-03-22 16:10:12,953	root	INFO		Batch: 70/346 done
2024-03-22 16:10:30,359	root	INFO		Batch: 139/346 done
2024-03-22 16:10:49,806	root	INFO		Batch: 208/346 done
2024-03-22 16:11:09,625	root	INFO		Batch: 277/346 done
2024-03-22 16:11:29,814	root	INFO		Batch: 346/346 done
2024-03-22 16:11:38,431	result	INFO	5, 1.1634, 0.7616, 0.6956, 0.6321, 0.5426, 0.6114, 0.5269, 0.5800
2024-03-22 16:11:38,432	root	INFO	Running epoch 6
2024-03-22 16:11:38,604	root	INFO		Batch: 1/346 done
2024-03-22 16:11:54,658	root	INFO		Batch: 70/346 done
2024-03-22 16:12:13,114	root	INFO		Batch: 139/346 done
2024-03-22 16:12:32,539	root	INFO		Batch: 208/346 done
2024-03-22 16:12:52,487	root	INFO		Batch: 277/346 done
2024-03-22 16:13:12,429	root	INFO		Batch: 346/346 done
2024-03-22 16:13:21,235	result	INFO	6, 1.1589, 0.7504, 0.7049, 0.6215, 0.5704, 0.5979, 0.6079, 0.5709
2024-03-22 16:13:21,237	root	INFO	Running epoch 7
2024-03-22 16:13:21,404	root	INFO		Batch: 1/346 done
2024-03-22 16:13:36,869	root	INFO		Batch: 70/346 done
2024-03-22 16:13:55,007	root	INFO		Batch: 139/346 done
2024-03-22 16:14:14,110	root	INFO		Batch: 208/346 done
2024-03-22 16:14:34,092	root	INFO		Batch: 277/346 done
2024-03-22 16:14:54,291	root	INFO		Batch: 346/346 done
2024-03-22 16:15:03,152	result	INFO	7, 1.1543, 0.7565, 0.6971, 0.6404, 0.5727, 0.6077, 0.5664, 0.5715
2024-03-22 16:15:03,153	root	INFO	Running epoch 8
2024-03-22 16:15:03,311	root	INFO		Batch: 1/346 done
2024-03-22 16:15:19,212	root	INFO		Batch: 70/346 done
2024-03-22 16:15:37,533	root	INFO		Batch: 139/346 done
2024-03-22 16:15:56,848	root	INFO		Batch: 208/346 done
2024-03-22 16:16:16,865	root	INFO		Batch: 277/346 done
2024-03-22 16:16:37,125	root	INFO		Batch: 346/346 done
2024-03-22 16:16:46,044	result	INFO	8, 1.1483, 0.7690, 0.7078, 0.6416, 0.5734, 0.6052, 0.5268, 0.5690
2024-03-22 16:16:46,045	root	INFO	Running epoch 9
2024-03-22 16:16:46,209	root	INFO		Batch: 1/346 done
2024-03-22 16:17:01,789	root	INFO		Batch: 70/346 done
2024-03-22 16:17:20,068	root	INFO		Batch: 139/346 done
2024-03-22 16:17:39,389	root	INFO		Batch: 208/346 done
2024-03-22 16:17:59,629	root	INFO		Batch: 277/346 done
2024-03-22 16:18:19,608	root	INFO		Batch: 346/346 done
2024-03-22 16:18:28,883	result	INFO	9, 1.1471, 0.7466, 0.6959, 0.6338, 0.5616, 0.6007, 0.5564, 0.5562
2024-03-22 16:18:28,886	root	INFO	Running epoch 10
2024-03-22 16:18:29,048	root	INFO		Batch: 1/346 done
2024-03-22 16:18:45,027	root	INFO		Batch: 70/346 done
2024-03-22 16:19:03,276	root	INFO		Batch: 139/346 done
2024-03-22 16:19:22,461	root	INFO		Batch: 208/346 done
2024-03-22 16:19:42,162	root	INFO		Batch: 277/346 done
2024-03-22 16:20:01,418	root	INFO		Batch: 346/346 done
2024-03-22 16:20:09,977	result	INFO	10, 1.1411, 0.7784, 0.7071, 0.6165, 0.4737, 0.5707, 0.5482, 0.5285
2024-03-22 16:20:09,979	root	INFO	Running epoch 11
2024-03-22 16:20:10,153	root	INFO		Batch: 1/346 done
2024-03-22 16:20:26,020	root	INFO		Batch: 70/346 done
2024-03-22 16:20:44,628	root	INFO		Batch: 139/346 done
2024-03-22 16:21:03,847	root	INFO		Batch: 208/346 done
2024-03-22 16:21:24,058	root	INFO		Batch: 277/346 done
2024-03-22 16:21:44,008	root	INFO		Batch: 346/346 done
2024-03-22 16:21:53,238	result	INFO	11, 1.1423, 0.7447, 0.6592, 0.6408, 0.4742, 0.5828, 0.1975, 0.5459
2024-03-22 16:21:53,240	root	INFO	Running epoch 12
2024-03-22 16:21:53,440	root	INFO		Batch: 1/346 done
2024-03-22 16:22:09,452	root	INFO		Batch: 70/346 done
2024-03-22 16:22:28,019	root	INFO		Batch: 139/346 done
2024-03-22 16:22:47,368	root	INFO		Batch: 208/346 done
2024-03-22 16:23:07,119	root	INFO		Batch: 277/346 done
2024-03-22 16:23:26,755	root	INFO		Batch: 346/346 done
2024-03-22 16:23:35,536	result	INFO	12, 1.1383, 0.7815, 0.6788, 0.6442, 0.4877, 0.5623, 0.2397, 0.5182
2024-03-22 16:23:35,541	root	INFO	Running epoch 13
2024-03-22 16:23:35,714	root	INFO		Batch: 1/346 done
2024-03-22 16:23:51,743	root	INFO		Batch: 70/346 done
2024-03-22 16:24:10,125	root	INFO		Batch: 139/346 done
2024-03-22 16:24:29,507	root	INFO		Batch: 208/346 done
2024-03-22 16:24:49,445	root	INFO		Batch: 277/346 done
2024-03-22 16:25:09,435	root	INFO		Batch: 346/346 done
2024-03-22 16:25:18,461	result	INFO	13, 1.1342, 0.7859, 0.6909, 0.6310, 0.4788, 0.5619, 0.2350, 0.5256
2024-03-22 16:25:18,463	root	INFO	Running epoch 14
2024-03-22 16:25:18,631	root	INFO		Batch: 1/346 done
2024-03-22 16:25:34,539	root	INFO		Batch: 70/346 done
2024-03-22 16:25:53,007	root	INFO		Batch: 139/346 done
2024-03-22 16:26:11,966	root	INFO		Batch: 208/346 done
2024-03-22 16:26:30,900	root	INFO		Batch: 277/346 done
2024-03-22 16:26:50,800	root	INFO		Batch: 346/346 done
2024-03-22 16:26:59,247	result	INFO	14, 1.1300, 0.7912, 0.6920, 0.6344, 0.4640, 0.5672, 0.2168, 0.5270
2024-03-22 16:26:59,248	root	INFO	Running epoch 15
2024-03-22 16:26:59,395	root	INFO		Batch: 1/346 done
2024-03-22 16:27:15,451	root	INFO		Batch: 70/346 done
2024-03-22 16:27:33,893	root	INFO		Batch: 139/346 done
2024-03-22 16:27:52,926	root	INFO		Batch: 208/346 done
2024-03-22 16:28:12,980	root	INFO		Batch: 277/346 done
2024-03-22 16:28:32,921	root	INFO		Batch: 346/346 done
2024-03-22 16:28:41,691	result	INFO	15, 1.1260, 0.7934, 0.6930, 0.6296, 0.4565, 0.5642, 0.1962, 0.5266
2024-03-22 16:28:41,692	root	INFO	Running epoch 16
2024-03-22 16:28:41,872	root	INFO		Batch: 1/346 done
2024-03-22 16:28:58,040	root	INFO		Batch: 70/346 done
2024-03-22 16:29:16,510	root	INFO		Batch: 139/346 done
2024-03-22 16:29:34,977	root	INFO		Batch: 208/346 done
2024-03-22 16:29:54,411	root	INFO		Batch: 277/346 done
2024-03-22 16:30:14,495	root	INFO		Batch: 346/346 done
2024-03-22 16:30:23,738	result	INFO	16, 1.1221, 0.7940, 0.6962, 0.6354, 0.4399, 0.5528, 0.1435, 0.5212
2024-03-22 16:30:23,739	root	INFO	Running epoch 17
2024-03-22 16:30:23,915	root	INFO		Batch: 1/346 done
2024-03-22 16:30:39,952	root	INFO		Batch: 70/346 done
2024-03-22 16:30:58,468	root	INFO		Batch: 139/346 done
2024-03-22 16:31:17,406	root	INFO		Batch: 208/346 done
2024-03-22 16:31:37,282	root	INFO		Batch: 277/346 done
2024-03-22 16:31:57,365	root	INFO		Batch: 346/346 done
2024-03-22 16:32:05,979	result	INFO	17, 1.1183, 0.7973, 0.6947, 0.6358, 0.4192, 0.5454, 0.0906, 0.5159
2024-03-22 16:32:05,981	root	INFO	Running epoch 18
2024-03-22 16:32:06,158	root	INFO		Batch: 1/346 done
2024-03-22 16:32:22,046	root	INFO		Batch: 70/346 done
2024-03-22 16:32:40,526	root	INFO		Batch: 139/346 done
2024-03-22 16:32:58,908	root	INFO		Batch: 208/346 done
2024-03-22 16:33:18,715	root	INFO		Batch: 277/346 done
2024-03-22 16:33:38,845	root	INFO		Batch: 346/346 done
2024-03-22 16:33:47,146	result	INFO	18, 1.1149, 0.7978, 0.6917, 0.6293, 0.3997, 0.5250, 0.0000, 0.5108
2024-03-22 16:33:47,147	root	INFO	Running epoch 19
2024-03-22 16:33:47,301	root	INFO		Batch: 1/346 done
2024-03-22 16:34:03,296	root	INFO		Batch: 70/346 done
2024-03-22 16:34:22,136	root	INFO		Batch: 139/346 done
2024-03-22 16:34:41,410	root	INFO		Batch: 208/346 done
2024-03-22 16:35:01,295	root	INFO		Batch: 277/346 done
2024-03-22 16:35:21,490	root	INFO		Batch: 346/346 done
2024-03-22 16:35:30,690	result	INFO	19, 1.1114, 0.8008, 0.6949, 0.6266, 0.3892, 0.5079, 0.0000, 0.5005
2024-03-22 16:35:30,691	root	INFO	Running epoch 20
2024-03-22 16:35:30,859	root	INFO		Batch: 1/346 done
2024-03-22 16:35:46,986	root	INFO		Batch: 70/346 done
2024-03-22 16:36:04,375	root	INFO		Batch: 139/346 done
2024-03-22 16:36:23,865	root	INFO		Batch: 208/346 done
2024-03-22 16:36:43,788	root	INFO		Batch: 277/346 done
2024-03-22 16:37:03,746	root	INFO		Batch: 346/346 done
2024-03-22 16:37:12,202	result	INFO	20, 1.1080, 0.8016, 0.6983, 0.6400, 0.3934, 0.5260, 0.0000, 0.5197
2024-03-22 16:37:12,204	root	INFO	Running epoch 21
2024-03-22 16:37:12,373	root	INFO		Batch: 1/346 done
2024-03-22 16:37:28,264	root	INFO		Batch: 70/346 done
2024-03-22 16:37:46,689	root	INFO		Batch: 139/346 done
2024-03-22 16:38:05,970	root	INFO		Batch: 208/346 done
2024-03-22 16:38:25,809	root	INFO		Batch: 277/346 done
2024-03-22 16:38:45,587	root	INFO		Batch: 346/346 done
2024-03-22 16:38:54,383	result	INFO	21, 1.1067, 0.7921, 0.6753, 0.6406, 0.4701, 0.5257, 0.0000, 0.5186
2024-03-22 16:38:54,384	root	INFO	Running epoch 22
2024-03-22 16:38:54,571	root	INFO		Batch: 1/346 done
2024-03-22 16:39:10,192	root	INFO		Batch: 70/346 done
2024-03-22 16:39:28,221	root	INFO		Batch: 139/346 done
2024-03-22 16:39:47,486	root	INFO		Batch: 208/346 done
2024-03-22 16:40:07,186	root	INFO		Batch: 277/346 done
2024-03-22 16:40:26,955	root	INFO		Batch: 346/346 done
2024-03-22 16:40:36,167	result	INFO	22, 1.1052, 0.7973, 0.6835, 0.6425, 0.4696, 0.5134, 0.0000, 0.5053
2024-03-22 16:40:36,168	root	INFO	Running epoch 23
2024-03-22 16:40:36,336	root	INFO		Batch: 1/346 done
2024-03-22 16:40:52,358	root	INFO		Batch: 70/346 done
2024-03-22 16:41:11,031	root	INFO		Batch: 139/346 done
2024-03-22 16:41:30,718	root	INFO		Batch: 208/346 done
2024-03-22 16:41:50,810	root	INFO		Batch: 277/346 done
2024-03-22 16:42:11,146	root	INFO		Batch: 346/346 done
2024-03-22 16:42:20,197	result	INFO	23, 1.1035, 0.8016, 0.6874, 0.6340, 0.4801, 0.5110, 0.0000, 0.5010
2024-03-22 16:42:20,199	root	INFO	Running epoch 24
2024-03-22 16:42:20,363	root	INFO		Batch: 1/346 done
2024-03-22 16:42:35,996	root	INFO		Batch: 70/346 done
2024-03-22 16:42:54,286	root	INFO		Batch: 139/346 done
2024-03-22 16:43:13,798	root	INFO		Batch: 208/346 done
2024-03-22 16:43:34,827	root	INFO		Batch: 277/346 done
2024-03-22 16:43:58,728	root	INFO		Batch: 346/346 done
2024-03-22 16:44:07,705	result	INFO	24, 1.1019, 0.8015, 0.6873, 0.6449, 0.4877, 0.5137, 0.0000, 0.5055
2024-03-22 16:44:07,707	root	INFO	Running epoch 25
2024-03-22 16:44:07,930	root	INFO		Batch: 1/346 done
2024-03-22 16:44:27,748	root	INFO		Batch: 70/346 done
2024-03-22 16:44:50,434	root	INFO		Batch: 139/346 done
2024-03-22 16:45:13,841	root	INFO		Batch: 208/346 done
2024-03-22 16:45:37,881	root	INFO		Batch: 277/346 done
2024-03-22 16:46:01,379	root	INFO		Batch: 346/346 done
2024-03-22 16:46:10,535	result	INFO	25, 1.1005, 0.8004, 0.6866, 0.6481, 0.4861, 0.5119, 0.0000, 0.4985
2024-03-22 16:46:10,536	root	INFO	Running epoch 26
2024-03-22 16:46:10,757	root	INFO		Batch: 1/346 done
2024-03-22 16:46:30,679	root	INFO		Batch: 70/346 done
2024-03-22 16:46:53,096	root	INFO		Batch: 139/346 done
2024-03-22 16:47:16,322	root	INFO		Batch: 208/346 done
2024-03-22 16:47:40,416	root	INFO		Batch: 277/346 done
2024-03-22 16:48:04,733	root	INFO		Batch: 346/346 done
2024-03-22 16:48:13,611	result	INFO	26, 1.0990, 0.8041, 0.6889, 0.6581, 0.4884, 0.5157, 0.0000, 0.5036
2024-03-22 16:48:13,612	root	INFO	Running epoch 27
2024-03-22 16:48:13,850	root	INFO		Batch: 1/346 done
2024-03-22 16:48:33,637	root	INFO		Batch: 70/346 done
2024-03-22 16:48:55,963	root	INFO		Batch: 139/346 done
2024-03-22 16:49:14,765	root	INFO		Batch: 208/346 done
2024-03-22 16:49:37,111	root	INFO		Batch: 277/346 done
2024-03-22 16:50:01,155	root	INFO		Batch: 346/346 done
2024-03-22 16:50:09,613	result	INFO	27, 1.0974, 0.8051, 0.6908, 0.6489, 0.4887, 0.5223, 0.0000, 0.5092
2024-03-22 16:50:09,619	root	INFO	early stop triggered, break
2024-03-22 16:50:09,619	root	INFO	best epoch: 1, best test ap: 0.6129
2024-03-22 16:50:09,619	root	INFO	saving the last model
2024-03-22 16:50:09,653	root	INFO	model saved
2024-03-22 16:50:09,653	root	INFO	commencing final evaluation and test
2024-03-22 16:50:10,352	root	INFO	evaluating user 264
2024-03-22 16:50:11,280	root	INFO	evaluating user 74
2024-03-22 16:50:12,310	root	INFO	evaluating user 216
2024-03-22 16:50:13,340	root	INFO	evaluating user 2072
2024-03-22 16:50:14,377	root	INFO	evaluating user 3860
2024-03-22 16:50:15,482	root	INFO	evaluating user 1169
2024-03-22 16:50:16,525	root	INFO	evaluating user 1993
2024-03-22 16:50:17,596	root	INFO	evaluating user 2370
2024-03-22 16:50:18,703	root	INFO	evaluating user 1370
2024-03-22 16:50:19,690	root	INFO	evaluating user 1852
2024-03-22 16:50:20,715	root	INFO	evaluating user 4742
2024-03-22 16:50:21,724	root	INFO	evaluating user 3016
2024-03-22 16:50:22,783	root	INFO	evaluating user 1979
2024-03-22 16:50:23,822	root	INFO	evaluating user 1938
2024-03-22 16:50:24,566	root	INFO	evaluating user 3211
2024-03-22 16:50:25,594	root	INFO	evaluating user 885
2024-03-22 16:50:26,639	root	INFO	evaluating user 1059
2024-03-22 16:50:27,668	root	INFO	evaluating user 885
2024-03-22 16:50:28,725	root	INFO	evaluating user 2633
2024-03-22 16:50:29,739	root	INFO	evaluating user 703
2024-03-22 16:50:30,851	root	INFO	evaluating user 199
2024-03-22 16:50:31,872	root	INFO	evaluating user 1861
2024-03-22 16:50:32,922	root	INFO	evaluating user 1948
2024-03-22 16:50:33,854	root	INFO	evaluating user 1948
2024-03-22 16:50:34,822	root	INFO	evaluating user 63
2024-03-22 16:50:35,906	root	INFO	evaluating user 1948
2024-03-22 16:50:36,858	root	INFO	evaluating user 951
2024-03-22 16:50:37,846	root	INFO	evaluating user 1948
2024-03-22 16:50:38,860	root	INFO	evaluating user 2110
2024-03-22 16:50:39,922	root	INFO	evaluating user 1886
2024-03-22 16:50:40,968	root	INFO	evaluating user 1886
2024-03-22 16:50:42,015	root	INFO	evaluating user 773
2024-03-22 16:50:43,052	root	INFO	evaluating user 992
2024-03-22 16:50:43,999	root	INFO	evaluating user 1512
2024-03-22 16:50:45,095	root	INFO	evaluating user 1395
2024-03-22 16:50:46,124	root	INFO	evaluating user 1712
2024-03-22 16:50:47,194	root	INFO	evaluating user 1979
2024-03-22 16:50:48,223	root	INFO	evaluating user 950
2024-03-22 16:50:49,180	root	INFO	evaluating user 1795
2024-03-22 16:50:50,224	root	INFO	evaluating user 87
2024-03-22 16:50:51,345	root	INFO	evaluating user 1072
2024-03-22 16:50:52,458	root	INFO	evaluating user 594
2024-03-22 16:50:53,548	root	INFO	evaluating user 78
2024-03-22 16:50:54,653	root	INFO	evaluating user 216
2024-03-22 16:50:55,715	root	INFO	evaluating user 1059
2024-03-22 16:50:56,759	root	INFO	evaluating user 216
2024-03-22 16:50:57,901	root	INFO	evaluating user 2856
2024-03-22 16:50:58,937	root	INFO	evaluating user 1488
2024-03-22 16:50:59,958	root	INFO	evaluating user 2192
2024-03-22 16:51:00,979	root	INFO	evaluating user 1999
2024-03-22 16:51:02,014	root	INFO	evaluating user 2052
2024-03-22 16:51:03,049	root	INFO	evaluating user 67
2024-03-22 16:51:04,106	root	INFO	evaluating user 2052
2024-03-22 16:51:05,129	root	INFO	evaluating user 2126
2024-03-22 16:51:06,158	root	INFO	evaluating user 1169
2024-03-22 16:51:07,149	root	INFO	evaluating user 1570
2024-03-22 16:51:08,300	root	INFO	evaluating user 1568
2024-03-22 16:51:09,378	root	INFO	evaluating user 3942
2024-03-22 16:51:10,414	root	INFO	evaluating user 502
2024-03-22 16:51:11,442	root	INFO	evaluating user 87
2024-03-22 16:51:12,504	root	INFO	evaluating user 216
2024-03-22 16:51:13,515	root	INFO	evaluating user 1110
2024-03-22 16:51:14,545	root	INFO	evaluating user 1529
2024-03-22 16:51:15,560	root	INFO	evaluating user 12
2024-03-22 16:51:16,604	root	INFO	evaluating user 1721
2024-03-22 16:51:17,626	root	INFO	evaluating user 92
2024-03-22 16:51:18,657	root	INFO	evaluating user 951
2024-03-22 16:51:19,633	root	INFO	evaluating user 951
2024-03-22 16:51:20,625	root	INFO	evaluating user 221
2024-03-22 16:51:21,681	root	INFO	evaluating user 3943
2024-03-22 16:51:22,807	root	INFO	evaluating user 812
2024-03-22 16:51:23,742	root	INFO	evaluating user 951
2024-03-22 16:51:24,792	root	INFO	evaluating user 3060
2024-03-22 16:51:25,487	root	INFO	evaluating user 1999
2024-03-22 16:51:26,523	root	INFO	evaluating user 2054
2024-03-22 16:51:27,595	root	INFO	evaluating user 695
2024-03-22 16:51:28,626	root	INFO	evaluating user 2230
2024-03-22 16:51:29,585	root	INFO	evaluating user 864
2024-03-22 16:51:30,701	root	INFO	evaluating user 864
2024-03-22 16:51:31,719	root	INFO	evaluating user 78
2024-03-22 16:51:32,768	root	INFO	evaluating user 864
2024-03-22 16:51:33,916	root	INFO	evaluating user 1076
2024-03-22 16:51:34,923	root	INFO	evaluating user 864
2024-03-22 16:51:35,959	root	INFO	evaluating user 1072
2024-03-22 16:51:36,997	root	INFO	evaluating user 1117
2024-03-22 16:51:37,961	root	INFO	evaluating user 3060
2024-03-22 16:51:39,005	root	INFO	evaluating user 1572
2024-03-22 16:51:40,151	root	INFO	evaluating user 2006
2024-03-22 16:51:41,233	root	INFO	evaluating user 221
2024-03-22 16:51:42,224	root	INFO	evaluating user 87
2024-03-22 16:51:43,255	root	INFO	evaluating user 1619
2024-03-22 16:51:44,328	root	INFO	evaluating user 1619
2024-03-22 16:51:45,447	root	INFO	evaluating user 1619
2024-03-22 16:51:46,543	root	INFO	evaluating user 1619
2024-03-22 16:51:47,637	root	INFO	evaluating user 1619
2024-03-22 16:51:48,712	root	INFO	evaluating user 3249
2024-03-22 16:51:49,764	root	INFO	evaluating user 951
2024-03-22 16:51:50,830	root	INFO	evaluating user 2110
2024-03-22 16:51:51,891	root	INFO	evaluating user 53
2024-03-22 16:51:52,922	root	INFO	evaluating user 767
2024-03-22 16:51:54,025	root	INFO	evaluating user 864
2024-03-22 16:51:55,059	root	INFO	evaluating user 864
2024-03-22 16:51:56,098	root	INFO	evaluating user 954
2024-03-22 16:51:57,132	root	INFO	evaluating user 1395
2024-03-22 16:51:58,224	root	INFO	evaluating user 951
2024-03-22 16:51:59,222	root	INFO	evaluating user 951
2024-03-22 16:52:00,225	root	INFO	evaluating user 2175
2024-03-22 16:52:01,249	root	INFO	evaluating user 2175
2024-03-22 16:52:02,296	root	INFO	evaluating user 3057
2024-03-22 16:52:03,003	root	INFO	evaluating user 3057
2024-03-22 16:52:03,686	root	INFO	evaluating user 3057
2024-03-22 16:52:04,389	root	INFO	evaluating user 3057
2024-03-22 16:52:05,096	root	INFO	evaluating user 4289
2024-03-22 16:52:06,194	root	INFO	evaluating user 1059
2024-03-22 16:52:07,274	root	INFO	evaluating user 87
2024-03-22 16:52:08,281	root	INFO	evaluating user 87
2024-03-22 16:52:09,258	root	INFO	evaluating user 53
2024-03-22 16:52:10,214	root	INFO	evaluating user 53
2024-03-22 16:52:11,196	root	INFO	evaluating user 913
2024-03-22 16:52:12,172	root	INFO	evaluating user 2192
2024-03-22 16:52:13,132	root	INFO	evaluating user 1483
2024-03-22 16:52:14,077	root	INFO	evaluating user 737
2024-03-22 16:52:15,052	root	INFO	evaluating user 3218
2024-03-22 16:52:15,983	root	INFO	evaluating user 951
2024-03-22 16:52:17,010	root	INFO	evaluating user 67
2024-03-22 16:52:18,118	root	INFO	evaluating user 864
2024-03-22 16:52:19,183	root	INFO	evaluating user 874
2024-03-22 16:52:20,207	root	INFO	evaluating user 3234
2024-03-22 16:52:20,949	root	INFO	evaluating user 3234
2024-03-22 16:52:21,646	root	INFO	evaluating user 2158
2024-03-22 16:52:22,596	root	INFO	evaluating user 1987
2024-03-22 16:52:23,753	root	INFO	evaluating user 2072
2024-03-22 16:52:24,880	root	INFO	evaluating user 1987
2024-03-22 16:52:25,977	root	INFO	evaluating user 2356
2024-03-22 16:52:27,153	root	INFO	evaluating user 463
2024-03-22 16:52:28,171	root	INFO	evaluating user 1999
2024-03-22 16:52:29,227	root	INFO	evaluating user 951
2024-03-22 16:52:30,230	root	INFO	evaluating user 4142
2024-03-22 16:52:31,287	root	INFO	evaluating user 1331
2024-03-22 16:52:32,314	root	INFO	evaluating user 1483
2024-03-22 16:52:33,355	root	INFO	evaluating user 972
2024-03-22 16:52:34,399	root	INFO	evaluating user 87
2024-03-22 16:52:35,421	root	INFO	evaluating user 862
2024-03-22 16:52:36,489	root	INFO	evaluating user 5141
2024-03-22 16:52:37,321	root	INFO	evaluating user 874
2024-03-22 16:52:38,351	root	INFO	evaluating user 87
2024-03-22 16:52:39,463	root	INFO	evaluating user 615
2024-03-22 16:52:40,491	root	INFO	evaluating user 1795
2024-03-22 16:52:41,603	root	INFO	evaluating user 1795
2024-03-22 16:52:42,624	root	INFO	evaluating user 3232
2024-03-22 16:52:43,683	root	INFO	evaluating user 874
2024-03-22 16:52:44,692	root	INFO	evaluating user 74
2024-03-22 16:52:45,733	root	INFO	evaluating user 491
2024-03-22 16:52:46,750	root	INFO	evaluating user 203
2024-03-22 16:52:47,807	root	INFO	evaluating user 2181
2024-03-22 16:52:48,850	root	INFO	evaluating user 261
2024-03-22 16:52:49,899	root	INFO	evaluating user 615
2024-03-22 16:52:50,927	root	INFO	evaluating user 2356
2024-03-22 16:52:51,984	root	INFO	evaluating user 216
2024-03-22 16:52:53,054	root	INFO	evaluating user 78
2024-03-22 16:52:54,206	root	INFO	evaluating user 2250
2024-03-22 16:52:55,230	root	INFO	evaluating user 1703
2024-03-22 16:52:56,253	root	INFO	evaluating user 216
2024-03-22 16:52:57,312	root	INFO	evaluating user 199
2024-03-22 16:52:58,411	root	INFO	evaluating user 53
2024-03-22 16:52:59,431	root	INFO	evaluating user 78
2024-03-22 16:53:00,470	root	INFO	evaluating user 87
2024-03-22 16:53:01,494	root	INFO	evaluating user 67
2024-03-22 16:53:02,538	root	INFO	evaluating user 1353
2024-03-22 16:53:03,649	root	INFO	evaluating user 193
2024-03-22 16:53:04,714	root	INFO	evaluating user 2691
2024-03-22 16:53:05,529	root	INFO	evaluating user 1072
2024-03-22 16:53:06,586	root	INFO	evaluating user 333
2024-03-22 16:53:07,586	root	INFO	evaluating user 87
2024-03-22 16:53:08,734	root	INFO	evaluating user 2629
2024-03-22 16:53:09,803	root	INFO	evaluating user 882
2024-03-22 16:53:10,897	root	INFO	evaluating user 78
2024-03-22 16:53:11,923	root	INFO	evaluating user 491
2024-03-22 16:53:12,927	root	INFO	evaluating user 87
2024-03-22 16:53:13,974	root	INFO	evaluating user 840
2024-03-22 16:53:15,027	root	INFO	evaluating user 87
2024-03-22 16:53:16,044	root	INFO	evaluating user 232
2024-03-22 16:53:17,091	root	INFO	evaluating user 216
2024-03-22 16:53:18,128	root	INFO	evaluating user 1852
2024-03-22 16:53:19,272	root	INFO	evaluating user 1059
2024-03-22 16:53:20,326	root	INFO	evaluating user 78
2024-03-22 16:53:21,368	root	INFO	evaluating user 1076
2024-03-22 16:53:22,324	root	INFO	evaluating user 261
2024-03-22 16:53:23,384	root	INFO	evaluating user 1263
2024-03-22 16:53:24,306	root	INFO	evaluating user 265
2024-03-22 16:53:25,346	root	INFO	evaluating user 3232
2024-03-22 16:53:26,311	root	INFO	evaluating user 1072
2024-03-22 16:53:27,306	root	INFO	evaluating user 2550
2024-03-22 16:53:28,395	root	INFO	evaluating user 1483
2024-03-22 16:53:29,429	root	INFO	evaluating user 862
2024-03-22 16:53:30,491	root	INFO	evaluating user 67
2024-03-22 16:53:31,582	root	INFO	evaluating user 4847
2024-03-22 16:53:32,607	root	INFO	evaluating user 67
2024-03-22 16:53:33,673	root	INFO	evaluating user 3939
2024-03-22 16:53:34,705	root	INFO	evaluating user 98
2024-03-22 16:53:35,714	root	INFO	evaluating user 723
2024-03-22 16:53:36,744	root	INFO	evaluating user 1999
2024-03-22 16:53:37,849	root	INFO	evaluating user 78
2024-03-22 16:53:38,979	root	INFO	evaluating user 98
2024-03-22 16:53:40,038	root	INFO	evaluating user 723
2024-03-22 16:53:41,056	root	INFO	evaluating user 1347
2024-03-22 16:53:42,112	root	INFO	evaluating user 491
2024-03-22 16:53:43,142	root	INFO	evaluating user 1711
2024-03-22 16:53:44,225	root	INFO	evaluating user 3484
2024-03-22 16:53:45,002	root	INFO	evaluating user 2382
2024-03-22 16:53:46,129	root	INFO	evaluating user 3939
2024-03-22 16:53:47,102	root	INFO	evaluating user 180
2024-03-22 16:53:48,156	root	INFO	evaluating user 98
2024-03-22 16:53:49,187	root	INFO	evaluating user 1059
2024-03-22 16:53:50,243	root	INFO	evaluating user 2251
2024-03-22 16:53:51,347	root	INFO	evaluating user 4345
2024-03-22 16:53:52,404	root	INFO	evaluating user 87
2024-03-22 16:53:53,431	root	INFO	evaluating user 2790
2024-03-22 16:53:54,481	root	INFO	evaluating user 3901
2024-03-22 16:53:55,149	root	INFO	evaluating user 265
2024-03-22 16:53:56,279	root	INFO	evaluating user 98
2024-03-22 16:53:57,347	root	INFO	evaluating user 98
2024-03-22 16:53:58,425	root	INFO	evaluating user 1733
2024-03-22 16:53:59,513	root	INFO	evaluating user 45
2024-03-22 16:54:00,568	root	INFO	evaluating user 45
2024-03-22 16:54:01,600	root	INFO	evaluating user 87
2024-03-22 16:54:02,703	root	INFO	evaluating user 98
2024-03-22 16:54:03,804	root	INFO	evaluating user 98
2024-03-22 16:54:04,882	root	INFO	evaluating user 1938
2024-03-22 16:54:05,921	root	INFO	evaluating user 218
2024-03-22 16:54:06,942	root	INFO	evaluating user 216
2024-03-22 16:54:07,969	root	INFO	evaluating user 737
2024-03-22 16:54:09,025	root	INFO	evaluating user 3280
2024-03-22 16:54:10,070	root	INFO	evaluating user 3430
2024-03-22 16:54:11,171	root	INFO	evaluating user 98
2024-03-22 16:54:12,257	root	INFO	evaluating user 885
2024-03-22 16:54:13,324	root	INFO	evaluating user 4103
2024-03-22 16:54:14,220	root	INFO	evaluating user 4664
2024-03-22 16:54:15,357	root	INFO	evaluating user 2070
2024-03-22 16:54:16,310	root	INFO	evaluating user 2012
2024-03-22 16:54:17,432	root	INFO	evaluating user 98
2024-03-22 16:54:18,549	root	INFO	evaluating user 929
2024-03-22 16:54:19,660	root	INFO	evaluating user 419
2024-03-22 16:54:20,732	root	INFO	evaluating user 73
2024-03-22 16:54:21,832	root	INFO	evaluating user 1072
2024-03-22 16:54:22,845	root	INFO	evaluating user 1072
2024-03-22 16:54:23,773	root	INFO	evaluating user 830
2024-03-22 16:54:24,640	root	INFO	evaluating user 71
2024-03-22 16:54:25,574	root	INFO	evaluating user 1059
2024-03-22 16:54:26,609	root	INFO	evaluating user 1311
2024-03-22 16:54:27,666	root	INFO	evaluating user 1886
2024-03-22 16:54:28,603	root	INFO	evaluating user 216
2024-03-22 16:54:29,694	root	INFO	evaluating user 245
2024-03-22 16:54:30,711	root	INFO	evaluating user 74
2024-03-22 16:54:31,736	root	INFO	evaluating user 71
2024-03-22 16:54:32,771	root	INFO	evaluating user 71
2024-03-22 16:54:33,827	root	INFO	evaluating user 71
2024-03-22 16:54:34,880	root	INFO	evaluating user 2072
2024-03-22 16:54:35,956	root	INFO	evaluating user 2469
2024-03-22 16:54:36,890	root	INFO	evaluating user 87
2024-03-22 16:54:37,948	root	INFO	evaluating user 3657
2024-03-22 16:54:38,967	root	INFO	evaluating user 937
2024-03-22 16:54:39,901	root	INFO	evaluating user 221
2024-03-22 16:54:40,901	root	INFO	evaluating user 86
2024-03-22 16:54:41,998	root	INFO	evaluating user 862
2024-03-22 16:54:43,021	root	INFO	evaluating user 2543
2024-03-22 16:54:44,087	root	INFO	evaluating user 76
2024-03-22 16:54:45,039	root	INFO	evaluating user 75
2024-03-22 16:54:46,106	root	INFO	evaluating user 115
2024-03-22 16:54:47,142	root	INFO	evaluating user 216
2024-03-22 16:54:48,191	root	INFO	evaluating user 885
2024-03-22 16:54:49,202	root	INFO	evaluating user 2773
2024-03-22 16:54:50,192	root	INFO	evaluating user 74
2024-03-22 16:54:51,230	root	INFO	evaluating user 216
2024-03-22 16:54:52,268	root	INFO	evaluating user 216
2024-03-22 16:54:53,291	root	INFO	evaluating user 67
2024-03-22 16:54:54,363	root	INFO	evaluating user 947
2024-03-22 16:54:55,386	root	INFO	evaluating user 233
2024-03-22 16:54:56,438	root	INFO	evaluating user 1322
2024-03-22 16:54:57,522	root	INFO	evaluating user 1322
2024-03-22 16:54:58,607	root	INFO	evaluating user 2262
2024-03-22 16:54:59,578	root	INFO	evaluating user 705
2024-03-22 16:55:00,540	root	INFO	evaluating user 954
2024-03-22 16:55:01,579	root	INFO	evaluating user 937
2024-03-22 16:55:02,564	root	INFO	evaluating user 1110
2024-03-22 16:55:03,607	root	INFO	evaluating user 1072
2024-03-22 16:55:04,677	root	INFO	evaluating user 2096
2024-03-22 16:55:05,766	root	INFO	evaluating user 937
2024-03-22 16:55:06,746	root	INFO	evaluating user 1774
2024-03-22 16:55:07,675	root	INFO	evaluating user 2175
2024-03-22 16:55:08,719	root	INFO	evaluating user 216
2024-03-22 16:55:09,740	root	INFO	evaluating user 3624
2024-03-22 16:55:10,788	root	INFO	evaluating user 2175
2024-03-22 16:55:11,821	root	INFO	evaluating user 833
2024-03-22 16:55:12,806	root	INFO	evaluating user 633
2024-03-22 16:55:13,812	root	INFO	evaluating user 82
2024-03-22 16:55:14,905	root	INFO	evaluating user 209
2024-03-22 16:55:15,890	root	INFO	evaluating user 2001
2024-03-22 16:55:16,928	root	INFO	evaluating user 615
2024-03-22 16:55:17,928	root	INFO	evaluating user 78
2024-03-22 16:55:18,913	root	INFO	evaluating user 2583
2024-03-22 16:55:19,880	root	INFO	evaluating user 1596
2024-03-22 16:55:20,812	root	INFO	evaluating user 3208
2024-03-22 16:55:21,704	root	INFO	evaluating user 3197
2024-03-22 16:55:22,671	root	INFO	evaluating user 74
2024-03-22 16:55:23,525	root	INFO	evaluating user 1649
2024-03-22 16:55:24,391	root	INFO	evaluating user 913
2024-03-22 16:55:25,385	root	INFO	evaluating user 1072
2024-03-22 16:55:26,464	root	INFO	evaluating user 221
2024-03-22 16:55:27,462	root	INFO	evaluating user 4345
2024-03-22 16:55:28,583	root	INFO	evaluating user 4345
2024-03-22 16:55:29,627	root	INFO	evaluating user 87
2024-03-22 16:55:30,658	root	INFO	evaluating user 1627
2024-03-22 16:55:31,704	root	INFO	evaluating user 1938
2024-03-22 16:55:32,772	root	INFO	evaluating user 2250
2024-03-22 16:55:33,792	root	INFO	evaluating user 1464
2024-03-22 16:55:34,728	root	INFO	evaluating user 1483
2024-03-22 16:55:35,643	root	INFO	evaluating user 2079
2024-03-22 16:55:36,502	root	INFO	evaluating user 87
2024-03-22 16:55:37,525	root	INFO	evaluating user 1695
2024-03-22 16:55:38,476	root	INFO	evaluating user 2462
2024-03-22 16:55:39,168	root	INFO	evaluating user 988
2024-03-22 16:55:40,179	root	INFO	evaluating user 913
2024-03-22 16:55:41,223	root	INFO	evaluating user 3507
2024-03-22 16:55:42,291	root	INFO	evaluating user 2194
2024-03-22 16:55:43,385	root	INFO	evaluating user 87
2024-03-22 16:55:44,421	root	INFO	evaluating user 2079
2024-03-22 16:55:45,393	root	INFO	evaluating user 1730
2024-03-22 16:55:46,358	root	INFO	evaluating user 1886
2024-03-22 16:55:47,391	root	INFO	evaluating user 2346
2024-03-22 16:55:48,388	root	INFO	evaluating user 3487
2024-03-22 16:55:49,423	root	INFO	evaluating user 87
2024-03-22 16:55:50,468	root	INFO	evaluating user 3487
2024-03-22 16:55:51,492	root	INFO	evaluating user 71
2024-03-22 16:55:52,526	root	INFO	evaluating user 3487
2024-03-22 16:55:53,561	root	INFO	evaluating user 3487
2024-03-22 16:55:54,601	root	INFO	evaluating user 895
2024-03-22 16:55:55,567	root	INFO	evaluating user 1072
2024-03-22 16:55:56,643	root	INFO	evaluating user 71
2024-03-22 16:55:57,677	root	INFO	evaluating user 947
2024-03-22 16:55:58,731	root	INFO	evaluating user 1999
2024-03-22 16:55:59,772	root	INFO	evaluating user 1483
2024-03-22 16:56:00,802	root	INFO	evaluating user 232
2024-03-22 16:56:01,852	root	INFO	evaluating user 183
2024-03-22 16:56:02,908	root	INFO	evaluating user 2509
2024-03-22 16:56:03,997	root	INFO	evaluating user 791
2024-03-22 16:56:05,006	root	INFO	evaluating user 3833
2024-03-22 16:56:06,140	root	INFO	evaluating user 1698
2024-03-22 16:56:06,907	root	INFO	evaluating user 1839
2024-03-22 16:56:07,887	root	INFO	evaluating user 1072
2024-03-22 16:56:08,943	root	INFO	evaluating user 2462
2024-03-22 16:56:09,976	root	INFO	evaluating user 2262
2024-03-22 16:56:10,977	root	INFO	evaluating user 769
2024-03-22 16:56:12,041	root	INFO	evaluating user 2462
2024-03-22 16:56:13,080	root	INFO	evaluating user 2462
2024-03-22 16:56:14,102	root	INFO	evaluating user 626
2024-03-22 16:56:15,211	root	INFO	evaluating user 1395
2024-03-22 16:56:16,280	root	INFO	evaluating user 2128
2024-03-22 16:56:17,361	root	INFO	evaluating user 2262
2024-03-22 16:56:18,322	root	INFO	evaluating user 841
2024-03-22 16:56:19,363	root	INFO	evaluating user 1395
2024-03-22 16:56:20,451	root	INFO	evaluating user 3106
2024-03-22 16:56:21,356	root	INFO	evaluating user 951
2024-03-22 16:56:22,352	root	INFO	evaluating user 38
2024-03-22 16:56:23,412	root	INFO	evaluating user 1110
2024-03-22 16:56:24,454	root	INFO	evaluating user 841
2024-03-22 16:56:25,551	root	INFO	evaluating user 841
2024-03-22 16:56:26,636	root	INFO	evaluating user 1703
2024-03-22 16:56:27,653	root	INFO	evaluating user 841
2024-03-22 16:56:28,580	root	INFO	evaluating user 769
2024-03-22 16:56:29,575	root	INFO	evaluating user 2617
2024-03-22 16:56:30,674	root	INFO	evaluating user 841
2024-03-22 16:56:31,800	root	INFO	evaluating user 75
2024-03-22 16:56:32,896	root	INFO	evaluating user 841
2024-03-22 16:56:34,012	root	INFO	evaluating user 1633
2024-03-22 16:56:35,104	root	INFO	evaluating user 1414
2024-03-22 16:56:36,150	root	INFO	evaluating user 71
2024-03-22 16:56:37,227	root	INFO	evaluating user 71
2024-03-22 16:56:38,289	root	INFO	evaluating user 71
2024-03-22 16:56:39,366	root	INFO	evaluating user 2262
2024-03-22 16:56:40,411	root	INFO	evaluating user 3197
2024-03-22 16:56:41,432	root	INFO	evaluating user 2998
2024-03-22 16:56:42,488	root	INFO	evaluating user 71
2024-03-22 16:56:43,613	root	INFO	evaluating user 3060
2024-03-22 16:56:44,704	root	INFO	evaluating user 78
2024-03-22 16:56:45,743	root	INFO	evaluating user 1999
2024-03-22 16:56:46,846	root	INFO	evaluating user 2036
2024-03-22 16:56:47,894	root	INFO	evaluating user 1059
2024-03-22 16:56:48,964	root	INFO	evaluating user 166
2024-03-22 16:56:49,993	root	INFO	evaluating user 1059
2024-03-22 16:56:51,084	root	INFO	evaluating user 505
2024-03-22 16:56:52,117	root	INFO	evaluating user 3141
2024-03-22 16:56:53,080	root	INFO	evaluating user 275
2024-03-22 16:56:54,108	root	INFO	evaluating user 841
2024-03-22 16:56:55,223	root	INFO	evaluating user 38
2024-03-22 16:56:56,258	root	INFO	evaluating user 2120
2024-03-22 16:56:57,263	root	INFO	evaluating user 1613
2024-03-22 16:56:57,944	root	INFO	evaluating user 2296
2024-03-22 16:56:59,027	root	INFO	evaluating user 1613
2024-03-22 16:56:59,716	root	INFO	evaluating user 166
2024-03-22 16:57:00,756	root	INFO	evaluating user 1613
2024-03-22 16:57:01,837	root	INFO	evaluating user 1613
2024-03-22 16:57:02,909	root	INFO	evaluating user 1613
2024-03-22 16:57:03,935	root	INFO	evaluating user 1613
2024-03-22 16:57:04,995	root	INFO	evaluating user 1613
2024-03-22 16:57:06,144	root	INFO	evaluating user 1613
2024-03-22 16:57:07,329	root	INFO	evaluating user 1613
2024-03-22 16:57:08,353	root	INFO	evaluating user 1613
2024-03-22 16:57:09,428	root	INFO	evaluating user 1613
2024-03-22 16:57:10,476	root	INFO	evaluating user 1613
2024-03-22 16:57:11,530	root	INFO	evaluating user 1613
2024-03-22 16:57:12,621	root	INFO	evaluating user 1613
2024-03-22 16:57:13,680	root	INFO	evaluating user 738
2024-03-22 16:57:14,698	root	INFO	evaluating user 1613
2024-03-22 16:57:15,775	root	INFO	evaluating user 53
2024-03-22 16:57:16,830	root	INFO	evaluating user 1613
2024-03-22 16:57:17,885	root	INFO	evaluating user 1613
2024-03-22 16:57:19,008	root	INFO	evaluating user 1613
2024-03-22 16:57:20,073	root	INFO	evaluating user 1839
2024-03-22 16:57:21,068	root	INFO	evaluating user 1999
2024-03-22 16:57:22,114	root	INFO	evaluating user 78
2024-03-22 16:57:23,133	root	INFO	evaluating user 951
2024-03-22 16:57:24,154	root	INFO	evaluating user 1613
2024-03-22 16:57:25,192	root	INFO	evaluating user 221
2024-03-22 16:57:26,220	root	INFO	evaluating user 1999
2024-03-22 16:57:27,227	root	INFO	evaluating user 261
2024-03-22 16:57:28,274	root	INFO	evaluating user 67
2024-03-22 16:57:29,335	root	INFO	evaluating user 2550
2024-03-22 16:57:30,405	root	INFO	evaluating user 2848
2024-03-22 16:57:31,418	root	INFO	evaluating user 2550
2024-03-22 16:57:32,485	root	INFO	evaluating user 1999
2024-03-22 16:57:33,573	root	INFO	evaluating user 2576
2024-03-22 16:57:34,625	root	INFO	evaluating user 824
2024-03-22 16:57:35,693	root	INFO	evaluating user 1613
2024-03-22 16:57:36,752	root	INFO	evaluating user 1613
2024-03-22 16:57:37,788	root	INFO	evaluating user 1613
2024-03-22 16:57:38,838	root	INFO	evaluating user 143
2024-03-22 16:57:39,919	root	INFO	evaluating user 1072
2024-03-22 16:57:41,065	root	INFO	evaluating user 261
2024-03-22 16:57:42,155	root	INFO	evaluating user 1072
2024-03-22 16:57:43,204	root	INFO	evaluating user 1613
2024-03-22 16:57:44,318	root	INFO	evaluating user 2258
2024-03-22 16:57:45,323	root	INFO	evaluating user 1613
2024-03-22 16:57:46,350	root	INFO	evaluating user 1613
2024-03-22 16:57:47,403	root	INFO	evaluating user 1072
2024-03-22 16:57:48,425	root	INFO	evaluating user 347
2024-03-22 16:57:49,569	root	INFO	evaluating user 216
2024-03-22 16:57:50,552	root	INFO	evaluating user 1613
2024-03-22 16:57:51,489	root	INFO	evaluating user 1613
2024-03-22 16:57:52,501	root	INFO	evaluating user 1613
2024-03-22 16:57:53,551	root	INFO	evaluating user 1613
2024-03-22 16:57:54,576	root	INFO	evaluating user 1613
2024-03-22 16:57:55,701	root	INFO	evaluating user 1613
2024-03-22 16:57:56,742	root	INFO	evaluating user 216
2024-03-22 16:57:57,796	root	INFO	evaluating user 1955
2024-03-22 16:57:58,825	root	INFO	evaluating user 42
2024-03-22 16:57:59,823	root	INFO	evaluating user 203
2024-03-22 16:58:00,748	root	INFO	evaluating user 1795
2024-03-22 16:58:01,764	root	INFO	evaluating user 3901
2024-03-22 16:58:02,841	root	INFO	evaluating user 2258
2024-03-22 16:58:03,873	root	INFO	evaluating user 2258
2024-03-22 16:58:04,888	root	INFO	evaluating user 4937
2024-03-22 16:58:05,954	root	INFO	evaluating user 824
2024-03-22 16:58:07,003	root	INFO	evaluating user 78
2024-03-22 16:58:08,112	root	INFO	evaluating user 1929
2024-03-22 16:58:09,136	root	INFO	evaluating user 2509
2024-03-22 16:58:10,119	root	INFO	evaluating user 723
2024-03-22 16:58:11,152	root	INFO	evaluating user 199
2024-03-22 16:58:12,189	root	INFO	evaluating user 4090
2024-03-22 16:58:13,274	root	INFO	evaluating user 63
2024-03-22 16:58:14,385	root	INFO	evaluating user 2126
2024-03-22 16:58:15,454	root	INFO	evaluating user 63
2024-03-22 16:58:16,530	root	INFO	evaluating user 63
2024-03-22 16:58:17,610	root	INFO	evaluating user 63
2024-03-22 16:58:18,732	root	INFO	evaluating user 63
2024-03-22 16:58:19,807	root	INFO	evaluating user 2875
2024-03-22 16:58:20,855	root	INFO	evaluating user 2550
2024-03-22 16:58:21,865	root	INFO	evaluating user 321
2024-03-22 16:58:22,932	root	INFO	evaluating user 1999
2024-03-22 16:58:24,022	root	INFO	evaluating user 87
2024-03-22 16:58:25,075	root	INFO	evaluating user 78
2024-03-22 16:58:26,089	root	INFO	evaluating user 2790
2024-03-22 16:58:27,132	root	INFO	evaluating user 4090
2024-03-22 16:58:28,098	root	INFO	evaluating user 190
2024-03-22 16:58:29,099	root	INFO	evaluating user 190
2024-03-22 16:58:30,074	root	INFO	evaluating user 190
2024-03-22 16:58:31,076	root	INFO	evaluating user 871
2024-03-22 16:58:32,042	root	INFO	evaluating user 265
2024-03-22 16:58:33,027	root	INFO	evaluating user 87
2024-03-22 16:58:33,893	root	INFO	evaluating user 87
2024-03-22 16:58:34,913	root	INFO	evaluating user 2075
2024-03-22 16:58:35,947	root	INFO	evaluating user 204
2024-03-22 16:58:37,023	root	INFO	evaluating user 1488
2024-03-22 16:58:38,046	root	INFO	evaluating user 954
2024-03-22 16:58:39,057	root	INFO	evaluating user 951
2024-03-22 16:58:39,971	root	INFO	evaluating user 2546
2024-03-22 16:58:40,955	root	INFO	evaluating user 2126
2024-03-22 16:58:41,940	root	INFO	evaluating user 1169
2024-03-22 16:58:43,019	root	INFO	evaluating user 1001
2024-03-22 16:58:44,075	root	INFO	evaluating user 1001
2024-03-22 16:58:45,157	root	INFO	evaluating user 2126
2024-03-22 16:58:46,189	root	INFO	evaluating user 2126
2024-03-22 16:58:47,259	root	INFO	evaluating user 1087
2024-03-22 16:58:48,302	root	INFO	evaluating user 175
2024-03-22 16:58:49,408	root	INFO	evaluating user 3539
2024-03-22 16:58:50,401	root	INFO	evaluating user 1653
2024-03-22 16:58:51,401	root	INFO	evaluating user 325
2024-03-22 16:58:52,447	root	INFO	evaluating user 1999
2024-03-22 16:58:53,499	root	INFO	evaluating user 1372
2024-03-22 16:58:54,533	root	INFO	evaluating user 3057
2024-03-22 16:58:55,647	root	INFO	evaluating user 92
2024-03-22 16:58:56,683	root	INFO	evaluating user 3611
2024-03-22 16:58:57,735	root	INFO	evaluating user 391
2024-03-22 16:58:58,700	root	INFO	evaluating user 391
2024-03-22 16:58:59,746	root	INFO	evaluating user 2115
2024-03-22 16:59:00,836	root	INFO	evaluating user 391
2024-03-22 16:59:01,837	root	INFO	evaluating user 281
2024-03-22 16:59:02,877	root	INFO	evaluating user 2244
2024-03-22 16:59:03,896	root	INFO	evaluating user 1311
2024-03-22 16:59:04,921	root	INFO	evaluating user 2213
2024-03-22 16:59:05,973	root	INFO	evaluating user 1849
2024-03-22 16:59:06,974	root	INFO	evaluating user 1979
2024-03-22 16:59:08,021	root	INFO	evaluating user 502
2024-03-22 16:59:08,939	root	INFO	evaluating user 281
2024-03-22 16:59:09,947	root	INFO	evaluating user 2930
2024-03-22 16:59:11,000	root	INFO	evaluating user 2137
2024-03-22 16:59:12,092	root	INFO	evaluating user 78
2024-03-22 16:59:13,165	root	INFO	evaluating user 230
2024-03-22 16:59:14,118	root	INFO	evaluating user 3817
2024-03-22 16:59:15,103	root	INFO	evaluating user 1370
2024-03-22 16:59:16,168	root	INFO	evaluating user 1072
2024-03-22 16:59:17,301	root	INFO	evaluating user 2590
2024-03-22 16:59:18,399	root	INFO	evaluating user 78
2024-03-22 16:59:19,407	root	INFO	evaluating user 1414
2024-03-22 16:59:20,468	root	INFO	evaluating user 78
2024-03-22 16:59:21,505	root	INFO	evaluating user 1414
2024-03-22 16:59:22,597	root	INFO	evaluating user 1414
2024-03-22 16:59:23,643	root	INFO	evaluating user 1628
2024-03-22 16:59:24,709	root	INFO	evaluating user 1322
2024-03-22 16:59:25,733	root	INFO	evaluating user 1322
2024-03-22 16:59:26,838	root	INFO	evaluating user 3539
2024-03-22 16:59:27,922	root	INFO	evaluating user 216
2024-03-22 16:59:28,971	root	INFO	evaluating user 1374
2024-03-22 16:59:29,969	root	INFO	evaluating user 261
2024-03-22 16:59:31,042	root	INFO	evaluating user 2374
2024-03-22 16:59:32,074	root	INFO	evaluating user 4598
2024-03-22 16:59:33,114	root	INFO	evaluating user 1072
2024-03-22 16:59:34,144	root	INFO	evaluating user 841
2024-03-22 16:59:35,204	root	INFO	evaluating user 2126
2024-03-22 16:59:36,230	root	INFO	evaluating user 1613
2024-03-22 16:59:37,278	root	INFO	evaluating user 1613
2024-03-22 16:59:38,323	root	INFO	evaluating user 1613
2024-03-22 16:59:39,448	root	INFO	evaluating user 1613
2024-03-22 16:59:40,486	root	INFO	evaluating user 1613
2024-03-22 16:59:41,547	root	INFO	evaluating user 1613
2024-03-22 16:59:42,587	root	INFO	evaluating user 1613
2024-03-22 16:59:43,638	root	INFO	evaluating user 5334
2024-03-22 16:59:44,601	root	INFO	evaluating user 782
2024-03-22 16:59:45,534	root	INFO	evaluating user 295
2024-03-22 16:59:46,512	root	INFO	evaluating user 723
2024-03-22 16:59:47,604	root	INFO	evaluating user 1483
2024-03-22 16:59:48,612	root	INFO	evaluating user 1613
2024-03-22 16:59:49,755	root	INFO	evaluating user 1820
2024-03-22 16:59:50,690	root	INFO	evaluating user 1565
2024-03-22 16:59:51,760	root	INFO	evaluating user 1703
2024-03-22 16:59:52,784	root	INFO	evaluating user 92
2024-03-22 16:59:53,836	root	INFO	evaluating user 226
2024-03-22 16:59:54,708	root	INFO	evaluating user 1613
2024-03-22 16:59:55,815	root	INFO	evaluating user 1613
2024-03-22 16:59:56,861	root	INFO	evaluating user 1613
2024-03-22 16:59:57,988	root	INFO	evaluating user 3068
2024-03-22 16:59:59,084	root	INFO	evaluating user 1613
2024-03-22 17:00:00,143	root	INFO	evaluating user 92
2024-03-22 17:00:01,197	root	INFO	evaluating user 1617
2024-03-22 17:00:02,258	root	INFO	evaluating user 1483
2024-03-22 17:00:03,262	root	INFO	evaluating user 1979
2024-03-22 17:00:04,306	root	INFO	evaluating user 1072
2024-03-22 17:00:05,332	root	INFO	evaluating user 1613
2024-03-22 17:00:06,436	root	INFO	evaluating user 1613
2024-03-22 17:00:07,406	root	INFO	evaluating user 92
2024-03-22 17:00:08,409	root	INFO	evaluating user 216
2024-03-22 17:00:09,374	root	INFO	evaluating user 87
2024-03-22 17:00:10,377	root	INFO	evaluating user 1999
2024-03-22 17:00:11,405	root	INFO	evaluating user 87
2024-03-22 17:00:12,406	root	INFO	evaluating user 319
2024-03-22 17:00:13,416	root	INFO	evaluating user 216
2024-03-22 17:00:14,454	root	INFO	evaluating user 1613
2024-03-22 17:00:15,533	root	INFO	evaluating user 216
2024-03-22 17:00:16,573	root	INFO	evaluating user 1568
2024-03-22 17:00:17,564	root	INFO	evaluating user 3930
2024-03-22 17:00:18,578	root	INFO	evaluating user 262
2024-03-22 17:00:19,525	root	INFO	evaluating user 1613
2024-03-22 17:00:20,694	root	INFO	evaluating user 3555
2024-03-22 17:00:21,810	root	INFO	evaluating user 1613
2024-03-22 17:00:22,876	root	INFO	evaluating user 1999
2024-03-22 17:00:23,908	root	INFO	evaluating user 1771
2024-03-22 17:00:24,979	root	INFO	evaluating user 1613
2024-03-22 17:00:26,029	root	INFO	evaluating user 871
2024-03-22 17:00:27,123	root	INFO	evaluating user 601
2024-03-22 17:00:28,172	root	INFO	evaluating user 1771
2024-03-22 17:00:29,232	root	INFO	evaluating user 951
2024-03-22 17:00:30,233	root	INFO	evaluating user 1322
2024-03-22 17:00:31,316	root	INFO	evaluating user 1771
2024-03-22 17:00:32,377	root	INFO	evaluating user 1613
2024-03-22 17:00:33,528	root	INFO	evaluating user 1322
2024-03-22 17:00:34,628	root	INFO	evaluating user 1322
2024-03-22 17:00:35,673	root	INFO	evaluating user 1613
2024-03-22 17:00:36,705	root	INFO	evaluating user 2045
2024-03-22 17:00:37,784	root	INFO	evaluating user 1565
2024-03-22 17:00:38,819	root	INFO	evaluating user 262
2024-03-22 17:00:39,815	root	INFO	evaluating user 1893
2024-03-22 17:00:40,796	root	INFO	evaluating user 940
2024-03-22 17:00:41,806	root	INFO	evaluating user 1613
2024-03-22 17:00:42,844	root	INFO	evaluating user 1613
2024-03-22 17:00:43,941	root	INFO	evaluating user 824
2024-03-22 17:00:45,028	root	INFO	evaluating user 63
2024-03-22 17:00:46,101	root	INFO	evaluating user 2897
2024-03-22 17:00:47,131	root	INFO	evaluating user 63
2024-03-22 17:00:48,196	root	INFO	evaluating user 2691
2024-03-22 17:00:49,165	root	INFO	evaluating user 1999
2024-03-22 17:00:50,241	root	INFO	evaluating user 824
2024-03-22 17:00:51,246	root	INFO	evaluating user 87
2024-03-22 17:00:52,321	root	INFO	evaluating user 1568
2024-03-22 17:00:53,348	root	INFO	evaluating user 824
2024-03-22 17:00:54,389	root	INFO	evaluating user 115
2024-03-22 17:00:55,397	root	INFO	evaluating user 261
2024-03-22 17:00:56,452	root	INFO	evaluating user 2115
2024-03-22 17:00:57,525	root	INFO	evaluating user 1955
2024-03-22 17:00:58,572	root	INFO	evaluating user 1001
2024-03-22 17:00:59,597	root	INFO	evaluating user 1585
2024-03-22 17:01:00,697	root	INFO	evaluating user 262
2024-03-22 17:01:01,744	root	INFO	evaluating user 2994
2024-03-22 17:01:02,895	root	INFO	evaluating user 2629
2024-03-22 17:01:03,981	root	INFO	evaluating user 3142
2024-03-22 17:01:05,090	root	INFO	evaluating user 78
2024-03-22 17:01:06,180	root	INFO	evaluating user 78
2024-03-22 17:01:07,237	root	INFO	evaluating user 1954
2024-03-22 17:01:08,216	root	INFO	evaluating user 1125
2024-03-22 17:01:09,308	root	INFO	evaluating user 1613
2024-03-22 17:01:10,408	root	INFO	evaluating user 1613
2024-03-22 17:01:11,476	root	INFO	evaluating user 3055
2024-03-22 17:01:12,507	root	INFO	evaluating user 3827
2024-03-22 17:01:13,530	root	INFO	evaluating user 3827
2024-03-22 17:01:14,568	root	INFO	evaluating user 3827
2024-03-22 17:01:15,618	root	INFO	evaluating user 3827
2024-03-22 17:01:16,635	root	INFO	evaluating user 882
2024-03-22 17:01:17,688	root	INFO	evaluating user 936
2024-03-22 17:01:18,756	root	INFO	evaluating user 1483
2024-03-22 17:01:19,763	root	INFO	evaluating user 2994
2024-03-22 17:01:20,796	root	INFO	evaluating user 1795
2024-03-22 17:01:21,809	root	INFO	evaluating user 673
2024-03-22 17:01:22,874	root	INFO	evaluating user 2382
2024-03-22 17:01:23,916	root	INFO	evaluating user 1889
2024-03-22 17:01:24,884	root	INFO	evaluating user 2570
2024-03-22 17:01:25,919	root	INFO	evaluating user 2570
2024-03-22 17:01:26,840	root	INFO	evaluating user 192
2024-03-22 17:01:27,776	root	INFO	evaluating user 319
2024-03-22 17:01:28,777	root	INFO	evaluating user 143
2024-03-22 17:01:29,862	root	INFO	evaluating user 1322
2024-03-22 17:01:30,962	root	INFO	evaluating user 2550
2024-03-22 17:01:32,044	root	INFO	evaluating user 261
2024-03-22 17:01:33,026	root	INFO	evaluating user 3219
2024-03-22 17:01:34,134	root	INFO	evaluating user 3271
2024-03-22 17:01:35,162	root	INFO	evaluating user 3271
2024-03-22 17:01:36,198	root	INFO	evaluating user 2617
2024-03-22 17:01:37,178	root	INFO	evaluating user 1370
2024-03-22 17:01:38,137	root	INFO	evaluating user 1696
2024-03-22 17:01:39,076	root	INFO	evaluating user 19
2024-03-22 17:01:40,056	root	INFO	evaluating user 1895
2024-03-22 17:01:41,022	root	INFO	evaluating user 1895
2024-03-22 17:01:41,925	root	INFO	evaluating user 990
2024-03-22 17:01:42,788	root	INFO	evaluating user 1775
2024-03-22 17:01:43,677	root	INFO	evaluating user 2115
2024-03-22 17:01:44,617	root	INFO	evaluating user 40
2024-03-22 17:01:45,570	root	INFO	evaluating user 1414
2024-03-22 17:01:46,509	root	INFO	evaluating user 53
2024-03-22 17:01:47,631	root	INFO	evaluating user 261
2024-03-22 17:01:48,743	root	INFO	evaluating user 1696
2024-03-22 17:01:49,773	root	INFO	evaluating user 19
2024-03-22 17:01:50,797	root	INFO	evaluating user 5180
2024-03-22 17:01:51,499	root	INFO	evaluating user 1076
2024-03-22 17:01:52,468	root	INFO	evaluating user 2483
2024-03-22 17:01:53,441	root	INFO	evaluating user 261
2024-03-22 17:01:54,506	root	INFO	evaluating user 2045
2024-03-22 17:01:55,566	root	INFO	evaluating user 74
2024-03-22 17:01:56,603	root	INFO	evaluating user 1337
2024-03-22 17:01:57,619	root	INFO	evaluating user 261
2024-03-22 17:01:58,658	root	INFO	evaluating user 3236
2024-03-22 17:01:59,708	root	INFO	evaluating user 2128
2024-03-22 17:02:00,747	root	INFO	evaluating user 74
2024-03-22 17:02:01,797	root	INFO	evaluating user 2128
2024-03-22 17:02:02,810	root	INFO	evaluating user 261
2024-03-22 17:02:03,864	root	INFO	evaluating user 1420
2024-03-22 17:02:04,905	root	INFO	evaluating user 615
2024-03-22 17:02:05,988	root	INFO	evaluating user 1585
2024-03-22 17:02:07,029	root	INFO	evaluating user 951
2024-03-22 17:02:08,089	root	INFO	evaluating user 78
2024-03-22 17:02:09,089	root	INFO	evaluating user 281
2024-03-22 17:02:10,131	root	INFO	evaluating user 897
2024-03-22 17:02:11,164	root	INFO	evaluating user 4103
2024-03-22 17:02:12,110	root	INFO	evaluating user 951
2024-03-22 17:02:13,123	root	INFO	evaluating user 78
2024-03-22 17:02:14,172	root	INFO	evaluating user 2052
2024-03-22 17:02:15,216	root	INFO	evaluating user 281
2024-03-22 17:02:16,268	root	INFO	evaluating user 773
2024-03-22 17:02:17,321	root	INFO	evaluating user 595
2024-03-22 17:02:18,367	root	INFO	evaluating user 295
2024-03-22 17:02:19,258	root	INFO	evaluating user 261
2024-03-22 17:02:20,230	root	INFO	evaluating user 840
2024-03-22 17:02:21,176	root	INFO	evaluating user 192
2024-03-22 17:02:22,123	root	INFO	evaluating user 216
2024-03-22 17:02:23,057	root	INFO	evaluating user 2075
2024-03-22 17:02:23,994	root	INFO	evaluating user 1711
2024-03-22 17:02:24,995	root	INFO	evaluating user 2723
2024-03-22 17:02:26,032	root	INFO	evaluating user 3055
2024-03-22 17:02:27,078	root	INFO	evaluating user 491
2024-03-22 17:02:28,113	root	INFO	evaluating user 1337
2024-03-22 17:02:29,117	root	INFO	evaluating user 1072
2024-03-22 17:02:30,203	root	INFO	evaluating user 673
2024-03-22 17:02:31,257	root	INFO	evaluating user 2382
2024-03-22 17:02:32,370	root	INFO	evaluating user 915
2024-03-22 17:02:33,375	root	INFO	evaluating user 1703
2024-03-22 17:02:34,456	root	INFO	evaluating user 1929
2024-03-22 17:02:35,552	root	INFO	evaluating user 262
2024-03-22 17:02:36,466	root	INFO	evaluating user 1999
2024-03-22 17:02:37,407	root	INFO	evaluating user 1470
2024-03-22 17:02:38,347	root	INFO	evaluating user 992
2024-03-22 17:02:39,268	root	INFO	evaluating user 166
2024-03-22 17:02:40,326	root	INFO	evaluating user 74
2024-03-22 17:02:41,332	root	INFO	evaluating user 87
2024-03-22 17:02:42,330	root	INFO	evaluating user 2580
2024-03-22 17:02:43,270	root	INFO	evaluating user 582
2024-03-22 17:02:44,231	root	INFO	evaluating user 507
2024-03-22 17:02:45,268	root	INFO	evaluating user 385
2024-03-22 17:02:46,306	root	INFO	evaluating user 1263
2024-03-22 17:02:47,225	root	INFO	evaluating user 1619
2024-03-22 17:02:48,299	root	INFO	evaluating user 262
2024-03-22 17:02:49,276	root	INFO	evaluating user 3208
2024-03-22 17:02:50,294	root	INFO	evaluating user 192
2024-03-22 17:02:51,321	root	INFO	evaluating user 262
2024-03-22 17:02:52,335	root	INFO	evaluating user 1999
2024-03-22 17:02:53,354	root	INFO	evaluating user 1999
2024-03-22 17:02:54,406	root	INFO	evaluating user 1353
2024-03-22 17:02:55,468	root	INFO	evaluating user 1999
2024-03-22 17:02:56,540	root	INFO	evaluating user 1353
2024-03-22 17:02:57,642	root	INFO	evaluating user 81
2024-03-22 17:02:58,717	root	INFO	evaluating user 3044
2024-03-22 17:02:59,760	root	INFO	evaluating user 833
2024-03-22 17:03:00,815	root	INFO	evaluating user 1585
2024-03-22 17:03:01,891	root	INFO	evaluating user 488
2024-03-22 17:03:02,819	root	INFO	evaluating user 2193
2024-03-22 17:03:03,833	root	INFO	evaluating user 4742
2024-03-22 17:03:04,879	root	INFO	evaluating user 738
2024-03-22 17:03:05,911	root	INFO	evaluating user 1072
2024-03-22 17:03:06,975	root	INFO	evaluating user 216
2024-03-22 17:03:08,009	root	INFO	evaluating user 2556
2024-03-22 17:03:09,028	root	INFO	evaluating user 2062
2024-03-22 17:03:10,013	root	INFO	evaluating user 2262
2024-03-22 17:03:11,017	root	INFO	evaluating user 261
2024-03-22 17:03:12,030	root	INFO	evaluating user 2370
2024-03-22 17:03:13,179	root	INFO	evaluating user 738
2024-03-22 17:03:14,269	root	INFO	evaluating user 2110
2024-03-22 17:03:15,372	root	INFO	evaluating user 507
2024-03-22 17:03:16,435	root	INFO	evaluating user 221
2024-03-22 17:03:17,495	root	INFO	evaluating user 882
2024-03-22 17:03:18,618	root	INFO	evaluating user 92
2024-03-22 17:03:19,686	root	INFO	evaluating user 1264
2024-03-22 17:03:20,713	root	INFO	evaluating user 87
2024-03-22 17:03:21,790	root	INFO	evaluating user 87
2024-03-22 17:03:22,818	root	INFO	evaluating user 262
2024-03-22 17:03:23,823	root	INFO	evaluating user 63
2024-03-22 17:03:24,836	root	INFO	evaluating user 862
2024-03-22 17:03:25,894	root	INFO	evaluating user 1264
2024-03-22 17:03:26,914	root	INFO	evaluating user 1264
2024-03-22 17:03:27,990	root	INFO	evaluating user 2052
2024-03-22 17:03:29,069	root	INFO	evaluating user 319
2024-03-22 17:03:30,100	root	INFO	evaluating user 3197
2024-03-22 17:03:31,207	root	INFO	evaluating user 74
2024-03-22 17:03:32,315	root	INFO	evaluating user 950
2024-03-22 17:03:33,266	root	INFO	evaluating user 261
2024-03-22 17:03:34,331	root	INFO	evaluating user 818
2024-03-22 17:03:35,425	root	INFO	evaluating user 871
2024-03-22 17:03:36,488	root	INFO	evaluating user 131
2024-03-22 17:03:37,528	root	INFO	evaluating user 261
2024-03-22 17:03:38,585	root	INFO	evaluating user 78
2024-03-22 17:03:39,665	root	INFO	evaluating user 3133
2024-03-22 17:03:40,726	root	INFO	evaluating user 1954
2024-03-22 17:03:41,706	root	INFO	evaluating user 194
2024-03-22 17:03:42,773	root	INFO	evaluating user 194
2024-03-22 17:03:43,796	root	INFO	evaluating user 885
2024-03-22 17:03:44,890	root	INFO	evaluating user 194
2024-03-22 17:03:45,922	root	INFO	evaluating user 194
2024-03-22 17:03:46,970	root	INFO	evaluating user 1308
2024-03-22 17:03:47,991	root	INFO	evaluating user 261
2024-03-22 17:03:49,062	root	INFO	evaluating user 864
2024-03-22 17:03:50,097	root	INFO	evaluating user 1072
2024-03-22 17:03:51,160	root	INFO	evaluating user 194
2024-03-22 17:03:52,194	root	INFO	evaluating user 3833
2024-03-22 17:03:53,261	root	INFO	evaluating user 3765
2024-03-22 17:03:54,255	root	INFO	evaluating user 4667
2024-03-22 17:03:55,310	root	INFO	evaluating user 3141
2024-03-22 17:03:56,281	root	INFO	evaluating user 1110
2024-03-22 17:03:57,333	root	INFO	evaluating user 1223
2024-03-22 17:03:58,370	root	INFO	evaluating user 1820
2024-03-22 17:03:59,422	root	INFO	evaluating user 951
2024-03-22 17:04:00,452	root	INFO	evaluating user 1072
2024-03-22 17:04:01,545	root	INFO	evaluating user 275
2024-03-22 17:04:02,615	root	INFO	evaluating user 1929
2024-03-22 17:04:03,774	root	INFO	evaluating user 940
2024-03-22 17:04:04,788	root	INFO	evaluating user 38
2024-03-22 17:04:05,850	root	INFO	evaluating user 987
2024-03-22 17:04:06,885	root	INFO	evaluating user 1337
2024-03-22 17:04:07,916	root	INFO	evaluating user 1327
2024-03-22 17:04:08,929	root	INFO	evaluating user 1999
2024-03-22 17:04:10,007	root	INFO	evaluating user 1054
2024-03-22 17:04:11,038	root	INFO	evaluating user 1752
2024-03-22 17:04:12,106	root	INFO	evaluating user 1987
2024-03-22 17:04:13,141	root	INFO	evaluating user 1963
2024-03-22 17:04:14,154	root	INFO	evaluating user 3269
2024-03-22 17:04:15,134	root	INFO	evaluating user 3572
2024-03-22 17:04:16,127	root	INFO	evaluating user 3572
2024-03-22 17:04:17,093	root	INFO	evaluating user 1752
2024-03-22 17:04:18,162	root	INFO	evaluating user 3572
2024-03-22 17:04:19,166	root	INFO	evaluating user 2550
2024-03-22 17:04:20,226	root	INFO	evaluating user 1954
2024-03-22 17:04:21,298	root	INFO	evaluating user 491
2024-03-22 17:04:22,363	root	INFO	evaluating user 3574
2024-03-22 17:04:23,491	root	INFO	evaluating user 53
2024-03-22 17:04:24,558	root	INFO	evaluating user 78
2024-03-22 17:04:25,591	root	INFO	evaluating user 2903
2024-03-22 17:04:26,335	root	INFO	evaluating user 1114
2024-03-22 17:04:27,440	root	INFO	evaluating user 1795
2024-03-22 17:04:28,468	root	INFO	evaluating user 2759
2024-03-22 17:04:29,500	root	INFO	evaluating user 507
2024-03-22 17:04:30,567	root	INFO	evaluating user 194
2024-03-22 17:04:31,606	root	INFO	evaluating user 945
2024-03-22 17:04:32,664	root	INFO	evaluating user 1323
2024-03-22 17:04:33,687	root	INFO	evaluating user 874
2024-03-22 17:04:34,740	root	INFO	evaluating user 1906
2024-03-22 17:04:35,764	root	INFO	evaluating user 1906
2024-03-22 17:04:36,796	root	INFO	evaluating user 1906
2024-03-22 17:04:37,810	root	INFO	evaluating user 1906
2024-03-22 17:04:38,751	root	INFO	evaluating user 2682
2024-03-22 17:04:39,832	root	INFO	evaluating user 2682
2024-03-22 17:04:40,879	root	INFO	evaluating user 2682
2024-03-22 17:04:41,964	root	INFO	evaluating user 96
2024-03-22 17:04:43,039	root	INFO	evaluating user 871
2024-03-22 17:04:44,078	root	INFO	evaluating user 864
2024-03-22 17:04:45,125	root	INFO	evaluating user 3498
2024-03-22 17:04:46,159	root	INFO	evaluating user 2001
2024-03-22 17:04:47,163	root	INFO	evaluating user 925
2024-03-22 17:04:48,140	root	INFO	evaluating user 925
2024-03-22 17:04:49,137	root	INFO	evaluating user 87
2024-03-22 17:04:50,103	root	INFO	evaluating user 87
2024-03-22 17:04:51,086	root	INFO	evaluating user 74
2024-03-22 17:04:51,999	root	INFO	evaluating user 1263
2024-03-22 17:04:52,847	root	INFO	evaluating user 1263
2024-03-22 17:04:53,712	root	INFO	evaluating user 3930
2024-03-22 17:04:54,810	root	INFO	evaluating user 87
2024-03-22 17:04:55,844	root	INFO	evaluating user 3555
2024-03-22 17:04:56,911	root	INFO	evaluating user 3572
2024-03-22 17:04:57,902	root	INFO	evaluating user 1483
2024-03-22 17:04:58,928	root	INFO	evaluating user 3097
2024-03-22 17:04:59,650	root	INFO	evaluating user 3097
2024-03-22 17:05:00,375	root	INFO	evaluating user 3097
2024-03-22 17:05:01,078	root	INFO	evaluating user 2621
2024-03-22 17:05:02,150	root	INFO	evaluating user 115
2024-03-22 17:05:03,157	root	INFO	evaluating user 2126
2024-03-22 17:05:04,298	root	INFO	evaluating user 261
2024-03-22 17:05:05,391	root	INFO	evaluating user 2094
2024-03-22 17:05:06,527	root	INFO	evaluating user 3555
2024-03-22 17:05:07,595	root	INFO	evaluating user 62
2024-03-22 17:05:08,613	root	INFO	evaluating user 925
2024-03-22 17:05:09,650	root	INFO	evaluating user 216
2024-03-22 17:05:10,700	root	INFO	evaluating user 882
2024-03-22 17:05:11,752	root	INFO	evaluating user 848
2024-03-22 17:05:12,823	root	INFO	evaluating user 3555
2024-03-22 17:05:13,861	root	INFO	evaluating user 954
2024-03-22 17:05:14,911	root	INFO	evaluating user 2903
2024-03-22 17:05:15,986	root	INFO	evaluating user 723
2024-03-22 17:05:17,043	root	INFO	evaluating user 4169
2024-03-22 17:05:18,093	root	INFO	evaluating user 692
2024-03-22 17:05:19,164	root	INFO	evaluating user 610
2024-03-22 17:05:20,222	root	INFO	evaluating user 1310
2024-03-22 17:05:21,247	root	INFO	evaluating user 216
2024-03-22 17:05:22,297	root	INFO	evaluating user 1775
2024-03-22 17:05:23,460	root	INFO	evaluating user 216
2024-03-22 17:05:24,493	root	INFO	evaluating user 945
2024-03-22 17:05:25,558	root	INFO	evaluating user 3395
2024-03-22 17:05:26,638	root	INFO	evaluating user 3395
2024-03-22 17:05:27,741	root	INFO	evaluating user 2994
2024-03-22 17:05:28,794	root	INFO	evaluating user 1311
2024-03-22 17:05:29,861	root	INFO	evaluating user 4194
2024-03-22 17:05:30,929	root	INFO	evaluating user 2250
2024-03-22 17:05:31,991	root	INFO	evaluating user 1855
2024-03-22 17:05:32,978	root	INFO	evaluating user 1076
2024-03-22 17:05:33,986	root	INFO	evaluating user 265
2024-03-22 17:05:35,146	root	INFO	evaluating user 1169
2024-03-22 17:05:36,168	root	INFO	evaluating user 951
2024-03-22 17:05:37,160	root	INFO	evaluating user 951
2024-03-22 17:05:38,312	root	INFO	evaluating user 945
2024-03-22 17:05:39,348	root	INFO	evaluating user 192
2024-03-22 17:05:40,420	root	INFO	evaluating user 2993
2024-03-22 17:05:41,104	root	INFO	evaluating user 240
2024-03-22 17:05:42,134	root	INFO	evaluating user 1619
2024-03-22 17:05:43,203	root	INFO	evaluating user 1337
2024-03-22 17:05:44,230	root	INFO	evaluating user 1310
2024-03-22 17:05:45,224	root	INFO	evaluating user 1347
2024-03-22 17:05:46,281	root	INFO	evaluating user 109
2024-03-22 17:05:47,341	root	INFO	evaluating user 1572
2024-03-22 17:05:48,446	root	INFO	evaluating user 87
2024-03-22 17:05:49,544	root	INFO	evaluating user 3612
2024-03-22 17:05:50,700	root	INFO	evaluating user 950
2024-03-22 17:05:51,659	root	INFO	evaluating user 1929
2024-03-22 17:05:52,724	root	INFO	evaluating user 833
2024-03-22 17:05:53,812	root	INFO	evaluating user 582
2024-03-22 17:05:54,920	root	INFO	evaluating user 4194
2024-03-22 17:05:56,025	root	INFO	evaluating user 818
2024-03-22 17:05:57,088	root	INFO	evaluating user 897
2024-03-22 17:05:58,146	root	INFO	evaluating user 3611
2024-03-22 17:05:59,206	root	INFO	evaluating user 1886
2024-03-22 17:06:00,318	root	INFO	evaluating user 951
2024-03-22 17:06:01,420	root	INFO	evaluating user 1886
2024-03-22 17:06:02,521	root	INFO	evaluating user 1795
2024-03-22 17:06:03,618	root	INFO	evaluating user 1795
2024-03-22 17:06:04,685	root	INFO	evaluating user 1353
2024-03-22 17:06:05,743	root	INFO	evaluating user 2617
2024-03-22 17:06:06,730	root	INFO	evaluating user 2617
2024-03-22 17:06:07,827	root	INFO	evaluating user 3799
2024-03-22 17:06:08,788	root	INFO	evaluating user 295
2024-03-22 17:06:09,700	root	INFO	evaluating user 1698
2024-03-22 17:06:10,649	root	INFO	evaluating user 897
2024-03-22 17:06:11,712	root	INFO	evaluating user 3109
2024-03-22 17:06:12,557	root	INFO	evaluating user 3219
2024-03-22 17:06:13,529	root	INFO	evaluating user 3245
2024-03-22 17:06:14,633	root	INFO	evaluating user 240
2024-03-22 17:06:15,673	root	INFO	evaluating user 3234
2024-03-22 17:06:16,705	root	INFO	evaluating user 4696
2024-03-22 17:06:17,733	root	INFO	evaluating user 53
2024-03-22 17:06:18,769	root	INFO	evaluating user 2739
2024-03-22 17:06:19,837	root	INFO	evaluating user 2629
2024-03-22 17:06:20,885	root	INFO	evaluating user 87
2024-03-22 17:06:21,971	root	INFO	evaluating user 1938
2024-03-22 17:06:23,064	root	INFO	evaluating user 1311
2024-03-22 17:06:24,116	root	INFO	evaluating user 897
2024-03-22 17:06:25,160	root	INFO	evaluating user 3339
2024-03-22 17:06:26,165	root	INFO	evaluating user 3339
2024-03-22 17:06:27,145	root	INFO	evaluating user 2911
2024-03-22 17:06:28,191	root	INFO	evaluating user 1698
2024-03-22 17:06:29,135	root	INFO	evaluating user 2790
2024-03-22 17:06:30,181	root	INFO	evaluating user 1223
2024-03-22 17:06:31,218	root	INFO	evaluating user 87
2024-03-22 17:06:32,296	root	INFO	evaluating user 87
2024-03-22 17:06:33,326	root	INFO	evaluating user 265
2024-03-22 17:06:34,383	root	INFO	evaluating user 87
2024-03-22 17:06:35,416	root	INFO	evaluating user 216
2024-03-22 17:06:36,476	root	INFO	evaluating user 2903
2024-03-22 17:06:37,517	root	INFO	evaluating user 1963
2024-03-22 17:06:38,515	root	INFO	evaluating user 3536
2024-03-22 17:06:39,348	root	INFO	evaluating user 5124
2024-03-22 17:06:40,387	root	INFO	evaluating user 87
2024-03-22 17:06:41,491	root	INFO	evaluating user 2993
2024-03-22 17:06:42,547	root	INFO	evaluating user 240
2024-03-22 17:06:43,591	root	INFO	evaluating user 87
2024-03-22 17:06:44,663	root	INFO	evaluating user 818
2024-03-22 17:06:45,717	root	INFO	evaluating user 4024
2024-03-22 17:06:46,777	root	INFO	evaluating user 265
2024-03-22 17:06:47,805	root	INFO	evaluating user 74
2024-03-22 17:06:48,888	root	INFO	evaluating user 610
2024-03-22 17:06:49,936	root	INFO	evaluating user 1311
2024-03-22 17:06:51,028	root	INFO	evaluating user 594
2024-03-22 17:06:52,066	root	INFO	evaluating user 2089
2024-03-22 17:06:53,133	root	INFO	evaluating user 63
2024-03-22 17:06:54,230	root	INFO	evaluating user 1323
2024-03-22 17:06:55,257	root	INFO	evaluating user 3507
2024-03-22 17:06:56,279	root	INFO	evaluating user 1965
2024-03-22 17:06:57,257	root	INFO	evaluating user 216
2024-03-22 17:06:58,314	root	INFO	evaluating user 198
2024-03-22 17:06:59,342	root	INFO	evaluating user 3611
2024-03-22 17:07:00,374	root	INFO	evaluating user 3611
2024-03-22 17:07:01,450	root	INFO	evaluating user 2261
2024-03-22 17:07:02,439	root	INFO	evaluating user 1668
2024-03-22 17:07:03,485	root	INFO	evaluating user 1668
2024-03-22 17:07:04,512	root	INFO	evaluating user 3000
2024-03-22 17:07:05,702	root	INFO	test: {'precision': array([0.0004065 , 0.00045732]), 'recall': array([0.00406504, 0.00914634]), 'ndcg': array([0.00218538, 0.00336109]), 'hit_ratio': array([0.00406504, 0.00914634]), 'auc': 0.5485599593495939, 'mrr': 0.0018934531450577662}
2024-03-22 17:07:05,719	root	INFO	need time: 3835.991 seconds
