2024-03-22 16:04:00,169	root	INFO	Namespace(data='ml-100k', bs=150, prefix='', n_degree=20, n_head=2, n_epoch=120, n_layer=2, lr=0.01, drop_out=0.3, reg=0.3, gpu=0, node_dim=8, time_dim=8, agg_method='attn', attn_mode='map', time='time', uniform=True, new_node=False, samplerate=1, popnegsample=False, timepopnegsample=True, negsampleeval=1000, disencomponents=1)
2024-03-22 16:04:00,210	root	INFO	#interactions in train: 80003
2024-03-22 16:04:00,213	root	INFO	#interactions in valid:1516 
2024-03-22 16:04:00,215	root	INFO	#interaction in test: 1344
2024-03-22 16:04:00,729	root	INFO	number of nodes: 2625
2024-03-22 16:04:00,729	root	INFO	number of nodes: 2625
2024-03-22 16:04:00,751	model	INFO	Aggregation uses attention model
2024-03-22 16:04:00,754	model	INFO	Using map based attention
2024-03-22 16:04:00,755	model	INFO	Using map based attention
2024-03-22 16:04:00,757	model	INFO	Using map based attention
2024-03-22 16:04:00,757	model	INFO	Using map based attention
2024-03-22 16:04:00,757	model	INFO	Using time encoding
2024-03-22 16:04:01,524	root	INFO	num of training instances: 80003
2024-03-22 16:04:01,524	root	INFO	num of batches per epoch: 534
2024-03-22 16:04:01,525	result	INFO	Epoch, Train Loss, Train AP, Train F1, Val AP, Val F1, Test AP, Test F1, Test AUC
2024-03-22 16:04:01,526	root	INFO	Running epoch 1
2024-03-22 16:04:02,302	root	INFO		Batch: 1/534 done
2024-03-22 16:04:38,204	root	INFO		Batch: 107/534 done
2024-03-22 16:05:15,262	root	INFO		Batch: 213/534 done
2024-03-22 16:05:52,912	root	INFO		Batch: 319/534 done
2024-03-22 16:06:30,181	root	INFO		Batch: 425/534 done
2024-03-22 16:07:08,130	root	INFO		Batch: 531/534 done
2024-03-22 16:07:15,969	result	INFO	1, 1.0460, 0.7922, 0.7519, 0.8245, 0.7124, 0.6099, 0.0000, 0.5548
2024-03-22 16:07:16,002	root	INFO	Running epoch 2
2024-03-22 16:07:16,196	root	INFO		Batch: 1/534 done
2024-03-22 16:07:50,178	root	INFO		Batch: 107/534 done
2024-03-22 16:08:26,323	root	INFO		Batch: 213/534 done
2024-03-22 16:09:03,898	root	INFO		Batch: 319/534 done
2024-03-22 16:09:41,564	root	INFO		Batch: 425/534 done
2024-03-22 16:10:18,927	root	INFO		Batch: 531/534 done
2024-03-22 16:10:26,784	result	INFO	2, 1.0289, 0.8212, 0.7581, 0.8177, 0.7478, 0.7664, 0.5138, 0.7293
2024-03-22 16:10:26,785	root	INFO	Running epoch 3
2024-03-22 16:10:26,983	root	INFO		Batch: 1/534 done
2024-03-22 16:11:01,032	root	INFO		Batch: 107/534 done
2024-03-22 16:11:37,543	root	INFO		Batch: 213/534 done
2024-03-22 16:12:15,166	root	INFO		Batch: 319/534 done
2024-03-22 16:12:53,024	root	INFO		Batch: 425/534 done
2024-03-22 16:13:30,944	root	INFO		Batch: 531/534 done
2024-03-22 16:13:38,819	result	INFO	3, 1.0131, 0.8266, 0.7681, 0.7950, 0.7578, 0.7675, 0.0450, 0.7505
2024-03-22 16:13:38,820	root	INFO	Running epoch 4
2024-03-22 16:13:39,020	root	INFO		Batch: 1/534 done
2024-03-22 16:14:13,388	root	INFO		Batch: 107/534 done
2024-03-22 16:14:50,509	root	INFO		Batch: 213/534 done
2024-03-22 16:15:27,337	root	INFO		Batch: 319/534 done
2024-03-22 16:16:04,674	root	INFO		Batch: 425/534 done
2024-03-22 16:16:42,960	root	INFO		Batch: 531/534 done
2024-03-22 16:16:50,012	result	INFO	4, 1.0011, 0.8317, 0.7720, 0.8203, 0.7709, 0.8100, 0.5123, 0.8136
2024-03-22 16:16:50,014	root	INFO	Running epoch 5
2024-03-22 16:16:50,216	root	INFO		Batch: 1/534 done
2024-03-22 16:17:24,128	root	INFO		Batch: 107/534 done
2024-03-22 16:18:00,924	root	INFO		Batch: 213/534 done
2024-03-22 16:18:38,160	root	INFO		Batch: 319/534 done
2024-03-22 16:19:15,780	root	INFO		Batch: 425/534 done
2024-03-22 16:19:54,002	root	INFO		Batch: 531/534 done
2024-03-22 16:20:01,831	result	INFO	5, 0.9901, 0.8377, 0.7768, 0.8064, 0.7676, 0.8091, 0.4383, 0.8006
2024-03-22 16:20:01,832	root	INFO	Running epoch 6
2024-03-22 16:20:02,034	root	INFO		Batch: 1/534 done
2024-03-22 16:20:36,212	root	INFO		Batch: 107/534 done
2024-03-22 16:21:12,434	root	INFO		Batch: 213/534 done
2024-03-22 16:21:49,813	root	INFO		Batch: 319/534 done
2024-03-22 16:22:27,436	root	INFO		Batch: 425/534 done
2024-03-22 16:23:05,825	root	INFO		Batch: 531/534 done
2024-03-22 16:23:13,625	result	INFO	6, 0.9813, 0.8376, 0.7784, 0.8125, 0.7439, 0.8094, 0.3976, 0.8025
2024-03-22 16:23:13,626	root	INFO	Running epoch 7
2024-03-22 16:23:13,828	root	INFO		Batch: 1/534 done
2024-03-22 16:23:48,022	root	INFO		Batch: 107/534 done
2024-03-22 16:24:24,532	root	INFO		Batch: 213/534 done
2024-03-22 16:25:01,916	root	INFO		Batch: 319/534 done
2024-03-22 16:25:39,873	root	INFO		Batch: 425/534 done
2024-03-22 16:26:17,562	root	INFO		Batch: 531/534 done
2024-03-22 16:26:25,425	result	INFO	7, 0.9748, 0.8389, 0.7806, 0.8153, 0.7414, 0.8140, 0.5010, 0.8147
2024-03-22 16:26:25,426	root	INFO	Running epoch 8
2024-03-22 16:26:25,654	root	INFO		Batch: 1/534 done
2024-03-22 16:26:59,958	root	INFO		Batch: 107/534 done
2024-03-22 16:27:36,996	root	INFO		Batch: 213/534 done
2024-03-22 16:28:14,026	root	INFO		Batch: 319/534 done
2024-03-22 16:28:51,450	root	INFO		Batch: 425/534 done
2024-03-22 16:29:29,442	root	INFO		Batch: 531/534 done
2024-03-22 16:29:36,506	result	INFO	8, 0.9704, 0.8365, 0.7809, 0.8165, 0.7595, 0.8132, 0.5006, 0.8167
2024-03-22 16:29:36,507	root	INFO	Running epoch 9
2024-03-22 16:29:36,708	root	INFO		Batch: 1/534 done
2024-03-22 16:30:10,766	root	INFO		Batch: 107/534 done
2024-03-22 16:30:47,495	root	INFO		Batch: 213/534 done
2024-03-22 16:31:25,258	root	INFO		Batch: 319/534 done
2024-03-22 16:32:02,696	root	INFO		Batch: 425/534 done
2024-03-22 16:32:40,754	root	INFO		Batch: 531/534 done
2024-03-22 16:32:48,473	result	INFO	9, 0.9668, 0.8373, 0.7832, 0.8209, 0.7546, 0.8092, 0.4002, 0.8075
2024-03-22 16:32:48,474	root	INFO	Running epoch 10
2024-03-22 16:32:48,676	root	INFO		Batch: 1/534 done
2024-03-22 16:33:23,117	root	INFO		Batch: 107/534 done
2024-03-22 16:33:59,812	root	INFO		Batch: 213/534 done
2024-03-22 16:34:37,489	root	INFO		Batch: 319/534 done
2024-03-22 16:35:14,911	root	INFO		Batch: 425/534 done
2024-03-22 16:35:53,006	root	INFO		Batch: 531/534 done
2024-03-22 16:36:00,644	result	INFO	10, 0.9632, 0.8388, 0.7818, 0.8007, 0.7293, 0.7998, 0.3958, 0.7856
2024-03-22 16:36:00,645	root	INFO	Running epoch 11
2024-03-22 16:36:00,853	root	INFO		Batch: 1/534 done
2024-03-22 16:36:35,574	root	INFO		Batch: 107/534 done
2024-03-22 16:37:11,982	root	INFO		Batch: 213/534 done
2024-03-22 16:37:49,706	root	INFO		Batch: 319/534 done
2024-03-22 16:38:27,708	root	INFO		Batch: 425/534 done
2024-03-22 16:39:05,206	root	INFO		Batch: 531/534 done
2024-03-22 16:39:12,790	result	INFO	11, 0.9597, 0.8391, 0.7817, 0.8184, 0.7444, 0.8099, 0.4109, 0.7979
2024-03-22 16:39:12,791	root	INFO	Running epoch 12
2024-03-22 16:39:12,995	root	INFO		Batch: 1/534 done
2024-03-22 16:39:47,555	root	INFO		Batch: 107/534 done
2024-03-22 16:40:24,259	root	INFO		Batch: 213/534 done
2024-03-22 16:41:01,501	root	INFO		Batch: 319/534 done
2024-03-22 16:41:39,987	root	INFO		Batch: 425/534 done
2024-03-22 16:42:18,410	root	INFO		Batch: 531/534 done
2024-03-22 16:42:26,017	result	INFO	12, 0.9563, 0.8409, 0.7837, 0.8287, 0.7448, 0.8027, 0.4409, 0.7916
2024-03-22 16:42:26,018	root	INFO	Running epoch 13
2024-03-22 16:42:26,232	root	INFO		Batch: 1/534 done
2024-03-22 16:43:00,557	root	INFO		Batch: 107/534 done
2024-03-22 16:43:37,997	root	INFO		Batch: 213/534 done
2024-03-22 16:44:16,547	root	INFO		Batch: 319/534 done
2024-03-22 16:44:56,453	root	INFO		Batch: 425/534 done
2024-03-22 16:45:36,742	root	INFO		Batch: 531/534 done
2024-03-22 16:45:45,356	result	INFO	13, 0.9536, 0.8407, 0.7836, 0.8177, 0.7355, 0.8046, 0.4558, 0.7876
2024-03-22 16:45:45,358	root	INFO	Running epoch 14
2024-03-22 16:45:45,578	root	INFO		Batch: 1/534 done
2024-03-22 16:46:21,696	root	INFO		Batch: 107/534 done
2024-03-22 16:47:00,230	root	INFO		Batch: 213/534 done
2024-03-22 16:47:39,574	root	INFO		Batch: 319/534 done
2024-03-22 16:48:18,485	root	INFO		Batch: 425/534 done
2024-03-22 16:48:58,388	root	INFO		Batch: 531/534 done
2024-03-22 16:49:06,634	result	INFO	14, 0.9510, 0.8394, 0.7850, 0.8261, 0.7493, 0.8132, 0.4524, 0.8018
2024-03-22 16:49:06,635	root	INFO	Running epoch 15
2024-03-22 16:49:06,857	root	INFO		Batch: 1/534 done
2024-03-22 16:49:42,486	root	INFO		Batch: 107/534 done
2024-03-22 16:50:18,597	root	INFO		Batch: 213/534 done
2024-03-22 16:50:54,832	root	INFO		Batch: 319/534 done
2024-03-22 16:51:30,931	root	INFO		Batch: 425/534 done
2024-03-22 16:52:07,499	root	INFO		Batch: 531/534 done
2024-03-22 16:52:15,265	result	INFO	15, 0.9484, 0.8421, 0.7868, 0.8191, 0.7428, 0.7958, 0.4433, 0.7885
2024-03-22 16:52:15,266	root	INFO	Running epoch 16
2024-03-22 16:52:15,471	root	INFO		Batch: 1/534 done
2024-03-22 16:52:48,791	root	INFO		Batch: 107/534 done
2024-03-22 16:53:24,206	root	INFO		Batch: 213/534 done
2024-03-22 16:54:00,809	root	INFO		Batch: 319/534 done
2024-03-22 16:54:38,356	root	INFO		Batch: 425/534 done
2024-03-22 16:55:16,089	root	INFO		Batch: 531/534 done
2024-03-22 16:55:23,751	result	INFO	16, 0.9460, 0.8426, 0.7874, 0.8255, 0.7406, 0.7909, 0.4770, 0.7878
2024-03-22 16:55:23,752	root	INFO	Running epoch 17
2024-03-22 16:55:23,963	root	INFO		Batch: 1/534 done
2024-03-22 16:55:57,087	root	INFO		Batch: 107/534 done
2024-03-22 16:56:33,707	root	INFO		Batch: 213/534 done
2024-03-22 16:57:10,947	root	INFO		Batch: 319/534 done
2024-03-22 16:57:48,346	root	INFO		Batch: 425/534 done
2024-03-22 16:58:25,961	root	INFO		Batch: 531/534 done
2024-03-22 16:58:33,621	result	INFO	17, 0.9439, 0.8425, 0.7878, 0.8183, 0.7445, 0.7842, 0.4797, 0.7789
2024-03-22 16:58:33,622	root	INFO	Running epoch 18
2024-03-22 16:58:33,821	root	INFO		Batch: 1/534 done
2024-03-22 16:59:07,763	root	INFO		Batch: 107/534 done
2024-03-22 16:59:44,213	root	INFO		Batch: 213/534 done
2024-03-22 17:00:20,582	root	INFO		Batch: 319/534 done
2024-03-22 17:00:58,322	root	INFO		Batch: 425/534 done
2024-03-22 17:01:35,432	root	INFO		Batch: 531/534 done
2024-03-22 17:01:43,637	result	INFO	18, 0.9420, 0.8417, 0.7871, 0.8221, 0.7468, 0.7966, 0.4747, 0.7888
2024-03-22 17:01:43,638	root	INFO	Running epoch 19
2024-03-22 17:01:43,835	root	INFO		Batch: 1/534 done
2024-03-22 17:02:17,822	root	INFO		Batch: 107/534 done
2024-03-22 17:02:53,340	root	INFO		Batch: 213/534 done
2024-03-22 17:03:30,298	root	INFO		Batch: 319/534 done
2024-03-22 17:04:07,703	root	INFO		Batch: 425/534 done
2024-03-22 17:04:44,847	root	INFO		Batch: 531/534 done
2024-03-22 17:04:52,313	result	INFO	19, 0.9402, 0.8422, 0.7887, 0.8166, 0.7411, 0.7927, 0.4891, 0.7839
2024-03-22 17:04:52,316	root	INFO	Running epoch 20
2024-03-22 17:04:52,561	root	INFO		Batch: 1/534 done
2024-03-22 17:05:26,899	root	INFO		Batch: 107/534 done
2024-03-22 17:06:03,478	root	INFO		Batch: 213/534 done
2024-03-22 17:06:40,794	root	INFO		Batch: 319/534 done
2024-03-22 17:07:17,053	root	INFO		Batch: 425/534 done
2024-03-22 17:07:51,724	root	INFO		Batch: 531/534 done
2024-03-22 17:07:58,622	result	INFO	20, 0.9384, 0.8434, 0.7884, 0.8192, 0.7397, 0.7981, 0.4677, 0.7907
2024-03-22 17:07:58,623	root	INFO	Running epoch 21
2024-03-22 17:07:58,809	root	INFO		Batch: 1/534 done
2024-03-22 17:08:30,513	root	INFO		Batch: 107/534 done
2024-03-22 17:09:03,960	root	INFO		Batch: 213/534 done
2024-03-22 17:09:37,616	root	INFO		Batch: 319/534 done
2024-03-22 17:10:12,721	root	INFO		Batch: 425/534 done
2024-03-22 17:10:47,969	root	INFO		Batch: 531/534 done
2024-03-22 17:10:55,722	result	INFO	21, 0.9368, 0.8437, 0.7879, 0.8270, 0.7373, 0.7900, 0.4766, 0.7874
2024-03-22 17:10:55,723	root	INFO	Running epoch 22
2024-03-22 17:10:55,909	root	INFO		Batch: 1/534 done
2024-03-22 17:11:26,624	root	INFO		Batch: 107/534 done
2024-03-22 17:12:00,417	root	INFO		Batch: 213/534 done
2024-03-22 17:12:35,271	root	INFO		Batch: 319/534 done
2024-03-22 17:13:10,401	root	INFO		Batch: 425/534 done
2024-03-22 17:13:43,986	root	INFO		Batch: 531/534 done
2024-03-22 17:13:51,173	result	INFO	22, 0.9353, 0.8428, 0.7888, 0.8186, 0.7399, 0.7999, 0.4927, 0.7827
2024-03-22 17:13:51,174	root	INFO	Running epoch 23
2024-03-22 17:13:51,362	root	INFO		Batch: 1/534 done
2024-03-22 17:14:22,821	root	INFO		Batch: 107/534 done
2024-03-22 17:14:56,693	root	INFO		Batch: 213/534 done
2024-03-22 17:15:30,902	root	INFO		Batch: 319/534 done
2024-03-22 17:16:04,101	root	INFO		Batch: 425/534 done
2024-03-22 17:16:39,536	root	INFO		Batch: 531/534 done
2024-03-22 17:16:46,441	result	INFO	23, 0.9339, 0.8434, 0.7882, 0.8173, 0.7407, 0.8029, 0.4991, 0.7918
2024-03-22 17:16:46,443	root	INFO	Running epoch 24
2024-03-22 17:16:46,630	root	INFO		Batch: 1/534 done
2024-03-22 17:17:18,258	root	INFO		Batch: 107/534 done
2024-03-22 17:17:52,445	root	INFO		Batch: 213/534 done
2024-03-22 17:18:26,615	root	INFO		Batch: 319/534 done
2024-03-22 17:19:01,676	root	INFO		Batch: 425/534 done
2024-03-22 17:19:37,799	root	INFO		Batch: 531/534 done
2024-03-22 17:19:45,038	result	INFO	24, 0.9326, 0.8422, 0.7890, 0.8208, 0.7442, 0.7973, 0.5110, 0.7890
2024-03-22 17:19:45,039	root	INFO	Running epoch 25
2024-03-22 17:19:45,228	root	INFO		Batch: 1/534 done
2024-03-22 17:20:14,917	root	INFO		Batch: 107/534 done
2024-03-22 17:20:48,066	root	INFO		Batch: 213/534 done
2024-03-22 17:21:23,649	root	INFO		Batch: 319/534 done
2024-03-22 17:21:58,170	root	INFO		Batch: 425/534 done
2024-03-22 17:22:31,521	root	INFO		Batch: 531/534 done
2024-03-22 17:22:38,434	result	INFO	25, 0.9315, 0.8432, 0.7890, 0.8138, 0.7323, 0.7916, 0.5133, 0.7858
2024-03-22 17:22:38,435	root	INFO	Running epoch 26
2024-03-22 17:22:38,625	root	INFO		Batch: 1/534 done
2024-03-22 17:23:10,863	root	INFO		Batch: 107/534 done
2024-03-22 17:23:45,653	root	INFO		Batch: 213/534 done
2024-03-22 17:24:19,751	root	INFO		Batch: 319/534 done
2024-03-22 17:24:52,738	root	INFO		Batch: 425/534 done
2024-03-22 17:25:28,281	root	INFO		Batch: 531/534 done
2024-03-22 17:25:35,180	result	INFO	26, 0.9304, 0.8414, 0.7895, 0.8246, 0.7371, 0.7870, 0.5213, 0.7812
2024-03-22 17:25:35,181	root	INFO	Running epoch 27
2024-03-22 17:25:35,370	root	INFO		Batch: 1/534 done
2024-03-22 17:26:06,657	root	INFO		Batch: 107/534 done
2024-03-22 17:26:40,027	root	INFO		Batch: 213/534 done
2024-03-22 17:27:12,958	root	INFO		Batch: 319/534 done
2024-03-22 17:27:47,575	root	INFO		Batch: 425/534 done
2024-03-22 17:28:23,922	root	INFO		Batch: 531/534 done
2024-03-22 17:28:31,468	result	INFO	27, 0.9293, 0.8439, 0.7895, 0.8097, 0.7410, 0.7976, 0.5196, 0.7878
2024-03-22 17:28:31,469	root	INFO	early stop triggered, break
2024-03-22 17:28:31,469	root	INFO	best epoch: 1, best test ap: 0.8140
2024-03-22 17:28:31,469	root	INFO	saving the last model
2024-03-22 17:28:31,499	root	INFO	model saved
2024-03-22 17:28:31,499	root	INFO	commencing final evaluation and test
2024-03-22 17:28:31,988	root	INFO	evaluating user 651
2024-03-22 17:28:32,910	root	INFO	evaluating user 27
2024-03-22 17:28:33,853	root	INFO	evaluating user 410
2024-03-22 17:28:34,742	root	INFO	evaluating user 77
2024-03-22 17:28:35,645	root	INFO	evaluating user 77
2024-03-22 17:28:36,516	root	INFO	evaluating user 77
2024-03-22 17:28:37,415	root	INFO	evaluating user 861
2024-03-22 17:28:38,365	root	INFO	evaluating user 861
2024-03-22 17:28:39,405	root	INFO	evaluating user 818
2024-03-22 17:28:40,408	root	INFO	evaluating user 98
2024-03-22 17:28:41,438	root	INFO	evaluating user 98
2024-03-22 17:28:42,440	root	INFO	evaluating user 123
2024-03-22 17:28:43,435	root	INFO	evaluating user 123
2024-03-22 17:28:44,333	root	INFO	evaluating user 123
2024-03-22 17:28:45,275	root	INFO	evaluating user 525
2024-03-22 17:28:46,176	root	INFO	evaluating user 525
2024-03-22 17:28:47,124	root	INFO	evaluating user 525
2024-03-22 17:28:48,184	root	INFO	evaluating user 525
2024-03-22 17:28:49,228	root	INFO	evaluating user 651
2024-03-22 17:28:50,213	root	INFO	evaluating user 651
2024-03-22 17:28:51,160	root	INFO	evaluating user 651
2024-03-22 17:28:52,040	root	INFO	evaluating user 651
2024-03-22 17:28:52,962	root	INFO	evaluating user 651
2024-03-22 17:28:53,837	root	INFO	evaluating user 651
2024-03-22 17:28:54,751	root	INFO	evaluating user 651
2024-03-22 17:28:55,630	root	INFO	evaluating user 651
2024-03-22 17:28:56,539	root	INFO	evaluating user 651
2024-03-22 17:28:57,417	root	INFO	evaluating user 651
2024-03-22 17:28:58,328	root	INFO	evaluating user 651
2024-03-22 17:28:59,215	root	INFO	evaluating user 651
2024-03-22 17:29:00,131	root	INFO	evaluating user 651
2024-03-22 17:29:01,012	root	INFO	evaluating user 651
2024-03-22 17:29:01,929	root	INFO	evaluating user 651
2024-03-22 17:29:02,807	root	INFO	evaluating user 651
2024-03-22 17:29:03,724	root	INFO	evaluating user 651
2024-03-22 17:29:04,603	root	INFO	evaluating user 651
2024-03-22 17:29:05,521	root	INFO	evaluating user 651
2024-03-22 17:29:06,399	root	INFO	evaluating user 651
2024-03-22 17:29:07,313	root	INFO	evaluating user 651
2024-03-22 17:29:08,194	root	INFO	evaluating user 651
2024-03-22 17:29:09,115	root	INFO	evaluating user 651
2024-03-22 17:29:09,991	root	INFO	evaluating user 651
2024-03-22 17:29:10,898	root	INFO	evaluating user 651
2024-03-22 17:29:11,804	root	INFO	evaluating user 651
2024-03-22 17:29:12,710	root	INFO	evaluating user 651
2024-03-22 17:29:13,588	root	INFO	evaluating user 651
2024-03-22 17:29:14,501	root	INFO	evaluating user 651
2024-03-22 17:29:15,388	root	INFO	evaluating user 651
2024-03-22 17:29:16,312	root	INFO	evaluating user 651
2024-03-22 17:29:17,201	root	INFO	evaluating user 651
2024-03-22 17:29:18,118	root	INFO	evaluating user 651
2024-03-22 17:29:19,025	root	INFO	evaluating user 651
2024-03-22 17:29:19,910	root	INFO	evaluating user 89
2024-03-22 17:29:20,915	root	INFO	evaluating user 89
2024-03-22 17:29:21,838	root	INFO	evaluating user 89
2024-03-22 17:29:22,738	root	INFO	evaluating user 89
2024-03-22 17:29:23,656	root	INFO	evaluating user 892
2024-03-22 17:29:24,551	root	INFO	evaluating user 892
2024-03-22 17:29:25,475	root	INFO	evaluating user 892
2024-03-22 17:29:26,367	root	INFO	evaluating user 892
2024-03-22 17:29:27,287	root	INFO	evaluating user 892
2024-03-22 17:29:28,183	root	INFO	evaluating user 892
2024-03-22 17:29:29,127	root	INFO	evaluating user 892
2024-03-22 17:29:30,029	root	INFO	evaluating user 892
2024-03-22 17:29:30,945	root	INFO	evaluating user 892
2024-03-22 17:29:31,843	root	INFO	evaluating user 892
2024-03-22 17:29:32,766	root	INFO	evaluating user 892
2024-03-22 17:29:33,664	root	INFO	evaluating user 892
2024-03-22 17:29:34,582	root	INFO	evaluating user 892
2024-03-22 17:29:35,483	root	INFO	evaluating user 892
2024-03-22 17:29:36,401	root	INFO	evaluating user 892
2024-03-22 17:29:37,298	root	INFO	evaluating user 892
2024-03-22 17:29:38,217	root	INFO	evaluating user 892
2024-03-22 17:29:39,116	root	INFO	evaluating user 892
2024-03-22 17:29:40,033	root	INFO	evaluating user 892
2024-03-22 17:29:40,957	root	INFO	evaluating user 892
2024-03-22 17:29:41,873	root	INFO	evaluating user 892
2024-03-22 17:29:42,771	root	INFO	evaluating user 892
2024-03-22 17:29:43,691	root	INFO	evaluating user 651
2024-03-22 17:29:44,571	root	INFO	evaluating user 375
2024-03-22 17:29:45,485	root	INFO	evaluating user 375
2024-03-22 17:29:46,379	root	INFO	evaluating user 375
2024-03-22 17:29:47,289	root	INFO	evaluating user 375
2024-03-22 17:29:48,186	root	INFO	evaluating user 557
2024-03-22 17:29:49,102	root	INFO	evaluating user 557
2024-03-22 17:29:49,993	root	INFO	evaluating user 2
2024-03-22 17:29:50,910	root	INFO	evaluating user 2
2024-03-22 17:29:51,808	root	INFO	evaluating user 2
2024-03-22 17:29:52,721	root	INFO	evaluating user 2
2024-03-22 17:29:53,615	root	INFO	evaluating user 2
2024-03-22 17:29:54,526	root	INFO	evaluating user 2
2024-03-22 17:29:55,421	root	INFO	evaluating user 2
2024-03-22 17:29:56,331	root	INFO	evaluating user 2
2024-03-22 17:29:57,233	root	INFO	evaluating user 2
2024-03-22 17:29:58,147	root	INFO	evaluating user 2
2024-03-22 17:29:59,040	root	INFO	evaluating user 2
2024-03-22 17:29:59,950	root	INFO	evaluating user 2
2024-03-22 17:30:00,845	root	INFO	evaluating user 2
2024-03-22 17:30:01,757	root	INFO	evaluating user 2
2024-03-22 17:30:02,651	root	INFO	evaluating user 2
2024-03-22 17:30:03,573	root	INFO	evaluating user 2
2024-03-22 17:30:04,469	root	INFO	evaluating user 2
2024-03-22 17:30:05,385	root	INFO	evaluating user 2
2024-03-22 17:30:06,281	root	INFO	evaluating user 2
2024-03-22 17:30:07,197	root	INFO	evaluating user 2
2024-03-22 17:30:08,093	root	INFO	evaluating user 2
2024-03-22 17:30:09,008	root	INFO	evaluating user 91
2024-03-22 17:30:09,908	root	INFO	evaluating user 91
2024-03-22 17:30:10,826	root	INFO	evaluating user 91
2024-03-22 17:30:11,718	root	INFO	evaluating user 91
2024-03-22 17:30:12,640	root	INFO	evaluating user 91
2024-03-22 17:30:13,553	root	INFO	evaluating user 91
2024-03-22 17:30:14,464	root	INFO	evaluating user 91
2024-03-22 17:30:15,382	root	INFO	evaluating user 91
2024-03-22 17:30:16,293	root	INFO	evaluating user 91
2024-03-22 17:30:17,334	root	INFO	evaluating user 91
2024-03-22 17:30:18,357	root	INFO	evaluating user 91
2024-03-22 17:30:19,368	root	INFO	evaluating user 91
2024-03-22 17:30:20,318	root	INFO	evaluating user 91
2024-03-22 17:30:21,228	root	INFO	evaluating user 91
2024-03-22 17:30:22,168	root	INFO	evaluating user 91
2024-03-22 17:30:23,116	root	INFO	evaluating user 91
2024-03-22 17:30:24,082	root	INFO	evaluating user 91
2024-03-22 17:30:25,076	root	INFO	evaluating user 91
2024-03-22 17:30:26,048	root	INFO	evaluating user 91
2024-03-22 17:30:26,960	root	INFO	evaluating user 91
2024-03-22 17:30:28,021	root	INFO	evaluating user 91
2024-03-22 17:30:29,033	root	INFO	evaluating user 91
2024-03-22 17:30:30,062	root	INFO	evaluating user 91
2024-03-22 17:30:30,978	root	INFO	evaluating user 91
2024-03-22 17:30:31,896	root	INFO	evaluating user 91
2024-03-22 17:30:32,796	root	INFO	evaluating user 91
2024-03-22 17:30:33,715	root	INFO	evaluating user 91
2024-03-22 17:30:34,624	root	INFO	evaluating user 91
2024-03-22 17:30:35,547	root	INFO	evaluating user 91
2024-03-22 17:30:36,448	root	INFO	evaluating user 91
2024-03-22 17:30:37,377	root	INFO	evaluating user 91
2024-03-22 17:30:38,276	root	INFO	evaluating user 91
2024-03-22 17:30:39,204	root	INFO	evaluating user 91
2024-03-22 17:30:40,102	root	INFO	evaluating user 91
2024-03-22 17:30:41,024	root	INFO	evaluating user 91
2024-03-22 17:30:41,924	root	INFO	evaluating user 91
2024-03-22 17:30:42,848	root	INFO	evaluating user 91
2024-03-22 17:30:43,747	root	INFO	evaluating user 91
2024-03-22 17:30:44,668	root	INFO	evaluating user 91
2024-03-22 17:30:45,569	root	INFO	evaluating user 91
2024-03-22 17:30:46,490	root	INFO	evaluating user 91
2024-03-22 17:30:47,392	root	INFO	evaluating user 91
2024-03-22 17:30:48,316	root	INFO	evaluating user 91
2024-03-22 17:30:49,218	root	INFO	evaluating user 91
2024-03-22 17:30:50,135	root	INFO	evaluating user 91
2024-03-22 17:30:51,035	root	INFO	evaluating user 91
2024-03-22 17:30:51,960	root	INFO	evaluating user 91
2024-03-22 17:30:52,858	root	INFO	evaluating user 91
2024-03-22 17:30:53,782	root	INFO	evaluating user 91
2024-03-22 17:30:54,683	root	INFO	evaluating user 91
2024-03-22 17:30:55,659	root	INFO	evaluating user 91
2024-03-22 17:30:56,653	root	INFO	evaluating user 91
2024-03-22 17:30:57,689	root	INFO	evaluating user 91
2024-03-22 17:30:58,698	root	INFO	evaluating user 91
2024-03-22 17:30:59,697	root	INFO	evaluating user 91
2024-03-22 17:31:00,585	root	INFO	evaluating user 91
2024-03-22 17:31:01,511	root	INFO	evaluating user 91
2024-03-22 17:31:02,415	root	INFO	evaluating user 91
2024-03-22 17:31:03,337	root	INFO	evaluating user 91
2024-03-22 17:31:04,259	root	INFO	evaluating user 91
2024-03-22 17:31:05,185	root	INFO	evaluating user 91
2024-03-22 17:31:06,083	root	INFO	evaluating user 91
2024-03-22 17:31:06,998	root	INFO	evaluating user 91
2024-03-22 17:31:07,898	root	INFO	evaluating user 91
2024-03-22 17:31:08,821	root	INFO	evaluating user 91
2024-03-22 17:31:09,779	root	INFO	evaluating user 91
2024-03-22 17:31:10,705	root	INFO	evaluating user 91
2024-03-22 17:31:11,699	root	INFO	evaluating user 91
2024-03-22 17:31:12,763	root	INFO	evaluating user 91
2024-03-22 17:31:13,781	root	INFO	evaluating user 91
2024-03-22 17:31:14,734	root	INFO	evaluating user 91
2024-03-22 17:31:15,636	root	INFO	evaluating user 91
2024-03-22 17:31:16,559	root	INFO	evaluating user 91
2024-03-22 17:31:17,471	root	INFO	evaluating user 91
2024-03-22 17:31:18,393	root	INFO	evaluating user 91
2024-03-22 17:31:19,298	root	INFO	evaluating user 91
2024-03-22 17:31:20,227	root	INFO	evaluating user 91
2024-03-22 17:31:21,123	root	INFO	evaluating user 91
2024-03-22 17:31:22,072	root	INFO	evaluating user 91
2024-03-22 17:31:22,968	root	INFO	evaluating user 91
2024-03-22 17:31:23,971	root	INFO	evaluating user 91
2024-03-22 17:31:24,989	root	INFO	evaluating user 91
2024-03-22 17:31:26,014	root	INFO	evaluating user 91
2024-03-22 17:31:26,998	root	INFO	evaluating user 91
2024-03-22 17:31:27,909	root	INFO	evaluating user 91
2024-03-22 17:31:28,834	root	INFO	evaluating user 91
2024-03-22 17:31:29,759	root	INFO	evaluating user 91
2024-03-22 17:31:30,710	root	INFO	evaluating user 91
2024-03-22 17:31:31,744	root	INFO	evaluating user 91
2024-03-22 17:31:32,750	root	INFO	evaluating user 91
2024-03-22 17:31:33,803	root	INFO	evaluating user 91
2024-03-22 17:31:34,809	root	INFO	evaluating user 91
2024-03-22 17:31:35,835	root	INFO	evaluating user 91
2024-03-22 17:31:36,761	root	INFO	evaluating user 91
2024-03-22 17:31:37,692	root	INFO	evaluating user 91
2024-03-22 17:31:38,677	root	INFO	evaluating user 91
2024-03-22 17:31:39,735	root	INFO	evaluating user 91
2024-03-22 17:31:40,741	root	INFO	evaluating user 91
2024-03-22 17:31:41,673	root	INFO	evaluating user 91
2024-03-22 17:31:42,572	root	INFO	evaluating user 91
2024-03-22 17:31:43,496	root	INFO	evaluating user 91
2024-03-22 17:31:44,397	root	INFO	evaluating user 91
2024-03-22 17:31:45,317	root	INFO	evaluating user 91
2024-03-22 17:31:46,219	root	INFO	evaluating user 91
2024-03-22 17:31:47,142	root	INFO	evaluating user 91
2024-03-22 17:31:48,038	root	INFO	evaluating user 91
2024-03-22 17:31:48,961	root	INFO	evaluating user 91
2024-03-22 17:31:49,931	root	INFO	evaluating user 91
2024-03-22 17:31:50,856	root	INFO	evaluating user 91
2024-03-22 17:31:51,756	root	INFO	evaluating user 91
2024-03-22 17:31:52,673	root	INFO	evaluating user 91
2024-03-22 17:31:53,570	root	INFO	evaluating user 91
2024-03-22 17:31:54,488	root	INFO	evaluating user 91
2024-03-22 17:31:55,388	root	INFO	evaluating user 91
2024-03-22 17:31:56,305	root	INFO	evaluating user 91
2024-03-22 17:31:57,203	root	INFO	evaluating user 91
2024-03-22 17:31:58,127	root	INFO	evaluating user 91
2024-03-22 17:31:59,027	root	INFO	evaluating user 91
2024-03-22 17:31:59,951	root	INFO	evaluating user 91
2024-03-22 17:32:00,851	root	INFO	evaluating user 91
2024-03-22 17:32:01,770	root	INFO	evaluating user 91
2024-03-22 17:32:02,683	root	INFO	evaluating user 91
2024-03-22 17:32:03,606	root	INFO	evaluating user 91
2024-03-22 17:32:04,512	root	INFO	evaluating user 91
2024-03-22 17:32:05,430	root	INFO	evaluating user 91
2024-03-22 17:32:06,330	root	INFO	evaluating user 91
2024-03-22 17:32:07,261	root	INFO	evaluating user 91
2024-03-22 17:32:08,168	root	INFO	evaluating user 91
2024-03-22 17:32:09,088	root	INFO	evaluating user 91
2024-03-22 17:32:10,011	root	INFO	evaluating user 91
2024-03-22 17:32:10,936	root	INFO	evaluating user 91
2024-03-22 17:32:11,835	root	INFO	evaluating user 91
2024-03-22 17:32:12,765	root	INFO	evaluating user 91
2024-03-22 17:32:13,665	root	INFO	evaluating user 91
2024-03-22 17:32:14,577	root	INFO	evaluating user 91
2024-03-22 17:32:15,477	root	INFO	evaluating user 91
2024-03-22 17:32:16,398	root	INFO	evaluating user 91
2024-03-22 17:32:17,300	root	INFO	evaluating user 91
2024-03-22 17:32:18,225	root	INFO	evaluating user 91
2024-03-22 17:32:19,123	root	INFO	evaluating user 91
2024-03-22 17:32:20,111	root	INFO	evaluating user 91
2024-03-22 17:32:21,117	root	INFO	evaluating user 91
2024-03-22 17:32:22,150	root	INFO	evaluating user 91
2024-03-22 17:32:23,113	root	INFO	evaluating user 91
2024-03-22 17:32:24,057	root	INFO	evaluating user 91
2024-03-22 17:32:25,098	root	INFO	evaluating user 91
2024-03-22 17:32:26,128	root	INFO	evaluating user 91
2024-03-22 17:32:27,130	root	INFO	evaluating user 91
2024-03-22 17:32:28,165	root	INFO	evaluating user 91
2024-03-22 17:32:29,181	root	INFO	evaluating user 91
2024-03-22 17:32:30,114	root	INFO	evaluating user 91
2024-03-22 17:32:31,011	root	INFO	evaluating user 91
2024-03-22 17:32:31,931	root	INFO	evaluating user 91
2024-03-22 17:32:32,828	root	INFO	evaluating user 91
2024-03-22 17:32:33,751	root	INFO	evaluating user 91
2024-03-22 17:32:34,654	root	INFO	evaluating user 91
2024-03-22 17:32:35,581	root	INFO	evaluating user 91
2024-03-22 17:32:36,482	root	INFO	evaluating user 91
2024-03-22 17:32:37,407	root	INFO	evaluating user 91
2024-03-22 17:32:38,303	root	INFO	evaluating user 91
2024-03-22 17:32:39,224	root	INFO	evaluating user 91
2024-03-22 17:32:40,126	root	INFO	evaluating user 91
2024-03-22 17:32:41,045	root	INFO	evaluating user 91
2024-03-22 17:32:41,948	root	INFO	evaluating user 91
2024-03-22 17:32:42,871	root	INFO	evaluating user 91
2024-03-22 17:32:43,765	root	INFO	evaluating user 91
2024-03-22 17:32:44,682	root	INFO	evaluating user 91
2024-03-22 17:32:45,578	root	INFO	evaluating user 91
2024-03-22 17:32:46,497	root	INFO	evaluating user 91
2024-03-22 17:32:47,394	root	INFO	evaluating user 91
2024-03-22 17:32:48,315	root	INFO	evaluating user 91
2024-03-22 17:32:49,219	root	INFO	evaluating user 91
2024-03-22 17:32:50,130	root	INFO	evaluating user 91
2024-03-22 17:32:51,031	root	INFO	evaluating user 91
2024-03-22 17:32:52,003	root	INFO	evaluating user 91
2024-03-22 17:32:53,017	root	INFO	evaluating user 91
2024-03-22 17:32:54,053	root	INFO	evaluating user 91
2024-03-22 17:32:55,080	root	INFO	evaluating user 91
2024-03-22 17:32:56,134	root	INFO	evaluating user 91
2024-03-22 17:32:57,146	root	INFO	evaluating user 91
2024-03-22 17:32:58,187	root	INFO	evaluating user 91
2024-03-22 17:32:59,201	root	INFO	evaluating user 91
2024-03-22 17:33:00,219	root	INFO	evaluating user 91
2024-03-22 17:33:01,241	root	INFO	evaluating user 91
2024-03-22 17:33:02,248	root	INFO	evaluating user 91
2024-03-22 17:33:03,159	root	INFO	evaluating user 91
2024-03-22 17:33:04,258	root	INFO	evaluating user 91
2024-03-22 17:33:05,272	root	INFO	evaluating user 91
2024-03-22 17:33:06,320	root	INFO	evaluating user 91
2024-03-22 17:33:07,253	root	INFO	evaluating user 91
2024-03-22 17:33:08,178	root	INFO	evaluating user 91
2024-03-22 17:33:09,078	root	INFO	evaluating user 91
2024-03-22 17:33:10,002	root	INFO	evaluating user 91
2024-03-22 17:33:10,908	root	INFO	evaluating user 91
2024-03-22 17:33:11,825	root	INFO	evaluating user 91
2024-03-22 17:33:12,765	root	INFO	evaluating user 91
2024-03-22 17:33:13,686	root	INFO	evaluating user 91
2024-03-22 17:33:14,587	root	INFO	evaluating user 91
2024-03-22 17:33:15,618	root	INFO	evaluating user 91
2024-03-22 17:33:16,637	root	INFO	evaluating user 91
2024-03-22 17:33:17,673	root	INFO	evaluating user 91
2024-03-22 17:33:18,765	root	INFO	evaluating user 91
2024-03-22 17:33:19,809	root	INFO	evaluating user 91
2024-03-22 17:33:20,813	root	INFO	evaluating user 91
2024-03-22 17:33:21,739	root	INFO	evaluating user 91
2024-03-22 17:33:22,634	root	INFO	evaluating user 91
2024-03-22 17:33:23,555	root	INFO	evaluating user 91
2024-03-22 17:33:24,461	root	INFO	evaluating user 91
2024-03-22 17:33:25,394	root	INFO	evaluating user 91
2024-03-22 17:33:26,304	root	INFO	evaluating user 91
2024-03-22 17:33:27,232	root	INFO	evaluating user 91
2024-03-22 17:33:28,144	root	INFO	evaluating user 91
2024-03-22 17:33:29,076	root	INFO	evaluating user 91
2024-03-22 17:33:29,987	root	INFO	evaluating user 91
2024-03-22 17:33:30,935	root	INFO	evaluating user 91
2024-03-22 17:33:31,842	root	INFO	evaluating user 91
2024-03-22 17:33:32,768	root	INFO	evaluating user 91
2024-03-22 17:33:33,868	root	INFO	evaluating user 91
2024-03-22 17:33:34,954	root	INFO	evaluating user 91
2024-03-22 17:33:35,973	root	INFO	evaluating user 91
2024-03-22 17:33:37,014	root	INFO	evaluating user 91
2024-03-22 17:33:38,003	root	INFO	evaluating user 91
2024-03-22 17:33:38,967	root	INFO	evaluating user 91
2024-03-22 17:33:39,998	root	INFO	evaluating user 91
2024-03-22 17:33:41,010	root	INFO	evaluating user 91
2024-03-22 17:33:42,038	root	INFO	evaluating user 91
2024-03-22 17:33:43,079	root	INFO	evaluating user 91
2024-03-22 17:33:44,096	root	INFO	evaluating user 91
2024-03-22 17:33:45,147	root	INFO	evaluating user 91
2024-03-22 17:33:46,193	root	INFO	evaluating user 91
2024-03-22 17:33:47,224	root	INFO	evaluating user 91
2024-03-22 17:33:48,256	root	INFO	evaluating user 91
2024-03-22 17:33:49,253	root	INFO	evaluating user 91
2024-03-22 17:33:50,163	root	INFO	evaluating user 91
2024-03-22 17:33:51,197	root	INFO	evaluating user 91
2024-03-22 17:33:52,120	root	INFO	evaluating user 91
2024-03-22 17:33:53,072	root	INFO	evaluating user 91
2024-03-22 17:33:53,988	root	INFO	evaluating user 91
2024-03-22 17:33:54,934	root	INFO	evaluating user 91
2024-03-22 17:33:55,859	root	INFO	evaluating user 91
2024-03-22 17:33:56,865	root	INFO	evaluating user 91
2024-03-22 17:33:57,880	root	INFO	evaluating user 91
2024-03-22 17:33:58,807	root	INFO	evaluating user 91
2024-03-22 17:33:59,712	root	INFO	evaluating user 91
2024-03-22 17:34:00,639	root	INFO	evaluating user 91
2024-03-22 17:34:01,540	root	INFO	evaluating user 91
2024-03-22 17:34:02,472	root	INFO	evaluating user 91
2024-03-22 17:34:03,366	root	INFO	evaluating user 91
2024-03-22 17:34:04,295	root	INFO	evaluating user 91
2024-03-22 17:34:05,189	root	INFO	evaluating user 91
2024-03-22 17:34:06,227	root	INFO	evaluating user 91
2024-03-22 17:34:07,246	root	INFO	evaluating user 91
2024-03-22 17:34:08,291	root	INFO	evaluating user 91
2024-03-22 17:34:09,363	root	INFO	evaluating user 91
2024-03-22 17:34:10,397	root	INFO	evaluating user 91
2024-03-22 17:34:11,411	root	INFO	evaluating user 91
2024-03-22 17:34:12,436	root	INFO	evaluating user 91
2024-03-22 17:34:13,446	root	INFO	evaluating user 91
2024-03-22 17:34:14,492	root	INFO	evaluating user 91
2024-03-22 17:34:15,510	root	INFO	evaluating user 91
2024-03-22 17:34:16,559	root	INFO	evaluating user 91
2024-03-22 17:34:17,492	root	INFO	evaluating user 91
2024-03-22 17:34:18,442	root	INFO	evaluating user 91
2024-03-22 17:34:19,341	root	INFO	evaluating user 91
2024-03-22 17:34:20,269	root	INFO	evaluating user 91
2024-03-22 17:34:21,161	root	INFO	evaluating user 91
2024-03-22 17:34:22,205	root	INFO	evaluating user 91
2024-03-22 17:34:23,226	root	INFO	evaluating user 91
2024-03-22 17:34:24,268	root	INFO	evaluating user 91
2024-03-22 17:34:25,332	root	INFO	evaluating user 91
2024-03-22 17:34:26,383	root	INFO	evaluating user 91
2024-03-22 17:34:27,392	root	INFO	evaluating user 91
2024-03-22 17:34:28,430	root	INFO	evaluating user 91
2024-03-22 17:34:29,428	root	INFO	evaluating user 91
2024-03-22 17:34:30,420	root	INFO	evaluating user 91
2024-03-22 17:34:31,327	root	INFO	evaluating user 91
2024-03-22 17:34:32,254	root	INFO	evaluating user 91
2024-03-22 17:34:33,332	root	INFO	evaluating user 91
2024-03-22 17:34:34,372	root	INFO	evaluating user 91
2024-03-22 17:34:35,394	root	INFO	evaluating user 91
2024-03-22 17:34:36,446	root	INFO	evaluating user 91
2024-03-22 17:34:37,464	root	INFO	evaluating user 91
2024-03-22 17:34:38,506	root	INFO	evaluating user 91
2024-03-22 17:34:39,527	root	INFO	evaluating user 91
2024-03-22 17:34:40,521	root	INFO	evaluating user 91
2024-03-22 17:34:41,426	root	INFO	evaluating user 91
2024-03-22 17:34:42,482	root	INFO	evaluating user 91
2024-03-22 17:34:43,489	root	INFO	evaluating user 91
2024-03-22 17:34:44,520	root	INFO	evaluating user 91
2024-03-22 17:34:45,533	root	INFO	evaluating user 91
2024-03-22 17:34:46,580	root	INFO	evaluating user 91
2024-03-22 17:34:47,586	root	INFO	evaluating user 91
2024-03-22 17:34:48,633	root	INFO	evaluating user 91
2024-03-22 17:34:49,665	root	INFO	evaluating user 91
2024-03-22 17:34:50,700	root	INFO	evaluating user 91
2024-03-22 17:34:51,712	root	INFO	evaluating user 91
2024-03-22 17:34:52,633	root	INFO	evaluating user 91
2024-03-22 17:34:53,537	root	INFO	evaluating user 91
2024-03-22 17:34:54,466	root	INFO	evaluating user 91
2024-03-22 17:34:55,459	root	INFO	evaluating user 91
2024-03-22 17:34:56,382	root	INFO	evaluating user 91
2024-03-22 17:34:57,298	root	INFO	evaluating user 91
2024-03-22 17:34:58,353	root	INFO	evaluating user 91
2024-03-22 17:34:59,268	root	INFO	evaluating user 91
2024-03-22 17:35:00,210	root	INFO	evaluating user 91
2024-03-22 17:35:01,209	root	INFO	evaluating user 91
2024-03-22 17:35:02,280	root	INFO	evaluating user 91
2024-03-22 17:35:03,289	root	INFO	evaluating user 91
2024-03-22 17:35:04,233	root	INFO	evaluating user 91
2024-03-22 17:35:05,246	root	INFO	evaluating user 91
2024-03-22 17:35:06,278	root	INFO	evaluating user 91
2024-03-22 17:35:07,255	root	INFO	evaluating user 91
2024-03-22 17:35:08,190	root	INFO	evaluating user 91
2024-03-22 17:35:09,196	root	INFO	evaluating user 91
2024-03-22 17:35:10,231	root	INFO	evaluating user 91
2024-03-22 17:35:11,246	root	INFO	evaluating user 91
2024-03-22 17:35:12,199	root	INFO	evaluating user 861
2024-03-22 17:35:13,301	root	INFO	evaluating user 651
2024-03-22 17:35:14,292	root	INFO	evaluating user 59
2024-03-22 17:35:15,285	root	INFO	evaluating user 122
2024-03-22 17:35:16,300	root	INFO	evaluating user 122
2024-03-22 17:35:17,254	root	INFO	evaluating user 122
2024-03-22 17:35:18,177	root	INFO	evaluating user 122
2024-03-22 17:35:19,101	root	INFO	evaluating user 240
2024-03-22 17:35:20,011	root	INFO	evaluating user 240
2024-03-22 17:35:21,064	root	INFO	evaluating user 240
2024-03-22 17:35:22,075	root	INFO	evaluating user 240
2024-03-22 17:35:23,009	root	INFO	evaluating user 131
2024-03-22 17:35:23,939	root	INFO	evaluating user 13
2024-03-22 17:35:24,848	root	INFO	evaluating user 13
2024-03-22 17:35:25,790	root	INFO	evaluating user 13
2024-03-22 17:35:26,689	root	INFO	evaluating user 13
2024-03-22 17:35:27,614	root	INFO	evaluating user 13
2024-03-22 17:35:28,512	root	INFO	evaluating user 13
2024-03-22 17:35:29,558	root	INFO	evaluating user 13
2024-03-22 17:35:30,577	root	INFO	evaluating user 13
2024-03-22 17:35:31,628	root	INFO	evaluating user 13
2024-03-22 17:35:32,643	root	INFO	evaluating user 240
2024-03-22 17:35:33,557	root	INFO	evaluating user 406
2024-03-22 17:35:34,446	root	INFO	evaluating user 406
2024-03-22 17:35:35,360	root	INFO	evaluating user 834
2024-03-22 17:35:36,380	root	INFO	evaluating user 834
2024-03-22 17:35:37,422	root	INFO	evaluating user 834
2024-03-22 17:35:38,432	root	INFO	evaluating user 131
2024-03-22 17:35:39,515	root	INFO	evaluating user 505
2024-03-22 17:35:40,525	root	INFO	evaluating user 505
2024-03-22 17:35:41,550	root	INFO	evaluating user 524
2024-03-22 17:35:42,476	root	INFO	evaluating user 524
2024-03-22 17:35:43,342	root	INFO	evaluating user 497
2024-03-22 17:35:44,282	root	INFO	evaluating user 497
2024-03-22 17:35:45,213	root	INFO	evaluating user 487
2024-03-22 17:35:46,115	root	INFO	evaluating user 140
2024-03-22 17:35:47,137	root	INFO	evaluating user 140
2024-03-22 17:35:48,154	root	INFO	evaluating user 91
2024-03-22 17:35:49,187	root	INFO	evaluating user 91
2024-03-22 17:35:50,195	root	INFO	evaluating user 621
2024-03-22 17:35:51,125	root	INFO	evaluating user 621
2024-03-22 17:35:52,161	root	INFO	evaluating user 621
2024-03-22 17:35:53,196	root	INFO	evaluating user 621
2024-03-22 17:35:54,206	root	INFO	evaluating user 621
2024-03-22 17:35:55,178	root	INFO	evaluating user 621
2024-03-22 17:35:56,076	root	INFO	evaluating user 621
2024-03-22 17:35:57,137	root	INFO	evaluating user 621
2024-03-22 17:35:58,155	root	INFO	evaluating user 621
2024-03-22 17:35:59,214	root	INFO	evaluating user 621
2024-03-22 17:36:00,227	root	INFO	evaluating user 621
2024-03-22 17:36:01,276	root	INFO	evaluating user 846
2024-03-22 17:36:02,232	root	INFO	evaluating user 621
2024-03-22 17:36:03,312	root	INFO	evaluating user 621
2024-03-22 17:36:04,327	root	INFO	evaluating user 621
2024-03-22 17:36:05,364	root	INFO	evaluating user 621
2024-03-22 17:36:06,284	root	INFO	evaluating user 621
2024-03-22 17:36:07,200	root	INFO	evaluating user 621
2024-03-22 17:36:08,244	root	INFO	evaluating user 621
2024-03-22 17:36:09,278	root	INFO	evaluating user 621
2024-03-22 17:36:10,282	root	INFO	evaluating user 621
2024-03-22 17:36:11,273	root	INFO	evaluating user 846
2024-03-22 17:36:12,135	root	INFO	evaluating user 846
2024-03-22 17:36:13,019	root	INFO	evaluating user 846
2024-03-22 17:36:13,975	root	INFO	evaluating user 846
2024-03-22 17:36:14,973	root	INFO	evaluating user 846
2024-03-22 17:36:15,959	root	INFO	evaluating user 846
2024-03-22 17:36:16,851	root	INFO	evaluating user 846
2024-03-22 17:36:17,836	root	INFO	evaluating user 846
2024-03-22 17:36:18,720	root	INFO	evaluating user 846
2024-03-22 17:36:19,593	root	INFO	evaluating user 846
2024-03-22 17:36:20,558	root	INFO	evaluating user 846
2024-03-22 17:36:21,528	root	INFO	evaluating user 846
2024-03-22 17:36:22,518	root	INFO	evaluating user 846
2024-03-22 17:36:23,497	root	INFO	evaluating user 846
2024-03-22 17:36:24,544	root	INFO	evaluating user 846
2024-03-22 17:36:25,521	root	INFO	evaluating user 418
2024-03-22 17:36:26,544	root	INFO	evaluating user 418
2024-03-22 17:36:27,578	root	INFO	evaluating user 818
2024-03-22 17:36:28,504	root	INFO	evaluating user 818
2024-03-22 17:36:29,513	root	INFO	evaluating user 818
2024-03-22 17:36:30,525	root	INFO	evaluating user 818
2024-03-22 17:36:31,428	root	INFO	evaluating user 818
2024-03-22 17:36:32,383	root	INFO	evaluating user 818
2024-03-22 17:36:33,299	root	INFO	evaluating user 818
2024-03-22 17:36:34,217	root	INFO	evaluating user 818
2024-03-22 17:36:35,123	root	INFO	evaluating user 818
2024-03-22 17:36:36,055	root	INFO	evaluating user 818
2024-03-22 17:36:36,974	root	INFO	evaluating user 818
2024-03-22 17:36:38,008	root	INFO	evaluating user 818
2024-03-22 17:36:39,075	root	INFO	evaluating user 818
2024-03-22 17:36:40,121	root	INFO	evaluating user 651
2024-03-22 17:36:41,143	root	INFO	evaluating user 651
2024-03-22 17:36:42,148	root	INFO	evaluating user 651
2024-03-22 17:36:43,038	root	INFO	evaluating user 651
2024-03-22 17:36:43,941	root	INFO	evaluating user 651
2024-03-22 17:36:44,821	root	INFO	evaluating user 651
2024-03-22 17:36:45,729	root	INFO	evaluating user 651
2024-03-22 17:36:46,622	root	INFO	evaluating user 59
2024-03-22 17:36:47,528	root	INFO	evaluating user 59
2024-03-22 17:36:48,418	root	INFO	evaluating user 59
2024-03-22 17:36:49,331	root	INFO	evaluating user 59
2024-03-22 17:36:50,228	root	INFO	evaluating user 406
2024-03-22 17:36:51,144	root	INFO	evaluating user 443
2024-03-22 17:36:52,149	root	INFO	evaluating user 443
2024-03-22 17:36:53,169	root	INFO	evaluating user 443
2024-03-22 17:36:54,166	root	INFO	evaluating user 830
2024-03-22 17:36:55,206	root	INFO	evaluating user 817
2024-03-22 17:36:56,217	root	INFO	evaluating user 817
2024-03-22 17:36:57,144	root	INFO	evaluating user 817
2024-03-22 17:36:58,023	root	INFO	evaluating user 817
2024-03-22 17:36:59,003	root	INFO	evaluating user 817
2024-03-22 17:37:00,006	root	INFO	evaluating user 817
2024-03-22 17:37:01,012	root	INFO	evaluating user 817
2024-03-22 17:37:01,925	root	INFO	evaluating user 76
2024-03-22 17:37:02,805	root	INFO	evaluating user 76
2024-03-22 17:37:03,672	root	INFO	evaluating user 76
2024-03-22 17:37:04,561	root	INFO	evaluating user 76
2024-03-22 17:37:05,430	root	INFO	evaluating user 76
2024-03-22 17:37:06,317	root	INFO	evaluating user 76
2024-03-22 17:37:07,285	root	INFO	evaluating user 76
2024-03-22 17:37:08,285	root	INFO	evaluating user 76
2024-03-22 17:37:09,168	root	INFO	evaluating user 76
2024-03-22 17:37:10,059	root	INFO	evaluating user 451
2024-03-22 17:37:10,962	root	INFO	evaluating user 451
2024-03-22 17:37:12,031	root	INFO	evaluating user 451
2024-03-22 17:37:13,053	root	INFO	evaluating user 451
2024-03-22 17:37:14,105	root	INFO	evaluating user 48
2024-03-22 17:37:15,121	root	INFO	evaluating user 48
2024-03-22 17:37:16,121	root	INFO	evaluating user 48
2024-03-22 17:37:17,021	root	INFO	evaluating user 48
2024-03-22 17:37:17,960	root	INFO	evaluating user 48
2024-03-22 17:37:18,980	root	INFO	evaluating user 634
2024-03-22 17:37:20,002	root	INFO	evaluating user 634
2024-03-22 17:37:20,959	root	INFO	evaluating user 634
2024-03-22 17:37:21,878	root	INFO	evaluating user 89
2024-03-22 17:37:22,912	root	INFO	evaluating user 89
2024-03-22 17:37:23,944	root	INFO	evaluating user 89
2024-03-22 17:37:24,951	root	INFO	evaluating user 89
2024-03-22 17:37:25,939	root	INFO	evaluating user 89
2024-03-22 17:37:26,838	root	INFO	evaluating user 89
2024-03-22 17:37:27,828	root	INFO	evaluating user 89
2024-03-22 17:37:28,846	root	INFO	evaluating user 138
2024-03-22 17:37:29,923	root	INFO	evaluating user 89
2024-03-22 17:37:30,934	root	INFO	evaluating user 89
2024-03-22 17:37:31,990	root	INFO	evaluating user 89
2024-03-22 17:37:33,071	root	INFO	evaluating user 89
2024-03-22 17:37:34,166	root	INFO	evaluating user 89
2024-03-22 17:37:35,184	root	INFO	evaluating user 89
2024-03-22 17:37:36,214	root	INFO	evaluating user 89
2024-03-22 17:37:37,213	root	INFO	evaluating user 23
2024-03-22 17:37:38,228	root	INFO	evaluating user 240
2024-03-22 17:37:39,222	root	INFO	evaluating user 785
2024-03-22 17:37:40,156	root	INFO	evaluating user 818
2024-03-22 17:37:41,105	root	INFO	evaluating user 818
2024-03-22 17:37:42,136	root	INFO	evaluating user 818
2024-03-22 17:37:43,194	root	INFO	evaluating user 651
2024-03-22 17:37:44,213	root	INFO	evaluating user 651
2024-03-22 17:37:45,203	root	INFO	evaluating user 99
2024-03-22 17:37:46,243	root	INFO	evaluating user 99
2024-03-22 17:37:47,204	root	INFO	evaluating user 240
2024-03-22 17:37:48,119	root	INFO	evaluating user 370
2024-03-22 17:37:49,028	root	INFO	evaluating user 370
2024-03-22 17:37:49,962	root	INFO	evaluating user 370
2024-03-22 17:37:50,861	root	INFO	evaluating user 59
2024-03-22 17:37:51,767	root	INFO	evaluating user 38
2024-03-22 17:37:52,551	root	INFO	evaluating user 38
2024-03-22 17:37:53,365	root	INFO	evaluating user 38
2024-03-22 17:37:54,150	root	INFO	evaluating user 38
2024-03-22 17:37:54,956	root	INFO	evaluating user 38
2024-03-22 17:37:55,748	root	INFO	evaluating user 410
2024-03-22 17:37:56,680	root	INFO	evaluating user 410
2024-03-22 17:37:57,579	root	INFO	evaluating user 164
2024-03-22 17:37:58,517	root	INFO	evaluating user 164
2024-03-22 17:37:59,443	root	INFO	evaluating user 164
2024-03-22 17:38:00,384	root	INFO	evaluating user 410
2024-03-22 17:38:01,318	root	INFO	evaluating user 410
2024-03-22 17:38:02,253	root	INFO	evaluating user 410
2024-03-22 17:38:03,152	root	INFO	evaluating user 410
2024-03-22 17:38:04,078	root	INFO	evaluating user 164
2024-03-22 17:38:04,988	root	INFO	evaluating user 410
2024-03-22 17:38:05,910	root	INFO	evaluating user 410
2024-03-22 17:38:06,812	root	INFO	evaluating user 410
2024-03-22 17:38:07,742	root	INFO	evaluating user 410
2024-03-22 17:38:08,651	root	INFO	evaluating user 410
2024-03-22 17:38:09,564	root	INFO	evaluating user 410
2024-03-22 17:38:10,459	root	INFO	evaluating user 410
2024-03-22 17:38:11,369	root	INFO	evaluating user 449
2024-03-22 17:38:12,278	root	INFO	evaluating user 449
2024-03-22 17:38:13,191	root	INFO	evaluating user 531
2024-03-22 17:38:14,133	root	INFO	evaluating user 319
2024-03-22 17:38:15,057	root	INFO	evaluating user 319
2024-03-22 17:38:15,956	root	INFO	evaluating user 495
2024-03-22 17:38:16,933	root	INFO	evaluating user 524
2024-03-22 17:38:17,788	root	INFO	evaluating user 524
2024-03-22 17:38:18,660	root	INFO	evaluating user 524
2024-03-22 17:38:19,515	root	INFO	evaluating user 524
2024-03-22 17:38:20,393	root	INFO	evaluating user 524
2024-03-22 17:38:21,257	root	INFO	evaluating user 524
2024-03-22 17:38:22,130	root	INFO	evaluating user 524
2024-03-22 17:38:22,982	root	INFO	evaluating user 524
2024-03-22 17:38:23,879	root	INFO	evaluating user 524
2024-03-22 17:38:24,730	root	INFO	evaluating user 524
2024-03-22 17:38:25,585	root	INFO	evaluating user 524
2024-03-22 17:38:26,498	root	INFO	evaluating user 524
2024-03-22 17:38:27,497	root	INFO	evaluating user 524
2024-03-22 17:38:28,355	root	INFO	evaluating user 524
2024-03-22 17:38:29,226	root	INFO	evaluating user 524
2024-03-22 17:38:30,227	root	INFO	evaluating user 524
2024-03-22 17:38:31,210	root	INFO	evaluating user 524
2024-03-22 17:38:32,169	root	INFO	evaluating user 524
2024-03-22 17:38:33,196	root	INFO	evaluating user 524
2024-03-22 17:38:34,154	root	INFO	evaluating user 524
2024-03-22 17:38:35,125	root	INFO	evaluating user 524
2024-03-22 17:38:36,068	root	INFO	evaluating user 21
2024-03-22 17:38:36,881	root	INFO	evaluating user 21
2024-03-22 17:38:37,666	root	INFO	evaluating user 21
2024-03-22 17:38:38,488	root	INFO	evaluating user 423
2024-03-22 17:38:39,392	root	INFO	evaluating user 423
2024-03-22 17:38:40,315	root	INFO	evaluating user 423
2024-03-22 17:38:41,226	root	INFO	evaluating user 423
2024-03-22 17:38:42,163	root	INFO	evaluating user 423
2024-03-22 17:38:43,084	root	INFO	evaluating user 423
2024-03-22 17:38:44,020	root	INFO	evaluating user 423
2024-03-22 17:38:44,937	root	INFO	evaluating user 528
2024-03-22 17:38:45,715	root	INFO	evaluating user 528
2024-03-22 17:38:46,445	root	INFO	evaluating user 528
2024-03-22 17:38:47,199	root	INFO	evaluating user 528
2024-03-22 17:38:48,113	root	INFO	evaluating user 66
2024-03-22 17:38:49,106	root	INFO	evaluating user 66
2024-03-22 17:38:49,980	root	INFO	evaluating user 66
2024-03-22 17:38:51,129	root	INFO	evaluating user 528
2024-03-22 17:38:52,071	root	INFO	evaluating user 528
2024-03-22 17:38:53,053	root	INFO	evaluating user 528
2024-03-22 17:38:53,955	root	INFO	evaluating user 528
2024-03-22 17:38:54,846	root	INFO	evaluating user 528
2024-03-22 17:38:55,828	root	INFO	evaluating user 528
2024-03-22 17:38:56,726	root	INFO	evaluating user 528
2024-03-22 17:38:57,610	root	INFO	evaluating user 528
2024-03-22 17:38:58,569	root	INFO	evaluating user 528
2024-03-22 17:38:59,602	root	INFO	evaluating user 528
2024-03-22 17:39:00,618	root	INFO	evaluating user 528
2024-03-22 17:39:01,635	root	INFO	evaluating user 528
2024-03-22 17:39:02,596	root	INFO	evaluating user 528
2024-03-22 17:39:03,489	root	INFO	evaluating user 528
2024-03-22 17:39:04,397	root	INFO	evaluating user 528
2024-03-22 17:39:05,288	root	INFO	evaluating user 528
2024-03-22 17:39:06,328	root	INFO	evaluating user 528
2024-03-22 17:39:07,382	root	INFO	evaluating user 528
2024-03-22 17:39:08,415	root	INFO	evaluating user 528
2024-03-22 17:39:09,438	root	INFO	evaluating user 528
2024-03-22 17:39:10,483	root	INFO	evaluating user 528
2024-03-22 17:39:11,521	root	INFO	evaluating user 528
2024-03-22 17:39:12,554	root	INFO	evaluating user 528
2024-03-22 17:39:13,570	root	INFO	evaluating user 528
2024-03-22 17:39:14,488	root	INFO	evaluating user 528
2024-03-22 17:39:15,392	root	INFO	evaluating user 528
2024-03-22 17:39:16,352	root	INFO	evaluating user 528
2024-03-22 17:39:17,259	root	INFO	evaluating user 528
2024-03-22 17:39:18,176	root	INFO	evaluating user 528
2024-03-22 17:39:19,082	root	INFO	evaluating user 528
2024-03-22 17:39:20,007	root	INFO	evaluating user 528
2024-03-22 17:39:20,910	root	INFO	evaluating user 528
2024-03-22 17:39:21,912	root	INFO	evaluating user 499
2024-03-22 17:39:22,824	root	INFO	evaluating user 499
2024-03-22 17:39:23,789	root	INFO	evaluating user 499
2024-03-22 17:39:24,705	root	INFO	evaluating user 499
2024-03-22 17:39:25,639	root	INFO	evaluating user 499
2024-03-22 17:39:26,558	root	INFO	evaluating user 131
2024-03-22 17:39:27,497	root	INFO	evaluating user 131
2024-03-22 17:39:28,409	root	INFO	evaluating user 193
2024-03-22 17:39:29,326	root	INFO	evaluating user 193
2024-03-22 17:39:30,228	root	INFO	evaluating user 193
2024-03-22 17:39:31,208	root	INFO	evaluating user 695
2024-03-22 17:39:32,231	root	INFO	evaluating user 702
2024-03-22 17:39:33,277	root	INFO	evaluating user 702
2024-03-22 17:39:34,301	root	INFO	evaluating user 702
2024-03-22 17:39:35,290	root	INFO	evaluating user 702
2024-03-22 17:39:36,205	root	INFO	evaluating user 702
2024-03-22 17:39:37,139	root	INFO	evaluating user 702
2024-03-22 17:39:38,037	root	INFO	evaluating user 702
2024-03-22 17:39:39,388	root	INFO	evaluating user 702
2024-03-22 17:39:40,411	root	INFO	evaluating user 702
2024-03-22 17:39:41,465	root	INFO	evaluating user 702
2024-03-22 17:39:42,540	root	INFO	evaluating user 702
2024-03-22 17:39:43,620	root	INFO	evaluating user 702
2024-03-22 17:39:44,644	root	INFO	evaluating user 702
2024-03-22 17:39:45,693	root	INFO	evaluating user 702
2024-03-22 17:39:46,739	root	INFO	evaluating user 702
2024-03-22 17:39:47,796	root	INFO	evaluating user 702
2024-03-22 17:39:48,814	root	INFO	evaluating user 702
2024-03-22 17:39:49,823	root	INFO	evaluating user 702
2024-03-22 17:39:50,759	root	INFO	evaluating user 702
2024-03-22 17:39:51,704	root	INFO	evaluating user 702
2024-03-22 17:39:52,628	root	INFO	evaluating user 702
2024-03-22 17:39:53,588	root	INFO	evaluating user 702
2024-03-22 17:39:54,494	root	INFO	evaluating user 702
2024-03-22 17:39:55,556	root	INFO	evaluating user 702
2024-03-22 17:39:56,572	root	INFO	evaluating user 702
2024-03-22 17:39:57,620	root	INFO	evaluating user 702
2024-03-22 17:39:58,594	root	INFO	evaluating user 702
2024-03-22 17:39:59,526	root	INFO	evaluating user 702
2024-03-22 17:40:00,434	root	INFO	evaluating user 702
2024-03-22 17:40:01,360	root	INFO	evaluating user 702
2024-03-22 17:40:02,269	root	INFO	evaluating user 702
2024-03-22 17:40:03,207	root	INFO	evaluating user 702
2024-03-22 17:40:04,167	root	INFO	evaluating user 702
2024-03-22 17:40:05,127	root	INFO	evaluating user 702
2024-03-22 17:40:06,010	root	INFO	evaluating user 702
2024-03-22 17:40:06,917	root	INFO	evaluating user 702
2024-03-22 17:40:07,841	root	INFO	evaluating user 702
2024-03-22 17:40:08,745	root	INFO	evaluating user 702
2024-03-22 17:40:09,627	root	INFO	evaluating user 702
2024-03-22 17:40:10,532	root	INFO	evaluating user 702
2024-03-22 17:40:11,418	root	INFO	evaluating user 702
2024-03-22 17:40:12,324	root	INFO	evaluating user 702
2024-03-22 17:40:13,245	root	INFO	evaluating user 702
2024-03-22 17:40:14,180	root	INFO	evaluating user 702
2024-03-22 17:40:15,129	root	INFO	evaluating user 702
2024-03-22 17:40:16,102	root	INFO	evaluating user 702
2024-03-22 17:40:17,058	root	INFO	evaluating user 702
2024-03-22 17:40:18,035	root	INFO	evaluating user 702
2024-03-22 17:40:18,961	root	INFO	evaluating user 702
2024-03-22 17:40:19,865	root	INFO	evaluating user 702
2024-03-22 17:40:20,788	root	INFO	evaluating user 702
2024-03-22 17:40:21,765	root	INFO	evaluating user 702
2024-03-22 17:40:22,839	root	INFO	evaluating user 702
2024-03-22 17:40:23,837	root	INFO	evaluating user 702
2024-03-22 17:40:24,793	root	INFO	evaluating user 702
2024-03-22 17:40:25,775	root	INFO	evaluating user 702
2024-03-22 17:40:26,745	root	INFO	evaluating user 702
2024-03-22 17:40:27,844	root	INFO	evaluating user 702
2024-03-22 17:40:28,949	root	INFO	evaluating user 702
2024-03-22 17:40:29,944	root	INFO	evaluating user 702
2024-03-22 17:40:30,898	root	INFO	evaluating user 702
2024-03-22 17:40:31,880	root	INFO	evaluating user 464
2024-03-22 17:40:32,832	root	INFO	evaluating user 464
2024-03-22 17:40:33,833	root	INFO	evaluating user 464
2024-03-22 17:40:34,825	root	INFO	evaluating user 464
2024-03-22 17:40:35,858	root	INFO	evaluating user 464
2024-03-22 17:40:36,820	root	INFO	evaluating user 464
2024-03-22 17:40:37,759	root	INFO	evaluating user 464
2024-03-22 17:40:38,691	root	INFO	evaluating user 464
2024-03-22 17:40:39,637	root	INFO	evaluating user 464
2024-03-22 17:40:40,530	root	INFO	evaluating user 464
2024-03-22 17:40:41,459	root	INFO	evaluating user 464
2024-03-22 17:40:42,356	root	INFO	evaluating user 464
2024-03-22 17:40:43,290	root	INFO	evaluating user 464
2024-03-22 17:40:44,183	root	INFO	evaluating user 464
2024-03-22 17:40:45,104	root	INFO	evaluating user 464
2024-03-22 17:40:46,004	root	INFO	evaluating user 464
2024-03-22 17:40:47,037	root	INFO	evaluating user 464
2024-03-22 17:40:48,047	root	INFO	evaluating user 464
2024-03-22 17:40:49,079	root	INFO	evaluating user 464
2024-03-22 17:40:50,085	root	INFO	evaluating user 464
2024-03-22 17:40:51,165	root	INFO	evaluating user 464
2024-03-22 17:40:52,176	root	INFO	evaluating user 464
2024-03-22 17:40:53,220	root	INFO	evaluating user 464
2024-03-22 17:40:54,216	root	INFO	evaluating user 464
2024-03-22 17:40:55,145	root	INFO	evaluating user 464
2024-03-22 17:40:56,048	root	INFO	evaluating user 464
2024-03-22 17:40:56,978	root	INFO	evaluating user 464
2024-03-22 17:40:57,885	root	INFO	evaluating user 464
2024-03-22 17:40:58,814	root	INFO	evaluating user 464
2024-03-22 17:40:59,712	root	INFO	evaluating user 464
2024-03-22 17:41:00,656	root	INFO	evaluating user 464
2024-03-22 17:41:01,560	root	INFO	evaluating user 464
2024-03-22 17:41:02,471	root	INFO	evaluating user 464
2024-03-22 17:41:03,394	root	INFO	evaluating user 464
2024-03-22 17:41:04,328	root	INFO	evaluating user 464
2024-03-22 17:41:05,342	root	INFO	evaluating user 464
2024-03-22 17:41:06,293	root	INFO	evaluating user 464
2024-03-22 17:41:07,259	root	INFO	evaluating user 464
2024-03-22 17:41:08,201	root	INFO	evaluating user 464
2024-03-22 17:41:09,101	root	INFO	evaluating user 464
2024-03-22 17:41:10,026	root	INFO	evaluating user 464
2024-03-22 17:41:10,922	root	INFO	evaluating user 464
2024-03-22 17:41:11,843	root	INFO	evaluating user 464
2024-03-22 17:41:12,748	root	INFO	evaluating user 464
2024-03-22 17:41:13,664	root	INFO	evaluating user 464
2024-03-22 17:41:14,568	root	INFO	evaluating user 464
2024-03-22 17:41:15,497	root	INFO	evaluating user 464
2024-03-22 17:41:16,402	root	INFO	evaluating user 464
2024-03-22 17:41:17,343	root	INFO	evaluating user 464
2024-03-22 17:41:18,245	root	INFO	evaluating user 464
2024-03-22 17:41:19,170	root	INFO	evaluating user 464
2024-03-22 17:41:20,068	root	INFO	evaluating user 464
2024-03-22 17:41:20,989	root	INFO	evaluating user 464
2024-03-22 17:41:21,888	root	INFO	evaluating user 464
2024-03-22 17:41:22,812	root	INFO	evaluating user 89
2024-03-22 17:41:23,715	root	INFO	evaluating user 127
2024-03-22 17:41:24,644	root	INFO	evaluating user 127
2024-03-22 17:41:25,556	root	INFO	evaluating user 127
2024-03-22 17:41:26,489	root	INFO	evaluating user 127
2024-03-22 17:41:27,394	root	INFO	evaluating user 127
2024-03-22 17:41:28,324	root	INFO	evaluating user 127
2024-03-22 17:41:29,234	root	INFO	evaluating user 127
2024-03-22 17:41:30,163	root	INFO	evaluating user 127
2024-03-22 17:41:31,071	root	INFO	evaluating user 127
2024-03-22 17:41:31,998	root	INFO	evaluating user 127
2024-03-22 17:41:32,913	root	INFO	evaluating user 127
2024-03-22 17:41:33,841	root	INFO	evaluating user 127
2024-03-22 17:41:34,747	root	INFO	evaluating user 127
2024-03-22 17:41:35,684	root	INFO	evaluating user 127
2024-03-22 17:41:36,596	root	INFO	evaluating user 127
2024-03-22 17:41:37,534	root	INFO	evaluating user 127
2024-03-22 17:41:38,445	root	INFO	evaluating user 127
2024-03-22 17:41:39,369	root	INFO	evaluating user 127
2024-03-22 17:41:40,278	root	INFO	evaluating user 127
2024-03-22 17:41:41,214	root	INFO	evaluating user 127
2024-03-22 17:41:42,119	root	INFO	evaluating user 127
2024-03-22 17:41:43,054	root	INFO	evaluating user 127
2024-03-22 17:41:43,962	root	INFO	evaluating user 127
2024-03-22 17:41:44,889	root	INFO	evaluating user 127
2024-03-22 17:41:45,793	root	INFO	evaluating user 127
2024-03-22 17:41:46,722	root	INFO	evaluating user 127
2024-03-22 17:41:47,632	root	INFO	evaluating user 127
2024-03-22 17:41:48,559	root	INFO	evaluating user 127
2024-03-22 17:41:49,468	root	INFO	evaluating user 127
2024-03-22 17:41:50,407	root	INFO	evaluating user 127
2024-03-22 17:41:51,316	root	INFO	evaluating user 127
2024-03-22 17:41:52,250	root	INFO	evaluating user 127
2024-03-22 17:41:53,226	root	INFO	evaluating user 127
2024-03-22 17:41:54,287	root	INFO	evaluating user 127
2024-03-22 17:41:55,345	root	INFO	evaluating user 127
2024-03-22 17:41:56,392	root	INFO	evaluating user 127
2024-03-22 17:41:57,432	root	INFO	evaluating user 127
2024-03-22 17:41:58,366	root	INFO	evaluating user 127
2024-03-22 17:41:59,277	root	INFO	evaluating user 127
2024-03-22 17:42:00,208	root	INFO	evaluating user 127
2024-03-22 17:42:01,119	root	INFO	evaluating user 127
2024-03-22 17:42:02,048	root	INFO	evaluating user 127
2024-03-22 17:42:02,957	root	INFO	evaluating user 127
2024-03-22 17:42:03,888	root	INFO	evaluating user 127
2024-03-22 17:42:04,795	root	INFO	evaluating user 127
2024-03-22 17:42:05,728	root	INFO	evaluating user 127
2024-03-22 17:42:06,636	root	INFO	evaluating user 127
2024-03-22 17:42:07,566	root	INFO	evaluating user 127
2024-03-22 17:42:08,478	root	INFO	evaluating user 127
2024-03-22 17:42:09,512	root	INFO	evaluating user 127
2024-03-22 17:42:10,526	root	INFO	evaluating user 127
2024-03-22 17:42:11,564	root	INFO	evaluating user 127
2024-03-22 17:42:12,532	root	INFO	evaluating user 127
2024-03-22 17:42:13,459	root	INFO	evaluating user 127
2024-03-22 17:42:14,371	root	INFO	evaluating user 127
2024-03-22 17:42:15,350	root	INFO	evaluating user 127
2024-03-22 17:42:16,366	root	INFO	evaluating user 127
2024-03-22 17:42:17,404	root	INFO	evaluating user 127
2024-03-22 17:42:18,421	root	INFO	evaluating user 127
2024-03-22 17:42:19,466	root	INFO	evaluating user 127
2024-03-22 17:42:20,399	root	INFO	evaluating user 127
2024-03-22 17:42:21,398	root	INFO	evaluating user 127
2024-03-22 17:42:22,306	root	INFO	evaluating user 127
2024-03-22 17:42:23,235	root	INFO	evaluating user 127
2024-03-22 17:42:24,141	root	INFO	evaluating user 127
2024-03-22 17:42:25,073	root	INFO	evaluating user 127
2024-03-22 17:42:25,982	root	INFO	evaluating user 127
2024-03-22 17:42:26,908	root	INFO	evaluating user 127
2024-03-22 17:42:27,813	root	INFO	evaluating user 127
2024-03-22 17:42:28,743	root	INFO	evaluating user 127
2024-03-22 17:42:29,654	root	INFO	evaluating user 127
2024-03-22 17:42:30,586	root	INFO	evaluating user 127
2024-03-22 17:42:31,491	root	INFO	evaluating user 127
2024-03-22 17:42:32,424	root	INFO	evaluating user 127
2024-03-22 17:42:33,327	root	INFO	evaluating user 127
2024-03-22 17:42:34,261	root	INFO	evaluating user 127
2024-03-22 17:42:35,162	root	INFO	evaluating user 127
2024-03-22 17:42:36,174	root	INFO	evaluating user 127
2024-03-22 17:42:37,154	root	INFO	evaluating user 127
2024-03-22 17:42:38,084	root	INFO	evaluating user 127
2024-03-22 17:42:38,983	root	INFO	evaluating user 127
2024-03-22 17:42:39,915	root	INFO	evaluating user 127
2024-03-22 17:42:40,839	root	INFO	evaluating user 127
2024-03-22 17:42:41,772	root	INFO	evaluating user 127
2024-03-22 17:42:42,678	root	INFO	evaluating user 127
2024-03-22 17:42:43,620	root	INFO	evaluating user 127
2024-03-22 17:42:44,530	root	INFO	evaluating user 127
2024-03-22 17:42:45,461	root	INFO	evaluating user 127
2024-03-22 17:42:46,363	root	INFO	evaluating user 127
2024-03-22 17:42:47,290	root	INFO	evaluating user 127
2024-03-22 17:42:48,194	root	INFO	evaluating user 127
2024-03-22 17:42:49,126	root	INFO	evaluating user 127
2024-03-22 17:42:50,027	root	INFO	evaluating user 127
2024-03-22 17:42:50,953	root	INFO	evaluating user 127
2024-03-22 17:42:51,859	root	INFO	evaluating user 127
2024-03-22 17:42:52,793	root	INFO	evaluating user 127
2024-03-22 17:42:53,699	root	INFO	evaluating user 127
2024-03-22 17:42:54,629	root	INFO	evaluating user 127
2024-03-22 17:42:55,532	root	INFO	evaluating user 127
2024-03-22 17:42:56,456	root	INFO	evaluating user 127
2024-03-22 17:42:57,367	root	INFO	evaluating user 127
2024-03-22 17:42:58,328	root	INFO	evaluating user 729
2024-03-22 17:42:59,237	root	INFO	evaluating user 729
2024-03-22 17:43:00,167	root	INFO	evaluating user 729
2024-03-22 17:43:01,071	root	INFO	evaluating user 729
2024-03-22 17:43:01,993	root	INFO	evaluating user 729
2024-03-22 17:43:02,926	root	INFO	evaluating user 729
2024-03-22 17:43:03,860	root	INFO	evaluating user 729
2024-03-22 17:43:04,763	root	INFO	evaluating user 729
2024-03-22 17:43:05,691	root	INFO	evaluating user 729
2024-03-22 17:43:06,596	root	INFO	evaluating user 729
2024-03-22 17:43:07,532	root	INFO	evaluating user 729
2024-03-22 17:43:08,438	root	INFO	evaluating user 729
2024-03-22 17:43:09,358	root	INFO	evaluating user 729
2024-03-22 17:43:10,271	root	INFO	evaluating user 729
2024-03-22 17:43:11,217	root	INFO	evaluating user 729
2024-03-22 17:43:12,120	root	INFO	evaluating user 729
2024-03-22 17:43:13,071	root	INFO	evaluating user 729
2024-03-22 17:43:13,985	root	INFO	evaluating user 729
2024-03-22 17:43:14,923	root	INFO	evaluating user 729
2024-03-22 17:43:15,832	root	INFO	evaluating user 729
2024-03-22 17:43:16,767	root	INFO	evaluating user 524
2024-03-22 17:43:17,633	root	INFO	evaluating user 524
2024-03-22 17:43:18,514	root	INFO	evaluating user 524
2024-03-22 17:43:19,375	root	INFO	evaluating user 524
2024-03-22 17:43:20,257	root	INFO	evaluating user 524
2024-03-22 17:43:21,122	root	INFO	evaluating user 524
2024-03-22 17:43:22,019	root	INFO	evaluating user 524
2024-03-22 17:43:22,876	root	INFO	evaluating user 524
2024-03-22 17:43:23,760	root	INFO	evaluating user 524
2024-03-22 17:43:24,772	root	INFO	evaluating user 524
2024-03-22 17:43:25,840	root	INFO	evaluating user 524
2024-03-22 17:43:26,805	root	INFO	evaluating user 524
2024-03-22 17:43:27,833	root	INFO	evaluating user 524
2024-03-22 17:43:28,872	root	INFO	evaluating user 76
2024-03-22 17:43:29,954	root	INFO	evaluating user 76
2024-03-22 17:43:30,968	root	INFO	evaluating user 76
2024-03-22 17:43:31,944	root	INFO	evaluating user 76
2024-03-22 17:43:32,875	root	INFO	evaluating user 76
2024-03-22 17:43:33,834	root	INFO	evaluating user 76
2024-03-22 17:43:34,772	root	INFO	evaluating user 76
2024-03-22 17:43:35,728	root	INFO	evaluating user 76
2024-03-22 17:43:36,663	root	INFO	evaluating user 76
2024-03-22 17:43:37,569	root	INFO	evaluating user 76
2024-03-22 17:43:38,459	root	INFO	evaluating user 524
2024-03-22 17:43:39,342	root	INFO	evaluating user 524
2024-03-22 17:43:40,209	root	INFO	evaluating user 76
2024-03-22 17:43:41,103	root	INFO	evaluating user 524
2024-03-22 17:43:41,963	root	INFO	evaluating user 524
2024-03-22 17:43:42,847	root	INFO	evaluating user 524
2024-03-22 17:43:43,777	root	INFO	evaluating user 524
2024-03-22 17:43:44,669	root	INFO	evaluating user 524
2024-03-22 17:43:45,540	root	INFO	evaluating user 524
2024-03-22 17:43:46,418	root	INFO	evaluating user 524
2024-03-22 17:43:47,280	root	INFO	evaluating user 524
2024-03-22 17:43:48,165	root	INFO	evaluating user 375
2024-03-22 17:43:49,066	root	INFO	evaluating user 375
2024-03-22 17:43:49,985	root	INFO	evaluating user 375
2024-03-22 17:43:51,187	root	INFO	evaluating user 375
2024-03-22 17:43:52,226	root	INFO	evaluating user 375
2024-03-22 17:43:53,241	root	INFO	evaluating user 375
2024-03-22 17:43:54,197	root	INFO	evaluating user 375
2024-03-22 17:43:55,101	root	INFO	evaluating user 375
2024-03-22 17:43:56,029	root	INFO	evaluating user 375
2024-03-22 17:43:56,930	root	INFO	evaluating user 651
2024-03-22 17:43:57,836	root	INFO	evaluating user 729
2024-03-22 17:43:58,750	root	INFO	evaluating user 729
2024-03-22 17:43:59,695	root	INFO	evaluating user 729
2024-03-22 17:44:00,632	root	INFO	evaluating user 729
2024-03-22 17:44:01,555	root	INFO	evaluating user 729
2024-03-22 17:44:02,464	root	INFO	evaluating user 729
2024-03-22 17:44:03,402	root	INFO	evaluating user 729
2024-03-22 17:44:04,305	root	INFO	evaluating user 816
2024-03-22 17:44:05,233	root	INFO	evaluating user 816
2024-03-22 17:44:06,140	root	INFO	evaluating user 729
2024-03-22 17:44:07,066	root	INFO	evaluating user 729
2024-03-22 17:44:07,971	root	INFO	evaluating user 729
2024-03-22 17:44:08,899	root	INFO	evaluating user 729
2024-03-22 17:44:09,810	root	INFO	evaluating user 876
2024-03-22 17:44:10,725	root	INFO	evaluating user 876
2024-03-22 17:44:11,626	root	INFO	evaluating user 729
2024-03-22 17:44:12,563	root	INFO	evaluating user 876
2024-03-22 17:44:13,465	root	INFO	evaluating user 876
2024-03-22 17:44:14,383	root	INFO	evaluating user 876
2024-03-22 17:44:15,284	root	INFO	evaluating user 876
2024-03-22 17:44:16,209	root	INFO	evaluating user 876
2024-03-22 17:44:17,122	root	INFO	evaluating user 876
2024-03-22 17:44:18,045	root	INFO	evaluating user 729
2024-03-22 17:44:18,946	root	INFO	evaluating user 729
2024-03-22 17:44:19,874	root	INFO	evaluating user 729
2024-03-22 17:44:20,786	root	INFO	evaluating user 876
2024-03-22 17:44:21,710	root	INFO	evaluating user 876
2024-03-22 17:44:22,605	root	INFO	evaluating user 876
2024-03-22 17:44:23,518	root	INFO	evaluating user 876
2024-03-22 17:44:24,426	root	INFO	evaluating user 876
2024-03-22 17:44:25,344	root	INFO	evaluating user 876
2024-03-22 17:44:26,308	root	INFO	evaluating user 876
2024-03-22 17:44:27,217	root	INFO	evaluating user 876
2024-03-22 17:44:28,183	root	INFO	evaluating user 876
2024-03-22 17:44:29,104	root	INFO	evaluating user 876
2024-03-22 17:44:29,996	root	INFO	evaluating user 876
2024-03-22 17:44:30,918	root	INFO	evaluating user 876
2024-03-22 17:44:31,823	root	INFO	evaluating user 876
2024-03-22 17:44:32,753	root	INFO	evaluating user 876
2024-03-22 17:44:33,641	root	INFO	evaluating user 876
2024-03-22 17:44:34,708	root	INFO	evaluating user 876
2024-03-22 17:44:35,722	root	INFO	evaluating user 876
2024-03-22 17:44:36,755	root	INFO	evaluating user 876
2024-03-22 17:44:37,767	root	INFO	evaluating user 876
2024-03-22 17:44:38,846	root	INFO	evaluating user 876
2024-03-22 17:44:39,872	root	INFO	evaluating user 876
2024-03-22 17:44:40,902	root	INFO	evaluating user 27
2024-03-22 17:44:41,863	root	INFO	evaluating user 27
2024-03-22 17:44:42,813	root	INFO	evaluating user 27
2024-03-22 17:44:43,734	root	INFO	evaluating user 27
2024-03-22 17:44:44,693	root	INFO	evaluating user 27
2024-03-22 17:44:45,664	root	INFO	evaluating user 27
2024-03-22 17:44:46,602	root	INFO	evaluating user 27
2024-03-22 17:44:47,512	root	INFO	evaluating user 27
2024-03-22 17:44:48,437	root	INFO	evaluating user 27
2024-03-22 17:44:49,348	root	INFO	evaluating user 27
2024-03-22 17:44:50,284	root	INFO	evaluating user 27
2024-03-22 17:44:51,191	root	INFO	evaluating user 27
2024-03-22 17:44:52,134	root	INFO	evaluating user 27
2024-03-22 17:44:53,043	root	INFO	evaluating user 27
2024-03-22 17:44:53,982	root	INFO	evaluating user 27
2024-03-22 17:44:54,884	root	INFO	evaluating user 27
2024-03-22 17:44:55,825	root	INFO	evaluating user 27
2024-03-22 17:44:56,803	root	INFO	evaluating user 27
2024-03-22 17:44:57,855	root	INFO	evaluating user 27
2024-03-22 17:44:58,864	root	INFO	evaluating user 27
2024-03-22 17:44:59,904	root	INFO	evaluating user 27
2024-03-22 17:45:00,921	root	INFO	evaluating user 27
2024-03-22 17:45:01,906	root	INFO	evaluating user 27
2024-03-22 17:45:02,824	root	INFO	evaluating user 27
2024-03-22 17:45:03,742	root	INFO	evaluating user 27
2024-03-22 17:45:04,645	root	INFO	evaluating user 27
2024-03-22 17:45:05,711	root	INFO	evaluating user 27
2024-03-22 17:45:06,716	root	INFO	evaluating user 27
2024-03-22 17:45:07,797	root	INFO	evaluating user 27
2024-03-22 17:45:08,938	root	INFO	evaluating user 27
2024-03-22 17:45:09,993	root	INFO	evaluating user 27
2024-03-22 17:45:11,048	root	INFO	evaluating user 27
2024-03-22 17:45:12,086	root	INFO	evaluating user 27
2024-03-22 17:45:13,113	root	INFO	evaluating user 27
2024-03-22 17:45:14,161	root	INFO	evaluating user 651
2024-03-22 17:45:15,079	root	INFO	evaluating user 410
2024-03-22 17:45:16,005	root	INFO	evaluating user 524
2024-03-22 17:45:16,875	root	INFO	evaluating user 319
2024-03-22 17:45:17,814	root	INFO	evaluating user 319
2024-03-22 17:45:18,729	root	INFO	evaluating user 319
2024-03-22 17:45:19,659	root	INFO	evaluating user 89
2024-03-22 17:45:20,570	root	INFO	evaluating user 876
2024-03-22 17:45:21,504	root	INFO	evaluating user 876
2024-03-22 17:45:22,406	root	INFO	evaluating user 406
2024-03-22 17:45:23,319	root	INFO	evaluating user 406
2024-03-22 17:45:24,212	root	INFO	evaluating user 487
2024-03-22 17:45:25,145	root	INFO	evaluating user 487
2024-03-22 17:45:26,049	root	INFO	evaluating user 557
2024-03-22 17:45:26,975	root	INFO	evaluating user 103
2024-03-22 17:45:27,877	root	INFO	evaluating user 103
2024-03-22 17:45:28,807	root	INFO	evaluating user 103
2024-03-22 17:45:29,708	root	INFO	evaluating user 103
2024-03-22 17:45:30,632	root	INFO	evaluating user 524
2024-03-22 17:45:31,501	root	INFO	evaluating user 524
2024-03-22 17:45:32,394	root	INFO	evaluating user 524
2024-03-22 17:45:33,257	root	INFO	evaluating user 524
2024-03-22 17:45:34,147	root	INFO	evaluating user 524
2024-03-22 17:45:35,021	root	INFO	evaluating user 524
2024-03-22 17:45:35,914	root	INFO	evaluating user 524
2024-03-22 17:45:36,788	root	INFO	evaluating user 524
2024-03-22 17:45:37,675	root	INFO	evaluating user 524
2024-03-22 17:45:38,543	root	INFO	evaluating user 524
2024-03-22 17:45:39,435	root	INFO	evaluating user 524
2024-03-22 17:45:40,308	root	INFO	evaluating user 524
2024-03-22 17:45:41,195	root	INFO	evaluating user 524
2024-03-22 17:45:42,063	root	INFO	evaluating user 524
2024-03-22 17:45:42,960	root	INFO	evaluating user 524
2024-03-22 17:45:43,826	root	INFO	evaluating user 524
2024-03-22 17:45:44,715	root	INFO	evaluating user 524
2024-03-22 17:45:45,592	root	INFO	evaluating user 524
2024-03-22 17:45:46,481	root	INFO	evaluating user 524
2024-03-22 17:45:47,351	root	INFO	evaluating user 524
2024-03-22 17:45:48,245	root	INFO	evaluating user 524
2024-03-22 17:45:49,112	root	INFO	evaluating user 524
2024-03-22 17:45:50,008	root	INFO	evaluating user 524
2024-03-22 17:45:50,878	root	INFO	evaluating user 524
2024-03-22 17:45:51,771	root	INFO	evaluating user 524
2024-03-22 17:45:52,642	root	INFO	evaluating user 524
2024-03-22 17:45:53,540	root	INFO	evaluating user 524
2024-03-22 17:45:54,407	root	INFO	evaluating user 524
2024-03-22 17:45:55,299	root	INFO	evaluating user 524
2024-03-22 17:45:56,174	root	INFO	evaluating user 524
2024-03-22 17:45:57,071	root	INFO	evaluating user 524
2024-03-22 17:45:57,932	root	INFO	evaluating user 524
2024-03-22 17:45:58,818	root	INFO	evaluating user 524
2024-03-22 17:45:59,692	root	INFO	evaluating user 524
2024-03-22 17:46:00,588	root	INFO	evaluating user 524
2024-03-22 17:46:01,460	root	INFO	evaluating user 524
2024-03-22 17:46:02,354	root	INFO	evaluating user 524
2024-03-22 17:46:03,233	root	INFO	evaluating user 524
2024-03-22 17:46:04,127	root	INFO	evaluating user 524
2024-03-22 17:46:05,002	root	INFO	evaluating user 524
2024-03-22 17:46:05,893	root	INFO	evaluating user 524
2024-03-22 17:46:06,758	root	INFO	evaluating user 524
2024-03-22 17:46:07,723	root	INFO	evaluating user 524
2024-03-22 17:46:08,670	root	INFO	evaluating user 524
2024-03-22 17:46:09,648	root	INFO	evaluating user 524
2024-03-22 17:46:10,517	root	INFO	evaluating user 524
2024-03-22 17:46:11,514	root	INFO	evaluating user 524
2024-03-22 17:46:12,390	root	INFO	evaluating user 524
2024-03-22 17:46:13,291	root	INFO	evaluating user 524
2024-03-22 17:46:14,171	root	INFO	evaluating user 695
2024-03-22 17:46:15,133	root	INFO	evaluating user 695
2024-03-22 17:46:16,110	root	INFO	evaluating user 695
2024-03-22 17:46:17,029	root	INFO	evaluating user 695
2024-03-22 17:46:17,932	root	INFO	evaluating user 695
2024-03-22 17:46:18,869	root	INFO	evaluating user 695
2024-03-22 17:46:19,758	root	INFO	evaluating user 695
2024-03-22 17:46:20,803	root	INFO	evaluating user 695
2024-03-22 17:46:21,819	root	INFO	evaluating user 695
2024-03-22 17:46:22,880	root	INFO	evaluating user 410
2024-03-22 17:46:23,845	root	INFO	evaluating user 410
2024-03-22 17:46:24,834	root	INFO	evaluating user 410
2024-03-22 17:46:25,808	root	INFO	evaluating user 410
2024-03-22 17:46:26,803	root	INFO	evaluating user 410
2024-03-22 17:46:27,847	root	INFO	evaluating user 410
2024-03-22 17:46:28,850	root	INFO	evaluating user 410
2024-03-22 17:46:29,751	root	INFO	evaluating user 410
2024-03-22 17:46:30,678	root	INFO	evaluating user 410
2024-03-22 17:46:31,576	root	INFO	evaluating user 410
2024-03-22 17:46:32,503	root	INFO	evaluating user 410
2024-03-22 17:46:33,409	root	INFO	evaluating user 531
2024-03-22 17:46:34,345	root	INFO	evaluating user 531
2024-03-22 17:46:35,255	root	INFO	evaluating user 497
2024-03-22 17:46:36,183	root	INFO	evaluating user 314
2024-03-22 17:46:37,092	root	INFO	evaluating user 314
2024-03-22 17:46:38,028	root	INFO	evaluating user 314
2024-03-22 17:46:38,929	root	INFO	evaluating user 410
2024-03-22 17:46:39,853	root	INFO	evaluating user 410
2024-03-22 17:46:40,759	root	INFO	evaluating user 410
2024-03-22 17:46:41,687	root	INFO	evaluating user 410
2024-03-22 17:46:42,591	root	INFO	evaluating user 410
2024-03-22 17:46:43,509	root	INFO	evaluating user 410
2024-03-22 17:46:44,412	root	INFO	evaluating user 410
2024-03-22 17:46:45,340	root	INFO	evaluating user 410
2024-03-22 17:46:46,242	root	INFO	evaluating user 410
2024-03-22 17:46:47,160	root	INFO	evaluating user 410
2024-03-22 17:46:48,065	root	INFO	evaluating user 410
2024-03-22 17:46:48,998	root	INFO	evaluating user 410
2024-03-22 17:46:49,898	root	INFO	evaluating user 410
2024-03-22 17:46:50,820	root	INFO	evaluating user 410
2024-03-22 17:46:51,727	root	INFO	evaluating user 410
2024-03-22 17:46:52,657	root	INFO	evaluating user 410
2024-03-22 17:46:53,555	root	INFO	evaluating user 410
2024-03-22 17:46:54,475	root	INFO	evaluating user 410
2024-03-22 17:46:55,379	root	INFO	evaluating user 410
2024-03-22 17:46:56,310	root	INFO	evaluating user 410
2024-03-22 17:46:57,227	root	INFO	evaluating user 410
2024-03-22 17:46:58,149	root	INFO	evaluating user 410
2024-03-22 17:46:59,057	root	INFO	evaluating user 410
2024-03-22 17:46:59,985	root	INFO	evaluating user 410
2024-03-22 17:47:00,885	root	INFO	evaluating user 410
2024-03-22 17:47:01,812	root	INFO	evaluating user 410
2024-03-22 17:47:02,721	root	INFO	evaluating user 410
2024-03-22 17:47:03,655	root	INFO	evaluating user 410
2024-03-22 17:47:04,552	root	INFO	evaluating user 410
2024-03-22 17:47:05,471	root	INFO	evaluating user 410
2024-03-22 17:47:06,377	root	INFO	evaluating user 410
2024-03-22 17:47:07,303	root	INFO	evaluating user 410
2024-03-22 17:47:08,203	root	INFO	evaluating user 410
2024-03-22 17:47:09,132	root	INFO	evaluating user 410
2024-03-22 17:47:10,077	root	INFO	evaluating user 410
2024-03-22 17:47:11,067	root	INFO	evaluating user 410
2024-03-22 17:47:12,085	root	INFO	evaluating user 410
2024-03-22 17:47:13,016	root	INFO	evaluating user 410
2024-03-22 17:47:13,920	root	INFO	evaluating user 410
2024-03-22 17:47:14,850	root	INFO	evaluating user 410
2024-03-22 17:47:15,758	root	INFO	evaluating user 410
2024-03-22 17:47:16,778	root	INFO	evaluating user 410
2024-03-22 17:47:17,789	root	INFO	evaluating user 410
2024-03-22 17:47:18,773	root	INFO	evaluating user 410
2024-03-22 17:47:19,678	root	INFO	evaluating user 410
2024-03-22 17:47:20,601	root	INFO	evaluating user 410
2024-03-22 17:47:21,496	root	INFO	evaluating user 410
2024-03-22 17:47:22,617	root	INFO	evaluating user 410
2024-03-22 17:47:23,624	root	INFO	evaluating user 410
2024-03-22 17:47:24,655	root	INFO	evaluating user 410
2024-03-22 17:47:25,710	root	INFO	evaluating user 410
2024-03-22 17:47:26,744	root	INFO	evaluating user 410
2024-03-22 17:47:27,743	root	INFO	evaluating user 410
2024-03-22 17:47:28,754	root	INFO	evaluating user 410
2024-03-22 17:47:29,680	root	INFO	evaluating user 410
2024-03-22 17:47:30,603	root	INFO	evaluating user 410
2024-03-22 17:47:31,501	root	INFO	evaluating user 410
2024-03-22 17:47:32,429	root	INFO	evaluating user 410
2024-03-22 17:47:33,330	root	INFO	evaluating user 410
2024-03-22 17:47:34,253	root	INFO	evaluating user 410
2024-03-22 17:47:35,165	root	INFO	evaluating user 410
2024-03-22 17:47:36,089	root	INFO	evaluating user 410
2024-03-22 17:47:36,996	root	INFO	evaluating user 410
2024-03-22 17:47:37,920	root	INFO	evaluating user 410
2024-03-22 17:47:38,828	root	INFO	evaluating user 410
2024-03-22 17:47:39,756	root	INFO	evaluating user 410
2024-03-22 17:47:40,671	root	INFO	evaluating user 410
2024-03-22 17:47:41,609	root	INFO	evaluating user 410
2024-03-22 17:47:42,500	root	INFO	evaluating user 410
2024-03-22 17:47:43,419	root	INFO	evaluating user 410
2024-03-22 17:47:44,320	root	INFO	evaluating user 410
2024-03-22 17:47:45,268	root	INFO	evaluating user 410
2024-03-22 17:47:46,279	root	INFO	evaluating user 410
2024-03-22 17:47:47,313	root	INFO	evaluating user 410
2024-03-22 17:47:48,229	root	INFO	evaluating user 410
2024-03-22 17:47:49,203	root	INFO	evaluating user 410
2024-03-22 17:47:50,191	root	INFO	evaluating user 410
2024-03-22 17:47:51,111	root	INFO	evaluating user 410
2024-03-22 17:47:52,012	root	INFO	evaluating user 410
2024-03-22 17:47:52,943	root	INFO	evaluating user 410
2024-03-22 17:47:53,845	root	INFO	evaluating user 410
2024-03-22 17:47:54,768	root	INFO	evaluating user 410
2024-03-22 17:47:55,675	root	INFO	evaluating user 410
2024-03-22 17:47:56,857	root	INFO	evaluating user 410
2024-03-22 17:47:57,761	root	INFO	evaluating user 410
2024-03-22 17:47:58,685	root	INFO	evaluating user 410
2024-03-22 17:47:59,617	root	INFO	evaluating user 410
2024-03-22 17:48:00,552	root	INFO	evaluating user 410
2024-03-22 17:48:01,456	root	INFO	evaluating user 410
2024-03-22 17:48:02,364	root	INFO	evaluating user 410
2024-03-22 17:48:03,432	root	INFO	evaluating user 410
2024-03-22 17:48:04,470	root	INFO	evaluating user 410
2024-03-22 17:48:05,480	root	INFO	evaluating user 410
2024-03-22 17:48:06,513	root	INFO	evaluating user 410
2024-03-22 17:48:07,457	root	INFO	evaluating user 410
2024-03-22 17:48:08,378	root	INFO	evaluating user 410
2024-03-22 17:48:09,408	root	INFO	evaluating user 410
2024-03-22 17:48:10,442	root	INFO	evaluating user 410
2024-03-22 17:48:11,453	root	INFO	evaluating user 410
2024-03-22 17:48:12,385	root	INFO	evaluating user 410
2024-03-22 17:48:13,284	root	INFO	evaluating user 410
2024-03-22 17:48:14,196	root	INFO	evaluating user 410
2024-03-22 17:48:15,177	root	INFO	evaluating user 410
2024-03-22 17:48:16,106	root	INFO	evaluating user 410
2024-03-22 17:48:17,008	root	INFO	evaluating user 410
2024-03-22 17:48:17,938	root	INFO	evaluating user 410
2024-03-22 17:48:18,854	root	INFO	evaluating user 410
2024-03-22 17:48:19,785	root	INFO	evaluating user 410
2024-03-22 17:48:20,693	root	INFO	evaluating user 410
2024-03-22 17:48:21,621	root	INFO	evaluating user 410
2024-03-22 17:48:22,522	root	INFO	evaluating user 410
2024-03-22 17:48:23,455	root	INFO	evaluating user 410
2024-03-22 17:48:24,354	root	INFO	evaluating user 410
2024-03-22 17:48:25,273	root	INFO	evaluating user 410
2024-03-22 17:48:26,180	root	INFO	evaluating user 410
2024-03-22 17:48:27,110	root	INFO	evaluating user 410
2024-03-22 17:48:28,007	root	INFO	evaluating user 410
2024-03-22 17:48:28,931	root	INFO	evaluating user 410
2024-03-22 17:48:29,841	root	INFO	evaluating user 410
2024-03-22 17:48:30,770	root	INFO	evaluating user 410
2024-03-22 17:48:31,674	root	INFO	evaluating user 410
2024-03-22 17:48:32,599	root	INFO	evaluating user 410
2024-03-22 17:48:33,505	root	INFO	evaluating user 410
2024-03-22 17:48:34,433	root	INFO	evaluating user 410
2024-03-22 17:48:35,340	root	INFO	evaluating user 410
2024-03-22 17:48:36,260	root	INFO	evaluating user 410
2024-03-22 17:48:37,169	root	INFO	evaluating user 410
2024-03-22 17:48:38,111	root	INFO	evaluating user 410
2024-03-22 17:48:39,015	root	INFO	evaluating user 410
2024-03-22 17:48:39,950	root	INFO	evaluating user 410
2024-03-22 17:48:40,881	root	INFO	evaluating user 410
2024-03-22 17:48:41,874	root	INFO	evaluating user 410
2024-03-22 17:48:42,882	root	INFO	evaluating user 410
2024-03-22 17:48:43,922	root	INFO	evaluating user 410
2024-03-22 17:48:44,969	root	INFO	evaluating user 410
2024-03-22 17:48:46,012	root	INFO	evaluating user 410
2024-03-22 17:48:47,028	root	INFO	evaluating user 410
2024-03-22 17:48:48,057	root	INFO	evaluating user 410
2024-03-22 17:48:49,032	root	INFO	evaluating user 410
2024-03-22 17:48:49,962	root	INFO	evaluating user 410
2024-03-22 17:48:50,871	root	INFO	evaluating user 410
2024-03-22 17:48:51,780	root	INFO	evaluating user 410
2024-03-22 17:48:52,756	root	INFO	evaluating user 410
2024-03-22 17:48:53,692	root	INFO	evaluating user 410
2024-03-22 17:48:54,607	root	INFO	evaluating user 410
2024-03-22 17:48:55,544	root	INFO	evaluating user 410
2024-03-22 17:48:56,459	root	INFO	evaluating user 410
2024-03-22 17:48:57,407	root	INFO	evaluating user 410
2024-03-22 17:48:58,396	root	INFO	evaluating user 410
2024-03-22 17:48:59,478	root	INFO	evaluating user 410
2024-03-22 17:49:00,500	root	INFO	evaluating user 410
2024-03-22 17:49:01,547	root	INFO	evaluating user 410
2024-03-22 17:49:02,596	root	INFO	evaluating user 410
2024-03-22 17:49:03,636	root	INFO	evaluating user 410
2024-03-22 17:49:04,665	root	INFO	evaluating user 410
2024-03-22 17:49:05,708	root	INFO	evaluating user 410
2024-03-22 17:49:06,660	root	INFO	evaluating user 410
2024-03-22 17:49:07,586	root	INFO	evaluating user 410
2024-03-22 17:49:08,483	root	INFO	evaluating user 410
2024-03-22 17:49:09,478	root	INFO	evaluating user 410
2024-03-22 17:49:10,432	root	INFO	evaluating user 410
2024-03-22 17:49:11,409	root	INFO	evaluating user 410
2024-03-22 17:49:12,384	root	INFO	evaluating user 410
2024-03-22 17:49:13,378	root	INFO	evaluating user 410
2024-03-22 17:49:14,281	root	INFO	evaluating user 410
2024-03-22 17:49:15,247	root	INFO	evaluating user 410
2024-03-22 17:49:16,165	root	INFO	evaluating user 410
2024-03-22 17:49:17,094	root	INFO	evaluating user 410
2024-03-22 17:49:17,996	root	INFO	evaluating user 410
2024-03-22 17:49:18,924	root	INFO	evaluating user 410
2024-03-22 17:49:19,838	root	INFO	evaluating user 410
2024-03-22 17:49:20,769	root	INFO	evaluating user 410
2024-03-22 17:49:21,673	root	INFO	evaluating user 410
2024-03-22 17:49:22,595	root	INFO	evaluating user 410
2024-03-22 17:49:23,502	root	INFO	evaluating user 410
2024-03-22 17:49:24,439	root	INFO	evaluating user 410
2024-03-22 17:49:25,346	root	INFO	evaluating user 410
2024-03-22 17:49:26,265	root	INFO	evaluating user 410
2024-03-22 17:49:27,164	root	INFO	evaluating user 406
2024-03-22 17:49:28,132	root	INFO	evaluating user 234
2024-03-22 17:49:29,097	root	INFO	evaluating user 234
2024-03-22 17:49:30,077	root	INFO	evaluating user 234
2024-03-22 17:49:30,987	root	INFO	evaluating user 234
2024-03-22 17:49:31,957	root	INFO	evaluating user 234
2024-03-22 17:49:32,902	root	INFO	evaluating user 234
2024-03-22 17:49:33,831	root	INFO	evaluating user 234
2024-03-22 17:49:34,784	root	INFO	evaluating user 234
2024-03-22 17:49:35,724	root	INFO	evaluating user 234
2024-03-22 17:49:36,683	root	INFO	evaluating user 234
2024-03-22 17:49:37,609	root	INFO	evaluating user 234
2024-03-22 17:49:38,519	root	INFO	evaluating user 234
2024-03-22 17:49:39,450	root	INFO	evaluating user 234
2024-03-22 17:49:40,356	root	INFO	evaluating user 650
2024-03-22 17:49:41,265	root	INFO	evaluating user 650
2024-03-22 17:49:42,170	root	INFO	evaluating user 663
2024-03-22 17:49:43,214	root	INFO	test: {'precision': array([0.00528274, 0.00450149]), 'recall': array([0.05282738, 0.09002976]), 'ndcg': array([0.02296014, 0.03239368]), 'hit_ratio': array([0.05282738, 0.09002976]), 'auc': 0.7995070684523814, 'mrr': 0.016770034832856173}
2024-03-22 17:49:43,227	root	INFO	need time: 6341.702 seconds
