INFO:	main:	2024-03-11 15:12:01,507:	Outputs will be saved in: runs/run14
INFO:	main:	2024-03-11 15:12:01,507:	Using seed: 42
INFO:	main:	2024-03-11 15:12:01,507:	Using device: cuda
INFO:	main:	2024-03-11 15:12:01,507:	Commencing data collection for ml-1m
INFO:	dataloader:	2024-03-11 15:12:03,473:	Data preprocessing completed
INFO:	dataloader:	2024-03-11 15:12:03,473:	uid2locid_time: 4297 
INFO:	dataloader:	2024-03-11 15:12:03,473:	locid2detail: 3112 
INFO:	dataloader:	2024-03-11 15:12:03,473:	node_num: 7414 
INFO:	dataloader:	2024-03-11 15:12:03,473:	relation_num: 4 
INFO:	dataloader:	2024-03-11 15:12:03,473:	user_num: 4297 
INFO:	dataloader:	2024-03-11 15:12:03,473:	train_num: 34376 
INFO:	dataloader:	2024-03-11 15:12:03,473:	test_num: 4297 
INFO:	dataloader:	2024-03-11 15:12:03,473:	train_set: (34376, 13) 
INFO:	dataloader:	2024-03-11 15:12:03,473:	test_set: (4297, 10) 
INFO:	dataloader:	2024-03-11 15:12:03,473:	uid_list_: 4297 
INFO:	dataloader:	2024-03-11 15:12:03,473:	u2v: 4297 
INFO:	dataloader:	2024-03-11 15:12:03,473:	u2vc: 4297 
INFO:	dataloader:	2024-03-11 15:12:03,473:	v2u: 3112 
INFO:	dataloader:	2024-03-11 15:12:03,474:	v2vc: 3112 
INFO:	main:	2024-03-11 15:12:03,644:	Commencing training for 500 epochs.
INFO:	main:	2024-03-11 17:08:01,273:	Completed training for 500 epochs
INFO:	main:	2024-03-11 17:08:01,314:	Model saved at runs/run14/model.pth
INFO:	main:	2024-03-11 17:08:01,314:	Completed run 14
