2024-03-11 15:12:03,643:	Model:	CAGSRec with 2 variant
2024-03-11 15:12:03,643:	CAGSRec(
  (long_term_gnn): LongTermGNN(
    (conv_modulelist): ModuleList(
      (0-2): 3 x ImprovedGNNunit(32, 32, num_relations=4)
    )
  )
  (short_term_gnn): ShortTermGNN(
    (conv_modulelist): ModuleList(
      (0-2): 3 x ImprovedGNNunit(32, 32, num_relations=4)
    )
  )
  (temporal_seq_attn_layer): TemporalSequentialAttentionLayer_v2(
    (drop_layer): Dropout(p=0.1, inplace=False)
    (feedforward): Sequential(
      (0): Linear(in_features=192, out_features=192, bias=True)
      (1): LayerNorm((192,), eps=1e-08, elementwise_affine=True)
    )
  )
  (cross_attn_layer): CrossAttentionLayer_v2(
    (drop_layer): Dropout(p=0.1, inplace=False)
    (feedforward): Sequential(
      (0): Linear(in_features=192, out_features=192, bias=True)
      (1): LayerNorm((192,), eps=1e-08, elementwise_affine=True)
    )
  )
  (predict_emb_w): Embedding(3112, 192, padding_idx=0)
  (predict_emb_b): Embedding(3112, 1, padding_idx=0)
  (node_embeddings): Embedding(7414, 32, padding_idx=0)
)
2024-03-11 15:12:03,643:	Optimizer:	Adam with initial lr = 0.001, l2 = 0.0001
2024-03-11 15:12:03,643:	LR Scheduler:	LinearLR
2024-03-11 15:13:03,688:	Epoch 1/500:	Loss: 0.8174	P@10: 0.0475	R@10: 0.0237	MAP@10: 0.0176	NDCG@10: 0.0465	HR@10: 0.2956
2024-03-11 15:14:03,350:	Epoch 2/500:	Loss: 0.6594	P@10: 0.0501	R@10: 0.0250	MAP@10: 0.0153	NDCG@10: 0.0452	HR@10: 0.3158
2024-03-11 15:15:02,539:	Epoch 3/500:	Loss: 0.7052	P@10: 0.0448	R@10: 0.0224	MAP@10: 0.0168	NDCG@10: 0.0441	HR@10: 0.2546
2024-03-11 15:16:01,599:	Epoch 4/500:	Loss: 0.6838	P@10: 0.0598	R@10: 0.0299	MAP@10: 0.0321	NDCG@10: 0.0652	HR@10: 0.2688
2024-03-11 15:17:00,924:	Epoch 5/500:	Loss: 0.6468	P@10: 0.0428	R@10: 0.0214	MAP@10: 0.0197	NDCG@10: 0.0499	HR@10: 0.2797
2024-03-11 15:18:00,193:	Epoch 6/500:	Loss: 0.6507	P@10: 0.0589	R@10: 0.0295	MAP@10: 0.0286	NDCG@10: 0.0638	HR@10: 0.2727
2024-03-11 15:18:59,997:	Epoch 7/500:	Loss: 0.6299	P@10: 0.0584	R@10: 0.0292	MAP@10: 0.0264	NDCG@10: 0.0581	HR@10: 0.2518
2024-03-11 15:19:59,978:	Epoch 8/500:	Loss: 0.6264	P@10: 0.0615	R@10: 0.0308	MAP@10: 0.0288	NDCG@10: 0.0659	HR@10: 0.2823
2024-03-11 15:20:59,292:	Epoch 9/500:	Loss: 0.6241	P@10: 0.0501	R@10: 0.0250	MAP@10: 0.0227	NDCG@10: 0.0560	HR@10: 0.2765
2024-03-11 15:21:58,463:	Epoch 10/500:	Loss: 0.6183	P@10: 0.0541	R@10: 0.0270	MAP@10: 0.0238	NDCG@10: 0.0530	HR@10: 0.2485
2024-03-11 15:22:57,681:	Epoch 11/500:	Loss: 0.6129	P@10: 0.0646	R@10: 0.0323	MAP@10: 0.0279	NDCG@10: 0.0621	HR@10: 0.2865
2024-03-11 15:23:57,361:	Epoch 12/500:	Loss: 0.6112	P@10: 0.0475	R@10: 0.0238	MAP@10: 0.0219	NDCG@10: 0.0547	HR@10: 0.3137
2024-03-11 15:24:57,746:	Epoch 13/500:	Loss: 0.6089	P@10: 0.0541	R@10: 0.0271	MAP@10: 0.0197	NDCG@10: 0.0534	HR@10: 0.3349
2024-03-11 15:25:57,271:	Epoch 14/500:	Loss: 0.6037	P@10: 0.0644	R@10: 0.0322	MAP@10: 0.0274	NDCG@10: 0.0622	HR@10: 0.2762
2024-03-11 15:26:56,547:	Epoch 15/500:	Loss: 0.6044	P@10: 0.0572	R@10: 0.0286	MAP@10: 0.0261	NDCG@10: 0.0586	HR@10: 0.2625
2024-03-11 15:27:55,571:	Epoch 16/500:	Loss: 0.6008	P@10: 0.0641	R@10: 0.0320	MAP@10: 0.0296	NDCG@10: 0.0697	HR@10: 0.3507
2024-03-11 15:28:54,771:	Epoch 17/500:	Loss: 0.5994	P@10: 0.0705	R@10: 0.0352	MAP@10: 0.0329	NDCG@10: 0.0752	HR@10: 0.3700
2024-03-11 15:29:54,347:	Epoch 18/500:	Loss: 0.5956	P@10: 0.0637	R@10: 0.0318	MAP@10: 0.0303	NDCG@10: 0.0687	HR@10: 0.3016
2024-03-11 15:30:54,636:	Epoch 19/500:	Loss: 0.5931	P@10: 0.0688	R@10: 0.0344	MAP@10: 0.0265	NDCG@10: 0.0666	HR@10: 0.3691
2024-03-11 15:31:54,240:	Epoch 20/500:	Loss: 0.5909	P@10: 0.0596	R@10: 0.0298	MAP@10: 0.0252	NDCG@10: 0.0645	HR@10: 0.3549
2024-03-11 15:32:53,339:	Epoch 21/500:	Loss: 0.5876	P@10: 0.0534	R@10: 0.0267	MAP@10: 0.0257	NDCG@10: 0.0562	HR@10: 0.2595
2024-03-11 15:33:52,582:	Epoch 22/500:	Loss: 0.5906	P@10: 0.0570	R@10: 0.0285	MAP@10: 0.0245	NDCG@10: 0.0566	HR@10: 0.2928
2024-03-11 15:34:51,953:	Epoch 23/500:	Loss: 0.5838	P@10: 0.0541	R@10: 0.0270	MAP@10: 0.0236	NDCG@10: 0.0559	HR@10: 0.2944
2024-03-11 15:35:52,082:	Epoch 24/500:	Loss: 0.5873	P@10: 0.0529	R@10: 0.0264	MAP@10: 0.0268	NDCG@10: 0.0608	HR@10: 0.2697
2024-03-11 15:36:52,167:	Epoch 25/500:	Loss: 0.5806	P@10: 0.0641	R@10: 0.0320	MAP@10: 0.0296	NDCG@10: 0.0688	HR@10: 0.3109
2024-03-11 15:37:51,459:	Epoch 26/500:	Loss: 0.5859	P@10: 0.0694	R@10: 0.0347	MAP@10: 0.0315	NDCG@10: 0.0724	HR@10: 0.3628
2024-03-11 15:38:50,787:	Epoch 27/500:	Loss: 0.5867	P@10: 0.0624	R@10: 0.0312	MAP@10: 0.0314	NDCG@10: 0.0694	HR@10: 0.3447
2024-03-11 15:39:50,103:	Epoch 28/500:	Loss: 0.5745	P@10: 0.0515	R@10: 0.0258	MAP@10: 0.0264	NDCG@10: 0.0613	HR@10: 0.3000
2024-03-11 15:40:49,886:	Epoch 29/500:	Loss: 0.5767	P@10: 0.0553	R@10: 0.0277	MAP@10: 0.0280	NDCG@10: 0.0623	HR@10: 0.2672
2024-03-11 15:41:50,249:	Epoch 30/500:	Loss: 0.5732	P@10: 0.0615	R@10: 0.0308	MAP@10: 0.0276	NDCG@10: 0.0673	HR@10: 0.3512
2024-03-11 15:42:49,882:	Epoch 31/500:	Loss: 0.5685	P@10: 0.0642	R@10: 0.0321	MAP@10: 0.0259	NDCG@10: 0.0635	HR@10: 0.3547
2024-03-11 15:43:49,182:	Epoch 32/500:	Loss: 0.5692	P@10: 0.0586	R@10: 0.0293	MAP@10: 0.0283	NDCG@10: 0.0639	HR@10: 0.2718
2024-03-11 15:44:48,505:	Epoch 33/500:	Loss: 0.5673	P@10: 0.0609	R@10: 0.0305	MAP@10: 0.0292	NDCG@10: 0.0656	HR@10: 0.3039
2024-03-11 15:45:47,897:	Epoch 34/500:	Loss: 0.5633	P@10: 0.0605	R@10: 0.0303	MAP@10: 0.0300	NDCG@10: 0.0672	HR@10: 0.3409
2024-03-11 15:46:47,704:	Epoch 35/500:	Loss: 0.5644	P@10: 0.0691	R@10: 0.0346	MAP@10: 0.0318	NDCG@10: 0.0728	HR@10: 0.3628
2024-03-11 15:47:47,920:	Epoch 36/500:	Loss: 0.5641	P@10: 0.0654	R@10: 0.0327	MAP@10: 0.0302	NDCG@10: 0.0691	HR@10: 0.3479
2024-03-11 15:48:47,204:	Epoch 37/500:	Loss: 0.5634	P@10: 0.0633	R@10: 0.0316	MAP@10: 0.0307	NDCG@10: 0.0681	HR@10: 0.2825
2024-03-11 15:49:46,897:	Epoch 38/500:	Loss: 0.5583	P@10: 0.0663	R@10: 0.0332	MAP@10: 0.0313	NDCG@10: 0.0701	HR@10: 0.3402
2024-03-11 15:50:46,281:	Epoch 39/500:	Loss: 0.5583	P@10: 0.0698	R@10: 0.0349	MAP@10: 0.0308	NDCG@10: 0.0732	HR@10: 0.3663
2024-03-11 15:51:46,018:	Epoch 40/500:	Loss: 0.5597	P@10: 0.0633	R@10: 0.0316	MAP@10: 0.0294	NDCG@10: 0.0683	HR@10: 0.3084
2024-03-11 15:52:46,238:	Epoch 41/500:	Loss: 0.5579	P@10: 0.0525	R@10: 0.0263	MAP@10: 0.0255	NDCG@10: 0.0604	HR@10: 0.2869
2024-03-11 15:53:46,049:	Epoch 42/500:	Loss: 0.5562	P@10: 0.0623	R@10: 0.0312	MAP@10: 0.0329	NDCG@10: 0.0668	HR@10: 0.2599
2024-03-11 15:54:45,316:	Epoch 43/500:	Loss: 0.5546	P@10: 0.0689	R@10: 0.0344	MAP@10: 0.0257	NDCG@10: 0.0659	HR@10: 0.3784
2024-03-11 15:55:45,069:	Epoch 44/500:	Loss: 0.5503	P@10: 0.0682	R@10: 0.0341	MAP@10: 0.0303	NDCG@10: 0.0716	HR@10: 0.3747
2024-03-11 15:56:44,385:	Epoch 45/500:	Loss: 0.5508	P@10: 0.0613	R@10: 0.0306	MAP@10: 0.0298	NDCG@10: 0.0667	HR@10: 0.2988
2024-03-11 15:57:44,372:	Epoch 46/500:	Loss: 0.5492	P@10: 0.0571	R@10: 0.0286	MAP@10: 0.0289	NDCG@10: 0.0633	HR@10: 0.2718
2024-03-11 15:58:44,528:	Epoch 47/500:	Loss: 0.5520	P@10: 0.0554	R@10: 0.0277	MAP@10: 0.0276	NDCG@10: 0.0618	HR@10: 0.2646
2024-03-11 15:59:44,440:	Epoch 48/500:	Loss: 0.5473	P@10: 0.0607	R@10: 0.0304	MAP@10: 0.0250	NDCG@10: 0.0605	HR@10: 0.3342
2024-03-11 16:00:44,345:	Epoch 49/500:	Loss: 0.5470	P@10: 0.0645	R@10: 0.0323	MAP@10: 0.0288	NDCG@10: 0.0635	HR@10: 0.2916
2024-03-11 16:01:44,131:	Epoch 50/500:	Loss: 0.5458	P@10: 0.0702	R@10: 0.0351	MAP@10: 0.0279	NDCG@10: 0.0679	HR@10: 0.3670
2024-03-11 16:02:43,962:	Epoch 51/500:	Loss: 0.5466	P@10: 0.0626	R@10: 0.0313	MAP@10: 0.0300	NDCG@10: 0.0673	HR@10: 0.2995
2024-03-11 16:03:44,287:	Epoch 52/500:	Loss: 0.5447	P@10: 0.0571	R@10: 0.0286	MAP@10: 0.0294	NDCG@10: 0.0631	HR@10: 0.2660
2024-03-11 16:04:44,660:	Epoch 53/500:	Loss: 0.5458	P@10: 0.0593	R@10: 0.0297	MAP@10: 0.0297	NDCG@10: 0.0651	HR@10: 0.2746
2024-03-11 16:05:44,378:	Epoch 54/500:	Loss: 0.5453	P@10: 0.0620	R@10: 0.0310	MAP@10: 0.0286	NDCG@10: 0.0661	HR@10: 0.3109
2024-03-11 16:06:44,479:	Epoch 55/500:	Loss: 0.5448	P@10: 0.0579	R@10: 0.0290	MAP@10: 0.0280	NDCG@10: 0.0586	HR@10: 0.2590
2024-03-11 16:07:44,242:	Epoch 56/500:	Loss: 0.5449	P@10: 0.0693	R@10: 0.0346	MAP@10: 0.0267	NDCG@10: 0.0649	HR@10: 0.3742
2024-03-11 16:08:44,605:	Epoch 57/500:	Loss: 0.5466	P@10: 0.0605	R@10: 0.0303	MAP@10: 0.0259	NDCG@10: 0.0588	HR@10: 0.2732
2024-03-11 16:09:45,280:	Epoch 58/500:	Loss: 0.5441	P@10: 0.0657	R@10: 0.0329	MAP@10: 0.0310	NDCG@10: 0.0693	HR@10: 0.3365
2024-03-11 16:10:45,423:	Epoch 59/500:	Loss: 0.5438	P@10: 0.0528	R@10: 0.0264	MAP@10: 0.0235	NDCG@10: 0.0542	HR@10: 0.2683
2024-03-11 16:11:44,102:	Epoch 60/500:	Loss: 0.5396	P@10: 0.0648	R@10: 0.0324	MAP@10: 0.0257	NDCG@10: 0.0631	HR@10: 0.3486
2024-03-11 16:13:14,275:	Epoch 61/500:	Loss: 0.5393	P@10: 0.0662	R@10: 0.0331	MAP@10: 0.0280	NDCG@10: 0.0657	HR@10: 0.3412
2024-03-11 16:14:13,221:	Epoch 62/500:	Loss: 0.5391	P@10: 0.0665	R@10: 0.0332	MAP@10: 0.0322	NDCG@10: 0.0702	HR@10: 0.3388
2024-03-11 16:15:13,451:	Epoch 63/500:	Loss: 0.5369	P@10: 0.0631	R@10: 0.0316	MAP@10: 0.0266	NDCG@10: 0.0617	HR@10: 0.3340
2024-03-11 16:16:12,997:	Epoch 64/500:	Loss: 0.5355	P@10: 0.0622	R@10: 0.0311	MAP@10: 0.0289	NDCG@10: 0.0617	HR@10: 0.2609
2024-03-11 16:17:11,838:	Epoch 65/500:	Loss: 0.5333	P@10: 0.0638	R@10: 0.0319	MAP@10: 0.0293	NDCG@10: 0.0634	HR@10: 0.2779
2024-03-11 16:18:10,293:	Epoch 66/500:	Loss: 0.5359	P@10: 0.0625	R@10: 0.0313	MAP@10: 0.0302	NDCG@10: 0.0675	HR@10: 0.2918
2024-03-11 16:19:08,688:	Epoch 67/500:	Loss: 0.5336	P@10: 0.0627	R@10: 0.0314	MAP@10: 0.0268	NDCG@10: 0.0625	HR@10: 0.2983
2024-03-11 16:20:07,371:	Epoch 68/500:	Loss: 0.5344	P@10: 0.0626	R@10: 0.0313	MAP@10: 0.0255	NDCG@10: 0.0614	HR@10: 0.3400
2024-03-11 16:21:07,163:	Epoch 69/500:	Loss: 0.5338	P@10: 0.0584	R@10: 0.0292	MAP@10: 0.0311	NDCG@10: 0.0643	HR@10: 0.2630
2024-03-11 16:22:06,063:	Epoch 70/500:	Loss: 0.5312	P@10: 0.0622	R@10: 0.0311	MAP@10: 0.0303	NDCG@10: 0.0684	HR@10: 0.3428
2024-03-11 16:23:04,603:	Epoch 71/500:	Loss: 0.5327	P@10: 0.0655	R@10: 0.0327	MAP@10: 0.0309	NDCG@10: 0.0697	HR@10: 0.3153
2024-03-11 16:24:03,054:	Epoch 72/500:	Loss: 0.5324	P@10: 0.0682	R@10: 0.0341	MAP@10: 0.0308	NDCG@10: 0.0706	HR@10: 0.3635
2024-03-11 16:25:01,522:	Epoch 73/500:	Loss: 0.5319	P@10: 0.0589	R@10: 0.0295	MAP@10: 0.0294	NDCG@10: 0.0642	HR@10: 0.2748
2024-03-11 16:26:01,088:	Epoch 74/500:	Loss: 0.5327	P@10: 0.0630	R@10: 0.0315	MAP@10: 0.0309	NDCG@10: 0.0673	HR@10: 0.2751
2024-03-11 16:27:00,843:	Epoch 75/500:	Loss: 0.5317	P@10: 0.0614	R@10: 0.0307	MAP@10: 0.0312	NDCG@10: 0.0656	HR@10: 0.2686
2024-03-11 16:27:59,441:	Epoch 76/500:	Loss: 0.5316	P@10: 0.0608	R@10: 0.0304	MAP@10: 0.0305	NDCG@10: 0.0660	HR@10: 0.2930
2024-03-11 16:28:57,974:	Epoch 77/500:	Loss: 0.5300	P@10: 0.0575	R@10: 0.0288	MAP@10: 0.0265	NDCG@10: 0.0586	HR@10: 0.2641
2024-03-11 16:29:56,761:	Epoch 78/500:	Loss: 0.5301	P@10: 0.0673	R@10: 0.0336	MAP@10: 0.0262	NDCG@10: 0.0646	HR@10: 0.3661
2024-03-11 16:30:55,668:	Epoch 79/500:	Loss: 0.5297	P@10: 0.0586	R@10: 0.0293	MAP@10: 0.0312	NDCG@10: 0.0665	HR@10: 0.2683
2024-03-11 16:31:55,291:	Epoch 80/500:	Loss: 0.5329	P@10: 0.0642	R@10: 0.0321	MAP@10: 0.0306	NDCG@10: 0.0682	HR@10: 0.2965
2024-03-11 16:32:55,124:	Epoch 81/500:	Loss: 0.5298	P@10: 0.0640	R@10: 0.0320	MAP@10: 0.0286	NDCG@10: 0.0626	HR@10: 0.2995
2024-03-11 16:33:53,896:	Epoch 82/500:	Loss: 0.5291	P@10: 0.0684	R@10: 0.0342	MAP@10: 0.0306	NDCG@10: 0.0705	HR@10: 0.3516
2024-03-11 16:34:52,547:	Epoch 83/500:	Loss: 0.5260	P@10: 0.0674	R@10: 0.0337	MAP@10: 0.0314	NDCG@10: 0.0702	HR@10: 0.3035
2024-03-11 16:35:51,286:	Epoch 84/500:	Loss: 0.5295	P@10: 0.0633	R@10: 0.0316	MAP@10: 0.0321	NDCG@10: 0.0680	HR@10: 0.2732
2024-03-11 16:36:50,193:	Epoch 85/500:	Loss: 0.5258	P@10: 0.0617	R@10: 0.0308	MAP@10: 0.0303	NDCG@10: 0.0665	HR@10: 0.2758
2024-03-11 16:37:49,938:	Epoch 86/500:	Loss: 0.5271	P@10: 0.0531	R@10: 0.0265	MAP@10: 0.0263	NDCG@10: 0.0528	HR@10: 0.2048
2024-03-11 16:38:49,712:	Epoch 87/500:	Loss: 0.5276	P@10: 0.0672	R@10: 0.0336	MAP@10: 0.0321	NDCG@10: 0.0696	HR@10: 0.2988
2024-03-11 16:39:49,432:	Epoch 88/500:	Loss: 0.5252	P@10: 0.0599	R@10: 0.0300	MAP@10: 0.0284	NDCG@10: 0.0653	HR@10: 0.3016
2024-03-11 16:40:49,186:	Epoch 89/500:	Loss: 0.5272	P@10: 0.0631	R@10: 0.0316	MAP@10: 0.0296	NDCG@10: 0.0672	HR@10: 0.3330
2024-03-11 16:41:48,865:	Epoch 90/500:	Loss: 0.5271	P@10: 0.0584	R@10: 0.0292	MAP@10: 0.0325	NDCG@10: 0.0636	HR@10: 0.2178
2024-03-11 16:42:48,578:	Epoch 91/500:	Loss: 0.5253	P@10: 0.0652	R@10: 0.0326	MAP@10: 0.0326	NDCG@10: 0.0683	HR@10: 0.2925
2024-03-11 16:43:48,620:	Epoch 92/500:	Loss: 0.5262	P@10: 0.0666	R@10: 0.0333	MAP@10: 0.0295	NDCG@10: 0.0700	HR@10: 0.3563
2024-03-11 16:44:48,323:	Epoch 93/500:	Loss: 0.5259	P@10: 0.0596	R@10: 0.0298	MAP@10: 0.0248	NDCG@10: 0.0581	HR@10: 0.2965
2024-03-11 16:45:48,192:	Epoch 94/500:	Loss: 0.5251	P@10: 0.0640	R@10: 0.0320	MAP@10: 0.0271	NDCG@10: 0.0644	HR@10: 0.3454
2024-03-11 16:46:46,220:	Epoch 95/500:	Loss: 0.5255	P@10: 0.0655	R@10: 0.0328	MAP@10: 0.0309	NDCG@10: 0.0688	HR@10: 0.3447
2024-03-11 16:47:43,260:	Epoch 96/500:	Loss: 0.5228	P@10: 0.0638	R@10: 0.0319	MAP@10: 0.0278	NDCG@10: 0.0620	HR@10: 0.2790
2024-03-11 16:48:40,489:	Epoch 97/500:	Loss: 0.5258	P@10: 0.0627	R@10: 0.0314	MAP@10: 0.0316	NDCG@10: 0.0663	HR@10: 0.2714
2024-03-11 16:49:38,173:	Epoch 98/500:	Loss: 0.5234	P@10: 0.0652	R@10: 0.0326	MAP@10: 0.0308	NDCG@10: 0.0682	HR@10: 0.3291
2024-03-11 16:50:36,111:	Epoch 99/500:	Loss: 0.5235	P@10: 0.0596	R@10: 0.0298	MAP@10: 0.0280	NDCG@10: 0.0596	HR@10: 0.2620
2024-03-11 16:51:33,361:	Epoch 100/500:	Loss: 0.5249	P@10: 0.0674	R@10: 0.0337	MAP@10: 0.0274	NDCG@10: 0.0656	HR@10: 0.3502
2024-03-11 16:52:30,488:	Epoch 101/500:	Loss: 0.5239	P@10: 0.0632	R@10: 0.0316	MAP@10: 0.0329	NDCG@10: 0.0686	HR@10: 0.2751
2024-03-11 16:53:28,138:	Epoch 102/500:	Loss: 0.5237	P@10: 0.0617	R@10: 0.0308	MAP@10: 0.0294	NDCG@10: 0.0666	HR@10: 0.2972
2024-03-11 16:54:26,142:	Epoch 103/500:	Loss: 0.5213	P@10: 0.0548	R@10: 0.0274	MAP@10: 0.0298	NDCG@10: 0.0635	HR@10: 0.2620
2024-03-11 16:55:24,069:	Epoch 104/500:	Loss: 0.5224	P@10: 0.0630	R@10: 0.0315	MAP@10: 0.0299	NDCG@10: 0.0700	HR@10: 0.3712
2024-03-11 16:56:22,132:	Epoch 105/500:	Loss: 0.5222	P@10: 0.0592	R@10: 0.0296	MAP@10: 0.0303	NDCG@10: 0.0650	HR@10: 0.2672
2024-03-11 16:57:20,004:	Epoch 106/500:	Loss: 0.5219	P@10: 0.0659	R@10: 0.0329	MAP@10: 0.0306	NDCG@10: 0.0698	HR@10: 0.3014
2024-03-11 16:58:18,014:	Epoch 107/500:	Loss: 0.5186	P@10: 0.0618	R@10: 0.0309	MAP@10: 0.0287	NDCG@10: 0.0661	HR@10: 0.3116
2024-03-11 16:59:16,015:	Epoch 108/500:	Loss: 0.5207	P@10: 0.0606	R@10: 0.0303	MAP@10: 0.0306	NDCG@10: 0.0636	HR@10: 0.2623
2024-03-11 17:00:14,042:	Epoch 109/500:	Loss: 0.5223	P@10: 0.0599	R@10: 0.0299	MAP@10: 0.0310	NDCG@10: 0.0652	HR@10: 0.2590
2024-03-11 17:01:12,614:	Epoch 110/500:	Loss: 0.5224	P@10: 0.0576	R@10: 0.0288	MAP@10: 0.0273	NDCG@10: 0.0624	HR@10: 0.2923
2024-03-11 17:02:10,781:	Epoch 111/500:	Loss: 0.5210	P@10: 0.0638	R@10: 0.0319	MAP@10: 0.0291	NDCG@10: 0.0676	HR@10: 0.3421
2024-03-11 17:03:08,880:	Epoch 112/500:	Loss: 0.5201	P@10: 0.0635	R@10: 0.0318	MAP@10: 0.0275	NDCG@10: 0.0624	HR@10: 0.2765
2024-03-11 17:04:06,971:	Epoch 113/500:	Loss: 0.5212	P@10: 0.0670	R@10: 0.0335	MAP@10: 0.0316	NDCG@10: 0.0691	HR@10: 0.3000
2024-03-11 17:05:04,952:	Epoch 114/500:	Loss: 0.5213	P@10: 0.0626	R@10: 0.0313	MAP@10: 0.0253	NDCG@10: 0.0612	HR@10: 0.3028
2024-03-11 17:06:03,079:	Epoch 115/500:	Loss: 0.5214	P@10: 0.0580	R@10: 0.0290	MAP@10: 0.0262	NDCG@10: 0.0584	HR@10: 0.2620
2024-03-11 17:07:01,775:	Epoch 116/500:	Loss: 0.5201	P@10: 0.0692	R@10: 0.0346	MAP@10: 0.0266	NDCG@10: 0.0651	HR@10: 0.3630
2024-03-11 17:07:59,808:	Epoch 117/500:	Loss: 0.5204	P@10: 0.0612	R@10: 0.0306	MAP@10: 0.0289	NDCG@10: 0.0644	HR@10: 0.3309
2024-03-11 17:07:59,808:	Early stopping at epoch 117
