2024-03-11 11:26:15,112:	Model:	CAGSRec with 1 variant
2024-03-11 11:26:15,112:	CAGSRec(
  (long_term_gnn): LongTermGNN(
    (conv_modulelist): ModuleList(
      (0-2): 3 x ImprovedGNNunit(32, 32, num_relations=4)
    )
  )
  (short_term_gnn): ShortTermGNN(
    (conv_modulelist): ModuleList(
      (0-2): 3 x ImprovedGNNunit(32, 32, num_relations=4)
    )
  )
  (temporal_seq_attn_layer): TemporalSequentialAttentionLayer_v2(
    (drop_layer): Dropout(p=0.1, inplace=False)
    (feedforward): Sequential(
      (0): PointWiseFeedForward(
        (conv1): Conv1d(192, 192, kernel_size=(1,), stride=(1,))
        (dropout1): Dropout(p=0.1, inplace=False)
        (relu): ReLU()
        (conv2): Conv1d(192, 192, kernel_size=(1,), stride=(1,))
        (dropout2): Dropout(p=0.1, inplace=False)
      )
      (1): LayerNorm((192,), eps=1e-08, elementwise_affine=True)
    )
  )
  (cross_attn_layer): CrossAttentionLayer_v2(
    (drop_layer): Dropout(p=0.1, inplace=False)
    (feedforward): Sequential(
      (0): PointWiseFeedForward(
        (conv1): Conv1d(192, 192, kernel_size=(1,), stride=(1,))
        (dropout1): Dropout(p=0.1, inplace=False)
        (relu): ReLU()
        (conv2): Conv1d(192, 192, kernel_size=(1,), stride=(1,))
        (dropout2): Dropout(p=0.1, inplace=False)
      )
      (1): LayerNorm((192,), eps=1e-08, elementwise_affine=True)
    )
  )
  (predict_emb_w): Embedding(1439, 192, padding_idx=0)
  (predict_emb_b): Embedding(1439, 1, padding_idx=0)
  (node_embeddings): Embedding(2012, 32, padding_idx=0)
)
2024-03-11 11:26:15,112:	Optimizer:	Adam with initial lr = 0.001, l2 = 0.0001
2024-03-11 11:26:15,112:	LR Scheduler:	LinearLR
2024-03-11 11:26:22,119:	Epoch 1/500:	Loss: 0.9968	P@10: 0.0785	R@10: 0.0393	MAP@10: 0.0327	NDCG@10: 0.0859	HR@10: 0.5458
2024-03-11 11:26:28,184:	Epoch 2/500:	Loss: 0.9890	P@10: 0.0407	R@10: 0.0203	MAP@10: 0.0133	NDCG@10: 0.0410	HR@10: 0.3415
2024-03-11 11:26:34,340:	Epoch 3/500:	Loss: 1.0815	P@10: 0.0470	R@10: 0.0235	MAP@10: 0.0128	NDCG@10: 0.0426	HR@10: 0.3768
2024-03-11 11:26:40,514:	Epoch 4/500:	Loss: 1.0482	P@10: 0.0523	R@10: 0.0261	MAP@10: 0.0211	NDCG@10: 0.0587	HR@10: 0.4173
2024-03-11 11:26:46,607:	Epoch 5/500:	Loss: 0.9441	P@10: 0.0600	R@10: 0.0300	MAP@10: 0.0177	NDCG@10: 0.0557	HR@10: 0.4613
2024-03-11 11:26:52,612:	Epoch 6/500:	Loss: 0.9741	P@10: 0.0826	R@10: 0.0413	MAP@10: 0.0312	NDCG@10: 0.0848	HR@10: 0.5616
2024-03-11 11:26:58,576:	Epoch 7/500:	Loss: 0.9388	P@10: 0.0914	R@10: 0.0457	MAP@10: 0.0336	NDCG@10: 0.0918	HR@10: 0.6004
2024-03-11 11:27:04,538:	Epoch 8/500:	Loss: 0.8458	P@10: 0.0762	R@10: 0.0381	MAP@10: 0.0243	NDCG@10: 0.0717	HR@10: 0.5211
2024-03-11 11:27:10,576:	Epoch 9/500:	Loss: 0.8239	P@10: 0.0891	R@10: 0.0445	MAP@10: 0.0362	NDCG@10: 0.0940	HR@10: 0.5775
2024-03-11 11:27:16,581:	Epoch 10/500:	Loss: 0.8181	P@10: 0.0893	R@10: 0.0446	MAP@10: 0.0343	NDCG@10: 0.0921	HR@10: 0.5880
2024-03-11 11:27:22,523:	Epoch 11/500:	Loss: 0.7903	P@10: 0.0991	R@10: 0.0496	MAP@10: 0.0370	NDCG@10: 0.0996	HR@10: 0.6197
2024-03-11 11:27:28,624:	Epoch 12/500:	Loss: 0.7767	P@10: 0.0970	R@10: 0.0485	MAP@10: 0.0374	NDCG@10: 0.1006	HR@10: 0.6285
2024-03-11 11:27:34,612:	Epoch 13/500:	Loss: 0.7642	P@10: 0.0745	R@10: 0.0372	MAP@10: 0.0305	NDCG@10: 0.0816	HR@10: 0.5317
2024-03-11 11:27:40,601:	Epoch 14/500:	Loss: 0.7602	P@10: 0.0849	R@10: 0.0424	MAP@10: 0.0272	NDCG@10: 0.0792	HR@10: 0.5669
2024-03-11 11:27:46,578:	Epoch 15/500:	Loss: 0.7421	P@10: 0.0977	R@10: 0.0489	MAP@10: 0.0335	NDCG@10: 0.0939	HR@10: 0.6285
2024-03-11 11:27:52,535:	Epoch 16/500:	Loss: 0.7259	P@10: 0.0954	R@10: 0.0477	MAP@10: 0.0391	NDCG@10: 0.1024	HR@10: 0.6338
2024-03-11 11:27:58,541:	Epoch 17/500:	Loss: 0.7168	P@10: 0.0905	R@10: 0.0452	MAP@10: 0.0373	NDCG@10: 0.0973	HR@10: 0.5951
2024-03-11 11:28:04,574:	Epoch 18/500:	Loss: 0.7019	P@10: 0.0801	R@10: 0.0401	MAP@10: 0.0272	NDCG@10: 0.0781	HR@10: 0.5528
2024-03-11 11:28:10,579:	Epoch 19/500:	Loss: 0.6869	P@10: 0.0826	R@10: 0.0413	MAP@10: 0.0316	NDCG@10: 0.0857	HR@10: 0.5493
2024-03-11 11:28:16,549:	Epoch 20/500:	Loss: 0.6859	P@10: 0.0833	R@10: 0.0416	MAP@10: 0.0324	NDCG@10: 0.0879	HR@10: 0.5704
2024-03-11 11:28:22,524:	Epoch 21/500:	Loss: 0.6675	P@10: 0.0882	R@10: 0.0441	MAP@10: 0.0311	NDCG@10: 0.0881	HR@10: 0.5951
2024-03-11 11:28:28,495:	Epoch 22/500:	Loss: 0.6611	P@10: 0.0854	R@10: 0.0427	MAP@10: 0.0333	NDCG@10: 0.0903	HR@10: 0.5704
2024-03-11 11:28:34,445:	Epoch 23/500:	Loss: 0.6536	P@10: 0.0826	R@10: 0.0413	MAP@10: 0.0319	NDCG@10: 0.0869	HR@10: 0.5687
2024-03-11 11:28:40,426:	Epoch 24/500:	Loss: 0.6516	P@10: 0.0928	R@10: 0.0464	MAP@10: 0.0311	NDCG@10: 0.0894	HR@10: 0.6162
2024-03-11 11:28:46,475:	Epoch 25/500:	Loss: 0.6472	P@10: 0.0958	R@10: 0.0479	MAP@10: 0.0323	NDCG@10: 0.0912	HR@10: 0.6197
2024-03-11 11:28:52,460:	Epoch 26/500:	Loss: 0.6369	P@10: 0.0951	R@10: 0.0475	MAP@10: 0.0367	NDCG@10: 0.0973	HR@10: 0.6074
2024-03-11 11:28:58,461:	Epoch 27/500:	Loss: 0.6374	P@10: 0.0928	R@10: 0.0464	MAP@10: 0.0349	NDCG@10: 0.0940	HR@10: 0.5898
2024-03-11 11:29:04,451:	Epoch 28/500:	Loss: 0.6211	P@10: 0.0854	R@10: 0.0427	MAP@10: 0.0342	NDCG@10: 0.0912	HR@10: 0.5863
2024-03-11 11:29:10,444:	Epoch 29/500:	Loss: 0.6238	P@10: 0.0824	R@10: 0.0412	MAP@10: 0.0312	NDCG@10: 0.0853	HR@10: 0.5475
2024-03-11 11:29:16,539:	Epoch 30/500:	Loss: 0.6149	P@10: 0.0915	R@10: 0.0458	MAP@10: 0.0337	NDCG@10: 0.0915	HR@10: 0.5951
2024-03-11 11:29:22,560:	Epoch 31/500:	Loss: 0.6103	P@10: 0.0903	R@10: 0.0452	MAP@10: 0.0297	NDCG@10: 0.0857	HR@10: 0.6004
2024-03-11 11:29:28,544:	Epoch 32/500:	Loss: 0.6103	P@10: 0.0835	R@10: 0.0417	MAP@10: 0.0286	NDCG@10: 0.0806	HR@10: 0.5511
2024-03-11 11:29:34,502:	Epoch 33/500:	Loss: 0.5946	P@10: 0.0836	R@10: 0.0418	MAP@10: 0.0309	NDCG@10: 0.0848	HR@10: 0.5563
2024-03-11 11:29:40,532:	Epoch 34/500:	Loss: 0.6062	P@10: 0.0842	R@10: 0.0421	MAP@10: 0.0311	NDCG@10: 0.0859	HR@10: 0.5722
2024-03-11 11:29:46,516:	Epoch 35/500:	Loss: 0.5988	P@10: 0.0813	R@10: 0.0407	MAP@10: 0.0282	NDCG@10: 0.0806	HR@10: 0.5669
2024-03-11 11:29:52,466:	Epoch 36/500:	Loss: 0.5963	P@10: 0.0901	R@10: 0.0451	MAP@10: 0.0340	NDCG@10: 0.0921	HR@10: 0.5968
2024-03-11 11:29:58,466:	Epoch 37/500:	Loss: 0.5892	P@10: 0.0891	R@10: 0.0445	MAP@10: 0.0342	NDCG@10: 0.0922	HR@10: 0.6004
2024-03-11 11:30:04,548:	Epoch 38/500:	Loss: 0.5942	P@10: 0.0822	R@10: 0.0411	MAP@10: 0.0328	NDCG@10: 0.0879	HR@10: 0.5651
2024-03-11 11:30:10,845:	Epoch 39/500:	Loss: 0.5873	P@10: 0.0875	R@10: 0.0438	MAP@10: 0.0330	NDCG@10: 0.0894	HR@10: 0.5704
2024-03-11 11:30:17,002:	Epoch 40/500:	Loss: 0.5789	P@10: 0.0861	R@10: 0.0430	MAP@10: 0.0353	NDCG@10: 0.0928	HR@10: 0.5722
2024-03-11 11:30:23,249:	Epoch 41/500:	Loss: 0.5815	P@10: 0.0905	R@10: 0.0452	MAP@10: 0.0356	NDCG@10: 0.0955	HR@10: 0.5986
2024-03-11 11:30:29,466:	Epoch 42/500:	Loss: 0.5776	P@10: 0.0827	R@10: 0.0414	MAP@10: 0.0318	NDCG@10: 0.0863	HR@10: 0.5669
2024-03-11 11:30:35,758:	Epoch 43/500:	Loss: 0.5768	P@10: 0.0805	R@10: 0.0402	MAP@10: 0.0323	NDCG@10: 0.0868	HR@10: 0.5599
2024-03-11 11:30:41,821:	Epoch 44/500:	Loss: 0.5743	P@10: 0.0928	R@10: 0.0464	MAP@10: 0.0338	NDCG@10: 0.0933	HR@10: 0.6021
2024-03-11 11:30:47,870:	Epoch 45/500:	Loss: 0.5739	P@10: 0.0873	R@10: 0.0437	MAP@10: 0.0328	NDCG@10: 0.0891	HR@10: 0.5757
2024-03-11 11:30:53,941:	Epoch 46/500:	Loss: 0.5710	P@10: 0.0866	R@10: 0.0433	MAP@10: 0.0334	NDCG@10: 0.0897	HR@10: 0.5792
2024-03-11 11:30:59,983:	Epoch 47/500:	Loss: 0.5660	P@10: 0.0901	R@10: 0.0451	MAP@10: 0.0335	NDCG@10: 0.0909	HR@10: 0.5968
2024-03-11 11:31:05,986:	Epoch 48/500:	Loss: 0.5655	P@10: 0.0875	R@10: 0.0438	MAP@10: 0.0326	NDCG@10: 0.0896	HR@10: 0.5880
2024-03-11 11:31:11,951:	Epoch 49/500:	Loss: 0.5680	P@10: 0.0861	R@10: 0.0430	MAP@10: 0.0315	NDCG@10: 0.0865	HR@10: 0.5775
2024-03-11 11:31:17,908:	Epoch 50/500:	Loss: 0.5624	P@10: 0.0908	R@10: 0.0454	MAP@10: 0.0323	NDCG@10: 0.0901	HR@10: 0.5933
2024-03-11 11:31:23,890:	Epoch 51/500:	Loss: 0.5581	P@10: 0.0850	R@10: 0.0425	MAP@10: 0.0315	NDCG@10: 0.0867	HR@10: 0.5581
2024-03-11 11:31:29,852:	Epoch 52/500:	Loss: 0.5625	P@10: 0.0835	R@10: 0.0417	MAP@10: 0.0328	NDCG@10: 0.0872	HR@10: 0.5458
2024-03-11 11:31:35,826:	Epoch 53/500:	Loss: 0.5620	P@10: 0.0886	R@10: 0.0443	MAP@10: 0.0340	NDCG@10: 0.0920	HR@10: 0.5933
2024-03-11 11:31:41,790:	Epoch 54/500:	Loss: 0.5646	P@10: 0.0819	R@10: 0.0409	MAP@10: 0.0331	NDCG@10: 0.0885	HR@10: 0.5563
2024-03-11 11:31:47,753:	Epoch 55/500:	Loss: 0.5531	P@10: 0.0856	R@10: 0.0428	MAP@10: 0.0320	NDCG@10: 0.0880	HR@10: 0.5722
2024-03-11 11:31:53,731:	Epoch 56/500:	Loss: 0.5580	P@10: 0.0889	R@10: 0.0445	MAP@10: 0.0341	NDCG@10: 0.0922	HR@10: 0.5915
2024-03-11 11:31:59,699:	Epoch 57/500:	Loss: 0.5556	P@10: 0.0900	R@10: 0.0450	MAP@10: 0.0354	NDCG@10: 0.0940	HR@10: 0.5827
2024-03-11 11:32:05,691:	Epoch 58/500:	Loss: 0.5554	P@10: 0.0849	R@10: 0.0424	MAP@10: 0.0324	NDCG@10: 0.0878	HR@10: 0.5599
2024-03-11 11:32:11,664:	Epoch 59/500:	Loss: 0.5516	P@10: 0.0864	R@10: 0.0432	MAP@10: 0.0338	NDCG@10: 0.0907	HR@10: 0.5722
2024-03-11 11:32:17,644:	Epoch 60/500:	Loss: 0.5489	P@10: 0.0947	R@10: 0.0474	MAP@10: 0.0373	NDCG@10: 0.0984	HR@10: 0.5915
2024-03-11 11:32:23,607:	Epoch 61/500:	Loss: 0.5494	P@10: 0.0820	R@10: 0.0410	MAP@10: 0.0323	NDCG@10: 0.0866	HR@10: 0.5599
2024-03-11 11:32:29,498:	Epoch 62/500:	Loss: 0.5428	P@10: 0.0718	R@10: 0.0359	MAP@10: 0.0240	NDCG@10: 0.0702	HR@10: 0.5211
2024-03-11 11:32:35,347:	Epoch 63/500:	Loss: 0.5442	P@10: 0.0782	R@10: 0.0391	MAP@10: 0.0291	NDCG@10: 0.0806	HR@10: 0.5423
2024-03-11 11:32:41,210:	Epoch 64/500:	Loss: 0.5454	P@10: 0.0785	R@10: 0.0393	MAP@10: 0.0319	NDCG@10: 0.0839	HR@10: 0.5282
2024-03-11 11:32:47,066:	Epoch 65/500:	Loss: 0.5480	P@10: 0.0903	R@10: 0.0452	MAP@10: 0.0365	NDCG@10: 0.0953	HR@10: 0.5827
2024-03-11 11:32:53,103:	Epoch 66/500:	Loss: 0.5424	P@10: 0.0919	R@10: 0.0460	MAP@10: 0.0352	NDCG@10: 0.0945	HR@10: 0.5880
2024-03-11 11:32:59,303:	Epoch 67/500:	Loss: 0.5394	P@10: 0.0826	R@10: 0.0413	MAP@10: 0.0278	NDCG@10: 0.0797	HR@10: 0.5616
2024-03-11 11:33:05,145:	Epoch 68/500:	Loss: 0.5411	P@10: 0.0873	R@10: 0.0437	MAP@10: 0.0319	NDCG@10: 0.0879	HR@10: 0.5757
2024-03-11 11:33:11,010:	Epoch 69/500:	Loss: 0.5402	P@10: 0.0921	R@10: 0.0460	MAP@10: 0.0349	NDCG@10: 0.0937	HR@10: 0.5863
2024-03-11 11:33:16,854:	Epoch 70/500:	Loss: 0.5402	P@10: 0.0819	R@10: 0.0409	MAP@10: 0.0336	NDCG@10: 0.0876	HR@10: 0.5405
2024-03-11 11:33:22,693:	Epoch 71/500:	Loss: 0.5371	P@10: 0.0864	R@10: 0.0432	MAP@10: 0.0341	NDCG@10: 0.0901	HR@10: 0.5528
2024-03-11 11:33:28,542:	Epoch 72/500:	Loss: 0.5412	P@10: 0.0937	R@10: 0.0468	MAP@10: 0.0349	NDCG@10: 0.0937	HR@10: 0.5968
2024-03-11 11:33:34,411:	Epoch 73/500:	Loss: 0.5400	P@10: 0.0923	R@10: 0.0461	MAP@10: 0.0349	NDCG@10: 0.0935	HR@10: 0.5933
2024-03-11 11:33:40,270:	Epoch 74/500:	Loss: 0.5373	P@10: 0.0863	R@10: 0.0431	MAP@10: 0.0331	NDCG@10: 0.0888	HR@10: 0.5651
2024-03-11 11:33:46,127:	Epoch 75/500:	Loss: 0.5344	P@10: 0.0928	R@10: 0.0464	MAP@10: 0.0346	NDCG@10: 0.0932	HR@10: 0.5933
2024-03-11 11:33:51,975:	Epoch 76/500:	Loss: 0.5391	P@10: 0.0944	R@10: 0.0472	MAP@10: 0.0359	NDCG@10: 0.0966	HR@10: 0.6039
2024-03-11 11:33:57,824:	Epoch 77/500:	Loss: 0.5351	P@10: 0.0940	R@10: 0.0470	MAP@10: 0.0366	NDCG@10: 0.0969	HR@10: 0.5915
2024-03-11 11:34:03,705:	Epoch 78/500:	Loss: 0.5379	P@10: 0.0884	R@10: 0.0442	MAP@10: 0.0354	NDCG@10: 0.0926	HR@10: 0.5616
2024-03-11 11:34:09,551:	Epoch 79/500:	Loss: 0.5298	P@10: 0.0863	R@10: 0.0431	MAP@10: 0.0339	NDCG@10: 0.0899	HR@10: 0.5651
2024-03-11 11:34:15,387:	Epoch 80/500:	Loss: 0.5283	P@10: 0.0921	R@10: 0.0460	MAP@10: 0.0352	NDCG@10: 0.0933	HR@10: 0.5863
2024-03-11 11:34:21,223:	Epoch 81/500:	Loss: 0.5220	P@10: 0.0879	R@10: 0.0439	MAP@10: 0.0343	NDCG@10: 0.0916	HR@10: 0.5739
2024-03-11 11:34:27,080:	Epoch 82/500:	Loss: 0.5240	P@10: 0.0836	R@10: 0.0418	MAP@10: 0.0336	NDCG@10: 0.0886	HR@10: 0.5440
2024-03-11 11:34:32,931:	Epoch 83/500:	Loss: 0.5312	P@10: 0.0901	R@10: 0.0451	MAP@10: 0.0357	NDCG@10: 0.0941	HR@10: 0.5739
2024-03-11 11:34:38,786:	Epoch 84/500:	Loss: 0.5230	P@10: 0.0889	R@10: 0.0445	MAP@10: 0.0334	NDCG@10: 0.0906	HR@10: 0.5915
2024-03-11 11:34:44,765:	Epoch 85/500:	Loss: 0.5298	P@10: 0.0891	R@10: 0.0445	MAP@10: 0.0339	NDCG@10: 0.0924	HR@10: 0.6056
2024-03-11 11:34:50,926:	Epoch 86/500:	Loss: 0.5284	P@10: 0.0893	R@10: 0.0446	MAP@10: 0.0350	NDCG@10: 0.0933	HR@10: 0.5880
2024-03-11 11:34:56,779:	Epoch 87/500:	Loss: 0.5255	P@10: 0.0905	R@10: 0.0452	MAP@10: 0.0351	NDCG@10: 0.0937	HR@10: 0.5880
2024-03-11 11:35:02,623:	Epoch 88/500:	Loss: 0.5258	P@10: 0.0944	R@10: 0.0472	MAP@10: 0.0357	NDCG@10: 0.0956	HR@10: 0.5951
2024-03-11 11:35:08,463:	Epoch 89/500:	Loss: 0.5303	P@10: 0.0940	R@10: 0.0470	MAP@10: 0.0358	NDCG@10: 0.0955	HR@10: 0.5951
2024-03-11 11:35:14,333:	Epoch 90/500:	Loss: 0.5221	P@10: 0.0935	R@10: 0.0467	MAP@10: 0.0368	NDCG@10: 0.0965	HR@10: 0.5880
2024-03-11 11:35:20,187:	Epoch 91/500:	Loss: 0.5171	P@10: 0.0901	R@10: 0.0451	MAP@10: 0.0362	NDCG@10: 0.0951	HR@10: 0.5915
2024-03-11 11:35:26,026:	Epoch 92/500:	Loss: 0.5234	P@10: 0.0842	R@10: 0.0421	MAP@10: 0.0331	NDCG@10: 0.0883	HR@10: 0.5722
2024-03-11 11:35:31,873:	Epoch 93/500:	Loss: 0.5253	P@10: 0.0864	R@10: 0.0432	MAP@10: 0.0339	NDCG@10: 0.0899	HR@10: 0.5616
2024-03-11 11:35:37,722:	Epoch 94/500:	Loss: 0.5186	P@10: 0.0912	R@10: 0.0456	MAP@10: 0.0339	NDCG@10: 0.0920	HR@10: 0.5951
2024-03-11 11:35:43,592:	Epoch 95/500:	Loss: 0.5238	P@10: 0.0746	R@10: 0.0373	MAP@10: 0.0283	NDCG@10: 0.0778	HR@10: 0.5264
2024-03-11 11:35:49,430:	Epoch 96/500:	Loss: 0.5235	P@10: 0.0840	R@10: 0.0420	MAP@10: 0.0330	NDCG@10: 0.0880	HR@10: 0.5581
2024-03-11 11:35:55,278:	Epoch 97/500:	Loss: 0.5174	P@10: 0.0887	R@10: 0.0444	MAP@10: 0.0344	NDCG@10: 0.0921	HR@10: 0.5616
2024-03-11 11:36:01,149:	Epoch 98/500:	Loss: 0.5271	P@10: 0.0847	R@10: 0.0423	MAP@10: 0.0344	NDCG@10: 0.0908	HR@10: 0.5687
2024-03-11 11:36:06,994:	Epoch 99/500:	Loss: 0.5221	P@10: 0.0799	R@10: 0.0400	MAP@10: 0.0322	NDCG@10: 0.0857	HR@10: 0.5475
2024-03-11 11:36:12,858:	Epoch 100/500:	Loss: 0.5197	P@10: 0.0813	R@10: 0.0407	MAP@10: 0.0316	NDCG@10: 0.0861	HR@10: 0.5810
2024-03-11 11:36:18,833:	Epoch 101/500:	Loss: 0.5201	P@10: 0.0889	R@10: 0.0445	MAP@10: 0.0356	NDCG@10: 0.0939	HR@10: 0.5898
2024-03-11 11:36:18,833:	Early stopping at epoch 101
