INFO:	main:	2024-03-11 11:38:01,490:	Outputs will be saved in: runs/run6
INFO:	main:	2024-03-11 11:38:01,491:	Using seed: 42
INFO:	main:	2024-03-11 11:38:01,491:	Using device: cuda
INFO:	main:	2024-03-11 11:38:01,491:	Commencing data collection for ml-100k
INFO:	dataloader:	2024-03-11 11:38:01,866:	Data preprocessing completed
INFO:	dataloader:	2024-03-11 11:38:01,866:	uid2locid_time: 568 
INFO:	dataloader:	2024-03-11 11:38:01,866:	locid2detail: 1439 
INFO:	dataloader:	2024-03-11 11:38:01,866:	node_num: 2012 
INFO:	dataloader:	2024-03-11 11:38:01,866:	relation_num: 4 
INFO:	dataloader:	2024-03-11 11:38:01,866:	user_num: 568 
INFO:	dataloader:	2024-03-11 11:38:01,867:	train_num: 4544 
INFO:	dataloader:	2024-03-11 11:38:01,867:	test_num: 568 
INFO:	dataloader:	2024-03-11 11:38:01,867:	train_set: (4544, 13) 
INFO:	dataloader:	2024-03-11 11:38:01,867:	test_set: (568, 10) 
INFO:	dataloader:	2024-03-11 11:38:01,867:	uid_list_: 568 
INFO:	dataloader:	2024-03-11 11:38:01,867:	u2v: 568 
INFO:	dataloader:	2024-03-11 11:38:01,867:	u2vc: 568 
INFO:	dataloader:	2024-03-11 11:38:01,867:	v2u: 1439 
INFO:	dataloader:	2024-03-11 11:38:01,867:	v2vc: 1439 
INFO:	main:	2024-03-11 11:38:01,867:	Commencing training for 500 epochs. Please follow Training Logger from here on.
INFO:	main:	2024-03-11 11:47:32,665:	Completed training for 500 epochs
INFO:	main:	2024-03-11 11:47:32,782:	Model saved at runs/run6/model.pth
INFO:	main:	2024-03-11 11:47:32,782:	Completed run 6
