[STATUS] Running train.py with arguments: Namespace(file_path='/home/FYP/siddhant005/fyp/code/data/processed/ml-1m/', out_path='/home/FYP/siddhant005/fyp/code/src/logs/tmp/', L=11, H=2, epoch_num=100, topk=20, batch_size=512, lambda_val=0.5, learning_rate=0.004, l2=0.0001, neg_samples=3, sets_of_neg_samples=50, dim=32, conv_layer_num=3, adj_dropout=0, num_bases=2, verbose=True)
==============================================================================================================
[INFO] device: cuda 
==============================================================================================================
[STATUS] Data preprocessing completed
[INFO] uid2locid_time: 4247 
[INFO] locid2detail: 3116 
[INFO] node_num: 7368 
[INFO] relation_num: 6 
[INFO] user_num: 4247 
[INFO] train_num: 33976 
[INFO] test_num: 4247 
[INFO] train_set: (33976, 13) 
[INFO] test_set: (4247, 11) 
[INFO] uid_list_: 4247 
[INFO] u2v: 4247 
[INFO] u2vc: 4247 
[INFO] v2u: 3116 
[INFO] v2vc: 3116 
==============================================================================================================
[STATUS] Commencing training for 100 epochs

Epoch [1/100]:	Loss: 0.0255		P@5: 0.070	R@5:  0.018	MAP@5: 0.040	NDCG@5: 0.078
Epoch [1/100]:	Loss: 0.0255		P@10: 0.075	R@10:  0.038	MAP@10: 0.028	NDCG@10: 0.078
Epoch [1/100]:	Loss: 0.0255		P@15: 0.067	R@15:  0.050	MAP@15: 0.022	NDCG@15: 0.072
Epoch [1/100]:	Loss: 0.0255		P@20: 0.061	R@20:  0.061	MAP@20: 0.018	NDCG@20: 0.067

Epoch [2/100]:	Loss: 0.0206		P@5: 0.073	R@5:  0.018	MAP@5: 0.036	NDCG@5: 0.075
Epoch [2/100]:	Loss: 0.0206		P@10: 0.076	R@10:  0.038	MAP@10: 0.027	NDCG@10: 0.077
Epoch [2/100]:	Loss: 0.0206		P@15: 0.068	R@15:  0.051	MAP@15: 0.022	NDCG@15: 0.071
Epoch [2/100]:	Loss: 0.0206		P@20: 0.063	R@20:  0.063	MAP@20: 0.019	NDCG@20: 0.067

Epoch [3/100]:	Loss: 0.0235		P@5: 0.091	R@5:  0.023	MAP@5: 0.047	NDCG@5: 0.093
Epoch [3/100]:	Loss: 0.0235		P@10: 0.074	R@10:  0.037	MAP@10: 0.032	NDCG@10: 0.081
Epoch [3/100]:	Loss: 0.0235		P@15: 0.067	R@15:  0.050	MAP@15: 0.024	NDCG@15: 0.075
Epoch [3/100]:	Loss: 0.0235		P@20: 0.063	R@20:  0.063	MAP@20: 0.020	NDCG@20: 0.071

Epoch [4/100]:	Loss: 0.0197		P@5: 0.071	R@5:  0.018	MAP@5: 0.034	NDCG@5: 0.068
Epoch [4/100]:	Loss: 0.0197		P@10: 0.072	R@10:  0.036	MAP@10: 0.025	NDCG@10: 0.070
Epoch [4/100]:	Loss: 0.0197		P@15: 0.067	R@15:  0.051	MAP@15: 0.021	NDCG@15: 0.068
Epoch [4/100]:	Loss: 0.0197		P@20: 0.064	R@20:  0.064	MAP@20: 0.018	NDCG@20: 0.065

Epoch [5/100]:	Loss: 0.0180		P@5: 0.079	R@5:  0.020	MAP@5: 0.044	NDCG@5: 0.082
Epoch [5/100]:	Loss: 0.0180		P@10: 0.074	R@10:  0.037	MAP@10: 0.030	NDCG@10: 0.078
Epoch [5/100]:	Loss: 0.0180		P@15: 0.067	R@15:  0.050	MAP@15: 0.023	NDCG@15: 0.072
Epoch [5/100]:	Loss: 0.0180		P@20: 0.063	R@20:  0.063	MAP@20: 0.020	NDCG@20: 0.068

Epoch [6/100]:	Loss: 0.0253		P@5: 0.070	R@5:  0.018	MAP@5: 0.039	NDCG@5: 0.074
Epoch [6/100]:	Loss: 0.0253		P@10: 0.069	R@10:  0.035	MAP@10: 0.028	NDCG@10: 0.072
Epoch [6/100]:	Loss: 0.0253		P@15: 0.065	R@15:  0.049	MAP@15: 0.022	NDCG@15: 0.069
Epoch [6/100]:	Loss: 0.0253		P@20: 0.062	R@20:  0.062	MAP@20: 0.019	NDCG@20: 0.066

Epoch [7/100]:	Loss: 0.0176		P@5: 0.078	R@5:  0.020	MAP@5: 0.043	NDCG@5: 0.080
Epoch [7/100]:	Loss: 0.0176		P@10: 0.072	R@10:  0.036	MAP@10: 0.029	NDCG@10: 0.075
Epoch [7/100]:	Loss: 0.0176		P@15: 0.069	R@15:  0.052	MAP@15: 0.023	NDCG@15: 0.072
Epoch [7/100]:	Loss: 0.0176		P@20: 0.065	R@20:  0.065	MAP@20: 0.019	NDCG@20: 0.069

Epoch [8/100]:	Loss: 0.0156		P@5: 0.077	R@5:  0.019	MAP@5: 0.043	NDCG@5: 0.079
Epoch [8/100]:	Loss: 0.0156		P@10: 0.067	R@10:  0.034	MAP@10: 0.028	NDCG@10: 0.071
Epoch [8/100]:	Loss: 0.0156		P@15: 0.065	R@15:  0.048	MAP@15: 0.022	NDCG@15: 0.069
Epoch [8/100]:	Loss: 0.0156		P@20: 0.062	R@20:  0.062	MAP@20: 0.019	NDCG@20: 0.066

Epoch [9/100]:	Loss: 0.0179		P@5: 0.070	R@5:  0.018	MAP@5: 0.037	NDCG@5: 0.071
Epoch [9/100]:	Loss: 0.0179		P@10: 0.067	R@10:  0.034	MAP@10: 0.026	NDCG@10: 0.069
Epoch [9/100]:	Loss: 0.0179		P@15: 0.063	R@15:  0.047	MAP@15: 0.021	NDCG@15: 0.066
Epoch [9/100]:	Loss: 0.0179		P@20: 0.061	R@20:  0.061	MAP@20: 0.018	NDCG@20: 0.064

Epoch [10/100]:	Loss: 0.0173		P@5: 0.073	R@5:  0.018	MAP@5: 0.038	NDCG@5: 0.073
Epoch [10/100]:	Loss: 0.0173		P@10: 0.071	R@10:  0.035	MAP@10: 0.027	NDCG@10: 0.071
Epoch [10/100]:	Loss: 0.0173		P@15: 0.065	R@15:  0.048	MAP@15: 0.022	NDCG@15: 0.067
Epoch [10/100]:	Loss: 0.0173		P@20: 0.062	R@20:  0.062	MAP@20: 0.018	NDCG@20: 0.065

Epoch [11/100]:	Loss: 0.0152		P@5: 0.073	R@5:  0.018	MAP@5: 0.041	NDCG@5: 0.076
Epoch [11/100]:	Loss: 0.0152		P@10: 0.067	R@10:  0.033	MAP@10: 0.028	NDCG@10: 0.070
Epoch [11/100]:	Loss: 0.0152		P@15: 0.064	R@15:  0.048	MAP@15: 0.022	NDCG@15: 0.068
Epoch [11/100]:	Loss: 0.0152		P@20: 0.062	R@20:  0.062	MAP@20: 0.019	NDCG@20: 0.066

Epoch [12/100]:	Loss: 0.0169		P@5: 0.073	R@5:  0.018	MAP@5: 0.040	NDCG@5: 0.076
Epoch [12/100]:	Loss: 0.0169		P@10: 0.063	R@10:  0.032	MAP@10: 0.026	NDCG@10: 0.068
Epoch [12/100]:	Loss: 0.0169		P@15: 0.060	R@15:  0.045	MAP@15: 0.021	NDCG@15: 0.065
Epoch [12/100]:	Loss: 0.0169		P@20: 0.057	R@20:  0.057	MAP@20: 0.017	NDCG@20: 0.062

Epoch [13/100]:	Loss: 0.0140		P@5: 0.069	R@5:  0.017	MAP@5: 0.038	NDCG@5: 0.071
Epoch [13/100]:	Loss: 0.0140		P@10: 0.064	R@10:  0.032	MAP@10: 0.026	NDCG@10: 0.067
Epoch [13/100]:	Loss: 0.0140		P@15: 0.060	R@15:  0.045	MAP@15: 0.021	NDCG@15: 0.064
Epoch [13/100]:	Loss: 0.0140		P@20: 0.059	R@20:  0.059	MAP@20: 0.018	NDCG@20: 0.062

Epoch [14/100]:	Loss: 0.0208		P@5: 0.064	R@5:  0.016	MAP@5: 0.033	NDCG@5: 0.063
Epoch [14/100]:	Loss: 0.0208		P@10: 0.060	R@10:  0.030	MAP@10: 0.023	NDCG@10: 0.061
Epoch [14/100]:	Loss: 0.0208		P@15: 0.057	R@15:  0.043	MAP@15: 0.018	NDCG@15: 0.059
Epoch [14/100]:	Loss: 0.0208		P@20: 0.055	R@20:  0.055	MAP@20: 0.016	NDCG@20: 0.057

Epoch [15/100]:	Loss: 0.0205		P@5: 0.065	R@5:  0.016	MAP@5: 0.035	NDCG@5: 0.066
Epoch [15/100]:	Loss: 0.0205		P@10: 0.065	R@10:  0.032	MAP@10: 0.025	NDCG@10: 0.065
Epoch [15/100]:	Loss: 0.0205		P@15: 0.062	R@15:  0.046	MAP@15: 0.020	NDCG@15: 0.063
Epoch [15/100]:	Loss: 0.0205		P@20: 0.059	R@20:  0.059	MAP@20: 0.017	NDCG@20: 0.061

Epoch [16/100]:	Loss: 0.0138		P@5: 0.067	R@5:  0.017	MAP@5: 0.038	NDCG@5: 0.070
Epoch [16/100]:	Loss: 0.0138		P@10: 0.062	R@10:  0.031	MAP@10: 0.026	NDCG@10: 0.066
Epoch [16/100]:	Loss: 0.0138		P@15: 0.059	R@15:  0.044	MAP@15: 0.020	NDCG@15: 0.062
Epoch [16/100]:	Loss: 0.0138		P@20: 0.057	R@20:  0.057	MAP@20: 0.017	NDCG@20: 0.061

Epoch [17/100]:	Loss: 0.0210		P@5: 0.067	R@5:  0.017	MAP@5: 0.036	NDCG@5: 0.070
Epoch [17/100]:	Loss: 0.0210		P@10: 0.062	R@10:  0.031	MAP@10: 0.025	NDCG@10: 0.065
Epoch [17/100]:	Loss: 0.0210		P@15: 0.058	R@15:  0.044	MAP@15: 0.020	NDCG@15: 0.062
Epoch [17/100]:	Loss: 0.0210		P@20: 0.055	R@20:  0.055	MAP@20: 0.016	NDCG@20: 0.059

Epoch [18/100]:	Loss: 0.0162		P@5: 0.060	R@5:  0.015	MAP@5: 0.034	NDCG@5: 0.064
Epoch [18/100]:	Loss: 0.0162		P@10: 0.057	R@10:  0.028	MAP@10: 0.023	NDCG@10: 0.060
Epoch [18/100]:	Loss: 0.0162		P@15: 0.054	R@15:  0.041	MAP@15: 0.018	NDCG@15: 0.058
Epoch [18/100]:	Loss: 0.0162		P@20: 0.053	R@20:  0.053	MAP@20: 0.016	NDCG@20: 0.056

Epoch [19/100]:	Loss: 0.0162		P@5: 0.064	R@5:  0.016	MAP@5: 0.032	NDCG@5: 0.062
Epoch [19/100]:	Loss: 0.0162		P@10: 0.060	R@10:  0.030	MAP@10: 0.023	NDCG@10: 0.060
Epoch [19/100]:	Loss: 0.0162		P@15: 0.057	R@15:  0.043	MAP@15: 0.018	NDCG@15: 0.058
Epoch [19/100]:	Loss: 0.0162		P@20: 0.056	R@20:  0.056	MAP@20: 0.016	NDCG@20: 0.057

Epoch [20/100]:	Loss: 0.0132		P@5: 0.067	R@5:  0.017	MAP@5: 0.037	NDCG@5: 0.069
Epoch [20/100]:	Loss: 0.0132		P@10: 0.059	R@10:  0.030	MAP@10: 0.025	NDCG@10: 0.063
Epoch [20/100]:	Loss: 0.0132		P@15: 0.056	R@15:  0.042	MAP@15: 0.019	NDCG@15: 0.060
Epoch [20/100]:	Loss: 0.0132		P@20: 0.053	R@20:  0.053	MAP@20: 0.016	NDCG@20: 0.058

Epoch [21/100]:	Loss: 0.0167		P@5: 0.059	R@5:  0.015	MAP@5: 0.032	NDCG@5: 0.060
Epoch [21/100]:	Loss: 0.0167		P@10: 0.057	R@10:  0.029	MAP@10: 0.023	NDCG@10: 0.059
Epoch [21/100]:	Loss: 0.0167		P@15: 0.056	R@15:  0.042	MAP@15: 0.018	NDCG@15: 0.057
Epoch [21/100]:	Loss: 0.0167		P@20: 0.055	R@20:  0.055	MAP@20: 0.016	NDCG@20: 0.056

Epoch [22/100]:	Loss: 0.0130		P@5: 0.059	R@5:  0.015	MAP@5: 0.032	NDCG@5: 0.060
Epoch [22/100]:	Loss: 0.0130		P@10: 0.058	R@10:  0.029	MAP@10: 0.023	NDCG@10: 0.058
Epoch [22/100]:	Loss: 0.0130		P@15: 0.056	R@15:  0.042	MAP@15: 0.019	NDCG@15: 0.057
Epoch [22/100]:	Loss: 0.0130		P@20: 0.054	R@20:  0.054	MAP@20: 0.016	NDCG@20: 0.056

Epoch [23/100]:	Loss: 0.0102		P@5: 0.065	R@5:  0.016	MAP@5: 0.036	NDCG@5: 0.067
Epoch [23/100]:	Loss: 0.0102		P@10: 0.059	R@10:  0.030	MAP@10: 0.024	NDCG@10: 0.062
Epoch [23/100]:	Loss: 0.0102		P@15: 0.056	R@15:  0.042	MAP@15: 0.019	NDCG@15: 0.060
Epoch [23/100]:	Loss: 0.0102		P@20: 0.054	R@20:  0.054	MAP@20: 0.016	NDCG@20: 0.058

Epoch [24/100]:	Loss: 0.0149		P@5: 0.064	R@5:  0.016	MAP@5: 0.035	NDCG@5: 0.065
Epoch [24/100]:	Loss: 0.0149		P@10: 0.056	R@10:  0.028	MAP@10: 0.023	NDCG@10: 0.060
Epoch [24/100]:	Loss: 0.0149		P@15: 0.053	R@15:  0.040	MAP@15: 0.018	NDCG@15: 0.057
Epoch [24/100]:	Loss: 0.0149		P@20: 0.052	R@20:  0.052	MAP@20: 0.015	NDCG@20: 0.055

Epoch [25/100]:	Loss: 0.0108		P@5: 0.058	R@5:  0.014	MAP@5: 0.032	NDCG@5: 0.060
Epoch [25/100]:	Loss: 0.0108		P@10: 0.056	R@10:  0.028	MAP@10: 0.023	NDCG@10: 0.058
Epoch [25/100]:	Loss: 0.0108		P@15: 0.053	R@15:  0.040	MAP@15: 0.019	NDCG@15: 0.056
Epoch [25/100]:	Loss: 0.0108		P@20: 0.052	R@20:  0.052	MAP@20: 0.016	NDCG@20: 0.054

Epoch [26/100]:	Loss: 0.0133		P@5: 0.068	R@5:  0.017	MAP@5: 0.036	NDCG@5: 0.068
Epoch [26/100]:	Loss: 0.0133		P@10: 0.063	R@10:  0.031	MAP@10: 0.025	NDCG@10: 0.064
Epoch [26/100]:	Loss: 0.0133		P@15: 0.060	R@15:  0.045	MAP@15: 0.020	NDCG@15: 0.062
Epoch [26/100]:	Loss: 0.0133		P@20: 0.057	R@20:  0.057	MAP@20: 0.017	NDCG@20: 0.060

Epoch [27/100]:	Loss: 0.0157		P@5: 0.057	R@5:  0.014	MAP@5: 0.032	NDCG@5: 0.061
Epoch [27/100]:	Loss: 0.0157		P@10: 0.054	R@10:  0.027	MAP@10: 0.022	NDCG@10: 0.058
Epoch [27/100]:	Loss: 0.0157		P@15: 0.052	R@15:  0.039	MAP@15: 0.018	NDCG@15: 0.056
Epoch [27/100]:	Loss: 0.0157		P@20: 0.051	R@20:  0.051	MAP@20: 0.015	NDCG@20: 0.054

Epoch [28/100]:	Loss: 0.0134		P@5: 0.057	R@5:  0.014	MAP@5: 0.031	NDCG@5: 0.059
Epoch [28/100]:	Loss: 0.0134		P@10: 0.054	R@10:  0.027	MAP@10: 0.022	NDCG@10: 0.056
Epoch [28/100]:	Loss: 0.0134		P@15: 0.052	R@15:  0.039	MAP@15: 0.017	NDCG@15: 0.055
Epoch [28/100]:	Loss: 0.0134		P@20: 0.051	R@20:  0.051	MAP@20: 0.015	NDCG@20: 0.053

Epoch [29/100]:	Loss: 0.0149		P@5: 0.058	R@5:  0.015	MAP@5: 0.034	NDCG@5: 0.062
Epoch [29/100]:	Loss: 0.0149		P@10: 0.052	R@10:  0.026	MAP@10: 0.023	NDCG@10: 0.056
Epoch [29/100]:	Loss: 0.0149		P@15: 0.050	R@15:  0.038	MAP@15: 0.018	NDCG@15: 0.054
Epoch [29/100]:	Loss: 0.0149		P@20: 0.050	R@20:  0.050	MAP@20: 0.015	NDCG@20: 0.053

Epoch [30/100]:	Loss: 0.0126		P@5: 0.063	R@5:  0.016	MAP@5: 0.036	NDCG@5: 0.066
Epoch [30/100]:	Loss: 0.0126		P@10: 0.057	R@10:  0.029	MAP@10: 0.024	NDCG@10: 0.061
Epoch [30/100]:	Loss: 0.0126		P@15: 0.055	R@15:  0.041	MAP@15: 0.019	NDCG@15: 0.058
Epoch [30/100]:	Loss: 0.0126		P@20: 0.052	R@20:  0.052	MAP@20: 0.016	NDCG@20: 0.056

Epoch [31/100]:	Loss: 0.0097		P@5: 0.063	R@5:  0.016	MAP@5: 0.033	NDCG@5: 0.063
Epoch [31/100]:	Loss: 0.0097		P@10: 0.056	R@10:  0.028	MAP@10: 0.022	NDCG@10: 0.058
Epoch [31/100]:	Loss: 0.0097		P@15: 0.053	R@15:  0.039	MAP@15: 0.018	NDCG@15: 0.055
Epoch [31/100]:	Loss: 0.0097		P@20: 0.051	R@20:  0.051	MAP@20: 0.015	NDCG@20: 0.054

Epoch [32/100]:	Loss: 0.0172		P@5: 0.063	R@5:  0.016	MAP@5: 0.036	NDCG@5: 0.065
Epoch [32/100]:	Loss: 0.0172		P@10: 0.059	R@10:  0.029	MAP@10: 0.025	NDCG@10: 0.061
Epoch [32/100]:	Loss: 0.0172		P@15: 0.057	R@15:  0.043	MAP@15: 0.020	NDCG@15: 0.059
Epoch [32/100]:	Loss: 0.0172		P@20: 0.055	R@20:  0.055	MAP@20: 0.017	NDCG@20: 0.058

Epoch [33/100]:	Loss: 0.0087		P@5: 0.063	R@5:  0.016	MAP@5: 0.033	NDCG@5: 0.063
Epoch [33/100]:	Loss: 0.0087		P@10: 0.058	R@10:  0.029	MAP@10: 0.023	NDCG@10: 0.060
Epoch [33/100]:	Loss: 0.0087		P@15: 0.054	R@15:  0.041	MAP@15: 0.018	NDCG@15: 0.057
Epoch [33/100]:	Loss: 0.0087		P@20: 0.052	R@20:  0.052	MAP@20: 0.015	NDCG@20: 0.055

Epoch [34/100]:	Loss: 0.0082		P@5: 0.063	R@5:  0.016	MAP@5: 0.034	NDCG@5: 0.062
Epoch [34/100]:	Loss: 0.0082		P@10: 0.059	R@10:  0.029	MAP@10: 0.024	NDCG@10: 0.060
Epoch [34/100]:	Loss: 0.0082		P@15: 0.057	R@15:  0.042	MAP@15: 0.019	NDCG@15: 0.058
Epoch [34/100]:	Loss: 0.0082		P@20: 0.055	R@20:  0.055	MAP@20: 0.017	NDCG@20: 0.057

Epoch [35/100]:	Loss: 0.0174		P@5: 0.057	R@5:  0.014	MAP@5: 0.032	NDCG@5: 0.058
Epoch [35/100]:	Loss: 0.0174		P@10: 0.055	R@10:  0.027	MAP@10: 0.022	NDCG@10: 0.056
Epoch [35/100]:	Loss: 0.0174		P@15: 0.054	R@15:  0.041	MAP@15: 0.018	NDCG@15: 0.055
Epoch [35/100]:	Loss: 0.0174		P@20: 0.053	R@20:  0.053	MAP@20: 0.016	NDCG@20: 0.054

Epoch [36/100]:	Loss: 0.0098		P@5: 0.061	R@5:  0.015	MAP@5: 0.033	NDCG@5: 0.062
Epoch [36/100]:	Loss: 0.0098		P@10: 0.059	R@10:  0.029	MAP@10: 0.023	NDCG@10: 0.060
Epoch [36/100]:	Loss: 0.0098		P@15: 0.055	R@15:  0.041	MAP@15: 0.019	NDCG@15: 0.057
Epoch [36/100]:	Loss: 0.0098		P@20: 0.052	R@20:  0.052	MAP@20: 0.016	NDCG@20: 0.055

Epoch [37/100]:	Loss: 0.0090		P@5: 0.058	R@5:  0.014	MAP@5: 0.033	NDCG@5: 0.060
Epoch [37/100]:	Loss: 0.0090		P@10: 0.053	R@10:  0.027	MAP@10: 0.022	NDCG@10: 0.056
Epoch [37/100]:	Loss: 0.0090		P@15: 0.052	R@15:  0.039	MAP@15: 0.018	NDCG@15: 0.055
Epoch [37/100]:	Loss: 0.0090		P@20: 0.050	R@20:  0.050	MAP@20: 0.015	NDCG@20: 0.053

Epoch [38/100]:	Loss: 0.0146		P@5: 0.056	R@5:  0.014	MAP@5: 0.030	NDCG@5: 0.055
Epoch [38/100]:	Loss: 0.0146		P@10: 0.054	R@10:  0.027	MAP@10: 0.021	NDCG@10: 0.054
Epoch [38/100]:	Loss: 0.0146		P@15: 0.052	R@15:  0.039	MAP@15: 0.017	NDCG@15: 0.053
Epoch [38/100]:	Loss: 0.0146		P@20: 0.050	R@20:  0.050	MAP@20: 0.015	NDCG@20: 0.052

Epoch [39/100]:	Loss: 0.0086		P@5: 0.060	R@5:  0.015	MAP@5: 0.032	NDCG@5: 0.060
Epoch [39/100]:	Loss: 0.0086		P@10: 0.054	R@10:  0.027	MAP@10: 0.022	NDCG@10: 0.056
Epoch [39/100]:	Loss: 0.0086		P@15: 0.051	R@15:  0.038	MAP@15: 0.018	NDCG@15: 0.054
Epoch [39/100]:	Loss: 0.0086		P@20: 0.049	R@20:  0.049	MAP@20: 0.015	NDCG@20: 0.052

Epoch [40/100]:	Loss: 0.0117		P@5: 0.053	R@5:  0.013	MAP@5: 0.028	NDCG@5: 0.054
Epoch [40/100]:	Loss: 0.0117		P@10: 0.052	R@10:  0.026	MAP@10: 0.021	NDCG@10: 0.053
Epoch [40/100]:	Loss: 0.0117		P@15: 0.050	R@15:  0.038	MAP@15: 0.017	NDCG@15: 0.052
Epoch [40/100]:	Loss: 0.0117		P@20: 0.049	R@20:  0.049	MAP@20: 0.014	NDCG@20: 0.051

Epoch [41/100]:	Loss: 0.0146		P@5: 0.060	R@5:  0.015	MAP@5: 0.033	NDCG@5: 0.062
Epoch [41/100]:	Loss: 0.0146		P@10: 0.055	R@10:  0.027	MAP@10: 0.022	NDCG@10: 0.057
Epoch [41/100]:	Loss: 0.0146		P@15: 0.052	R@15:  0.039	MAP@15: 0.018	NDCG@15: 0.055
Epoch [41/100]:	Loss: 0.0146		P@20: 0.051	R@20:  0.051	MAP@20: 0.015	NDCG@20: 0.054

Epoch [42/100]:	Loss: 0.0131		P@5: 0.062	R@5:  0.016	MAP@5: 0.037	NDCG@5: 0.067
Epoch [42/100]:	Loss: 0.0131		P@10: 0.056	R@10:  0.028	MAP@10: 0.025	NDCG@10: 0.061
Epoch [42/100]:	Loss: 0.0131		P@15: 0.053	R@15:  0.040	MAP@15: 0.019	NDCG@15: 0.058
Epoch [42/100]:	Loss: 0.0131		P@20: 0.051	R@20:  0.051	MAP@20: 0.016	NDCG@20: 0.056

Epoch [43/100]:	Loss: 0.0132		P@5: 0.057	R@5:  0.014	MAP@5: 0.031	NDCG@5: 0.059
Epoch [43/100]:	Loss: 0.0132		P@10: 0.054	R@10:  0.027	MAP@10: 0.022	NDCG@10: 0.056
Epoch [43/100]:	Loss: 0.0132		P@15: 0.051	R@15:  0.038	MAP@15: 0.017	NDCG@15: 0.054
Epoch [43/100]:	Loss: 0.0132		P@20: 0.050	R@20:  0.050	MAP@20: 0.015	NDCG@20: 0.052

Epoch [44/100]:	Loss: 0.0111		P@5: 0.060	R@5:  0.015	MAP@5: 0.034	NDCG@5: 0.063
Epoch [44/100]:	Loss: 0.0111		P@10: 0.056	R@10:  0.028	MAP@10: 0.024	NDCG@10: 0.059
Epoch [44/100]:	Loss: 0.0111		P@15: 0.054	R@15:  0.040	MAP@15: 0.019	NDCG@15: 0.057
Epoch [44/100]:	Loss: 0.0111		P@20: 0.051	R@20:  0.051	MAP@20: 0.016	NDCG@20: 0.055

Epoch [45/100]:	Loss: 0.0089		P@5: 0.062	R@5:  0.016	MAP@5: 0.035	NDCG@5: 0.064
Epoch [45/100]:	Loss: 0.0089		P@10: 0.058	R@10:  0.029	MAP@10: 0.024	NDCG@10: 0.060
Epoch [45/100]:	Loss: 0.0089		P@15: 0.055	R@15:  0.041	MAP@15: 0.019	NDCG@15: 0.058
Epoch [45/100]:	Loss: 0.0089		P@20: 0.053	R@20:  0.053	MAP@20: 0.016	NDCG@20: 0.056

Epoch [46/100]:	Loss: 0.0119		P@5: 0.056	R@5:  0.014	MAP@5: 0.031	NDCG@5: 0.057
Epoch [46/100]:	Loss: 0.0119		P@10: 0.055	R@10:  0.027	MAP@10: 0.022	NDCG@10: 0.056
Epoch [46/100]:	Loss: 0.0119		P@15: 0.053	R@15:  0.040	MAP@15: 0.018	NDCG@15: 0.054
Epoch [46/100]:	Loss: 0.0119		P@20: 0.052	R@20:  0.052	MAP@20: 0.015	NDCG@20: 0.053

Epoch [47/100]:	Loss: 0.0084		P@5: 0.052	R@5:  0.013	MAP@5: 0.027	NDCG@5: 0.052
Epoch [47/100]:	Loss: 0.0084		P@10: 0.051	R@10:  0.026	MAP@10: 0.020	NDCG@10: 0.052
Epoch [47/100]:	Loss: 0.0084		P@15: 0.049	R@15:  0.037	MAP@15: 0.016	NDCG@15: 0.050
Epoch [47/100]:	Loss: 0.0084		P@20: 0.047	R@20:  0.047	MAP@20: 0.014	NDCG@20: 0.048

Epoch [48/100]:	Loss: 0.0081		P@5: 0.055	R@5:  0.014	MAP@5: 0.030	NDCG@5: 0.057
Epoch [48/100]:	Loss: 0.0081		P@10: 0.051	R@10:  0.025	MAP@10: 0.021	NDCG@10: 0.054
Epoch [48/100]:	Loss: 0.0081		P@15: 0.049	R@15:  0.036	MAP@15: 0.016	NDCG@15: 0.051
Epoch [48/100]:	Loss: 0.0081		P@20: 0.047	R@20:  0.047	MAP@20: 0.014	NDCG@20: 0.050

Epoch [49/100]:	Loss: 0.0110		P@5: 0.059	R@5:  0.015	MAP@5: 0.031	NDCG@5: 0.059
Epoch [49/100]:	Loss: 0.0110		P@10: 0.055	R@10:  0.027	MAP@10: 0.022	NDCG@10: 0.056
Epoch [49/100]:	Loss: 0.0110		P@15: 0.052	R@15:  0.039	MAP@15: 0.018	NDCG@15: 0.054
Epoch [49/100]:	Loss: 0.0110		P@20: 0.051	R@20:  0.051	MAP@20: 0.015	NDCG@20: 0.053

Epoch [50/100]:	Loss: 0.0134		P@5: 0.059	R@5:  0.015	MAP@5: 0.033	NDCG@5: 0.062
Epoch [50/100]:	Loss: 0.0134		P@10: 0.054	R@10:  0.027	MAP@10: 0.022	NDCG@10: 0.057
Epoch [50/100]:	Loss: 0.0134		P@15: 0.051	R@15:  0.038	MAP@15: 0.018	NDCG@15: 0.054
Epoch [50/100]:	Loss: 0.0134		P@20: 0.049	R@20:  0.049	MAP@20: 0.015	NDCG@20: 0.052

Epoch [51/100]:	Loss: 0.0127		P@5: 0.061	R@5:  0.015	MAP@5: 0.035	NDCG@5: 0.063
Epoch [51/100]:	Loss: 0.0127		P@10: 0.054	R@10:  0.027	MAP@10: 0.023	NDCG@10: 0.058
Epoch [51/100]:	Loss: 0.0127		P@15: 0.050	R@15:  0.038	MAP@15: 0.018	NDCG@15: 0.054
Epoch [51/100]:	Loss: 0.0127		P@20: 0.048	R@20:  0.048	MAP@20: 0.015	NDCG@20: 0.052

Epoch [52/100]:	Loss: 0.0111		P@5: 0.056	R@5:  0.014	MAP@5: 0.030	NDCG@5: 0.057
Epoch [52/100]:	Loss: 0.0111		P@10: 0.052	R@10:  0.026	MAP@10: 0.021	NDCG@10: 0.054
Epoch [52/100]:	Loss: 0.0111		P@15: 0.050	R@15:  0.037	MAP@15: 0.017	NDCG@15: 0.052
Epoch [52/100]:	Loss: 0.0111		P@20: 0.049	R@20:  0.049	MAP@20: 0.014	NDCG@20: 0.051

Epoch [53/100]:	Loss: 0.0127		P@5: 0.062	R@5:  0.015	MAP@5: 0.034	NDCG@5: 0.064
Epoch [53/100]:	Loss: 0.0127		P@10: 0.056	R@10:  0.028	MAP@10: 0.023	NDCG@10: 0.059
Epoch [53/100]:	Loss: 0.0127		P@15: 0.052	R@15:  0.039	MAP@15: 0.018	NDCG@15: 0.056
Epoch [53/100]:	Loss: 0.0127		P@20: 0.050	R@20:  0.050	MAP@20: 0.015	NDCG@20: 0.054

Epoch [54/100]:	Loss: 0.0086		P@5: 0.054	R@5:  0.014	MAP@5: 0.030	NDCG@5: 0.057
Epoch [54/100]:	Loss: 0.0086		P@10: 0.051	R@10:  0.025	MAP@10: 0.021	NDCG@10: 0.053
Epoch [54/100]:	Loss: 0.0086		P@15: 0.049	R@15:  0.037	MAP@15: 0.017	NDCG@15: 0.052
Epoch [54/100]:	Loss: 0.0086		P@20: 0.048	R@20:  0.048	MAP@20: 0.014	NDCG@20: 0.050

Epoch [55/100]:	Loss: 0.0126		P@5: 0.057	R@5:  0.014	MAP@5: 0.031	NDCG@5: 0.058
Epoch [55/100]:	Loss: 0.0126		P@10: 0.054	R@10:  0.027	MAP@10: 0.021	NDCG@10: 0.055
Epoch [55/100]:	Loss: 0.0126		P@15: 0.051	R@15:  0.038	MAP@15: 0.017	NDCG@15: 0.053
Epoch [55/100]:	Loss: 0.0126		P@20: 0.049	R@20:  0.049	MAP@20: 0.014	NDCG@20: 0.052

Epoch [56/100]:	Loss: 0.0086		P@5: 0.061	R@5:  0.015	MAP@5: 0.035	NDCG@5: 0.064
Epoch [56/100]:	Loss: 0.0086		P@10: 0.053	R@10:  0.027	MAP@10: 0.023	NDCG@10: 0.057
Epoch [56/100]:	Loss: 0.0086		P@15: 0.050	R@15:  0.038	MAP@15: 0.018	NDCG@15: 0.054
Epoch [56/100]:	Loss: 0.0086		P@20: 0.048	R@20:  0.048	MAP@20: 0.015	NDCG@20: 0.052

Epoch [57/100]:	Loss: 0.0145		P@5: 0.065	R@5:  0.016	MAP@5: 0.036	NDCG@5: 0.067
Epoch [57/100]:	Loss: 0.0145		P@10: 0.057	R@10:  0.029	MAP@10: 0.024	NDCG@10: 0.061
Epoch [57/100]:	Loss: 0.0145		P@15: 0.053	R@15:  0.040	MAP@15: 0.019	NDCG@15: 0.057
Epoch [57/100]:	Loss: 0.0145		P@20: 0.051	R@20:  0.051	MAP@20: 0.016	NDCG@20: 0.055

Epoch [58/100]:	Loss: 0.0121		P@5: 0.054	R@5:  0.014	MAP@5: 0.031	NDCG@5: 0.057
Epoch [58/100]:	Loss: 0.0121		P@10: 0.050	R@10:  0.025	MAP@10: 0.021	NDCG@10: 0.053
Epoch [58/100]:	Loss: 0.0121		P@15: 0.048	R@15:  0.036	MAP@15: 0.017	NDCG@15: 0.051
Epoch [58/100]:	Loss: 0.0121		P@20: 0.047	R@20:  0.047	MAP@20: 0.014	NDCG@20: 0.049

Epoch [59/100]:	Loss: 0.0106		P@5: 0.055	R@5:  0.014	MAP@5: 0.031	NDCG@5: 0.057
Epoch [59/100]:	Loss: 0.0106		P@10: 0.052	R@10:  0.026	MAP@10: 0.021	NDCG@10: 0.054
Epoch [59/100]:	Loss: 0.0106		P@15: 0.050	R@15:  0.037	MAP@15: 0.017	NDCG@15: 0.052
Epoch [59/100]:	Loss: 0.0106		P@20: 0.048	R@20:  0.048	MAP@20: 0.014	NDCG@20: 0.051

Epoch [60/100]:	Loss: 0.0115		P@5: 0.050	R@5:  0.013	MAP@5: 0.027	NDCG@5: 0.051
Epoch [60/100]:	Loss: 0.0115		P@10: 0.048	R@10:  0.024	MAP@10: 0.019	NDCG@10: 0.049
Epoch [60/100]:	Loss: 0.0115		P@15: 0.045	R@15:  0.034	MAP@15: 0.015	NDCG@15: 0.047
Epoch [60/100]:	Loss: 0.0115		P@20: 0.044	R@20:  0.044	MAP@20: 0.013	NDCG@20: 0.046

Epoch [61/100]:	Loss: 0.0075		P@5: 0.054	R@5:  0.014	MAP@5: 0.030	NDCG@5: 0.056
Epoch [61/100]:	Loss: 0.0075		P@10: 0.050	R@10:  0.025	MAP@10: 0.021	NDCG@10: 0.053
Epoch [61/100]:	Loss: 0.0075		P@15: 0.048	R@15:  0.036	MAP@15: 0.016	NDCG@15: 0.050
Epoch [61/100]:	Loss: 0.0075		P@20: 0.046	R@20:  0.046	MAP@20: 0.014	NDCG@20: 0.049

Epoch [62/100]:	Loss: 0.0127		P@5: 0.059	R@5:  0.015	MAP@5: 0.033	NDCG@5: 0.061
Epoch [62/100]:	Loss: 0.0127		P@10: 0.055	R@10:  0.027	MAP@10: 0.023	NDCG@10: 0.057
Epoch [62/100]:	Loss: 0.0127		P@15: 0.052	R@15:  0.039	MAP@15: 0.018	NDCG@15: 0.055
Epoch [62/100]:	Loss: 0.0127		P@20: 0.050	R@20:  0.050	MAP@20: 0.015	NDCG@20: 0.053

Epoch [63/100]:	Loss: 0.0120		P@5: 0.058	R@5:  0.015	MAP@5: 0.034	NDCG@5: 0.062
Epoch [63/100]:	Loss: 0.0120		P@10: 0.051	R@10:  0.026	MAP@10: 0.022	NDCG@10: 0.056
Epoch [63/100]:	Loss: 0.0120		P@15: 0.048	R@15:  0.036	MAP@15: 0.017	NDCG@15: 0.053
Epoch [63/100]:	Loss: 0.0120		P@20: 0.046	R@20:  0.046	MAP@20: 0.015	NDCG@20: 0.050

Epoch [64/100]:	Loss: 0.0092		P@5: 0.058	R@5:  0.015	MAP@5: 0.031	NDCG@5: 0.061
Epoch [64/100]:	Loss: 0.0092		P@10: 0.052	R@10:  0.026	MAP@10: 0.021	NDCG@10: 0.056
Epoch [64/100]:	Loss: 0.0092		P@15: 0.049	R@15:  0.037	MAP@15: 0.017	NDCG@15: 0.053
Epoch [64/100]:	Loss: 0.0092		P@20: 0.047	R@20:  0.047	MAP@20: 0.014	NDCG@20: 0.051

Epoch [65/100]:	Loss: 0.0063		P@5: 0.058	R@5:  0.014	MAP@5: 0.032	NDCG@5: 0.059
Epoch [65/100]:	Loss: 0.0063		P@10: 0.053	R@10:  0.027	MAP@10: 0.021	NDCG@10: 0.056
Epoch [65/100]:	Loss: 0.0063		P@15: 0.051	R@15:  0.038	MAP@15: 0.017	NDCG@15: 0.053
Epoch [65/100]:	Loss: 0.0063		P@20: 0.049	R@20:  0.049	MAP@20: 0.014	NDCG@20: 0.052

Epoch [66/100]:	Loss: 0.0131		P@5: 0.053	R@5:  0.013	MAP@5: 0.028	NDCG@5: 0.054
Epoch [66/100]:	Loss: 0.0131		P@10: 0.050	R@10:  0.025	MAP@10: 0.020	NDCG@10: 0.051
Epoch [66/100]:	Loss: 0.0131		P@15: 0.048	R@15:  0.036	MAP@15: 0.016	NDCG@15: 0.050
Epoch [66/100]:	Loss: 0.0131		P@20: 0.047	R@20:  0.047	MAP@20: 0.014	NDCG@20: 0.049

Epoch [67/100]:	Loss: 0.0125		P@5: 0.055	R@5:  0.014	MAP@5: 0.030	NDCG@5: 0.056
Epoch [67/100]:	Loss: 0.0125		P@10: 0.051	R@10:  0.026	MAP@10: 0.021	NDCG@10: 0.053
Epoch [67/100]:	Loss: 0.0125		P@15: 0.049	R@15:  0.036	MAP@15: 0.017	NDCG@15: 0.051
Epoch [67/100]:	Loss: 0.0125		P@20: 0.048	R@20:  0.048	MAP@20: 0.014	NDCG@20: 0.050

Epoch [68/100]:	Loss: 0.0091		P@5: 0.054	R@5:  0.013	MAP@5: 0.031	NDCG@5: 0.056
Epoch [68/100]:	Loss: 0.0091		P@10: 0.050	R@10:  0.025	MAP@10: 0.021	NDCG@10: 0.053
Epoch [68/100]:	Loss: 0.0091		P@15: 0.048	R@15:  0.036	MAP@15: 0.017	NDCG@15: 0.051
Epoch [68/100]:	Loss: 0.0091		P@20: 0.047	R@20:  0.047	MAP@20: 0.014	NDCG@20: 0.050

Epoch [69/100]:	Loss: 0.0106		P@5: 0.054	R@5:  0.013	MAP@5: 0.028	NDCG@5: 0.054
Epoch [69/100]:	Loss: 0.0106		P@10: 0.049	R@10:  0.025	MAP@10: 0.019	NDCG@10: 0.051
Epoch [69/100]:	Loss: 0.0106		P@15: 0.048	R@15:  0.036	MAP@15: 0.016	NDCG@15: 0.050
Epoch [69/100]:	Loss: 0.0106		P@20: 0.047	R@20:  0.047	MAP@20: 0.014	NDCG@20: 0.049

Epoch [70/100]:	Loss: 0.0073		P@5: 0.056	R@5:  0.014	MAP@5: 0.031	NDCG@5: 0.058
Epoch [70/100]:	Loss: 0.0073		P@10: 0.052	R@10:  0.026	MAP@10: 0.021	NDCG@10: 0.054
Epoch [70/100]:	Loss: 0.0073		P@15: 0.049	R@15:  0.037	MAP@15: 0.017	NDCG@15: 0.052
Epoch [70/100]:	Loss: 0.0073		P@20: 0.048	R@20:  0.048	MAP@20: 0.014	NDCG@20: 0.050

Epoch [71/100]:	Loss: 0.0080		P@5: 0.059	R@5:  0.015	MAP@5: 0.032	NDCG@5: 0.060
Epoch [71/100]:	Loss: 0.0080		P@10: 0.055	R@10:  0.027	MAP@10: 0.022	NDCG@10: 0.056
Epoch [71/100]:	Loss: 0.0080		P@15: 0.051	R@15:  0.039	MAP@15: 0.018	NDCG@15: 0.054
Epoch [71/100]:	Loss: 0.0080		P@20: 0.049	R@20:  0.049	MAP@20: 0.015	NDCG@20: 0.052

Epoch [72/100]:	Loss: 0.0114		P@5: 0.057	R@5:  0.014	MAP@5: 0.031	NDCG@5: 0.059
Epoch [72/100]:	Loss: 0.0114		P@10: 0.051	R@10:  0.026	MAP@10: 0.021	NDCG@10: 0.054
Epoch [72/100]:	Loss: 0.0114		P@15: 0.049	R@15:  0.036	MAP@15: 0.017	NDCG@15: 0.052
Epoch [72/100]:	Loss: 0.0114		P@20: 0.047	R@20:  0.047	MAP@20: 0.014	NDCG@20: 0.050

Epoch [73/100]:	Loss: 0.0053		P@5: 0.057	R@5:  0.014	MAP@5: 0.032	NDCG@5: 0.059
Epoch [73/100]:	Loss: 0.0053		P@10: 0.053	R@10:  0.027	MAP@10: 0.022	NDCG@10: 0.055
Epoch [73/100]:	Loss: 0.0053		P@15: 0.050	R@15:  0.037	MAP@15: 0.017	NDCG@15: 0.053
Epoch [73/100]:	Loss: 0.0053		P@20: 0.048	R@20:  0.048	MAP@20: 0.015	NDCG@20: 0.051

Epoch [74/100]:	Loss: 0.0107		P@5: 0.061	R@5:  0.015	MAP@5: 0.034	NDCG@5: 0.062
Epoch [74/100]:	Loss: 0.0107		P@10: 0.055	R@10:  0.028	MAP@10: 0.023	NDCG@10: 0.058
Epoch [74/100]:	Loss: 0.0107		P@15: 0.052	R@15:  0.039	MAP@15: 0.018	NDCG@15: 0.055
Epoch [74/100]:	Loss: 0.0107		P@20: 0.050	R@20:  0.050	MAP@20: 0.016	NDCG@20: 0.053

Epoch [75/100]:	Loss: 0.0095		P@5: 0.052	R@5:  0.013	MAP@5: 0.029	NDCG@5: 0.053
Epoch [75/100]:	Loss: 0.0095		P@10: 0.048	R@10:  0.024	MAP@10: 0.020	NDCG@10: 0.050
Epoch [75/100]:	Loss: 0.0095		P@15: 0.046	R@15:  0.035	MAP@15: 0.016	NDCG@15: 0.049
Epoch [75/100]:	Loss: 0.0095		P@20: 0.045	R@20:  0.045	MAP@20: 0.014	NDCG@20: 0.047

Epoch [76/100]:	Loss: 0.0112		P@5: 0.056	R@5:  0.014	MAP@5: 0.032	NDCG@5: 0.058
Epoch [76/100]:	Loss: 0.0112		P@10: 0.050	R@10:  0.025	MAP@10: 0.022	NDCG@10: 0.054
Epoch [76/100]:	Loss: 0.0112		P@15: 0.048	R@15:  0.036	MAP@15: 0.017	NDCG@15: 0.051
Epoch [76/100]:	Loss: 0.0112		P@20: 0.047	R@20:  0.047	MAP@20: 0.015	NDCG@20: 0.050

Epoch [77/100]:	Loss: 0.0124		P@5: 0.057	R@5:  0.014	MAP@5: 0.032	NDCG@5: 0.060
Epoch [77/100]:	Loss: 0.0124		P@10: 0.052	R@10:  0.026	MAP@10: 0.022	NDCG@10: 0.055
Epoch [77/100]:	Loss: 0.0124		P@15: 0.049	R@15:  0.037	MAP@15: 0.017	NDCG@15: 0.053
Epoch [77/100]:	Loss: 0.0124		P@20: 0.047	R@20:  0.047	MAP@20: 0.014	NDCG@20: 0.050

Epoch [78/100]:	Loss: 0.0044		P@5: 0.052	R@5:  0.013	MAP@5: 0.028	NDCG@5: 0.053
Epoch [78/100]:	Loss: 0.0044		P@10: 0.050	R@10:  0.025	MAP@10: 0.020	NDCG@10: 0.051
Epoch [78/100]:	Loss: 0.0044		P@15: 0.048	R@15:  0.036	MAP@15: 0.016	NDCG@15: 0.050
Epoch [78/100]:	Loss: 0.0044		P@20: 0.046	R@20:  0.046	MAP@20: 0.014	NDCG@20: 0.048

Epoch [79/100]:	Loss: 0.0107		P@5: 0.053	R@5:  0.013	MAP@5: 0.030	NDCG@5: 0.055
Epoch [79/100]:	Loss: 0.0107		P@10: 0.050	R@10:  0.025	MAP@10: 0.021	NDCG@10: 0.052
Epoch [79/100]:	Loss: 0.0107		P@15: 0.047	R@15:  0.035	MAP@15: 0.016	NDCG@15: 0.049
Epoch [79/100]:	Loss: 0.0107		P@20: 0.046	R@20:  0.046	MAP@20: 0.014	NDCG@20: 0.048

Epoch [80/100]:	Loss: 0.0074		P@5: 0.057	R@5:  0.014	MAP@5: 0.033	NDCG@5: 0.059
Epoch [80/100]:	Loss: 0.0074		P@10: 0.052	R@10:  0.026	MAP@10: 0.022	NDCG@10: 0.055
Epoch [80/100]:	Loss: 0.0074		P@15: 0.049	R@15:  0.037	MAP@15: 0.018	NDCG@15: 0.052
Epoch [80/100]:	Loss: 0.0074		P@20: 0.047	R@20:  0.047	MAP@20: 0.015	NDCG@20: 0.051

Epoch [81/100]:	Loss: 0.0051		P@5: 0.057	R@5:  0.014	MAP@5: 0.031	NDCG@5: 0.058
Epoch [81/100]:	Loss: 0.0051		P@10: 0.052	R@10:  0.026	MAP@10: 0.021	NDCG@10: 0.054
Epoch [81/100]:	Loss: 0.0051		P@15: 0.049	R@15:  0.037	MAP@15: 0.017	NDCG@15: 0.052
Epoch [81/100]:	Loss: 0.0051		P@20: 0.047	R@20:  0.047	MAP@20: 0.014	NDCG@20: 0.050

Epoch [82/100]:	Loss: 0.0089		P@5: 0.053	R@5:  0.013	MAP@5: 0.031	NDCG@5: 0.056
Epoch [82/100]:	Loss: 0.0089		P@10: 0.048	R@10:  0.024	MAP@10: 0.021	NDCG@10: 0.052
Epoch [82/100]:	Loss: 0.0089		P@15: 0.047	R@15:  0.035	MAP@15: 0.017	NDCG@15: 0.050
Epoch [82/100]:	Loss: 0.0089		P@20: 0.045	R@20:  0.045	MAP@20: 0.014	NDCG@20: 0.048

Epoch [83/100]:	Loss: 0.0067		P@5: 0.053	R@5:  0.013	MAP@5: 0.029	NDCG@5: 0.054
Epoch [83/100]:	Loss: 0.0067		P@10: 0.049	R@10:  0.024	MAP@10: 0.020	NDCG@10: 0.051
Epoch [83/100]:	Loss: 0.0067		P@15: 0.046	R@15:  0.035	MAP@15: 0.016	NDCG@15: 0.049
Epoch [83/100]:	Loss: 0.0067		P@20: 0.045	R@20:  0.045	MAP@20: 0.014	NDCG@20: 0.047

Epoch [84/100]:	Loss: 0.0062		P@5: 0.052	R@5:  0.013	MAP@5: 0.028	NDCG@5: 0.052
Epoch [84/100]:	Loss: 0.0062		P@10: 0.049	R@10:  0.024	MAP@10: 0.019	NDCG@10: 0.050
Epoch [84/100]:	Loss: 0.0062		P@15: 0.047	R@15:  0.035	MAP@15: 0.016	NDCG@15: 0.048
Epoch [84/100]:	Loss: 0.0062		P@20: 0.046	R@20:  0.046	MAP@20: 0.013	NDCG@20: 0.047

Epoch [85/100]:	Loss: 0.0084		P@5: 0.055	R@5:  0.014	MAP@5: 0.031	NDCG@5: 0.057
Epoch [85/100]:	Loss: 0.0084		P@10: 0.052	R@10:  0.026	MAP@10: 0.021	NDCG@10: 0.054
Epoch [85/100]:	Loss: 0.0084		P@15: 0.049	R@15:  0.037	MAP@15: 0.017	NDCG@15: 0.052
Epoch [85/100]:	Loss: 0.0084		P@20: 0.048	R@20:  0.048	MAP@20: 0.015	NDCG@20: 0.050

Epoch [86/100]:	Loss: 0.0071		P@5: 0.055	R@5:  0.014	MAP@5: 0.032	NDCG@5: 0.058
Epoch [86/100]:	Loss: 0.0071		P@10: 0.050	R@10:  0.025	MAP@10: 0.021	NDCG@10: 0.054
Epoch [86/100]:	Loss: 0.0071		P@15: 0.048	R@15:  0.036	MAP@15: 0.017	NDCG@15: 0.051
Epoch [86/100]:	Loss: 0.0071		P@20: 0.046	R@20:  0.046	MAP@20: 0.014	NDCG@20: 0.050

Epoch [87/100]:	Loss: 0.0082		P@5: 0.056	R@5:  0.014	MAP@5: 0.031	NDCG@5: 0.058
Epoch [87/100]:	Loss: 0.0082		P@10: 0.051	R@10:  0.026	MAP@10: 0.021	NDCG@10: 0.054
Epoch [87/100]:	Loss: 0.0082		P@15: 0.048	R@15:  0.036	MAP@15: 0.017	NDCG@15: 0.051
Epoch [87/100]:	Loss: 0.0082		P@20: 0.046	R@20:  0.046	MAP@20: 0.014	NDCG@20: 0.049

Epoch [88/100]:	Loss: 0.0067		P@5: 0.055	R@5:  0.014	MAP@5: 0.029	NDCG@5: 0.056
Epoch [88/100]:	Loss: 0.0067		P@10: 0.051	R@10:  0.025	MAP@10: 0.020	NDCG@10: 0.052
Epoch [88/100]:	Loss: 0.0067		P@15: 0.049	R@15:  0.037	MAP@15: 0.016	NDCG@15: 0.051
Epoch [88/100]:	Loss: 0.0067		P@20: 0.048	R@20:  0.048	MAP@20: 0.014	NDCG@20: 0.050

Epoch [89/100]:	Loss: 0.0084		P@5: 0.059	R@5:  0.015	MAP@5: 0.033	NDCG@5: 0.061
Epoch [89/100]:	Loss: 0.0084		P@10: 0.051	R@10:  0.025	MAP@10: 0.022	NDCG@10: 0.055
Epoch [89/100]:	Loss: 0.0084		P@15: 0.047	R@15:  0.035	MAP@15: 0.017	NDCG@15: 0.051
Epoch [89/100]:	Loss: 0.0084		P@20: 0.045	R@20:  0.045	MAP@20: 0.014	NDCG@20: 0.049

Epoch [90/100]:	Loss: 0.0063		P@5: 0.061	R@5:  0.015	MAP@5: 0.034	NDCG@5: 0.063
Epoch [90/100]:	Loss: 0.0063		P@10: 0.054	R@10:  0.027	MAP@10: 0.022	NDCG@10: 0.057
Epoch [90/100]:	Loss: 0.0063		P@15: 0.050	R@15:  0.037	MAP@15: 0.017	NDCG@15: 0.054
Epoch [90/100]:	Loss: 0.0063		P@20: 0.047	R@20:  0.047	MAP@20: 0.015	NDCG@20: 0.051

Epoch [91/100]:	Loss: 0.0081		P@5: 0.053	R@5:  0.013	MAP@5: 0.029	NDCG@5: 0.055
Epoch [91/100]:	Loss: 0.0081		P@10: 0.051	R@10:  0.025	MAP@10: 0.020	NDCG@10: 0.052
Epoch [91/100]:	Loss: 0.0081		P@15: 0.048	R@15:  0.036	MAP@15: 0.016	NDCG@15: 0.050
Epoch [91/100]:	Loss: 0.0081		P@20: 0.045	R@20:  0.045	MAP@20: 0.013	NDCG@20: 0.048

Epoch [92/100]:	Loss: 0.0081		P@5: 0.059	R@5:  0.015	MAP@5: 0.032	NDCG@5: 0.061
Epoch [92/100]:	Loss: 0.0081		P@10: 0.054	R@10:  0.027	MAP@10: 0.022	NDCG@10: 0.057
Epoch [92/100]:	Loss: 0.0081		P@15: 0.050	R@15:  0.037	MAP@15: 0.017	NDCG@15: 0.053
Epoch [92/100]:	Loss: 0.0081		P@20: 0.048	R@20:  0.048	MAP@20: 0.015	NDCG@20: 0.052

Epoch [93/100]:	Loss: 0.0113		P@5: 0.058	R@5:  0.014	MAP@5: 0.032	NDCG@5: 0.059
Epoch [93/100]:	Loss: 0.0113		P@10: 0.051	R@10:  0.025	MAP@10: 0.021	NDCG@10: 0.054
Epoch [93/100]:	Loss: 0.0113		P@15: 0.048	R@15:  0.036	MAP@15: 0.017	NDCG@15: 0.051
Epoch [93/100]:	Loss: 0.0113		P@20: 0.045	R@20:  0.045	MAP@20: 0.014	NDCG@20: 0.049

Epoch [94/100]:	Loss: 0.0105		P@5: 0.053	R@5:  0.013	MAP@5: 0.031	NDCG@5: 0.056
Epoch [94/100]:	Loss: 0.0105		P@10: 0.049	R@10:  0.025	MAP@10: 0.021	NDCG@10: 0.052
Epoch [94/100]:	Loss: 0.0105		P@15: 0.046	R@15:  0.035	MAP@15: 0.016	NDCG@15: 0.050
Epoch [94/100]:	Loss: 0.0105		P@20: 0.045	R@20:  0.045	MAP@20: 0.014	NDCG@20: 0.049

Epoch [95/100]:	Loss: 0.0119		P@5: 0.054	R@5:  0.013	MAP@5: 0.030	NDCG@5: 0.055
Epoch [95/100]:	Loss: 0.0119		P@10: 0.050	R@10:  0.025	MAP@10: 0.020	NDCG@10: 0.052
Epoch [95/100]:	Loss: 0.0119		P@15: 0.048	R@15:  0.036	MAP@15: 0.016	NDCG@15: 0.050
Epoch [95/100]:	Loss: 0.0119		P@20: 0.046	R@20:  0.046	MAP@20: 0.014	NDCG@20: 0.049

Epoch [96/100]:	Loss: 0.0079		P@5: 0.051	R@5:  0.013	MAP@5: 0.027	NDCG@5: 0.051
Epoch [96/100]:	Loss: 0.0079		P@10: 0.049	R@10:  0.025	MAP@10: 0.019	NDCG@10: 0.050
Epoch [96/100]:	Loss: 0.0079		P@15: 0.048	R@15:  0.036	MAP@15: 0.016	NDCG@15: 0.049
Epoch [96/100]:	Loss: 0.0079		P@20: 0.046	R@20:  0.046	MAP@20: 0.013	NDCG@20: 0.047

Epoch [97/100]:	Loss: 0.0074		P@5: 0.054	R@5:  0.014	MAP@5: 0.029	NDCG@5: 0.055
Epoch [97/100]:	Loss: 0.0074		P@10: 0.050	R@10:  0.025	MAP@10: 0.020	NDCG@10: 0.052
Epoch [97/100]:	Loss: 0.0074		P@15: 0.046	R@15:  0.034	MAP@15: 0.016	NDCG@15: 0.049
Epoch [97/100]:	Loss: 0.0074		P@20: 0.044	R@20:  0.044	MAP@20: 0.013	NDCG@20: 0.047

Epoch [98/100]:	Loss: 0.0082		P@5: 0.059	R@5:  0.015	MAP@5: 0.031	NDCG@5: 0.060
Epoch [98/100]:	Loss: 0.0082		P@10: 0.053	R@10:  0.026	MAP@10: 0.021	NDCG@10: 0.055
Epoch [98/100]:	Loss: 0.0082		P@15: 0.050	R@15:  0.037	MAP@15: 0.017	NDCG@15: 0.053
Epoch [98/100]:	Loss: 0.0082		P@20: 0.048	R@20:  0.048	MAP@20: 0.014	NDCG@20: 0.051

Epoch [99/100]:	Loss: 0.0099		P@5: 0.065	R@5:  0.016	MAP@5: 0.037	NDCG@5: 0.069
Epoch [99/100]:	Loss: 0.0099		P@10: 0.055	R@10:  0.027	MAP@10: 0.024	NDCG@10: 0.061
Epoch [99/100]:	Loss: 0.0099		P@15: 0.051	R@15:  0.038	MAP@15: 0.019	NDCG@15: 0.057
Epoch [99/100]:	Loss: 0.0099		P@20: 0.048	R@20:  0.048	MAP@20: 0.016	NDCG@20: 0.054

Epoch [100/100]:	Loss: 0.0083		P@5: 0.057	R@5:  0.014	MAP@5: 0.034	NDCG@5: 0.060
Epoch [100/100]:	Loss: 0.0083		P@10: 0.052	R@10:  0.026	MAP@10: 0.023	NDCG@10: 0.056
Epoch [100/100]:	Loss: 0.0083		P@15: 0.049	R@15:  0.037	MAP@15: 0.018	NDCG@15: 0.053
Epoch [100/100]:	Loss: 0.0083		P@20: 0.047	R@20:  0.047	MAP@20: 0.015	NDCG@20: 0.051

==============================================================================================================
[STATUS] Training completed successfully
