INFO:	main:	2024-03-11 12:18:54,683:	Outputs will be saved in: runs/run12
INFO:	main:	2024-03-11 12:18:54,683:	Using seed: 42
INFO:	main:	2024-03-11 12:18:54,683:	Using device: cuda
INFO:	main:	2024-03-11 12:18:54,683:	Commencing data collection for ml-100k
INFO:	dataloader:	2024-03-11 12:18:54,942:	Data preprocessing completed
INFO:	dataloader:	2024-03-11 12:18:54,942:	uid2locid_time: 568 
INFO:	dataloader:	2024-03-11 12:18:54,942:	locid2detail: 1439 
INFO:	dataloader:	2024-03-11 12:18:54,942:	node_num: 2012 
INFO:	dataloader:	2024-03-11 12:18:54,942:	relation_num: 4 
INFO:	dataloader:	2024-03-11 12:18:54,942:	user_num: 568 
INFO:	dataloader:	2024-03-11 12:18:54,942:	train_num: 4544 
INFO:	dataloader:	2024-03-11 12:18:54,942:	test_num: 568 
INFO:	dataloader:	2024-03-11 12:18:54,942:	train_set: (4544, 13) 
INFO:	dataloader:	2024-03-11 12:18:54,942:	test_set: (568, 10) 
INFO:	dataloader:	2024-03-11 12:18:54,942:	uid_list_: 568 
INFO:	dataloader:	2024-03-11 12:18:54,942:	u2v: 568 
INFO:	dataloader:	2024-03-11 12:18:54,942:	u2vc: 568 
INFO:	dataloader:	2024-03-11 12:18:54,942:	v2u: 1439 
INFO:	dataloader:	2024-03-11 12:18:54,942:	v2vc: 1439 
INFO:	main:	2024-03-11 12:18:54,942:	Commencing training for 500 epochs. Please follow Training Logger from here on.
INFO:	main:	2024-03-11 12:20:00,179:	Completed training for 500 epochs
INFO:	main:	2024-03-11 12:20:00,208:	Model saved at runs/run12/model.pth
INFO:	main:	2024-03-11 12:20:00,208:	Completed run 12
