2024-03-11 12:18:55,065:	Model:	CAGSRec with 4 variant
2024-03-11 12:18:55,065:	CAGSRec(
  (long_term_gnn): LongTermGNN(
    (conv_modulelist): ModuleList(
      (0-2): 3 x ImprovedGNNunit(32, 32, num_relations=4)
    )
  )
  (short_term_gnn): ShortTermGNN(
    (conv_modulelist): ModuleList(
      (0-2): 3 x ImprovedGNNunit(32, 32, num_relations=4)
    )
  )
  (temporal_seq_attn_layer): TemporalSequentialAttentionLayer_v2(
    (drop_layer): Dropout(p=0.1, inplace=False)
    (feedforward): Sequential(
      (0): Linear(in_features=192, out_features=192, bias=True)
      (1): LayerNorm((192,), eps=1e-08, elementwise_affine=True)
    )
  )
  (predict_emb_w): Embedding(1439, 192, padding_idx=0)
  (predict_emb_b): Embedding(1439, 1, padding_idx=0)
  (node_embeddings): Embedding(2012, 32, padding_idx=0)
)
2024-03-11 12:18:55,066:	Optimizer:	Adam with initial lr = 0.001, l2 = 0.0001
2024-03-11 12:18:55,066:	LR Scheduler:	LinearLR
2024-03-11 12:19:01,570:	Epoch 1/500:	Loss: 2.5093	P@10: 0.0771	R@10: 0.0386	MAP@10: 0.0239	NDCG@10: 0.0731	HR@10: 0.5581
2024-03-11 12:19:07,351:	Epoch 2/500:	Loss: 3.2370	P@10: 0.0287	R@10: 0.0143	MAP@10: 0.0126	NDCG@10: 0.0343	HR@10: 0.2447
2024-03-11 12:19:12,976:	Epoch 3/500:	Loss: 3.4388	P@10: 0.0463	R@10: 0.0232	MAP@10: 0.0202	NDCG@10: 0.0549	HR@10: 0.3785
2024-03-11 12:19:18,759:	Epoch 4/500:	Loss: 3.2085	P@10: 0.0498	R@10: 0.0249	MAP@10: 0.0178	NDCG@10: 0.0521	HR@10: 0.4014
2024-03-11 12:19:24,432:	Epoch 5/500:	Loss: 3.6012	P@10: 0.0602	R@10: 0.0301	MAP@10: 0.0159	NDCG@10: 0.0534	HR@10: 0.4701
2024-03-11 12:19:30,097:	Epoch 6/500:	Loss: 3.3624	P@10: 0.0431	R@10: 0.0216	MAP@10: 0.0106	NDCG@10: 0.0377	HR@10: 0.3627
2024-03-11 12:19:35,769:	Epoch 7/500:	Loss: 3.3469	P@10: 0.0394	R@10: 0.0197	MAP@10: 0.0093	NDCG@10: 0.0336	HR@10: 0.3310
2024-03-11 12:19:41,466:	Epoch 8/500:	Loss: 3.4175	P@10: 0.0504	R@10: 0.0252	MAP@10: 0.0129	NDCG@10: 0.0448	HR@10: 0.4173
2024-03-11 12:19:47,168:	Epoch 9/500:	Loss: 3.1516	P@10: 0.0593	R@10: 0.0297	MAP@10: 0.0188	NDCG@10: 0.0574	HR@10: 0.4560
2024-03-11 12:19:52,962:	Epoch 10/500:	Loss: 3.3299	P@10: 0.0526	R@10: 0.0263	MAP@10: 0.0143	NDCG@10: 0.0478	HR@10: 0.4225
2024-03-11 12:19:58,652:	Epoch 11/500:	Loss: 3.0215	P@10: 0.0458	R@10: 0.0229	MAP@10: 0.0117	NDCG@10: 0.0407	HR@10: 0.3838
2024-03-11 12:19:58,652:	Early stopping at epoch 11
