INFO:	main:	2024-03-11 11:49:03,290:	Outputs will be saved in: runs/run8
INFO:	main:	2024-03-11 11:49:03,291:	Using seed: 42
INFO:	main:	2024-03-11 11:49:03,291:	Using device: cuda
INFO:	main:	2024-03-11 11:49:03,291:	Commencing data collection for ml-100k
INFO:	dataloader:	2024-03-11 11:49:03,550:	Data preprocessing completed
INFO:	dataloader:	2024-03-11 11:49:03,550:	uid2locid_time: 568 
INFO:	dataloader:	2024-03-11 11:49:03,550:	locid2detail: 1439 
INFO:	dataloader:	2024-03-11 11:49:03,550:	node_num: 2012 
INFO:	dataloader:	2024-03-11 11:49:03,550:	relation_num: 4 
INFO:	dataloader:	2024-03-11 11:49:03,550:	user_num: 568 
INFO:	dataloader:	2024-03-11 11:49:03,550:	train_num: 4544 
INFO:	dataloader:	2024-03-11 11:49:03,550:	test_num: 568 
INFO:	dataloader:	2024-03-11 11:49:03,551:	train_set: (4544, 13) 
INFO:	dataloader:	2024-03-11 11:49:03,551:	test_set: (568, 10) 
INFO:	dataloader:	2024-03-11 11:49:03,551:	uid_list_: 568 
INFO:	dataloader:	2024-03-11 11:49:03,551:	u2v: 568 
INFO:	dataloader:	2024-03-11 11:49:03,551:	u2vc: 568 
INFO:	dataloader:	2024-03-11 11:49:03,551:	v2u: 1439 
INFO:	dataloader:	2024-03-11 11:49:03,551:	v2vc: 1439 
INFO:	main:	2024-03-11 11:49:03,551:	Commencing training for 500 epochs. Please follow Training Logger from here on.
INFO:	main:	2024-03-11 11:50:10,604:	Completed training for 500 epochs
INFO:	main:	2024-03-11 11:50:10,623:	Model saved at runs/run8/model.pth
INFO:	main:	2024-03-11 11:50:10,623:	Completed run 8
