2024-03-11 11:49:03,677:	Model:	CAGSRec with 4 variant
2024-03-11 11:49:03,677:	CAGSRec(
  (long_term_gnn): LongTermGNN(
    (conv_modulelist): ModuleList(
      (0-2): 3 x ImprovedGNNunit(32, 32, num_relations=4)
    )
  )
  (short_term_gnn): ShortTermGNN(
    (conv_modulelist): ModuleList(
      (0-2): 3 x ImprovedGNNunit(32, 32, num_relations=4)
    )
  )
  (temporal_seq_attn_layer): TemporalSequentialAttentionLayer_v2(
    (drop_layer): Dropout(p=0.1, inplace=False)
    (feedforward): Sequential(
      (0): Linear(in_features=192, out_features=192, bias=True)
      (1): LayerNorm((192,), eps=1e-08, elementwise_affine=True)
    )
  )
  (predict_emb_w): Embedding(1439, 192, padding_idx=0)
  (predict_emb_b): Embedding(1439, 1, padding_idx=0)
  (node_embeddings): Embedding(2012, 32, padding_idx=0)
)
2024-03-11 11:49:03,678:	Optimizer:	Adam with initial lr = 0.001, l2 = 0.0001
2024-03-11 11:49:03,678:	LR Scheduler:	LinearLR
2024-03-11 11:49:10,761:	Epoch 1/500:	Loss: 2.4375	P@10: 0.0827	R@10: 0.0414	MAP@10: 0.0293	NDCG@10: 0.0834	HR@10: 0.5704
2024-03-11 11:49:16,779:	Epoch 2/500:	Loss: 3.3083	P@10: 0.0548	R@10: 0.0274	MAP@10: 0.0166	NDCG@10: 0.0521	HR@10: 0.4349
2024-03-11 11:49:22,618:	Epoch 3/500:	Loss: 3.4569	P@10: 0.0563	R@10: 0.0282	MAP@10: 0.0175	NDCG@10: 0.0543	HR@10: 0.4454
2024-03-11 11:49:28,474:	Epoch 4/500:	Loss: 3.2916	P@10: 0.0354	R@10: 0.0177	MAP@10: 0.0079	NDCG@10: 0.0297	HR@10: 0.3046
2024-03-11 11:49:34,225:	Epoch 5/500:	Loss: 3.3866	P@10: 0.0452	R@10: 0.0226	MAP@10: 0.0118	NDCG@10: 0.0405	HR@10: 0.3768
2024-03-11 11:49:40,054:	Epoch 6/500:	Loss: 3.2219	P@10: 0.0690	R@10: 0.0345	MAP@10: 0.0253	NDCG@10: 0.0714	HR@10: 0.5106
2024-03-11 11:49:45,840:	Epoch 7/500:	Loss: 3.4179	P@10: 0.0500	R@10: 0.0250	MAP@10: 0.0154	NDCG@10: 0.0480	HR@10: 0.4014
2024-03-11 11:49:51,653:	Epoch 8/500:	Loss: 3.3257	P@10: 0.0479	R@10: 0.0239	MAP@10: 0.0191	NDCG@10: 0.0543	HR@10: 0.4032
2024-03-11 11:49:57,480:	Epoch 9/500:	Loss: 3.1335	P@10: 0.0717	R@10: 0.0358	MAP@10: 0.0262	NDCG@10: 0.0746	HR@10: 0.5229
2024-03-11 11:50:03,226:	Epoch 10/500:	Loss: 3.0374	P@10: 0.0687	R@10: 0.0343	MAP@10: 0.0209	NDCG@10: 0.0650	HR@10: 0.5158
2024-03-11 11:50:09,009:	Epoch 11/500:	Loss: 2.8227	P@10: 0.0627	R@10: 0.0313	MAP@10: 0.0191	NDCG@10: 0.0586	HR@10: 0.4542
2024-03-11 11:50:09,009:	Early stopping at epoch 11
