INFO:	main:	2024-03-04 06:30:19,577:	Outputs will be saved in: runs/run3
INFO:	main:	2024-03-04 06:30:19,577:	Using seed: 42
INFO:	main:	2024-03-04 06:30:19,577:	Using device: cuda
INFO:	main:	2024-03-04 06:30:19,577:	Commencing data collection for ml-100k
INFO:	dataloader:	2024-03-04 06:30:19,821:	Data preprocessing completed
INFO:	dataloader:	2024-03-04 06:30:19,821:	uid2locid_time: 568 
INFO:	dataloader:	2024-03-04 06:30:19,821:	locid2detail: 1439 
INFO:	dataloader:	2024-03-04 06:30:19,821:	node_num: 2012 
INFO:	dataloader:	2024-03-04 06:30:19,821:	relation_num: 4 
INFO:	dataloader:	2024-03-04 06:30:19,821:	user_num: 568 
INFO:	dataloader:	2024-03-04 06:30:19,821:	train_num: 4544 
INFO:	dataloader:	2024-03-04 06:30:19,821:	test_num: 568 
INFO:	dataloader:	2024-03-04 06:30:19,822:	train_set: (4544, 13) 
INFO:	dataloader:	2024-03-04 06:30:19,822:	test_set: (568, 10) 
INFO:	dataloader:	2024-03-04 06:30:19,822:	uid_list_: 568 
INFO:	dataloader:	2024-03-04 06:30:19,822:	u2v: 568 
INFO:	dataloader:	2024-03-04 06:30:19,822:	u2vc: 568 
INFO:	dataloader:	2024-03-04 06:30:19,822:	v2u: 1439 
INFO:	dataloader:	2024-03-04 06:30:19,822:	v2vc: 1439 
INFO:	main:	2024-03-04 06:30:19,822:	Commencing training for 20 epochs. Please follow Training Logger from here on.
INFO:	main:	2024-03-04 06:32:16,615:	Completed training for 20 epochs
INFO:	main:	2024-03-04 06:32:16,641:	Model saved at runs/run3/model.pth
INFO:	main:	2024-03-04 06:32:16,641:	Completed run 3
