2024-03-11 11:24:58,836:	Model:	CAGSRec with 4 variant
2024-03-11 11:24:58,837:	CAGSRec(
  (long_term_gnn): LongTermGNN(
    (conv_modulelist): ModuleList(
      (0-2): 3 x ImprovedGNNunit(32, 32, num_relations=4)
    )
  )
  (short_term_gnn): ShortTermGNN(
    (conv_modulelist): ModuleList(
      (0-2): 3 x ImprovedGNNunit(32, 32, num_relations=4)
    )
  )
  (temporal_seq_attn_layer): TemporalSequentialAttentionLayer_v2(
    (drop_layer): Dropout(p=0.1, inplace=False)
    (feedforward): Sequential(
      (0): Linear(in_features=192, out_features=192, bias=True)
      (1): LayerNorm((192,), eps=1e-08, elementwise_affine=True)
    )
  )
  (predict_emb_w): Embedding(1439, 192, padding_idx=0)
  (predict_emb_b): Embedding(1439, 1, padding_idx=0)
  (node_embeddings): Embedding(2012, 32, padding_idx=0)
)
2024-03-11 11:24:58,837:	Optimizer:	Adam with initial lr = 0.001, l2 = 0.0001
2024-03-11 11:24:58,837:	LR Scheduler:	LinearLR
2024-03-11 11:25:05,652:	Epoch 1/500:	Loss: 2.5353	P@10: 0.0651	R@10: 0.0326	MAP@10: 0.0243	NDCG@10: 0.0687	HR@10: 0.4806
2024-03-11 11:25:11,744:	Epoch 2/500:	Loss: 3.2771	P@10: 0.0391	R@10: 0.0195	MAP@10: 0.0143	NDCG@10: 0.0415	HR@10: 0.3204
2024-03-11 11:25:17,718:	Epoch 3/500:	Loss: 3.4861	P@10: 0.0440	R@10: 0.0220	MAP@10: 0.0178	NDCG@10: 0.0499	HR@10: 0.3574
2024-03-11 11:25:23,712:	Epoch 4/500:	Loss: 3.2133	P@10: 0.0387	R@10: 0.0194	MAP@10: 0.0127	NDCG@10: 0.0391	HR@10: 0.3275
2024-03-11 11:25:29,771:	Epoch 5/500:	Loss: 3.4920	P@10: 0.0336	R@10: 0.0168	MAP@10: 0.0071	NDCG@10: 0.0278	HR@10: 0.2958
2024-03-11 11:25:35,825:	Epoch 6/500:	Loss: 3.3143	P@10: 0.0512	R@10: 0.0256	MAP@10: 0.0150	NDCG@10: 0.0483	HR@10: 0.4085
2024-03-11 11:25:41,785:	Epoch 7/500:	Loss: 3.3960	P@10: 0.0514	R@10: 0.0257	MAP@10: 0.0138	NDCG@10: 0.0459	HR@10: 0.4032
2024-03-11 11:25:47,823:	Epoch 8/500:	Loss: 3.3707	P@10: 0.0514	R@10: 0.0257	MAP@10: 0.0139	NDCG@10: 0.0466	HR@10: 0.4120
2024-03-11 11:25:53,783:	Epoch 9/500:	Loss: 3.1089	P@10: 0.0526	R@10: 0.0263	MAP@10: 0.0205	NDCG@10: 0.0580	HR@10: 0.4261
2024-03-11 11:25:59,662:	Epoch 10/500:	Loss: 3.1709	P@10: 0.0544	R@10: 0.0272	MAP@10: 0.0226	NDCG@10: 0.0617	HR@10: 0.4190
2024-03-11 11:26:05,581:	Epoch 11/500:	Loss: 2.8859	P@10: 0.0734	R@10: 0.0367	MAP@10: 0.0290	NDCG@10: 0.0796	HR@10: 0.5493
2024-03-11 11:26:05,582:	Early stopping at epoch 11
