INFO:	main:	2024-03-11 17:08:08,494:	Outputs will be saved in: runs/run15
INFO:	main:	2024-03-11 17:08:08,494:	Using seed: 42
INFO:	main:	2024-03-11 17:08:08,494:	Using device: cuda
INFO:	main:	2024-03-11 17:08:08,494:	Commencing data collection for ml-1m
INFO:	dataloader:	2024-03-11 17:08:10,420:	Data preprocessing completed
INFO:	dataloader:	2024-03-11 17:08:10,420:	uid2locid_time: 4297 
INFO:	dataloader:	2024-03-11 17:08:10,420:	locid2detail: 3112 
INFO:	dataloader:	2024-03-11 17:08:10,420:	node_num: 7414 
INFO:	dataloader:	2024-03-11 17:08:10,420:	relation_num: 4 
INFO:	dataloader:	2024-03-11 17:08:10,420:	user_num: 4297 
INFO:	dataloader:	2024-03-11 17:08:10,420:	train_num: 34376 
INFO:	dataloader:	2024-03-11 17:08:10,420:	test_num: 4297 
INFO:	dataloader:	2024-03-11 17:08:10,420:	train_set: (34376, 13) 
INFO:	dataloader:	2024-03-11 17:08:10,420:	test_set: (4297, 10) 
INFO:	dataloader:	2024-03-11 17:08:10,420:	uid_list_: 4297 
INFO:	dataloader:	2024-03-11 17:08:10,420:	u2v: 4297 
INFO:	dataloader:	2024-03-11 17:08:10,420:	u2vc: 4297 
INFO:	dataloader:	2024-03-11 17:08:10,421:	v2u: 3112 
INFO:	dataloader:	2024-03-11 17:08:10,421:	v2vc: 3112 
INFO:	main:	2024-03-11 17:08:10,578:	Commencing training for 500 epochs.
INFO:	main:	2024-03-11 17:19:44,005:	Completed training for 500 epochs
INFO:	main:	2024-03-11 17:19:44,049:	Model saved at runs/run15/model.pth
INFO:	main:	2024-03-11 17:19:44,049:	Completed run 15
