INFO:	main:	2024-03-11 12:17:42,252:	Outputs will be saved in: runs/run11
INFO:	main:	2024-03-11 12:17:42,252:	Using seed: 42
INFO:	main:	2024-03-11 12:17:42,252:	Using device: cuda
INFO:	main:	2024-03-11 12:17:42,252:	Commencing data collection for ml-100k
INFO:	dataloader:	2024-03-11 12:17:42,512:	Data preprocessing completed
INFO:	dataloader:	2024-03-11 12:17:42,512:	uid2locid_time: 568 
INFO:	dataloader:	2024-03-11 12:17:42,512:	locid2detail: 1439 
INFO:	dataloader:	2024-03-11 12:17:42,512:	node_num: 2012 
INFO:	dataloader:	2024-03-11 12:17:42,512:	relation_num: 4 
INFO:	dataloader:	2024-03-11 12:17:42,512:	user_num: 568 
INFO:	dataloader:	2024-03-11 12:17:42,512:	train_num: 4544 
INFO:	dataloader:	2024-03-11 12:17:42,512:	test_num: 568 
INFO:	dataloader:	2024-03-11 12:17:42,512:	train_set: (4544, 13) 
INFO:	dataloader:	2024-03-11 12:17:42,512:	test_set: (568, 10) 
INFO:	dataloader:	2024-03-11 12:17:42,512:	uid_list_: 568 
INFO:	dataloader:	2024-03-11 12:17:42,513:	u2v: 568 
INFO:	dataloader:	2024-03-11 12:17:42,513:	u2vc: 568 
INFO:	dataloader:	2024-03-11 12:17:42,513:	v2u: 1439 
INFO:	dataloader:	2024-03-11 12:17:42,513:	v2vc: 1439 
INFO:	main:	2024-03-11 12:17:42,513:	Commencing training for 500 epochs. Please follow Training Logger from here on.
INFO:	main:	2024-03-11 12:18:47,269:	Completed training for 500 epochs
INFO:	main:	2024-03-11 12:18:47,290:	Model saved at runs/run11/model.pth
INFO:	main:	2024-03-11 12:18:47,290:	Completed run 11
