2024-03-11 12:17:42,637:	Model:	CAGSRec with 3 variant
2024-03-11 12:17:42,637:	CAGSRec(
  (long_term_gnn): LongTermGNN(
    (conv_modulelist): ModuleList(
      (0-2): 3 x ImprovedGNNunit(32, 32, num_relations=4)
    )
  )
  (short_term_gnn): ShortTermGNN(
    (conv_modulelist): ModuleList(
      (0-2): 3 x ImprovedGNNunit(32, 32, num_relations=4)
    )
  )
  (temporal_seq_attn_layer): TemporalSequentialAttentionLayer_v2(
    (drop_layer): Dropout(p=0.1, inplace=False)
    (feedforward): Sequential(
      (0): PointWiseFeedForward(
        (conv1): Conv1d(192, 192, kernel_size=(1,), stride=(1,))
        (dropout1): Dropout(p=0.1, inplace=False)
        (relu): ReLU()
        (conv2): Conv1d(192, 192, kernel_size=(1,), stride=(1,))
        (dropout2): Dropout(p=0.1, inplace=False)
      )
      (1): LayerNorm((192,), eps=1e-08, elementwise_affine=True)
    )
  )
  (predict_emb_w): Embedding(1439, 192, padding_idx=0)
  (predict_emb_b): Embedding(1439, 1, padding_idx=0)
  (node_embeddings): Embedding(2012, 32, padding_idx=0)
)
2024-03-11 12:17:42,637:	Optimizer:	Adam with initial lr = 0.001, l2 = 0.0001
2024-03-11 12:17:42,637:	LR Scheduler:	LinearLR
2024-03-11 12:17:49,194:	Epoch 1/500:	Loss: 2.6532	P@10: 0.0658	R@10: 0.0329	MAP@10: 0.0273	NDCG@10: 0.0738	HR@10: 0.4894
2024-03-11 12:17:54,796:	Epoch 2/500:	Loss: 3.2046	P@10: 0.0408	R@10: 0.0204	MAP@10: 0.0155	NDCG@10: 0.0442	HR@10: 0.3169
2024-03-11 12:18:00,564:	Epoch 3/500:	Loss: 3.5129	P@10: 0.0428	R@10: 0.0214	MAP@10: 0.0102	NDCG@10: 0.0365	HR@10: 0.3504
2024-03-11 12:18:06,243:	Epoch 4/500:	Loss: 3.2730	P@10: 0.0264	R@10: 0.0132	MAP@10: 0.0071	NDCG@10: 0.0248	HR@10: 0.2377
2024-03-11 12:18:11,913:	Epoch 5/500:	Loss: 3.3736	P@10: 0.0533	R@10: 0.0267	MAP@10: 0.0172	NDCG@10: 0.0523	HR@10: 0.4190
2024-03-11 12:18:17,498:	Epoch 6/500:	Loss: 3.3253	P@10: 0.0544	R@10: 0.0272	MAP@10: 0.0177	NDCG@10: 0.0538	HR@10: 0.4243
2024-03-11 12:18:23,084:	Epoch 7/500:	Loss: 3.2143	P@10: 0.0461	R@10: 0.0231	MAP@10: 0.0153	NDCG@10: 0.0467	HR@10: 0.3803
2024-03-11 12:18:28,752:	Epoch 8/500:	Loss: 3.2408	P@10: 0.0577	R@10: 0.0289	MAP@10: 0.0179	NDCG@10: 0.0559	HR@10: 0.4630
2024-03-11 12:18:34,438:	Epoch 9/500:	Loss: 3.0816	P@10: 0.0674	R@10: 0.0337	MAP@10: 0.0211	NDCG@10: 0.0648	HR@10: 0.5053
2024-03-11 12:18:40,149:	Epoch 10/500:	Loss: 2.9726	P@10: 0.0651	R@10: 0.0326	MAP@10: 0.0244	NDCG@10: 0.0693	HR@10: 0.4947
2024-03-11 12:18:45,810:	Epoch 11/500:	Loss: 2.8603	P@10: 0.0595	R@10: 0.0298	MAP@10: 0.0247	NDCG@10: 0.0674	HR@10: 0.4701
2024-03-11 12:18:45,810:	Early stopping at epoch 11
