/var/spool/slurm/d/job03157/slurm_script: 11: source: not found
/var/spool/slurm/d/job03157/slurm_script: 12: source: not found
INFO:root:Namespace(data='Digital_Music', bs=150, prefix='', n_degree=20, n_head=2, n_epoch=120, n_layer=2, lr=0.01, drop_out=0.3, reg=0.3, gpu=0, node_dim=16, time_dim=16, agg_method='attn', attn_mode='map', time='time', uniform=True, new_node=False, samplerate=1, popnegsample=False, timepopnegsample=True, negsampleeval=1000, disencomponents=1)
INFO:root:#interactions in train: 51765
INFO:root:#interactions in valid:2183 
INFO:root:#interaction in test: 984
INFO:root:number of nodes: 9109
INFO:root:number of nodes: 9109
INFO:model:Aggregation uses attention model
INFO:model:Using map based attention
INFO:model:Using map based attention
INFO:model:Using map based attention
INFO:model:Using map based attention
INFO:model:Using time encoding
INFO:root:num of training instances: 51765
INFO:root:num of batches per epoch: 346
INFO:result:Epoch, Train Loss, Train AP, Train F1, Val AP, Val F1, Test AP, Test F1, Test AUC
INFO:root:Running epoch 1
INFO:root:	Batch: 1/346 done
INFO:root:	Batch: 70/346 done
INFO:root:	Batch: 139/346 done
INFO:root:	Batch: 208/346 done
INFO:root:	Batch: 277/346 done
INFO:root:	Batch: 346/346 done
INFO:result:1, 1.2141, 0.7208, 0.6622, 0.5467, 0.4466, 0.5529, 0.6463, 0.5142
INFO:root:Running epoch 2
INFO:root:	Batch: 1/346 done
INFO:root:	Batch: 70/346 done
INFO:root:	Batch: 139/346 done
INFO:root:	Batch: 208/346 done
INFO:root:	Batch: 277/346 done
INFO:root:	Batch: 346/346 done
INFO:result:2, 1.1803, 0.7639, 0.6818, 0.6568, 0.5883, 0.5838, 0.4930, 0.5563
INFO:root:Running epoch 3
INFO:root:	Batch: 1/346 done
INFO:root:	Batch: 70/346 done
INFO:root:	Batch: 139/346 done
INFO:root:	Batch: 208/346 done
INFO:root:	Batch: 277/346 done
INFO:root:	Batch: 346/346 done
INFO:result:3, 1.1764, 0.7108, 0.6181, 0.6406, 0.5512, 0.5887, 0.4819, 0.5688
INFO:root:Running epoch 4
INFO:root:	Batch: 1/346 done
INFO:root:	Batch: 70/346 done
INFO:root:	Batch: 139/346 done
INFO:root:	Batch: 208/346 done
INFO:root:	Batch: 277/346 done
INFO:root:	Batch: 346/346 done
INFO:result:4, 1.1532, 0.7815, 0.7035, 0.6280, 0.5582, 0.5851, 0.5359, 0.5528
INFO:root:Running epoch 5
INFO:root:	Batch: 1/346 done
INFO:root:	Batch: 70/346 done
INFO:root:	Batch: 139/346 done
INFO:root:	Batch: 208/346 done
INFO:root:	Batch: 277/346 done
INFO:root:	Batch: 346/346 done
INFO:result:5, 1.1437, 0.7559, 0.7144, 0.6160, 0.5784, 0.5834, 0.5299, 0.5536
INFO:root:Running epoch 6
INFO:root:	Batch: 1/346 done
INFO:root:	Batch: 70/346 done
INFO:root:	Batch: 139/346 done
INFO:root:	Batch: 208/346 done
INFO:root:	Batch: 277/346 done
INFO:root:	Batch: 346/346 done
INFO:result:6, 1.1321, 0.7742, 0.7261, 0.6190, 0.4984, 0.5690, 0.4950, 0.5356
INFO:root:Running epoch 7
INFO:root:	Batch: 1/346 done
INFO:root:	Batch: 70/346 done
INFO:root:	Batch: 139/346 done
INFO:root:	Batch: 208/346 done
INFO:root:	Batch: 277/346 done
INFO:root:	Batch: 346/346 done
INFO:result:7, 1.1196, 0.7839, 0.7347, 0.5866, 0.2237, 0.5483, 0.2075, 0.4942
INFO:root:Running epoch 8
INFO:root:	Batch: 1/346 done
INFO:root:	Batch: 70/346 done
INFO:root:	Batch: 139/346 done
INFO:root:	Batch: 208/346 done
INFO:root:	Batch: 277/346 done
INFO:root:	Batch: 346/346 done
INFO:result:8, 1.1066, 0.7996, 0.7397, 0.6219, 0.6127, 0.5867, 0.6068, 0.5532
INFO:root:Running epoch 9
INFO:root:	Batch: 1/346 done
INFO:root:	Batch: 70/346 done
INFO:root:	Batch: 139/346 done
INFO:root:	Batch: 208/346 done
INFO:root:	Batch: 277/346 done
INFO:root:	Batch: 346/346 done
INFO:result:9, 1.0944, 0.8084, 0.7434, 0.6401, 0.5981, 0.5845, 0.5970, 0.5481
INFO:root:Running epoch 10
INFO:root:	Batch: 1/346 done
INFO:root:	Batch: 70/346 done
INFO:root:	Batch: 139/346 done
INFO:root:	Batch: 208/346 done
INFO:root:	Batch: 277/346 done
INFO:root:	Batch: 346/346 done
INFO:result:10, 1.0894, 0.7864, 0.7282, 0.6239, 0.5713, 0.5688, 0.5361, 0.5296
INFO:root:Running epoch 11
INFO:root:	Batch: 1/346 done
INFO:root:	Batch: 70/346 done
INFO:root:	Batch: 139/346 done
INFO:root:	Batch: 208/346 done
INFO:root:	Batch: 277/346 done
INFO:root:	Batch: 346/346 done
INFO:result:11, 1.1051, 0.6138, 0.6744, 0.6437, 0.5803, 0.6088, 0.5401, 0.5633
INFO:root:Running epoch 12
INFO:root:	Batch: 1/346 done
INFO:root:	Batch: 70/346 done
INFO:root:	Batch: 139/346 done
INFO:root:	Batch: 208/346 done
INFO:root:	Batch: 277/346 done
INFO:root:	Batch: 346/346 done
INFO:result:12, 1.1108, 0.7263, 0.6809, 0.6150, 0.5589, 0.6060, 0.5311, 0.5566
INFO:root:Running epoch 13
INFO:root:	Batch: 1/346 done
INFO:root:	Batch: 70/346 done
INFO:root:	Batch: 139/346 done
INFO:root:	Batch: 208/346 done
INFO:root:	Batch: 277/346 done
INFO:root:	Batch: 346/346 done
INFO:result:13, 1.1120, 0.7554, 0.6892, 0.6007, 0.5494, 0.5942, 0.5574, 0.5392
INFO:root:Running epoch 14
INFO:root:	Batch: 1/346 done
INFO:root:	Batch: 70/346 done
INFO:root:	Batch: 139/346 done
INFO:root:	Batch: 208/346 done
INFO:root:	Batch: 277/346 done
INFO:root:	Batch: 346/346 done
INFO:result:14, 1.1111, 0.7684, 0.6914, 0.6149, 0.5418, 0.5955, 0.5528, 0.5402
INFO:root:Running epoch 15
INFO:root:	Batch: 1/346 done
INFO:root:	Batch: 70/346 done
INFO:root:	Batch: 139/346 done
INFO:root:	Batch: 208/346 done
INFO:root:	Batch: 277/346 done
INFO:root:	Batch: 346/346 done
INFO:result:15, 1.1138, 0.7310, 0.6693, 0.6216, 0.5506, 0.6107, 0.5240, 0.5526
INFO:root:Running epoch 16
INFO:root:	Batch: 1/346 done
INFO:root:	Batch: 70/346 done
INFO:root:	Batch: 139/346 done
INFO:root:	Batch: 208/346 done
INFO:root:	Batch: 277/346 done
INFO:root:	Batch: 346/346 done
INFO:result:16, 1.1146, 0.7492, 0.6748, 0.6177, 0.5290, 0.6243, 0.5189, 0.5680
INFO:root:Running epoch 17
INFO:root:	Batch: 1/346 done
INFO:root:	Batch: 70/346 done
INFO:root:	Batch: 139/346 done
INFO:root:	Batch: 208/346 done
INFO:root:	Batch: 277/346 done
INFO:root:	Batch: 346/346 done
INFO:result:17, 1.1123, 0.7751, 0.6970, 0.6329, 0.5355, 0.6050, 0.5041, 0.5448
INFO:root:Running epoch 18
INFO:root:	Batch: 1/346 done
INFO:root:	Batch: 70/346 done
INFO:root:	Batch: 139/346 done
INFO:root:	Batch: 208/346 done
INFO:root:	Batch: 277/346 done
INFO:root:	Batch: 346/346 done
INFO:result:18, 1.1098, 0.7778, 0.7014, 0.6310, 0.5518, 0.6010, 0.4896, 0.5346
INFO:root:Running epoch 19
INFO:root:	Batch: 1/346 done
INFO:root:	Batch: 70/346 done
INFO:root:	Batch: 139/346 done
INFO:root:	Batch: 208/346 done
INFO:root:	Batch: 277/346 done
INFO:root:	Batch: 346/346 done
INFO:result:19, 1.1064, 0.7858, 0.7102, 0.6443, 0.5503, 0.6063, 0.4893, 0.5502
INFO:root:Running epoch 20
INFO:root:	Batch: 1/346 done
INFO:root:	Batch: 70/346 done
INFO:root:	Batch: 139/346 done
INFO:root:	Batch: 208/346 done
INFO:root:	Batch: 277/346 done
INFO:root:	Batch: 346/346 done
INFO:result:20, 1.1027, 0.7928, 0.7156, 0.6360, 0.5630, 0.6152, 0.4942, 0.5564
INFO:root:Running epoch 21
INFO:root:	Batch: 1/346 done
INFO:root:	Batch: 70/346 done
INFO:root:	Batch: 139/346 done
INFO:root:	Batch: 208/346 done
INFO:root:	Batch: 277/346 done
INFO:root:	Batch: 346/346 done
INFO:result:21, 1.1028, 0.7726, 0.6823, 0.6522, 0.5096, 0.6200, 0.3717, 0.5580
INFO:root:Running epoch 22
INFO:root:	Batch: 1/346 done
INFO:root:	Batch: 70/346 done
INFO:root:	Batch: 139/346 done
INFO:root:	Batch: 208/346 done
INFO:root:	Batch: 277/346 done
INFO:root:	Batch: 346/346 done
INFO:result:22, 1.1015, 0.7910, 0.6818, 0.6399, 0.5145, 0.6123, 0.3176, 0.5510
INFO:root:early stop triggered, break
INFO:root:best epoch: 1, best test ap: 0.6243
INFO:root:saving the last model
INFO:root:model saved
INFO:root:commencing final evaluation and test
INFO:root:evaluating user 264
INFO:root:evaluating user 74
INFO:root:evaluating user 216
INFO:root:evaluating user 2072
INFO:root:evaluating user 3860
INFO:root:evaluating user 1169
INFO:root:evaluating user 1993
INFO:root:evaluating user 2370
INFO:root:evaluating user 1370
INFO:root:evaluating user 1852
INFO:root:evaluating user 4742
INFO:root:evaluating user 3016
INFO:root:evaluating user 1979
INFO:root:evaluating user 1938
INFO:root:evaluating user 3211
INFO:root:evaluating user 885
INFO:root:evaluating user 1059
INFO:root:evaluating user 885
INFO:root:evaluating user 2633
INFO:root:evaluating user 703
INFO:root:evaluating user 199
INFO:root:evaluating user 1861
INFO:root:evaluating user 1948
INFO:root:evaluating user 1948
INFO:root:evaluating user 63
INFO:root:evaluating user 1948
INFO:root:evaluating user 951
INFO:root:evaluating user 1948
INFO:root:evaluating user 2110
INFO:root:evaluating user 1886
INFO:root:evaluating user 1886
INFO:root:evaluating user 773
INFO:root:evaluating user 992
INFO:root:evaluating user 1512
INFO:root:evaluating user 1395
INFO:root:evaluating user 1712
INFO:root:evaluating user 1979
INFO:root:evaluating user 950
INFO:root:evaluating user 1795
INFO:root:evaluating user 87
INFO:root:evaluating user 1072
INFO:root:evaluating user 594
INFO:root:evaluating user 78
INFO:root:evaluating user 216
INFO:root:evaluating user 1059
INFO:root:evaluating user 216
INFO:root:evaluating user 2856
INFO:root:evaluating user 1488
INFO:root:evaluating user 2192
INFO:root:evaluating user 1999
INFO:root:evaluating user 2052
INFO:root:evaluating user 67
INFO:root:evaluating user 2052
INFO:root:evaluating user 2126
INFO:root:evaluating user 1169
INFO:root:evaluating user 1570
INFO:root:evaluating user 1568
INFO:root:evaluating user 3942
INFO:root:evaluating user 502
INFO:root:evaluating user 87
INFO:root:evaluating user 216
INFO:root:evaluating user 1110
INFO:root:evaluating user 1529
INFO:root:evaluating user 12
INFO:root:evaluating user 1721
INFO:root:evaluating user 92
INFO:root:evaluating user 951
INFO:root:evaluating user 951
INFO:root:evaluating user 221
INFO:root:evaluating user 3943
INFO:root:evaluating user 812
INFO:root:evaluating user 951
INFO:root:evaluating user 3060
INFO:root:evaluating user 1999
INFO:root:evaluating user 2054
INFO:root:evaluating user 695
INFO:root:evaluating user 2230
INFO:root:evaluating user 864
INFO:root:evaluating user 864
INFO:root:evaluating user 78
INFO:root:evaluating user 864
INFO:root:evaluating user 1076
INFO:root:evaluating user 864
INFO:root:evaluating user 1072
INFO:root:evaluating user 1117
INFO:root:evaluating user 3060
INFO:root:evaluating user 1572
INFO:root:evaluating user 2006
INFO:root:evaluating user 221
INFO:root:evaluating user 87
INFO:root:evaluating user 1619
INFO:root:evaluating user 1619
INFO:root:evaluating user 1619
INFO:root:evaluating user 1619
INFO:root:evaluating user 1619
INFO:root:evaluating user 3249
INFO:root:evaluating user 951
INFO:root:evaluating user 2110
INFO:root:evaluating user 53
INFO:root:evaluating user 767
INFO:root:evaluating user 864
INFO:root:evaluating user 864
INFO:root:evaluating user 954
INFO:root:evaluating user 1395
INFO:root:evaluating user 951
INFO:root:evaluating user 951
INFO:root:evaluating user 2175
INFO:root:evaluating user 2175
INFO:root:evaluating user 3057
INFO:root:evaluating user 3057
INFO:root:evaluating user 3057
INFO:root:evaluating user 3057
INFO:root:evaluating user 4289
INFO:root:evaluating user 1059
INFO:root:evaluating user 87
INFO:root:evaluating user 87
INFO:root:evaluating user 53
INFO:root:evaluating user 53
INFO:root:evaluating user 913
INFO:root:evaluating user 2192
INFO:root:evaluating user 1483
INFO:root:evaluating user 737
INFO:root:evaluating user 3218
INFO:root:evaluating user 951
INFO:root:evaluating user 67
INFO:root:evaluating user 864
INFO:root:evaluating user 874
INFO:root:evaluating user 3234
INFO:root:evaluating user 3234
INFO:root:evaluating user 2158
INFO:root:evaluating user 1987
INFO:root:evaluating user 2072
INFO:root:evaluating user 1987
INFO:root:evaluating user 2356
INFO:root:evaluating user 463
INFO:root:evaluating user 1999
INFO:root:evaluating user 951
INFO:root:evaluating user 4142
INFO:root:evaluating user 1331
INFO:root:evaluating user 1483
INFO:root:evaluating user 972
INFO:root:evaluating user 87
INFO:root:evaluating user 862
INFO:root:evaluating user 5141
INFO:root:evaluating user 874
INFO:root:evaluating user 87
INFO:root:evaluating user 615
INFO:root:evaluating user 1795
INFO:root:evaluating user 1795
INFO:root:evaluating user 3232
INFO:root:evaluating user 874
INFO:root:evaluating user 74
INFO:root:evaluating user 491
INFO:root:evaluating user 203
INFO:root:evaluating user 2181
INFO:root:evaluating user 261
INFO:root:evaluating user 615
INFO:root:evaluating user 2356
INFO:root:evaluating user 216
INFO:root:evaluating user 78
INFO:root:evaluating user 2250
INFO:root:evaluating user 1703
INFO:root:evaluating user 216
INFO:root:evaluating user 199
INFO:root:evaluating user 53
INFO:root:evaluating user 78
INFO:root:evaluating user 87
INFO:root:evaluating user 67
INFO:root:evaluating user 1353
INFO:root:evaluating user 193
INFO:root:evaluating user 2691
INFO:root:evaluating user 1072
INFO:root:evaluating user 333
INFO:root:evaluating user 87
INFO:root:evaluating user 2629
INFO:root:evaluating user 882
INFO:root:evaluating user 78
INFO:root:evaluating user 491
INFO:root:evaluating user 87
INFO:root:evaluating user 840
INFO:root:evaluating user 87
INFO:root:evaluating user 232
INFO:root:evaluating user 216
INFO:root:evaluating user 1852
INFO:root:evaluating user 1059
INFO:root:evaluating user 78
INFO:root:evaluating user 1076
INFO:root:evaluating user 261
INFO:root:evaluating user 1263
INFO:root:evaluating user 265
INFO:root:evaluating user 3232
INFO:root:evaluating user 1072
INFO:root:evaluating user 2550
INFO:root:evaluating user 1483
INFO:root:evaluating user 862
INFO:root:evaluating user 67
INFO:root:evaluating user 4847
INFO:root:evaluating user 67
INFO:root:evaluating user 3939
INFO:root:evaluating user 98
INFO:root:evaluating user 723
INFO:root:evaluating user 1999
INFO:root:evaluating user 78
INFO:root:evaluating user 98
INFO:root:evaluating user 723
INFO:root:evaluating user 1347
INFO:root:evaluating user 491
INFO:root:evaluating user 1711
INFO:root:evaluating user 3484
INFO:root:evaluating user 2382
INFO:root:evaluating user 3939
INFO:root:evaluating user 180
INFO:root:evaluating user 98
INFO:root:evaluating user 1059
INFO:root:evaluating user 2251
INFO:root:evaluating user 4345
INFO:root:evaluating user 87
INFO:root:evaluating user 2790
INFO:root:evaluating user 3901
INFO:root:evaluating user 265
INFO:root:evaluating user 98
INFO:root:evaluating user 98
INFO:root:evaluating user 1733
INFO:root:evaluating user 45
INFO:root:evaluating user 45
INFO:root:evaluating user 87
INFO:root:evaluating user 98
INFO:root:evaluating user 98
INFO:root:evaluating user 1938
INFO:root:evaluating user 218
INFO:root:evaluating user 216
INFO:root:evaluating user 737
INFO:root:evaluating user 3280
INFO:root:evaluating user 3430
INFO:root:evaluating user 98
INFO:root:evaluating user 885
INFO:root:evaluating user 4103
INFO:root:evaluating user 4664
INFO:root:evaluating user 2070
INFO:root:evaluating user 2012
INFO:root:evaluating user 98
INFO:root:evaluating user 929
INFO:root:evaluating user 419
INFO:root:evaluating user 73
INFO:root:evaluating user 1072
INFO:root:evaluating user 1072
INFO:root:evaluating user 830
INFO:root:evaluating user 71
INFO:root:evaluating user 1059
INFO:root:evaluating user 1311
INFO:root:evaluating user 1886
INFO:root:evaluating user 216
INFO:root:evaluating user 245
INFO:root:evaluating user 74
INFO:root:evaluating user 71
INFO:root:evaluating user 71
INFO:root:evaluating user 71
INFO:root:evaluating user 2072
INFO:root:evaluating user 2469
INFO:root:evaluating user 87
INFO:root:evaluating user 3657
INFO:root:evaluating user 937
INFO:root:evaluating user 221
INFO:root:evaluating user 86
INFO:root:evaluating user 862
INFO:root:evaluating user 2543
INFO:root:evaluating user 76
INFO:root:evaluating user 75
INFO:root:evaluating user 115
INFO:root:evaluating user 216
INFO:root:evaluating user 885
INFO:root:evaluating user 2773
INFO:root:evaluating user 74
INFO:root:evaluating user 216
INFO:root:evaluating user 216
INFO:root:evaluating user 67
INFO:root:evaluating user 947
INFO:root:evaluating user 233
INFO:root:evaluating user 1322
INFO:root:evaluating user 1322
INFO:root:evaluating user 2262
INFO:root:evaluating user 705
INFO:root:evaluating user 954
INFO:root:evaluating user 937
INFO:root:evaluating user 1110
INFO:root:evaluating user 1072
INFO:root:evaluating user 2096
INFO:root:evaluating user 937
INFO:root:evaluating user 1774
INFO:root:evaluating user 2175
INFO:root:evaluating user 216
INFO:root:evaluating user 3624
INFO:root:evaluating user 2175
INFO:root:evaluating user 833
INFO:root:evaluating user 633
INFO:root:evaluating user 82
INFO:root:evaluating user 209
INFO:root:evaluating user 2001
INFO:root:evaluating user 615
INFO:root:evaluating user 78
INFO:root:evaluating user 2583
INFO:root:evaluating user 1596
INFO:root:evaluating user 3208
INFO:root:evaluating user 3197
INFO:root:evaluating user 74
INFO:root:evaluating user 1649
INFO:root:evaluating user 913
INFO:root:evaluating user 1072
INFO:root:evaluating user 221
INFO:root:evaluating user 4345
INFO:root:evaluating user 4345
INFO:root:evaluating user 87
INFO:root:evaluating user 1627
INFO:root:evaluating user 1938
INFO:root:evaluating user 2250
INFO:root:evaluating user 1464
INFO:root:evaluating user 1483
INFO:root:evaluating user 2079
INFO:root:evaluating user 87
INFO:root:evaluating user 1695
INFO:root:evaluating user 2462
INFO:root:evaluating user 988
INFO:root:evaluating user 913
INFO:root:evaluating user 3507
INFO:root:evaluating user 2194
INFO:root:evaluating user 87
INFO:root:evaluating user 2079
INFO:root:evaluating user 1730
INFO:root:evaluating user 1886
INFO:root:evaluating user 2346
INFO:root:evaluating user 3487
INFO:root:evaluating user 87
INFO:root:evaluating user 3487
INFO:root:evaluating user 71
INFO:root:evaluating user 3487
INFO:root:evaluating user 3487
INFO:root:evaluating user 895
INFO:root:evaluating user 1072
INFO:root:evaluating user 71
INFO:root:evaluating user 947
INFO:root:evaluating user 1999
INFO:root:evaluating user 1483
INFO:root:evaluating user 232
INFO:root:evaluating user 183
INFO:root:evaluating user 2509
INFO:root:evaluating user 791
INFO:root:evaluating user 3833
INFO:root:evaluating user 1698
INFO:root:evaluating user 1839
INFO:root:evaluating user 1072
INFO:root:evaluating user 2462
INFO:root:evaluating user 2262
INFO:root:evaluating user 769
INFO:root:evaluating user 2462
INFO:root:evaluating user 2462
INFO:root:evaluating user 626
INFO:root:evaluating user 1395
INFO:root:evaluating user 2128
INFO:root:evaluating user 2262
INFO:root:evaluating user 841
INFO:root:evaluating user 1395
INFO:root:evaluating user 3106
INFO:root:evaluating user 951
INFO:root:evaluating user 38
INFO:root:evaluating user 1110
INFO:root:evaluating user 841
INFO:root:evaluating user 841
INFO:root:evaluating user 1703
INFO:root:evaluating user 841
INFO:root:evaluating user 769
INFO:root:evaluating user 2617
INFO:root:evaluating user 841
INFO:root:evaluating user 75
INFO:root:evaluating user 841
INFO:root:evaluating user 1633
INFO:root:evaluating user 1414
INFO:root:evaluating user 71
INFO:root:evaluating user 71
INFO:root:evaluating user 71
INFO:root:evaluating user 2262
INFO:root:evaluating user 3197
INFO:root:evaluating user 2998
INFO:root:evaluating user 71
INFO:root:evaluating user 3060
INFO:root:evaluating user 78
INFO:root:evaluating user 1999
INFO:root:evaluating user 2036
INFO:root:evaluating user 1059
INFO:root:evaluating user 166
INFO:root:evaluating user 1059
INFO:root:evaluating user 505
INFO:root:evaluating user 3141
INFO:root:evaluating user 275
INFO:root:evaluating user 841
INFO:root:evaluating user 38
INFO:root:evaluating user 2120
INFO:root:evaluating user 1613
INFO:root:evaluating user 2296
INFO:root:evaluating user 1613
INFO:root:evaluating user 166
INFO:root:evaluating user 1613
INFO:root:evaluating user 1613
INFO:root:evaluating user 1613
INFO:root:evaluating user 1613
INFO:root:evaluating user 1613
INFO:root:evaluating user 1613
INFO:root:evaluating user 1613
INFO:root:evaluating user 1613
INFO:root:evaluating user 1613
INFO:root:evaluating user 1613
INFO:root:evaluating user 1613
INFO:root:evaluating user 1613
INFO:root:evaluating user 738
INFO:root:evaluating user 1613
INFO:root:evaluating user 53
INFO:root:evaluating user 1613
INFO:root:evaluating user 1613
INFO:root:evaluating user 1613
INFO:root:evaluating user 1839
INFO:root:evaluating user 1999
INFO:root:evaluating user 78
INFO:root:evaluating user 951
INFO:root:evaluating user 1613
INFO:root:evaluating user 221
INFO:root:evaluating user 1999
INFO:root:evaluating user 261
INFO:root:evaluating user 67
INFO:root:evaluating user 2550
INFO:root:evaluating user 2848
INFO:root:evaluating user 2550
INFO:root:evaluating user 1999
INFO:root:evaluating user 2576
INFO:root:evaluating user 824
INFO:root:evaluating user 1613
INFO:root:evaluating user 1613
INFO:root:evaluating user 1613
INFO:root:evaluating user 143
INFO:root:evaluating user 1072
INFO:root:evaluating user 261
INFO:root:evaluating user 1072
INFO:root:evaluating user 1613
INFO:root:evaluating user 2258
INFO:root:evaluating user 1613
INFO:root:evaluating user 1613
INFO:root:evaluating user 1072
INFO:root:evaluating user 347
INFO:root:evaluating user 216
INFO:root:evaluating user 1613
INFO:root:evaluating user 1613
INFO:root:evaluating user 1613
INFO:root:evaluating user 1613
INFO:root:evaluating user 1613
INFO:root:evaluating user 1613
INFO:root:evaluating user 216
INFO:root:evaluating user 1955
INFO:root:evaluating user 42
INFO:root:evaluating user 203
INFO:root:evaluating user 1795
INFO:root:evaluating user 3901
INFO:root:evaluating user 2258
INFO:root:evaluating user 2258
INFO:root:evaluating user 4937
INFO:root:evaluating user 824
INFO:root:evaluating user 78
INFO:root:evaluating user 1929
INFO:root:evaluating user 2509
INFO:root:evaluating user 723
INFO:root:evaluating user 199
INFO:root:evaluating user 4090
INFO:root:evaluating user 63
INFO:root:evaluating user 2126
INFO:root:evaluating user 63
INFO:root:evaluating user 63
INFO:root:evaluating user 63
INFO:root:evaluating user 63
INFO:root:evaluating user 2875
INFO:root:evaluating user 2550
INFO:root:evaluating user 321
INFO:root:evaluating user 1999
INFO:root:evaluating user 87
INFO:root:evaluating user 78
INFO:root:evaluating user 2790
INFO:root:evaluating user 4090
INFO:root:evaluating user 190
INFO:root:evaluating user 190
INFO:root:evaluating user 190
INFO:root:evaluating user 871
INFO:root:evaluating user 265
INFO:root:evaluating user 87
INFO:root:evaluating user 87
INFO:root:evaluating user 2075
INFO:root:evaluating user 204
INFO:root:evaluating user 1488
INFO:root:evaluating user 954
INFO:root:evaluating user 951
INFO:root:evaluating user 2546
INFO:root:evaluating user 2126
INFO:root:evaluating user 1169
INFO:root:evaluating user 1001
INFO:root:evaluating user 1001
INFO:root:evaluating user 2126
INFO:root:evaluating user 2126
INFO:root:evaluating user 1087
INFO:root:evaluating user 175
INFO:root:evaluating user 3539
INFO:root:evaluating user 1653
INFO:root:evaluating user 325
INFO:root:evaluating user 1999
INFO:root:evaluating user 1372
INFO:root:evaluating user 3057
INFO:root:evaluating user 92
INFO:root:evaluating user 3611
INFO:root:evaluating user 391
INFO:root:evaluating user 391
INFO:root:evaluating user 2115
INFO:root:evaluating user 391
INFO:root:evaluating user 281
INFO:root:evaluating user 2244
INFO:root:evaluating user 1311
INFO:root:evaluating user 2213
INFO:root:evaluating user 1849
INFO:root:evaluating user 1979
INFO:root:evaluating user 502
INFO:root:evaluating user 281
INFO:root:evaluating user 2930
INFO:root:evaluating user 2137
INFO:root:evaluating user 78
INFO:root:evaluating user 230
INFO:root:evaluating user 3817
INFO:root:evaluating user 1370
INFO:root:evaluating user 1072
INFO:root:evaluating user 2590
INFO:root:evaluating user 78
INFO:root:evaluating user 1414
INFO:root:evaluating user 78
INFO:root:evaluating user 1414
INFO:root:evaluating user 1414
INFO:root:evaluating user 1628
INFO:root:evaluating user 1322
INFO:root:evaluating user 1322
INFO:root:evaluating user 3539
INFO:root:evaluating user 216
INFO:root:evaluating user 1374
INFO:root:evaluating user 261
INFO:root:evaluating user 2374
INFO:root:evaluating user 4598
INFO:root:evaluating user 1072
INFO:root:evaluating user 841
INFO:root:evaluating user 2126
INFO:root:evaluating user 1613
INFO:root:evaluating user 1613
INFO:root:evaluating user 1613
INFO:root:evaluating user 1613
INFO:root:evaluating user 1613
INFO:root:evaluating user 1613
INFO:root:evaluating user 1613
INFO:root:evaluating user 5334
INFO:root:evaluating user 782
INFO:root:evaluating user 295
INFO:root:evaluating user 723
INFO:root:evaluating user 1483
INFO:root:evaluating user 1613
INFO:root:evaluating user 1820
INFO:root:evaluating user 1565
INFO:root:evaluating user 1703
INFO:root:evaluating user 92
INFO:root:evaluating user 226
INFO:root:evaluating user 1613
INFO:root:evaluating user 1613
INFO:root:evaluating user 1613
INFO:root:evaluating user 3068
INFO:root:evaluating user 1613
INFO:root:evaluating user 92
INFO:root:evaluating user 1617
INFO:root:evaluating user 1483
INFO:root:evaluating user 1979
INFO:root:evaluating user 1072
INFO:root:evaluating user 1613
INFO:root:evaluating user 1613
INFO:root:evaluating user 92
INFO:root:evaluating user 216
INFO:root:evaluating user 87
INFO:root:evaluating user 1999
INFO:root:evaluating user 87
INFO:root:evaluating user 319
INFO:root:evaluating user 216
INFO:root:evaluating user 1613
INFO:root:evaluating user 216
INFO:root:evaluating user 1568
INFO:root:evaluating user 3930
INFO:root:evaluating user 262
INFO:root:evaluating user 1613
INFO:root:evaluating user 3555
INFO:root:evaluating user 1613
INFO:root:evaluating user 1999
INFO:root:evaluating user 1771
INFO:root:evaluating user 1613
INFO:root:evaluating user 871
INFO:root:evaluating user 601
INFO:root:evaluating user 1771
INFO:root:evaluating user 951
INFO:root:evaluating user 1322
INFO:root:evaluating user 1771
INFO:root:evaluating user 1613
INFO:root:evaluating user 1322
INFO:root:evaluating user 1322
INFO:root:evaluating user 1613
INFO:root:evaluating user 2045
INFO:root:evaluating user 1565
INFO:root:evaluating user 262
INFO:root:evaluating user 1893
INFO:root:evaluating user 940
INFO:root:evaluating user 1613
INFO:root:evaluating user 1613
INFO:root:evaluating user 824
INFO:root:evaluating user 63
INFO:root:evaluating user 2897
INFO:root:evaluating user 63
INFO:root:evaluating user 2691
INFO:root:evaluating user 1999
INFO:root:evaluating user 824
INFO:root:evaluating user 87
INFO:root:evaluating user 1568
INFO:root:evaluating user 824
INFO:root:evaluating user 115
INFO:root:evaluating user 261
INFO:root:evaluating user 2115
INFO:root:evaluating user 1955
INFO:root:evaluating user 1001
INFO:root:evaluating user 1585
INFO:root:evaluating user 262
INFO:root:evaluating user 2994
INFO:root:evaluating user 2629
INFO:root:evaluating user 3142
INFO:root:evaluating user 78
INFO:root:evaluating user 78
INFO:root:evaluating user 1954
INFO:root:evaluating user 1125
INFO:root:evaluating user 1613
INFO:root:evaluating user 1613
INFO:root:evaluating user 3055
INFO:root:evaluating user 3827
INFO:root:evaluating user 3827
INFO:root:evaluating user 3827
INFO:root:evaluating user 3827
INFO:root:evaluating user 882
INFO:root:evaluating user 936
INFO:root:evaluating user 1483
INFO:root:evaluating user 2994
INFO:root:evaluating user 1795
INFO:root:evaluating user 673
INFO:root:evaluating user 2382
INFO:root:evaluating user 1889
INFO:root:evaluating user 2570
INFO:root:evaluating user 2570
INFO:root:evaluating user 192
INFO:root:evaluating user 319
INFO:root:evaluating user 143
INFO:root:evaluating user 1322
INFO:root:evaluating user 2550
INFO:root:evaluating user 261
INFO:root:evaluating user 3219
INFO:root:evaluating user 3271
INFO:root:evaluating user 3271
INFO:root:evaluating user 2617
INFO:root:evaluating user 1370
INFO:root:evaluating user 1696
INFO:root:evaluating user 19
INFO:root:evaluating user 1895
INFO:root:evaluating user 1895
INFO:root:evaluating user 990
INFO:root:evaluating user 1775
INFO:root:evaluating user 2115
INFO:root:evaluating user 40
INFO:root:evaluating user 1414
INFO:root:evaluating user 53
INFO:root:evaluating user 261
INFO:root:evaluating user 1696
INFO:root:evaluating user 19
INFO:root:evaluating user 5180
INFO:root:evaluating user 1076
INFO:root:evaluating user 2483
INFO:root:evaluating user 261
INFO:root:evaluating user 2045
INFO:root:evaluating user 74
INFO:root:evaluating user 1337
INFO:root:evaluating user 261
INFO:root:evaluating user 3236
INFO:root:evaluating user 2128
INFO:root:evaluating user 74
INFO:root:evaluating user 2128
INFO:root:evaluating user 261
INFO:root:evaluating user 1420
INFO:root:evaluating user 615
INFO:root:evaluating user 1585
INFO:root:evaluating user 951
INFO:root:evaluating user 78
INFO:root:evaluating user 281
INFO:root:evaluating user 897
INFO:root:evaluating user 4103
INFO:root:evaluating user 951
INFO:root:evaluating user 78
INFO:root:evaluating user 2052
INFO:root:evaluating user 281
INFO:root:evaluating user 773
INFO:root:evaluating user 595
INFO:root:evaluating user 295
INFO:root:evaluating user 261
INFO:root:evaluating user 840
INFO:root:evaluating user 192
INFO:root:evaluating user 216
INFO:root:evaluating user 2075
INFO:root:evaluating user 1711
INFO:root:evaluating user 2723
INFO:root:evaluating user 3055
INFO:root:evaluating user 491
INFO:root:evaluating user 1337
INFO:root:evaluating user 1072
INFO:root:evaluating user 673
INFO:root:evaluating user 2382
INFO:root:evaluating user 915
INFO:root:evaluating user 1703
INFO:root:evaluating user 1929
INFO:root:evaluating user 262
INFO:root:evaluating user 1999
INFO:root:evaluating user 1470
INFO:root:evaluating user 992
INFO:root:evaluating user 166
INFO:root:evaluating user 74
INFO:root:evaluating user 87
INFO:root:evaluating user 2580
INFO:root:evaluating user 582
INFO:root:evaluating user 507
INFO:root:evaluating user 385
INFO:root:evaluating user 1263
INFO:root:evaluating user 1619
INFO:root:evaluating user 262
INFO:root:evaluating user 3208
INFO:root:evaluating user 192
INFO:root:evaluating user 262
INFO:root:evaluating user 1999
INFO:root:evaluating user 1999
INFO:root:evaluating user 1353
INFO:root:evaluating user 1999
INFO:root:evaluating user 1353
INFO:root:evaluating user 81
INFO:root:evaluating user 3044
INFO:root:evaluating user 833
INFO:root:evaluating user 1585
INFO:root:evaluating user 488
INFO:root:evaluating user 2193
INFO:root:evaluating user 4742
INFO:root:evaluating user 738
INFO:root:evaluating user 1072
INFO:root:evaluating user 216
INFO:root:evaluating user 2556
INFO:root:evaluating user 2062
INFO:root:evaluating user 2262
INFO:root:evaluating user 261
INFO:root:evaluating user 2370
INFO:root:evaluating user 738
INFO:root:evaluating user 2110
INFO:root:evaluating user 507
INFO:root:evaluating user 221
INFO:root:evaluating user 882
INFO:root:evaluating user 92
INFO:root:evaluating user 1264
INFO:root:evaluating user 87
INFO:root:evaluating user 87
INFO:root:evaluating user 262
INFO:root:evaluating user 63
INFO:root:evaluating user 862
INFO:root:evaluating user 1264
INFO:root:evaluating user 1264
INFO:root:evaluating user 2052
INFO:root:evaluating user 319
INFO:root:evaluating user 3197
INFO:root:evaluating user 74
INFO:root:evaluating user 950
INFO:root:evaluating user 261
INFO:root:evaluating user 818
INFO:root:evaluating user 871
INFO:root:evaluating user 131
INFO:root:evaluating user 261
INFO:root:evaluating user 78
INFO:root:evaluating user 3133
INFO:root:evaluating user 1954
INFO:root:evaluating user 194
INFO:root:evaluating user 194
INFO:root:evaluating user 885
INFO:root:evaluating user 194
INFO:root:evaluating user 194
INFO:root:evaluating user 1308
INFO:root:evaluating user 261
INFO:root:evaluating user 864
INFO:root:evaluating user 1072
INFO:root:evaluating user 194
INFO:root:evaluating user 3833
INFO:root:evaluating user 3765
INFO:root:evaluating user 4667
INFO:root:evaluating user 3141
INFO:root:evaluating user 1110
INFO:root:evaluating user 1223
INFO:root:evaluating user 1820
INFO:root:evaluating user 951
INFO:root:evaluating user 1072
INFO:root:evaluating user 275
INFO:root:evaluating user 1929
INFO:root:evaluating user 940
INFO:root:evaluating user 38
INFO:root:evaluating user 987
INFO:root:evaluating user 1337
INFO:root:evaluating user 1327
INFO:root:evaluating user 1999
INFO:root:evaluating user 1054
INFO:root:evaluating user 1752
INFO:root:evaluating user 1987
INFO:root:evaluating user 1963
INFO:root:evaluating user 3269
INFO:root:evaluating user 3572
INFO:root:evaluating user 3572
INFO:root:evaluating user 1752
INFO:root:evaluating user 3572
INFO:root:evaluating user 2550
INFO:root:evaluating user 1954
INFO:root:evaluating user 491
INFO:root:evaluating user 3574
INFO:root:evaluating user 53
INFO:root:evaluating user 78
INFO:root:evaluating user 2903
INFO:root:evaluating user 1114
INFO:root:evaluating user 1795
INFO:root:evaluating user 2759
INFO:root:evaluating user 507
INFO:root:evaluating user 194
INFO:root:evaluating user 945
INFO:root:evaluating user 1323
INFO:root:evaluating user 874
INFO:root:evaluating user 1906
INFO:root:evaluating user 1906
INFO:root:evaluating user 1906
INFO:root:evaluating user 1906
INFO:root:evaluating user 2682
INFO:root:evaluating user 2682
INFO:root:evaluating user 2682
INFO:root:evaluating user 96
INFO:root:evaluating user 871
INFO:root:evaluating user 864
INFO:root:evaluating user 3498
INFO:root:evaluating user 2001
INFO:root:evaluating user 925
INFO:root:evaluating user 925
INFO:root:evaluating user 87
INFO:root:evaluating user 87
INFO:root:evaluating user 74
INFO:root:evaluating user 1263
INFO:root:evaluating user 1263
INFO:root:evaluating user 3930
INFO:root:evaluating user 87
INFO:root:evaluating user 3555
INFO:root:evaluating user 3572
INFO:root:evaluating user 1483
INFO:root:evaluating user 3097
INFO:root:evaluating user 3097
INFO:root:evaluating user 3097
INFO:root:evaluating user 2621
INFO:root:evaluating user 115
INFO:root:evaluating user 2126
INFO:root:evaluating user 261
INFO:root:evaluating user 2094
INFO:root:evaluating user 3555
INFO:root:evaluating user 62
INFO:root:evaluating user 925
INFO:root:evaluating user 216
INFO:root:evaluating user 882
INFO:root:evaluating user 848
INFO:root:evaluating user 3555
INFO:root:evaluating user 954
INFO:root:evaluating user 2903
INFO:root:evaluating user 723
INFO:root:evaluating user 4169
INFO:root:evaluating user 692
INFO:root:evaluating user 610
INFO:root:evaluating user 1310
INFO:root:evaluating user 216
INFO:root:evaluating user 1775
INFO:root:evaluating user 216
INFO:root:evaluating user 945
INFO:root:evaluating user 3395
INFO:root:evaluating user 3395
INFO:root:evaluating user 2994
INFO:root:evaluating user 1311
INFO:root:evaluating user 4194
INFO:root:evaluating user 2250
INFO:root:evaluating user 1855
INFO:root:evaluating user 1076
INFO:root:evaluating user 265
INFO:root:evaluating user 1169
INFO:root:evaluating user 951
INFO:root:evaluating user 951
INFO:root:evaluating user 945
INFO:root:evaluating user 192
INFO:root:evaluating user 2993
INFO:root:evaluating user 240
INFO:root:evaluating user 1619
INFO:root:evaluating user 1337
INFO:root:evaluating user 1310
INFO:root:evaluating user 1347
INFO:root:evaluating user 109
INFO:root:evaluating user 1572
INFO:root:evaluating user 87
INFO:root:evaluating user 3612
INFO:root:evaluating user 950
INFO:root:evaluating user 1929
INFO:root:evaluating user 833
INFO:root:evaluating user 582
INFO:root:evaluating user 4194
INFO:root:evaluating user 818
INFO:root:evaluating user 897
INFO:root:evaluating user 3611
INFO:root:evaluating user 1886
INFO:root:evaluating user 951
INFO:root:evaluating user 1886
INFO:root:evaluating user 1795
INFO:root:evaluating user 1795
INFO:root:evaluating user 1353
INFO:root:evaluating user 2617
INFO:root:evaluating user 2617
INFO:root:evaluating user 3799
INFO:root:evaluating user 295
INFO:root:evaluating user 1698
INFO:root:evaluating user 897
INFO:root:evaluating user 3109
INFO:root:evaluating user 3219
INFO:root:evaluating user 3245
INFO:root:evaluating user 240
INFO:root:evaluating user 3234
INFO:root:evaluating user 4696
INFO:root:evaluating user 53
INFO:root:evaluating user 2739
INFO:root:evaluating user 2629
INFO:root:evaluating user 87
INFO:root:evaluating user 1938
INFO:root:evaluating user 1311
INFO:root:evaluating user 897
INFO:root:evaluating user 3339
INFO:root:evaluating user 3339
INFO:root:evaluating user 2911
INFO:root:evaluating user 1698
INFO:root:evaluating user 2790
INFO:root:evaluating user 1223
INFO:root:evaluating user 87
INFO:root:evaluating user 87
INFO:root:evaluating user 265
INFO:root:evaluating user 87
INFO:root:evaluating user 216
INFO:root:evaluating user 2903
INFO:root:evaluating user 1963
INFO:root:evaluating user 3536
INFO:root:evaluating user 5124
INFO:root:evaluating user 87
INFO:root:evaluating user 2993
INFO:root:evaluating user 240
INFO:root:evaluating user 87
INFO:root:evaluating user 818
INFO:root:evaluating user 4024
INFO:root:evaluating user 265
INFO:root:evaluating user 74
INFO:root:evaluating user 610
INFO:root:evaluating user 1311
INFO:root:evaluating user 594
INFO:root:evaluating user 2089
INFO:root:evaluating user 63
INFO:root:evaluating user 1323
INFO:root:evaluating user 3507
INFO:root:evaluating user 1965
INFO:root:evaluating user 216
INFO:root:evaluating user 198
INFO:root:evaluating user 3611
INFO:root:evaluating user 3611
INFO:root:evaluating user 2261
INFO:root:evaluating user 1668
INFO:root:evaluating user 1668
INFO:root:evaluating user 3000
INFO:root:test: {'precision': array([0.00060976, 0.00045732]), 'recall': array([0.00609756, 0.00914634]), 'ndcg': array([0.00480864, 0.00555933]), 'hit_ratio': array([0.00609756, 0.00914634]), 'auc': 0.5318770325203251, 'mrr': 0.004627200982704835}
Traceback (most recent call last):
  File "/mnt/slurm_home/rahul/FYP_siddhant/TGSRec/run_TGREC.py", line 313, in <module>
    with open(test_pred_output_file, 'w') as f:
FileNotFoundError: [Errno 2] No such file or directory: './rank_results/Digital_Music/Digital_Music_TARGON_20240322-073537_test.json'
