INFO:	main:	2024-03-11 11:47:41,969:	Outputs will be saved in: runs/run7
INFO:	main:	2024-03-11 11:47:41,969:	Using seed: 42
INFO:	main:	2024-03-11 11:47:41,969:	Using device: cuda
INFO:	main:	2024-03-11 11:47:41,969:	Commencing data collection for ml-100k
INFO:	dataloader:	2024-03-11 11:47:42,253:	Data preprocessing completed
INFO:	dataloader:	2024-03-11 11:47:42,253:	uid2locid_time: 568 
INFO:	dataloader:	2024-03-11 11:47:42,253:	locid2detail: 1439 
INFO:	dataloader:	2024-03-11 11:47:42,253:	node_num: 2012 
INFO:	dataloader:	2024-03-11 11:47:42,253:	relation_num: 4 
INFO:	dataloader:	2024-03-11 11:47:42,253:	user_num: 568 
INFO:	dataloader:	2024-03-11 11:47:42,254:	train_num: 4544 
INFO:	dataloader:	2024-03-11 11:47:42,254:	test_num: 568 
INFO:	dataloader:	2024-03-11 11:47:42,254:	train_set: (4544, 13) 
INFO:	dataloader:	2024-03-11 11:47:42,254:	test_set: (568, 10) 
INFO:	dataloader:	2024-03-11 11:47:42,254:	uid_list_: 568 
INFO:	dataloader:	2024-03-11 11:47:42,254:	u2v: 568 
INFO:	dataloader:	2024-03-11 11:47:42,254:	u2vc: 568 
INFO:	dataloader:	2024-03-11 11:47:42,254:	v2u: 1439 
INFO:	dataloader:	2024-03-11 11:47:42,254:	v2vc: 1439 
INFO:	main:	2024-03-11 11:47:42,254:	Commencing training for 500 epochs. Please follow Training Logger from here on.
INFO:	main:	2024-03-11 11:48:55,771:	Completed training for 500 epochs
INFO:	main:	2024-03-11 11:48:55,794:	Model saved at runs/run7/model.pth
INFO:	main:	2024-03-11 11:48:55,794:	Completed run 7
