2024-03-11 11:47:42,421:	Model:	CAGSRec with 3 variant
2024-03-11 11:47:42,421:	CAGSRec(
  (long_term_gnn): LongTermGNN(
    (conv_modulelist): ModuleList(
      (0-2): 3 x ImprovedGNNunit(32, 32, num_relations=4)
    )
  )
  (short_term_gnn): ShortTermGNN(
    (conv_modulelist): ModuleList(
      (0-2): 3 x ImprovedGNNunit(32, 32, num_relations=4)
    )
  )
  (temporal_seq_attn_layer): TemporalSequentialAttentionLayer_v2(
    (drop_layer): Dropout(p=0.1, inplace=False)
    (feedforward): Sequential(
      (0): PointWiseFeedForward(
        (conv1): Conv1d(192, 192, kernel_size=(1,), stride=(1,))
        (dropout1): Dropout(p=0.1, inplace=False)
        (relu): ReLU()
        (conv2): Conv1d(192, 192, kernel_size=(1,), stride=(1,))
        (dropout2): Dropout(p=0.1, inplace=False)
      )
      (1): LayerNorm((192,), eps=1e-08, elementwise_affine=True)
    )
  )
  (predict_emb_w): Embedding(1439, 192, padding_idx=0)
  (predict_emb_b): Embedding(1439, 1, padding_idx=0)
  (node_embeddings): Embedding(2012, 32, padding_idx=0)
)
2024-03-11 11:47:42,422:	Optimizer:	Adam with initial lr = 0.001, l2 = 0.0001
2024-03-11 11:47:42,422:	LR Scheduler:	LinearLR
2024-03-11 11:47:50,150:	Epoch 1/500:	Loss: 2.6859	P@10: 0.0572	R@10: 0.0286	MAP@10: 0.0180	NDCG@10: 0.0558	HR@10: 0.4560
2024-03-11 11:47:56,594:	Epoch 2/500:	Loss: 3.0680	P@10: 0.0472	R@10: 0.0236	MAP@10: 0.0172	NDCG@10: 0.0503	HR@10: 0.3803
2024-03-11 11:48:03,530:	Epoch 3/500:	Loss: 3.5768	P@10: 0.0435	R@10: 0.0217	MAP@10: 0.0137	NDCG@10: 0.0432	HR@10: 0.3609
2024-03-11 11:48:10,203:	Epoch 4/500:	Loss: 3.3051	P@10: 0.0523	R@10: 0.0261	MAP@10: 0.0189	NDCG@10: 0.0553	HR@10: 0.4313
2024-03-11 11:48:16,812:	Epoch 5/500:	Loss: 3.3198	P@10: 0.0452	R@10: 0.0226	MAP@10: 0.0137	NDCG@10: 0.0443	HR@10: 0.3926
2024-03-11 11:48:23,226:	Epoch 6/500:	Loss: 3.3489	P@10: 0.0551	R@10: 0.0276	MAP@10: 0.0136	NDCG@10: 0.0477	HR@10: 0.4331
2024-03-11 11:48:29,394:	Epoch 7/500:	Loss: 3.3092	P@10: 0.0310	R@10: 0.0155	MAP@10: 0.0102	NDCG@10: 0.0320	HR@10: 0.2729
2024-03-11 11:48:35,648:	Epoch 8/500:	Loss: 3.1079	P@10: 0.0347	R@10: 0.0173	MAP@10: 0.0093	NDCG@10: 0.0312	HR@10: 0.2782
2024-03-11 11:48:41,893:	Epoch 9/500:	Loss: 3.1265	P@10: 0.0488	R@10: 0.0244	MAP@10: 0.0187	NDCG@10: 0.0530	HR@10: 0.3891
2024-03-11 11:48:48,008:	Epoch 10/500:	Loss: 3.0584	P@10: 0.0535	R@10: 0.0268	MAP@10: 0.0180	NDCG@10: 0.0547	HR@10: 0.4454
2024-03-11 11:48:54,258:	Epoch 11/500:	Loss: 3.0416	P@10: 0.0606	R@10: 0.0303	MAP@10: 0.0233	NDCG@10: 0.0662	HR@10: 0.4806
2024-03-11 11:48:54,258:	Early stopping at epoch 11
