2024-03-11 10:58:03,874:	Model:	CAGSRec with 1 variant
2024-03-11 10:58:03,874:	CAGSRec(
  (long_term_gnn): LongTermGNN(
    (conv_modulelist): ModuleList(
      (0-2): 3 x ImprovedGNNunit(32, 32, num_relations=4)
    )
  )
  (short_term_gnn): ShortTermGNN(
    (conv_modulelist): ModuleList(
      (0-2): 3 x ImprovedGNNunit(32, 32, num_relations=4)
    )
  )
  (temporal_seq_attn_layer): TemporalSequentialAttentionLayer_v2(
    (drop_layer): Dropout(p=0.1, inplace=False)
    (feedforward): Sequential(
      (0): PointWiseFeedForward(
        (conv1): Conv1d(192, 192, kernel_size=(1,), stride=(1,))
        (dropout1): Dropout(p=0.1, inplace=False)
        (relu): ReLU()
        (conv2): Conv1d(192, 192, kernel_size=(1,), stride=(1,))
        (dropout2): Dropout(p=0.1, inplace=False)
      )
      (1): LayerNorm((192,), eps=1e-08, elementwise_affine=True)
    )
  )
  (cross_attn_layer): CrossAttentionLayer_v2(
    (drop_layer): Dropout(p=0.1, inplace=False)
    (feedforward): Sequential(
      (0): PointWiseFeedForward(
        (conv1): Conv1d(192, 192, kernel_size=(1,), stride=(1,))
        (dropout1): Dropout(p=0.1, inplace=False)
        (relu): ReLU()
        (conv2): Conv1d(192, 192, kernel_size=(1,), stride=(1,))
        (dropout2): Dropout(p=0.1, inplace=False)
      )
      (1): LayerNorm((192,), eps=1e-08, elementwise_affine=True)
    )
  )
  (predict_emb_w): Embedding(1439, 192, padding_idx=0)
  (predict_emb_b): Embedding(1439, 1, padding_idx=0)
  (node_embeddings): Embedding(2012, 32, padding_idx=0)
)
2024-03-11 10:58:03,874:	Optimizer:	Adam with initial lr = 0.001, l2 = 0.0001
2024-03-11 10:58:03,874:	LR Scheduler:	LinearLR
2024-03-11 10:58:10,569:	Epoch 1/500:	Loss: 0.9920	P@10: 0.0905	R@10: 0.0452	MAP@10: 0.0371	NDCG@10: 0.0966	HR@10: 0.6004
2024-03-11 10:58:16,286:	Epoch 2/500:	Loss: 0.9734	P@10: 0.0363	R@10: 0.0181	MAP@10: 0.0094	NDCG@10: 0.0329	HR@10: 0.3204
2024-03-11 10:58:22,165:	Epoch 3/500:	Loss: 1.1067	P@10: 0.0470	R@10: 0.0235	MAP@10: 0.0151	NDCG@10: 0.0470	HR@10: 0.3908
2024-03-11 10:58:28,114:	Epoch 4/500:	Loss: 1.0457	P@10: 0.0683	R@10: 0.0342	MAP@10: 0.0258	NDCG@10: 0.0719	HR@10: 0.4965
2024-03-11 10:58:33,907:	Epoch 5/500:	Loss: 0.9191	P@10: 0.0764	R@10: 0.0382	MAP@10: 0.0249	NDCG@10: 0.0739	HR@10: 0.5616
2024-03-11 10:58:39,639:	Epoch 6/500:	Loss: 0.9586	P@10: 0.0886	R@10: 0.0443	MAP@10: 0.0347	NDCG@10: 0.0927	HR@10: 0.5915
2024-03-11 10:58:45,357:	Epoch 7/500:	Loss: 0.8983	P@10: 0.0815	R@10: 0.0408	MAP@10: 0.0312	NDCG@10: 0.0850	HR@10: 0.5651
2024-03-11 10:58:51,078:	Epoch 8/500:	Loss: 0.8602	P@10: 0.0924	R@10: 0.0462	MAP@10: 0.0341	NDCG@10: 0.0927	HR@10: 0.6056
2024-03-11 10:58:56,813:	Epoch 9/500:	Loss: 0.8320	P@10: 0.0836	R@10: 0.0418	MAP@10: 0.0337	NDCG@10: 0.0896	HR@10: 0.5810
2024-03-11 10:59:02,528:	Epoch 10/500:	Loss: 0.8066	P@10: 0.0854	R@10: 0.0427	MAP@10: 0.0351	NDCG@10: 0.0929	HR@10: 0.5827
2024-03-11 10:59:08,261:	Epoch 11/500:	Loss: 0.7955	P@10: 0.0806	R@10: 0.0403	MAP@10: 0.0345	NDCG@10: 0.0903	HR@10: 0.5616
2024-03-11 10:59:13,957:	Epoch 12/500:	Loss: 0.7869	P@10: 0.0910	R@10: 0.0455	MAP@10: 0.0349	NDCG@10: 0.0947	HR@10: 0.6180
2024-03-11 10:59:19,677:	Epoch 13/500:	Loss: 0.7776	P@10: 0.0887	R@10: 0.0444	MAP@10: 0.0319	NDCG@10: 0.0890	HR@10: 0.5898
2024-03-11 10:59:25,398:	Epoch 14/500:	Loss: 0.7592	P@10: 0.0729	R@10: 0.0364	MAP@10: 0.0293	NDCG@10: 0.0793	HR@10: 0.5176
2024-03-11 10:59:31,109:	Epoch 15/500:	Loss: 0.7524	P@10: 0.0792	R@10: 0.0396	MAP@10: 0.0275	NDCG@10: 0.0773	HR@10: 0.5299
2024-03-11 10:59:36,826:	Epoch 16/500:	Loss: 0.7294	P@10: 0.0796	R@10: 0.0398	MAP@10: 0.0305	NDCG@10: 0.0821	HR@10: 0.5370
2024-03-11 10:59:42,564:	Epoch 17/500:	Loss: 0.7129	P@10: 0.0870	R@10: 0.0435	MAP@10: 0.0344	NDCG@10: 0.0907	HR@10: 0.5634
2024-03-11 10:59:48,285:	Epoch 18/500:	Loss: 0.7067	P@10: 0.0847	R@10: 0.0423	MAP@10: 0.0325	NDCG@10: 0.0875	HR@10: 0.5687
2024-03-11 10:59:54,017:	Epoch 19/500:	Loss: 0.6996	P@10: 0.0776	R@10: 0.0388	MAP@10: 0.0287	NDCG@10: 0.0798	HR@10: 0.5440
2024-03-11 10:59:59,751:	Epoch 20/500:	Loss: 0.6899	P@10: 0.0864	R@10: 0.0432	MAP@10: 0.0315	NDCG@10: 0.0881	HR@10: 0.5968
2024-03-11 11:00:05,520:	Epoch 21/500:	Loss: 0.6821	P@10: 0.0856	R@10: 0.0428	MAP@10: 0.0314	NDCG@10: 0.0866	HR@10: 0.5775
2024-03-11 11:00:11,271:	Epoch 22/500:	Loss: 0.6736	P@10: 0.0877	R@10: 0.0438	MAP@10: 0.0292	NDCG@10: 0.0831	HR@10: 0.5634
2024-03-11 11:00:16,980:	Epoch 23/500:	Loss: 0.6564	P@10: 0.0894	R@10: 0.0447	MAP@10: 0.0324	NDCG@10: 0.0891	HR@10: 0.5863
2024-03-11 11:00:22,868:	Epoch 24/500:	Loss: 0.6459	P@10: 0.0852	R@10: 0.0426	MAP@10: 0.0284	NDCG@10: 0.0814	HR@10: 0.5739
2024-03-11 11:00:28,820:	Epoch 25/500:	Loss: 0.6416	P@10: 0.0780	R@10: 0.0390	MAP@10: 0.0251	NDCG@10: 0.0743	HR@10: 0.5458
2024-03-11 11:00:34,574:	Epoch 26/500:	Loss: 0.6309	P@10: 0.0854	R@10: 0.0427	MAP@10: 0.0285	NDCG@10: 0.0831	HR@10: 0.6004
2024-03-11 11:00:40,300:	Epoch 27/500:	Loss: 0.6284	P@10: 0.0868	R@10: 0.0434	MAP@10: 0.0291	NDCG@10: 0.0835	HR@10: 0.5792
2024-03-11 11:00:46,029:	Epoch 28/500:	Loss: 0.6208	P@10: 0.0931	R@10: 0.0466	MAP@10: 0.0345	NDCG@10: 0.0943	HR@10: 0.6074
2024-03-11 11:00:51,764:	Epoch 29/500:	Loss: 0.6181	P@10: 0.0947	R@10: 0.0474	MAP@10: 0.0344	NDCG@10: 0.0943	HR@10: 0.6092
2024-03-11 11:00:57,489:	Epoch 30/500:	Loss: 0.6086	P@10: 0.0820	R@10: 0.0410	MAP@10: 0.0311	NDCG@10: 0.0841	HR@10: 0.5581
2024-03-11 11:01:03,229:	Epoch 31/500:	Loss: 0.6175	P@10: 0.0861	R@10: 0.0430	MAP@10: 0.0329	NDCG@10: 0.0895	HR@10: 0.5810
2024-03-11 11:01:08,965:	Epoch 32/500:	Loss: 0.6114	P@10: 0.0840	R@10: 0.0420	MAP@10: 0.0308	NDCG@10: 0.0849	HR@10: 0.5651
2024-03-11 11:01:14,846:	Epoch 33/500:	Loss: 0.5993	P@10: 0.0903	R@10: 0.0452	MAP@10: 0.0334	NDCG@10: 0.0918	HR@10: 0.5845
2024-03-11 11:01:20,739:	Epoch 34/500:	Loss: 0.6004	P@10: 0.0856	R@10: 0.0428	MAP@10: 0.0322	NDCG@10: 0.0875	HR@10: 0.5651
2024-03-11 11:01:26,588:	Epoch 35/500:	Loss: 0.5958	P@10: 0.0900	R@10: 0.0450	MAP@10: 0.0327	NDCG@10: 0.0898	HR@10: 0.5880
2024-03-11 11:01:32,462:	Epoch 36/500:	Loss: 0.5899	P@10: 0.0868	R@10: 0.0434	MAP@10: 0.0320	NDCG@10: 0.0888	HR@10: 0.5968
2024-03-11 11:01:38,312:	Epoch 37/500:	Loss: 0.5874	P@10: 0.0879	R@10: 0.0439	MAP@10: 0.0334	NDCG@10: 0.0914	HR@10: 0.5915
2024-03-11 11:01:44,193:	Epoch 38/500:	Loss: 0.5866	P@10: 0.0894	R@10: 0.0447	MAP@10: 0.0322	NDCG@10: 0.0894	HR@10: 0.5915
2024-03-11 11:01:50,063:	Epoch 39/500:	Loss: 0.5869	P@10: 0.0836	R@10: 0.0418	MAP@10: 0.0320	NDCG@10: 0.0868	HR@10: 0.5599
2024-03-11 11:01:55,910:	Epoch 40/500:	Loss: 0.5841	P@10: 0.0801	R@10: 0.0401	MAP@10: 0.0321	NDCG@10: 0.0853	HR@10: 0.5458
2024-03-11 11:02:01,791:	Epoch 41/500:	Loss: 0.5758	P@10: 0.0827	R@10: 0.0414	MAP@10: 0.0330	NDCG@10: 0.0873	HR@10: 0.5616
2024-03-11 11:02:07,653:	Epoch 42/500:	Loss: 0.5782	P@10: 0.0852	R@10: 0.0426	MAP@10: 0.0309	NDCG@10: 0.0855	HR@10: 0.5722
2024-03-11 11:02:13,489:	Epoch 43/500:	Loss: 0.5822	P@10: 0.0889	R@10: 0.0445	MAP@10: 0.0322	NDCG@10: 0.0889	HR@10: 0.5915
2024-03-11 11:02:19,462:	Epoch 44/500:	Loss: 0.5746	P@10: 0.0820	R@10: 0.0410	MAP@10: 0.0325	NDCG@10: 0.0875	HR@10: 0.5651
2024-03-11 11:02:25,308:	Epoch 45/500:	Loss: 0.5652	P@10: 0.0824	R@10: 0.0412	MAP@10: 0.0323	NDCG@10: 0.0878	HR@10: 0.5687
2024-03-11 11:02:31,150:	Epoch 46/500:	Loss: 0.5697	P@10: 0.0820	R@10: 0.0410	MAP@10: 0.0278	NDCG@10: 0.0803	HR@10: 0.5669
2024-03-11 11:02:37,022:	Epoch 47/500:	Loss: 0.5669	P@10: 0.0761	R@10: 0.0380	MAP@10: 0.0234	NDCG@10: 0.0706	HR@10: 0.5317
2024-03-11 11:02:42,848:	Epoch 48/500:	Loss: 0.5699	P@10: 0.0822	R@10: 0.0411	MAP@10: 0.0304	NDCG@10: 0.0848	HR@10: 0.5739
2024-03-11 11:02:48,843:	Epoch 49/500:	Loss: 0.5667	P@10: 0.0796	R@10: 0.0398	MAP@10: 0.0293	NDCG@10: 0.0820	HR@10: 0.5563
2024-03-11 11:02:54,684:	Epoch 50/500:	Loss: 0.5637	P@10: 0.0847	R@10: 0.0423	MAP@10: 0.0320	NDCG@10: 0.0870	HR@10: 0.5493
2024-03-11 11:03:00,530:	Epoch 51/500:	Loss: 0.5630	P@10: 0.0843	R@10: 0.0422	MAP@10: 0.0326	NDCG@10: 0.0877	HR@10: 0.5599
2024-03-11 11:03:06,363:	Epoch 52/500:	Loss: 0.5631	P@10: 0.0817	R@10: 0.0408	MAP@10: 0.0295	NDCG@10: 0.0818	HR@10: 0.5634
2024-03-11 11:03:12,196:	Epoch 53/500:	Loss: 0.5561	P@10: 0.0776	R@10: 0.0388	MAP@10: 0.0311	NDCG@10: 0.0832	HR@10: 0.5370
2024-03-11 11:03:18,049:	Epoch 54/500:	Loss: 0.5497	P@10: 0.0889	R@10: 0.0445	MAP@10: 0.0356	NDCG@10: 0.0943	HR@10: 0.5863
2024-03-11 11:03:24,010:	Epoch 55/500:	Loss: 0.5530	P@10: 0.0854	R@10: 0.0427	MAP@10: 0.0351	NDCG@10: 0.0924	HR@10: 0.5687
2024-03-11 11:03:29,873:	Epoch 56/500:	Loss: 0.5506	P@10: 0.0854	R@10: 0.0427	MAP@10: 0.0339	NDCG@10: 0.0901	HR@10: 0.5669
2024-03-11 11:03:35,702:	Epoch 57/500:	Loss: 0.5483	P@10: 0.0831	R@10: 0.0415	MAP@10: 0.0321	NDCG@10: 0.0873	HR@10: 0.5792
2024-03-11 11:03:41,557:	Epoch 58/500:	Loss: 0.5404	P@10: 0.0866	R@10: 0.0433	MAP@10: 0.0278	NDCG@10: 0.0817	HR@10: 0.5933
2024-03-11 11:03:47,409:	Epoch 59/500:	Loss: 0.5502	P@10: 0.0879	R@10: 0.0439	MAP@10: 0.0319	NDCG@10: 0.0886	HR@10: 0.5951
2024-03-11 11:03:53,278:	Epoch 60/500:	Loss: 0.5548	P@10: 0.0917	R@10: 0.0459	MAP@10: 0.0347	NDCG@10: 0.0941	HR@10: 0.6021
2024-03-11 11:03:59,169:	Epoch 61/500:	Loss: 0.5473	P@10: 0.0859	R@10: 0.0430	MAP@10: 0.0336	NDCG@10: 0.0900	HR@10: 0.5704
2024-03-11 11:04:05,040:	Epoch 62/500:	Loss: 0.5452	P@10: 0.0829	R@10: 0.0415	MAP@10: 0.0315	NDCG@10: 0.0868	HR@10: 0.5687
2024-03-11 11:04:10,892:	Epoch 63/500:	Loss: 0.5462	P@10: 0.0914	R@10: 0.0457	MAP@10: 0.0328	NDCG@10: 0.0906	HR@10: 0.5792
2024-03-11 11:04:16,746:	Epoch 64/500:	Loss: 0.5537	P@10: 0.0903	R@10: 0.0452	MAP@10: 0.0346	NDCG@10: 0.0929	HR@10: 0.5880
2024-03-11 11:04:22,608:	Epoch 65/500:	Loss: 0.5528	P@10: 0.0789	R@10: 0.0394	MAP@10: 0.0320	NDCG@10: 0.0847	HR@10: 0.5352
2024-03-11 11:04:28,436:	Epoch 66/500:	Loss: 0.5485	P@10: 0.0861	R@10: 0.0430	MAP@10: 0.0328	NDCG@10: 0.0885	HR@10: 0.5722
2024-03-11 11:04:34,272:	Epoch 67/500:	Loss: 0.5384	P@10: 0.0852	R@10: 0.0426	MAP@10: 0.0324	NDCG@10: 0.0876	HR@10: 0.5704
2024-03-11 11:04:40,247:	Epoch 68/500:	Loss: 0.5392	P@10: 0.0882	R@10: 0.0441	MAP@10: 0.0336	NDCG@10: 0.0903	HR@10: 0.5792
2024-03-11 11:04:46,418:	Epoch 69/500:	Loss: 0.5431	P@10: 0.0864	R@10: 0.0432	MAP@10: 0.0332	NDCG@10: 0.0895	HR@10: 0.5739
2024-03-11 11:04:52,325:	Epoch 70/500:	Loss: 0.5375	P@10: 0.0907	R@10: 0.0453	MAP@10: 0.0343	NDCG@10: 0.0925	HR@10: 0.5986
2024-03-11 11:04:58,166:	Epoch 71/500:	Loss: 0.5428	P@10: 0.0863	R@10: 0.0431	MAP@10: 0.0331	NDCG@10: 0.0896	HR@10: 0.5757
2024-03-11 11:05:04,035:	Epoch 72/500:	Loss: 0.5407	P@10: 0.0884	R@10: 0.0442	MAP@10: 0.0337	NDCG@10: 0.0912	HR@10: 0.5792
2024-03-11 11:05:09,914:	Epoch 73/500:	Loss: 0.5346	P@10: 0.0894	R@10: 0.0447	MAP@10: 0.0343	NDCG@10: 0.0927	HR@10: 0.5880
2024-03-11 11:05:15,714:	Epoch 74/500:	Loss: 0.5287	P@10: 0.0864	R@10: 0.0432	MAP@10: 0.0326	NDCG@10: 0.0890	HR@10: 0.5827
2024-03-11 11:05:21,608:	Epoch 75/500:	Loss: 0.5373	P@10: 0.0856	R@10: 0.0428	MAP@10: 0.0286	NDCG@10: 0.0825	HR@10: 0.5863
2024-03-11 11:05:27,479:	Epoch 76/500:	Loss: 0.5336	P@10: 0.0891	R@10: 0.0445	MAP@10: 0.0360	NDCG@10: 0.0939	HR@10: 0.5704
2024-03-11 11:05:33,710:	Epoch 77/500:	Loss: 0.5351	P@10: 0.0893	R@10: 0.0446	MAP@10: 0.0364	NDCG@10: 0.0951	HR@10: 0.5898
2024-03-11 11:05:39,529:	Epoch 78/500:	Loss: 0.5283	P@10: 0.0861	R@10: 0.0430	MAP@10: 0.0351	NDCG@10: 0.0922	HR@10: 0.5775
2024-03-11 11:05:45,355:	Epoch 79/500:	Loss: 0.5337	P@10: 0.0908	R@10: 0.0454	MAP@10: 0.0357	NDCG@10: 0.0948	HR@10: 0.5880
2024-03-11 11:05:51,197:	Epoch 80/500:	Loss: 0.5233	P@10: 0.0938	R@10: 0.0469	MAP@10: 0.0361	NDCG@10: 0.0971	HR@10: 0.6092
2024-03-11 11:05:57,012:	Epoch 81/500:	Loss: 0.5289	P@10: 0.0893	R@10: 0.0446	MAP@10: 0.0350	NDCG@10: 0.0936	HR@10: 0.5845
2024-03-11 11:06:02,891:	Epoch 82/500:	Loss: 0.5316	P@10: 0.0854	R@10: 0.0427	MAP@10: 0.0344	NDCG@10: 0.0914	HR@10: 0.5722
2024-03-11 11:06:09,096:	Epoch 83/500:	Loss: 0.5267	P@10: 0.0836	R@10: 0.0418	MAP@10: 0.0331	NDCG@10: 0.0889	HR@10: 0.5739
2024-03-11 11:06:15,035:	Epoch 84/500:	Loss: 0.5293	P@10: 0.0798	R@10: 0.0399	MAP@10: 0.0318	NDCG@10: 0.0854	HR@10: 0.5458
2024-03-11 11:06:20,918:	Epoch 85/500:	Loss: 0.5245	P@10: 0.0801	R@10: 0.0401	MAP@10: 0.0314	NDCG@10: 0.0846	HR@10: 0.5493
2024-03-11 11:06:26,754:	Epoch 86/500:	Loss: 0.5232	P@10: 0.0912	R@10: 0.0456	MAP@10: 0.0347	NDCG@10: 0.0933	HR@10: 0.5915
2024-03-11 11:06:32,579:	Epoch 87/500:	Loss: 0.5266	P@10: 0.0859	R@10: 0.0430	MAP@10: 0.0329	NDCG@10: 0.0898	HR@10: 0.5863
2024-03-11 11:06:38,423:	Epoch 88/500:	Loss: 0.5264	P@10: 0.0866	R@10: 0.0433	MAP@10: 0.0332	NDCG@10: 0.0901	HR@10: 0.5827
2024-03-11 11:06:44,252:	Epoch 89/500:	Loss: 0.5267	P@10: 0.0796	R@10: 0.0398	MAP@10: 0.0318	NDCG@10: 0.0850	HR@10: 0.5352
2024-03-11 11:06:50,073:	Epoch 90/500:	Loss: 0.5243	P@10: 0.0840	R@10: 0.0420	MAP@10: 0.0326	NDCG@10: 0.0881	HR@10: 0.5651
2024-03-11 11:06:55,905:	Epoch 91/500:	Loss: 0.5283	P@10: 0.0924	R@10: 0.0462	MAP@10: 0.0353	NDCG@10: 0.0948	HR@10: 0.5898
2024-03-11 11:07:01,736:	Epoch 92/500:	Loss: 0.5218	P@10: 0.0931	R@10: 0.0466	MAP@10: 0.0352	NDCG@10: 0.0946	HR@10: 0.5968
2024-03-11 11:07:07,565:	Epoch 93/500:	Loss: 0.5256	P@10: 0.0894	R@10: 0.0447	MAP@10: 0.0342	NDCG@10: 0.0921	HR@10: 0.5933
2024-03-11 11:07:13,374:	Epoch 94/500:	Loss: 0.5238	P@10: 0.0873	R@10: 0.0437	MAP@10: 0.0341	NDCG@10: 0.0918	HR@10: 0.5827
2024-03-11 11:07:19,201:	Epoch 95/500:	Loss: 0.5281	P@10: 0.0785	R@10: 0.0393	MAP@10: 0.0314	NDCG@10: 0.0846	HR@10: 0.5370
2024-03-11 11:07:25,009:	Epoch 96/500:	Loss: 0.5242	P@10: 0.0896	R@10: 0.0448	MAP@10: 0.0346	NDCG@10: 0.0929	HR@10: 0.5845
2024-03-11 11:07:30,834:	Epoch 97/500:	Loss: 0.5272	P@10: 0.0847	R@10: 0.0423	MAP@10: 0.0329	NDCG@10: 0.0888	HR@10: 0.5669
2024-03-11 11:07:36,675:	Epoch 98/500:	Loss: 0.5247	P@10: 0.0856	R@10: 0.0428	MAP@10: 0.0339	NDCG@10: 0.0909	HR@10: 0.5792
2024-03-11 11:07:42,493:	Epoch 99/500:	Loss: 0.5182	P@10: 0.0863	R@10: 0.0431	MAP@10: 0.0324	NDCG@10: 0.0882	HR@10: 0.5827
2024-03-11 11:07:48,333:	Epoch 100/500:	Loss: 0.5221	P@10: 0.0877	R@10: 0.0438	MAP@10: 0.0337	NDCG@10: 0.0914	HR@10: 0.5863
2024-03-11 11:07:54,182:	Epoch 101/500:	Loss: 0.5244	P@10: 0.0861	R@10: 0.0430	MAP@10: 0.0324	NDCG@10: 0.0892	HR@10: 0.5863
2024-03-11 11:07:59,982:	Epoch 102/500:	Loss: 0.5170	P@10: 0.0833	R@10: 0.0416	MAP@10: 0.0316	NDCG@10: 0.0865	HR@10: 0.5669
2024-03-11 11:08:05,826:	Epoch 103/500:	Loss: 0.5185	P@10: 0.0829	R@10: 0.0415	MAP@10: 0.0314	NDCG@10: 0.0856	HR@10: 0.5563
2024-03-11 11:08:11,658:	Epoch 104/500:	Loss: 0.5151	P@10: 0.0864	R@10: 0.0432	MAP@10: 0.0339	NDCG@10: 0.0907	HR@10: 0.5827
2024-03-11 11:08:17,412:	Epoch 105/500:	Loss: 0.5196	P@10: 0.0879	R@10: 0.0439	MAP@10: 0.0344	NDCG@10: 0.0911	HR@10: 0.5722
2024-03-11 11:08:23,142:	Epoch 106/500:	Loss: 0.5162	P@10: 0.0912	R@10: 0.0456	MAP@10: 0.0341	NDCG@10: 0.0925	HR@10: 0.5915
2024-03-11 11:08:28,839:	Epoch 107/500:	Loss: 0.5172	P@10: 0.0910	R@10: 0.0455	MAP@10: 0.0328	NDCG@10: 0.0907	HR@10: 0.5880
2024-03-11 11:08:34,574:	Epoch 108/500:	Loss: 0.5082	P@10: 0.0926	R@10: 0.0463	MAP@10: 0.0340	NDCG@10: 0.0928	HR@10: 0.5968
2024-03-11 11:08:40,321:	Epoch 109/500:	Loss: 0.5106	P@10: 0.0901	R@10: 0.0451	MAP@10: 0.0338	NDCG@10: 0.0924	HR@10: 0.6021
2024-03-11 11:08:46,031:	Epoch 110/500:	Loss: 0.5141	P@10: 0.0864	R@10: 0.0432	MAP@10: 0.0312	NDCG@10: 0.0872	HR@10: 0.5775
2024-03-11 11:08:51,775:	Epoch 111/500:	Loss: 0.5201	P@10: 0.0847	R@10: 0.0423	MAP@10: 0.0317	NDCG@10: 0.0871	HR@10: 0.5669
2024-03-11 11:08:57,778:	Epoch 112/500:	Loss: 0.5080	P@10: 0.0933	R@10: 0.0467	MAP@10: 0.0344	NDCG@10: 0.0939	HR@10: 0.6039
2024-03-11 11:09:03,910:	Epoch 113/500:	Loss: 0.5113	P@10: 0.0798	R@10: 0.0399	MAP@10: 0.0319	NDCG@10: 0.0851	HR@10: 0.5370
2024-03-11 11:09:09,779:	Epoch 114/500:	Loss: 0.5131	P@10: 0.0836	R@10: 0.0418	MAP@10: 0.0328	NDCG@10: 0.0883	HR@10: 0.5651
2024-03-11 11:09:15,699:	Epoch 115/500:	Loss: 0.5088	P@10: 0.0827	R@10: 0.0414	MAP@10: 0.0317	NDCG@10: 0.0860	HR@10: 0.5528
2024-03-11 11:09:21,565:	Epoch 116/500:	Loss: 0.5100	P@10: 0.0813	R@10: 0.0407	MAP@10: 0.0307	NDCG@10: 0.0840	HR@10: 0.5493
2024-03-11 11:09:27,448:	Epoch 117/500:	Loss: 0.5154	P@10: 0.0803	R@10: 0.0401	MAP@10: 0.0309	NDCG@10: 0.0836	HR@10: 0.5387
2024-03-11 11:09:33,317:	Epoch 118/500:	Loss: 0.5186	P@10: 0.0780	R@10: 0.0390	MAP@10: 0.0307	NDCG@10: 0.0831	HR@10: 0.5352
2024-03-11 11:09:39,172:	Epoch 119/500:	Loss: 0.5122	P@10: 0.0831	R@10: 0.0415	MAP@10: 0.0313	NDCG@10: 0.0852	HR@10: 0.5546
2024-03-11 11:09:45,023:	Epoch 120/500:	Loss: 0.5094	P@10: 0.0852	R@10: 0.0426	MAP@10: 0.0328	NDCG@10: 0.0889	HR@10: 0.5722
2024-03-11 11:09:50,979:	Epoch 121/500:	Loss: 0.5105	P@10: 0.0850	R@10: 0.0425	MAP@10: 0.0318	NDCG@10: 0.0872	HR@10: 0.5757
2024-03-11 11:09:56,862:	Epoch 122/500:	Loss: 0.5154	P@10: 0.0843	R@10: 0.0422	MAP@10: 0.0300	NDCG@10: 0.0843	HR@10: 0.5669
2024-03-11 11:09:56,862:	Early stopping at epoch 122
